[05/03/18, 20:09:16:406] info: ╔═════════════════════════════════════════════════════════════════════════════════╗
[05/03/18, 20:09:16:406] info: ║      Slack 3.1.1, linux 4.13.0-38-generic on x64 at 05/03/18, 20:09:16:403      ║
[05/03/18, 20:09:16:406] info: ╚═════════════════════════════════════════════════════════════════════════════════╝
[05/03/18, 20:09:16:612] info: Initializing local storage instance at path: /home/bella/.config/Slack/local-settings.json
[05/03/18, 20:09:16:731] info: NetworkStatus: Waiting for network online…
[05/03/18, 20:09:17:314] info: NetworkStatus: Response from api.test
{
  "status": "online"
}
[05/03/18, 20:09:17:719] info: Store: SET_NETWORK_STATUS online
[05/03/18, 20:09:23:034] info: Store: UPSERT_WEB_CONTENTS
{
  "id": 3,
  "state": "loaded",
  "teamId": "T9F21EKE2"
}
[05/03/18, 20:09:23:038] info: Store: MAIN_WINDOW_SHOWN
[05/03/18, 20:09:23:064] info: Store: SET_FULL_SCREEN
[05/03/18, 20:09:23:064] info: Store: SET_FULL_SCREEN
[05/03/18, 20:09:23:067] info: Store: SET_FULL_SCREEN
[05/03/18, 20:09:23:431] info: Store: UPDATE_SESSION_STATUS
{
  "hasValidSession": true,
  "teamId": "T9F21EKE2"
}
[05/03/18, 20:09:24:054] info: Store: SAVE_WINDOW_SETTINGS
{
  "isMaximized": false,
  "position": [
    0,
    58
  ],
  "size": [
    1440,
    842
  ]
}
[05/03/18, 20:09:24:272] info: Store: SELECT_CHANNEL C9F21EML6
[05/03/18, 20:09:24:276] info: Store: UPDATE_TEAM_LOCALE
{
  "locale": "en-US",
  "teamId": "T9F21EKE2"
}
[05/03/18, 20:09:24:278] info: Store: UPDATE_SETTINGS
{
  "locale": "en-US"
}
[05/03/18, 20:09:24:297] info: Store: UPDATE_TEAM_THEME
{
  "teamId": "T9F21EKE2",
  "theme": {
    "active_item": "#2D9EE0",
    "active_item_text": "#FFFFFF",
    "active_presence": "#60D156",
    "badge": "#DC5960",
    "column_bg": "#F8F8FA",
    "hover_item": "#FFFFFF",
    "menu_bg": "#F8F8FA",
    "text_color": "#383F45"
  }
}
[05/03/18, 20:09:24:334] info: Store: SET_FULL_SCREEN
[05/03/18, 20:09:24:335] info: Store: SET_FULL_SCREEN
[05/03/18, 20:09:25:336] info: Store: SAVE_WINDOW_SETTINGS
{
  "isMaximized": false,
  "position": [
    0,
    30
  ],
  "size": [
    1440,
    842
  ]
}
[05/03/18, 20:09:26:092] info: Store: UPDATE_TEAM_LOCALE
{
  "locale": "en-US",
  "teamId": "T9F21EKE2"
}
[05/03/18, 20:09:26:104] info: Store: UPSERT_WEB_CONTENTS
{
  "id": 3,
  "state": "webapp-loaded",
  "teamId": "T9F21EKE2"
}
[05/03/18, 21:18:53:429] info: Store: UPDATE_TEAM_LOCALE
{
  "locale": "en-US",
  "teamId": "T9F21EKE2"
}
[05/04/18, 08:05:34:315] info: Store: UPDATE_TEAM_LOCALE
{
  "locale": "en-US",
  "teamId": "T9F21EKE2"
}
[05/04/18, 18:22:05:022] info: Store: UPDATE_TEAM_LOCALE
{
  "locale": "en-US",
  "teamId": "T9F21EKE2"
}
[05/05/18, 17:49:20:820] info: Store: UPDATE_TEAM_LOCALE
{
  "locale": "en-US",
  "teamId": "T9F21EKE2"
}
[05/05/18, 18:15:19:901] info: Store: NEW_NOTIFICATION
{
  "avatarImage": "https://ca.slack-edge.com/T9F21EKE2-U9FDDM687-1fcc033a72da-512",
  "channel": "C9F21EML6",
  "content": "[REDACTED]",
  "id": "NOYAtNhRA8VM1VD",
  "imageUri": null,
  "launchUri": "slack://channel?id=C9F21EML6&message=1525508117.000073&team=T9F21EKE2",
  "msg": "1525508117.000073",
  "silent": true,
  "subtitle": "",
  "teamId": "T9F21EKE2",
  "title": "[REDACTED]"
}
[05/05/18, 18:15:23:669] info: Store: CLICK_NOTIFICATION
{
  "channel": "C9F21EML6",
  "messageId": "1525508117.000073",
  "notificationId": "NOYAtNhRA8VM1VD",
  "teamId": "T9F21EKE2"
}
[05/05/18, 18:15:23:671] info: Store: SELECT_TEAM T9F21EKE2
[05/05/18, 18:15:23:701] info: Store: SET_FULL_SCREEN
[05/05/18, 18:15:23:702] info: Store: SET_FULL_SCREEN
[05/05/18, 18:15:23:705] info: Store: SET_FULL_SCREEN
[05/05/18, 18:15:24:697] info: Store: SAVE_WINDOW_SETTINGS
{
  "isMaximized": false,
  "position": [
    0,
    58
  ],
  "size": [
    1440,
    842
  ]
}
[05/05/18, 18:15:36:754] info: Store: SELECT_CHANNEL D9F21EMD4
[05/05/18, 18:15:37:338] info: Store: SELECT_CHANNEL D9ED2JVNY
[05/05/18, 18:15:42:396] info: Store: SET_FULL_SCREEN
[05/05/18, 18:15:42:397] info: Store: SET_FULL_SCREEN
[05/05/18, 18:15:43:396] info: Store: SAVE_WINDOW_SETTINGS
{
  "isMaximized": false,
  "position": [
    0,
    30
  ],
  "size": [
    1440,
    842
  ]
}
