[05/15/18, 07:49:43:384] info: ╔═════════════════════════════════════════════════════════════════════════════════╗
[05/15/18, 07:49:43:385] info: ║      Slack 3.1.1, linux 4.13.0-38-generic on x64 at 05/15/18, 07:49:43:381      ║
[05/15/18, 07:49:43:385] info: ╚═════════════════════════════════════════════════════════════════════════════════╝
[05/15/18, 07:49:43:605] info: Initializing local storage instance at path: /home/bella/.config/Slack/local-settings.json
[05/15/18, 07:49:43:732] info: NetworkStatus: Waiting for network online…
[05/15/18, 07:49:44:350] info: NetworkStatus: Response from api.test
{
  "status": "online"
}
[05/15/18, 07:49:44:756] info: Store: SET_NETWORK_STATUS online
[05/15/18, 07:49:49:821] info: Store: UPSERT_WEB_CONTENTS
{
  "id": 3,
  "state": "loaded",
  "teamId": "T9F21EKE2"
}
[05/15/18, 07:49:49:826] info: Store: MAIN_WINDOW_SHOWN
[05/15/18, 07:49:49:853] info: Store: SET_FULL_SCREEN
[05/15/18, 07:49:49:854] info: Store: SET_FULL_SCREEN
[05/15/18, 07:49:49:855] info: Store: SET_FULL_SCREEN
[05/15/18, 07:49:50:225] info: Store: UPDATE_SESSION_STATUS
{
  "hasValidSession": true,
  "teamId": "T9F21EKE2"
}
[05/15/18, 07:49:50:847] info: Store: SAVE_WINDOW_SETTINGS
{
  "isMaximized": true,
  "position": [
    208,
    81
  ],
  "size": [
    1024,
    768
  ]
}
[05/15/18, 07:49:50:913] info: Store: SELECT_CHANNEL D9ED2JVNY
[05/15/18, 07:49:50:915] info: Store: UPDATE_TEAM_LOCALE
{
  "locale": "en-US",
  "teamId": "T9F21EKE2"
}
[05/15/18, 07:49:50:918] info: Store: UPDATE_SETTINGS
{
  "locale": "en-US"
}
[05/15/18, 07:49:50:940] info: Store: UPDATE_TEAM_THEME
{
  "teamId": "T9F21EKE2",
  "theme": {
    "active_item": "#2D9EE0",
    "active_item_text": "#FFFFFF",
    "active_presence": "#60D156",
    "badge": "#DC5960",
    "column_bg": "#F8F8FA",
    "hover_item": "#FFFFFF",
    "menu_bg": "#F8F8FA",
    "text_color": "#383F45"
  }
}
[05/15/18, 07:49:51:451] info: Store: UPDATE_TEAM_LOCALE
{
  "locale": "en-US",
  "teamId": "T9F21EKE2"
}
[05/15/18, 07:49:51:463] info: Store: UPSERT_WEB_CONTENTS
{
  "id": 3,
  "state": "webapp-loaded",
  "teamId": "T9F21EKE2"
}
[05/15/18, 07:49:51:838] info: Store: SET_FULL_SCREEN
[05/15/18, 07:49:55:073] info: Store: SET_FULL_SCREEN
[05/15/18, 07:49:56:867] info: Store: SET_FULL_SCREEN
[05/15/18, 07:49:57:865] info: Store: SAVE_WINDOW_SETTINGS
{
  "isMaximized": true,
  "position": [
    208,
    81
  ],
  "size": [
    1024,
    768
  ]
}
[05/15/18, 07:50:03:975] info: Store: SELECT_CHANNEL C9F21EML6
[05/15/18, 07:50:32:716] info: Store: SET_FULL_SCREEN
[05/15/18, 07:50:32:719] info: Store: SET_FULL_SCREEN
[05/15/18, 07:50:33:247] info: Store: SET_FULL_SCREEN
[05/15/18, 07:50:33:248] info: Store: SET_FULL_SCREEN
[05/15/18, 07:50:35:074] info: Store: SET_FULL_SCREEN
[05/15/18, 07:50:35:411] info: Store: SET_FULL_SCREEN
[05/15/18, 07:50:35:412] info: Store: SET_FULL_SCREEN
[05/15/18, 07:50:38:932] info: Store: SET_FULL_SCREEN
[05/15/18, 07:50:38:938] info: Store: SET_FULL_SCREEN
[05/15/18, 07:51:05:012] info: Store: SET_FULL_SCREEN
[05/15/18, 07:51:17:756] info: Store: SET_FULL_SCREEN
[05/15/18, 07:51:18:745] info: Store: SET_FULL_SCREEN
[05/15/18, 07:51:18:748] info: Store: SET_FULL_SCREEN
[05/15/18, 07:51:18:957] info: Store: SET_FULL_SCREEN
[05/15/18, 07:51:18:960] info: Store: SET_FULL_SCREEN
[05/15/18, 07:51:31:090] info: Store: SET_FULL_SCREEN
[05/15/18, 07:51:31:096] info: Store: SET_FULL_SCREEN
[05/15/18, 07:51:31:507] info: Store: SET_FULL_SCREEN
[05/15/18, 07:51:31:509] info: Store: SET_FULL_SCREEN
[05/15/18, 07:51:33:763] info: Store: SET_FULL_SCREEN
[05/15/18, 07:51:33:766] info: Store: SET_FULL_SCREEN
[05/15/18, 07:52:01:557] info: Store: SET_FULL_SCREEN
[05/15/18, 07:52:01:559] info: Store: SET_FULL_SCREEN
[05/15/18, 07:56:46:747] info: Store: SET_FULL_SCREEN
[05/15/18, 07:56:46:754] info: Store: SET_FULL_SCREEN
[05/15/18, 07:56:48:446] info: Store: SELECT_CHANNEL D9ED2JVNY
[05/15/18, 07:57:13:245] info: Store: SET_FULL_SCREEN
[05/15/18, 07:57:13:246] info: Store: SET_FULL_SCREEN
[05/15/18, 07:57:16:242] info: Store: SET_FULL_SCREEN
[05/15/18, 07:57:16:251] info: Store: SET_FULL_SCREEN
[05/15/18, 07:57:38:690] info: Store: SET_FULL_SCREEN
[05/15/18, 07:57:38:692] info: Store: SET_FULL_SCREEN
[05/15/18, 07:57:42:452] info: Store: SET_FULL_SCREEN
[05/15/18, 07:57:42:454] info: Store: SET_FULL_SCREEN
[05/15/18, 07:58:30:346] info: Store: SET_FULL_SCREEN
[05/15/18, 07:58:30:350] info: Store: SET_FULL_SCREEN
[05/15/18, 07:59:49:434] info: Store: SET_FULL_SCREEN
[05/15/18, 07:59:49:439] info: Store: SET_FULL_SCREEN
[05/15/18, 08:00:23:440] info: Store: SELECT_CHANNEL C9F21EML6
[05/15/18, 08:01:53:830] info: Store: SET_FULL_SCREEN
[05/15/18, 08:01:53:832] info: Store: SET_FULL_SCREEN
[05/15/18, 08:01:54:247] info: Store: SET_FULL_SCREEN
[05/15/18, 08:01:54:250] info: Store: SET_FULL_SCREEN
[05/15/18, 08:01:54:651] info: Store: SET_FULL_SCREEN
[05/15/18, 08:01:54:653] info: Store: SET_FULL_SCREEN
[05/15/18, 08:01:58:739] info: Store: SET_FULL_SCREEN
[05/15/18, 08:01:58:745] info: Store: SET_FULL_SCREEN
[05/15/18, 08:02:02:540] info: Store: SET_FULL_SCREEN
[05/15/18, 08:02:02:543] info: Store: SET_FULL_SCREEN
[05/15/18, 08:02:20:430] info: Store: SET_FULL_SCREEN
[05/15/18, 08:02:20:436] info: Store: SET_FULL_SCREEN
[05/15/18, 08:02:23:293] info: Store: SET_FULL_SCREEN
[05/15/18, 08:02:23:298] info: Store: SET_FULL_SCREEN
[05/15/18, 08:02:28:044] info: Store: SET_FULL_SCREEN
[05/15/18, 08:02:28:051] info: Store: SET_FULL_SCREEN
[05/15/18, 08:02:32:788] info: Store: SET_FULL_SCREEN
[05/15/18, 08:02:32:789] info: Store: SET_FULL_SCREEN
[05/15/18, 08:08:40:878] info: Store: SET_FULL_SCREEN
[05/15/18, 08:08:40:883] info: Store: SET_FULL_SCREEN
[05/15/18, 08:08:43:667] info: Store: SELECT_CHANNEL D9ED2JVNY
[05/15/18, 08:08:59:295] info: Store: SET_FULL_SCREEN
[05/15/18, 08:08:59:298] info: Store: SET_FULL_SCREEN
[05/15/18, 08:35:27:593] info: Store: SET_FULL_SCREEN
[05/15/18, 08:35:27:598] info: Store: SET_FULL_SCREEN
[05/15/18, 08:35:36:545] info: Store: SET_FULL_SCREEN
[05/15/18, 08:35:36:546] info: Store: SET_FULL_SCREEN
[05/15/18, 08:35:45:272] info: Store: SET_FULL_SCREEN
[05/15/18, 08:35:45:278] info: Store: SET_FULL_SCREEN
[05/15/18, 08:35:55:379] info: Store: SET_FULL_SCREEN
[05/15/18, 08:35:55:400] info: Store: SET_FULL_SCREEN
[05/15/18, 08:35:56:583] info: Store: SET_FULL_SCREEN
[05/15/18, 08:35:56:585] info: Store: SET_FULL_SCREEN
[05/15/18, 08:36:02:083] info: Store: SET_FULL_SCREEN
[05/15/18, 08:36:02:084] info: Store: SET_FULL_SCREEN
[05/15/18, 08:59:12:611] info: Store: SET_FULL_SCREEN
[05/15/18, 08:59:12:614] info: Store: SET_FULL_SCREEN
[05/15/18, 08:59:15:530] info: Store: SET_FULL_SCREEN
[05/15/18, 08:59:15:531] info: Store: SET_FULL_SCREEN
[05/15/18, 08:59:16:531] info: Store: SAVE_WINDOW_SETTINGS
{
  "isMaximized": false,
  "position": [
    10,
    38
  ],
  "size": [
    1440,
    842
  ]
}
[05/15/18, 09:00:01:542] info: Store: NEW_NOTIFICATION
{
  "avatarImage": null,
  "channel": "C9P070QNL",
  "content": "[REDACTED]",
  "id": "j2O4Cjh78GYqV20",
  "imageUri": null,
  "launchUri": "slack://channel?id=C9P070QNL&message=1526338801.000097&team=T9F21EKE2",
  "msg": "1526338801.000097",
  "silent": true,
  "subtitle": "",
  "teamId": "T9F21EKE2",
  "title": "[REDACTED]"
}
[05/15/18, 12:01:52:618] info: Store: UPDATE_TEAM_LOCALE
{
  "locale": "en-US",
  "teamId": "T9F21EKE2"
}
[05/15/18, 12:27:22:197] info: Store: NEW_NOTIFICATION
{
  "avatarImage": null,
  "channel": "C9E929VPV",
  "content": "[REDACTED]",
  "id": "Mj5zS2iW84qymRB",
  "imageUri": null,
  "launchUri": "slack://channel?id=C9E929VPV&message=1526351242.000049&team=T9F21EKE2",
  "msg": "1526351242.000049",
  "silent": true,
  "subtitle": "",
  "teamId": "T9F21EKE2",
  "title": "[REDACTED]"
}
[05/15/18, 12:32:31:336] info: Store: FOREGROUND_APP
[05/15/18, 12:32:31:356] info: Store: SET_FULL_SCREEN
[05/15/18, 12:32:31:357] info: Store: SET_FULL_SCREEN
[05/15/18, 12:32:31:359] info: Store: SET_FULL_SCREEN
[05/15/18, 12:32:32:352] info: Store: SAVE_WINDOW_SETTINGS
{
  "isMaximized": false,
  "position": [
    0,
    58
  ],
  "size": [
    1440,
    842
  ]
}
[05/15/18, 12:32:39:891] info: Store: SET_FULL_SCREEN
[05/15/18, 12:32:39:892] info: Store: SET_FULL_SCREEN
[05/15/18, 12:48:46:085] info: Store: SET_FULL_SCREEN
[05/15/18, 12:48:46:091] info: Store: SET_FULL_SCREEN
[05/15/18, 12:48:46:092] info: Store: SET_FULL_SCREEN
[05/15/18, 12:48:53:299] info: Store: SET_FULL_SCREEN
[05/15/18, 12:48:54:214] info: Store: SET_FULL_SCREEN
[05/15/18, 12:48:54:581] info: Store: SET_FULL_SCREEN
[05/15/18, 13:15:48:628] info: Store: UPDATE_TEAM_LOCALE
{
  "locale": "en-US",
  "teamId": "T9F21EKE2"
}
[05/15/18, 14:21:55:881] info: Store: UPDATE_TEAM_LOCALE
{
  "locale": "en-US",
  "teamId": "T9F21EKE2"
}
[05/15/18, 14:21:56:896] info: Store: SET_FULL_SCREEN
[05/15/18, 14:21:57:349] info: Store: SET_FULL_SCREEN
[05/15/18, 14:33:22:317] info: Store: SET_FULL_SCREEN
[05/15/18, 14:33:22:799] info: Store: SET_FULL_SCREEN
