[05/03/18, 14:16:38:722] info: ╔═════════════════════════════════════════════════════════════════════════════════╗
[05/03/18, 14:16:38:723] info: ║      Slack 3.1.1, linux 4.13.0-38-generic on x64 at 05/03/18, 14:16:38:720      ║
[05/03/18, 14:16:38:723] info: ╚═════════════════════════════════════════════════════════════════════════════════╝
[05/03/18, 14:16:38:922] info: Initializing local storage instance at path: /home/bella/.config/Slack/local-settings.json
[05/03/18, 14:16:39:037] info: NetworkStatus: Waiting for network online…
[05/03/18, 14:16:39:567] info: NetworkStatus: Response from api.test
{
  "status": "online"
}
[05/03/18, 14:16:39:973] info: Store: SET_NETWORK_STATUS online
[05/03/18, 14:16:44:154] info: Store: UPSERT_WEB_CONTENTS
{
  "id": 3,
  "state": "loaded",
  "teamId": "T9F21EKE2"
}
[05/03/18, 14:16:44:158] info: Store: MAIN_WINDOW_SHOWN
[05/03/18, 14:16:44:176] info: Store: SET_FULL_SCREEN
[05/03/18, 14:16:44:177] info: Store: SET_FULL_SCREEN
[05/03/18, 14:16:44:182] info: Store: SET_FULL_SCREEN
[05/03/18, 14:16:44:555] info: Store: SELECT_CHANNEL C9F21EML6
[05/03/18, 14:16:44:559] info: Store: UPDATE_TEAM_LOCALE
{
  "locale": "en-US"
}
[05/03/18, 14:16:44:561] info: Store: UPDATE_SETTINGS
{
  "locale": "en-US"
}
[05/03/18, 14:16:44:590] info: Store: UPDATE_SESSION_STATUS
{
  "hasValidSession": true,
  "teamId": "T9F21EKE2"
}
[05/03/18, 14:16:45:120] info: Store: UPDATE_TEAM_THEME
{
  "teamId": "T9F21EKE2",
  "theme": {
    "active_item": "#2D9EE0",
    "active_item_text": "#FFFFFF",
    "active_presence": "#60D156",
    "badge": "#DC5960",
    "column_bg": "#F8F8FA",
    "hover_item": "#FFFFFF",
    "menu_bg": "#F8F8FA",
    "text_color": "#383F45"
  }
}
[05/03/18, 14:16:45:175] info: Store: SAVE_WINDOW_SETTINGS
{
  "isMaximized": false,
  "position": [
    0,
    58
  ],
  "size": [
    1440,
    842
  ]
}
[05/03/18, 14:16:46:366] info: Store: UPDATE_TEAM_LOCALE
{
  "locale": "en-US",
  "teamId": "T9F21EKE2"
}
[05/03/18, 14:16:46:378] info: Store: UPSERT_WEB_CONTENTS
{
  "id": 3,
  "state": "webapp-loaded",
  "teamId": "T9F21EKE2"
}
[05/03/18, 14:16:48:189] info: Store: SET_FULL_SCREEN
[05/03/18, 14:17:03:844] info: Store: SET_FULL_SCREEN
[05/03/18, 14:17:03:845] info: Store: SET_FULL_SCREEN
[05/03/18, 14:17:07:628] info: Store: SET_FULL_SCREEN
[05/03/18, 14:17:07:632] info: Store: SET_FULL_SCREEN
[05/03/18, 14:17:15:404] info: Store: SET_FULL_SCREEN
[05/03/18, 14:17:15:407] info: Store: SET_FULL_SCREEN
[05/03/18, 14:18:31:485] info: Store: SET_FULL_SCREEN
[05/03/18, 14:18:31:494] info: Store: SET_FULL_SCREEN
[05/03/18, 14:18:31:495] info: Store: SET_FULL_SCREEN
[05/03/18, 14:18:51:838] info: Store: SET_FULL_SCREEN
[05/03/18, 14:19:00:579] info: Store: SET_FULL_SCREEN
[05/03/18, 14:19:02:161] info: Store: SET_FULL_SCREEN
[05/03/18, 14:19:03:614] info: Store: SET_FULL_SCREEN
[05/03/18, 14:19:21:048] info: Store: SET_FULL_SCREEN
[05/03/18, 14:21:52:603] info: Store: SET_FULL_SCREEN
[05/03/18, 14:21:53:250] info: Store: SET_FULL_SCREEN
[05/03/18, 14:21:53:733] info: Store: SET_FULL_SCREEN
[05/03/18, 14:21:53:930] info: Store: SET_FULL_SCREEN
[05/03/18, 14:21:54:837] info: Store: SET_FULL_SCREEN
[05/03/18, 14:21:55:044] info: Store: SET_FULL_SCREEN
[05/03/18, 14:21:55:651] info: Store: SET_FULL_SCREEN
[05/03/18, 14:21:55:848] info: Store: SET_FULL_SCREEN
[05/03/18, 14:21:57:478] info: Store: SET_FULL_SCREEN
[05/03/18, 14:21:57:486] info: Store: SET_FULL_SCREEN
[05/03/18, 14:21:57:507] info: Store: SET_FULL_SCREEN
[05/03/18, 14:21:58:905] info: Store: SET_FULL_SCREEN
[05/03/18, 14:22:12:603] info: Store: SET_FULL_SCREEN
[05/03/18, 14:22:12:606] info: Store: SET_FULL_SCREEN
[05/03/18, 14:22:53:359] info: Store: SET_FULL_SCREEN
[05/03/18, 14:22:53:365] info: Store: SET_FULL_SCREEN
[05/03/18, 14:22:54:477] info: Store: SET_FULL_SCREEN
[05/03/18, 14:22:54:480] info: Store: SET_FULL_SCREEN
[05/03/18, 14:22:55:712] info: Store: SET_FULL_SCREEN
[05/03/18, 14:22:55:718] info: Store: SET_FULL_SCREEN
[05/03/18, 14:22:55:726] info: Store: SET_FULL_SCREEN
[05/03/18, 14:23:02:980] info: Store: SET_FULL_SCREEN
[05/03/18, 14:23:04:328] info: Store: SET_FULL_SCREEN
[05/03/18, 14:23:14:458] info: Store: SET_FULL_SCREEN
[05/03/18, 14:23:59:060] info: Store: SET_FULL_SCREEN
[05/03/18, 14:23:59:633] info: Store: SET_FULL_SCREEN
[05/03/18, 14:24:00:136] info: Store: SET_FULL_SCREEN
[05/03/18, 14:24:00:361] info: Store: SET_FULL_SCREEN
[05/03/18, 14:24:01:137] info: Store: SET_FULL_SCREEN
[05/03/18, 14:24:01:649] info: Store: SET_FULL_SCREEN
[05/03/18, 14:24:02:137] info: Store: SET_FULL_SCREEN
[05/03/18, 14:24:04:190] info: Store: SET_FULL_SCREEN
[05/03/18, 14:24:44:709] info: Store: SET_FULL_SCREEN
[05/03/18, 14:24:45:002] info: Store: SET_FULL_SCREEN
[05/03/18, 14:24:47:573] info: Store: FOREGROUND_APP
[05/03/18, 14:24:47:574] info: Store: SET_FULL_SCREEN
[05/03/18, 14:24:51:320] info: Store: SET_FULL_SCREEN
[05/03/18, 14:24:51:321] info: Store: SET_FULL_SCREEN
[05/03/18, 14:24:51:323] info: Store: SET_FULL_SCREEN
[05/03/18, 14:25:15:053] info: Store: SET_FULL_SCREEN
[05/03/18, 14:25:16:056] info: Store: SAVE_WINDOW_SETTINGS
{
  "isMaximized": false,
  "position": [
    720,
    58
  ],
  "size": [
    720,
    842
  ]
}
[05/03/18, 14:25:17:028] info: Store: SET_FULL_SCREEN
[05/03/18, 14:25:17:039] info: Store: SET_FULL_SCREEN
[05/03/18, 14:25:19:169] info: Store: SET_FULL_SCREEN
[05/03/18, 14:25:21:194] info: Store: SET_FULL_SCREEN
[05/03/18, 14:25:22:997] info: Store: SET_FULL_SCREEN
[05/03/18, 14:25:25:811] info: Store: SET_FULL_SCREEN
[05/03/18, 14:26:01:234] info: Store: SET_FULL_SCREEN
[05/03/18, 14:26:22:219] info: Store: SET_FULL_SCREEN
[05/03/18, 14:26:24:841] info: Store: SET_FULL_SCREEN
[05/03/18, 14:26:25:962] info: Store: SAVE_WINDOW_SETTINGS
{
  "isMaximized": true,
  "position": [
    208,
    81
  ],
  "size": [
    1024,
    768
  ]
}
[05/03/18, 14:27:15:115] info: Store: SET_FULL_SCREEN
[05/03/18, 14:27:15:118] info: Store: SET_FULL_SCREEN
[05/03/18, 14:27:16:489] info: Store: SET_FULL_SCREEN
[05/03/18, 14:27:16:490] info: Store: SET_FULL_SCREEN
[05/03/18, 14:27:16:494] info: Store: SET_FULL_SCREEN
[05/03/18, 14:27:53:129] info: Store: SET_FULL_SCREEN
[05/03/18, 14:27:53:477] info: Store: SET_FULL_SCREEN
[05/03/18, 14:27:54:998] info: Store: SET_FULL_SCREEN
[05/03/18, 14:27:57:049] info: Store: SAVE_WINDOW_SETTINGS
{
  "isMaximized": false,
  "position": [
    720,
    58
  ],
  "size": [
    720,
    842
  ]
}
[05/03/18, 14:27:58:167] info: Store: SET_FULL_SCREEN
[05/03/18, 14:27:58:506] info: Store: SAVE_WINDOW_SETTINGS
{
  "isMaximized": true,
  "position": [
    208,
    81
  ],
  "size": [
    1024,
    768
  ]
}
[05/03/18, 14:27:58:675] info: Store: SET_FULL_SCREEN
[05/03/18, 14:27:58:676] info: Store: SET_FULL_SCREEN
[05/03/18, 14:29:07:009] info: Store: SET_FULL_SCREEN
[05/03/18, 14:29:07:012] info: Store: SET_FULL_SCREEN
[05/03/18, 14:29:54:167] info: Store: SET_FULL_SCREEN
[05/03/18, 14:29:54:170] info: Store: SET_FULL_SCREEN
[05/03/18, 14:30:39:347] info: Store: SET_FULL_SCREEN
[05/03/18, 14:30:39:353] info: Store: SET_FULL_SCREEN
[05/03/18, 14:31:33:249] info: Store: SET_FULL_SCREEN
[05/03/18, 14:31:33:250] info: Store: SET_FULL_SCREEN
[05/03/18, 14:34:51:493] info: Store: SET_FULL_SCREEN
[05/03/18, 14:34:51:496] info: Store: SET_FULL_SCREEN
[05/03/18, 14:34:56:522] info: Store: SET_FULL_SCREEN
[05/03/18, 14:34:56:525] info: Store: SET_FULL_SCREEN
[05/03/18, 14:36:09:087] info: Store: SET_FULL_SCREEN
[05/03/18, 14:36:09:093] info: Store: SET_FULL_SCREEN
[05/03/18, 14:36:12:336] info: Store: SELECT_CHANNEL D9ED2JVNY
[05/03/18, 14:36:20:595] info: Store: SET_FULL_SCREEN
[05/03/18, 14:36:20:598] info: Store: SET_FULL_SCREEN
[05/03/18, 14:36:21:779] info: Store: SET_FULL_SCREEN
[05/03/18, 14:36:21:783] info: Store: SET_FULL_SCREEN
[05/03/18, 14:36:33:581] info: Store: SET_FULL_SCREEN
[05/03/18, 14:36:33:584] info: Store: SET_FULL_SCREEN
[05/03/18, 14:36:34:364] info: Store: SET_FULL_SCREEN
[05/03/18, 14:36:34:367] info: Store: SET_FULL_SCREEN
[05/03/18, 14:36:34:562] info: Store: SET_FULL_SCREEN
[05/03/18, 14:36:34:564] info: Store: SET_FULL_SCREEN
[05/03/18, 14:37:25:701] info: Store: SET_FULL_SCREEN
[05/03/18, 14:37:25:709] info: Store: SET_FULL_SCREEN
[05/03/18, 14:37:28:252] info: Store: SELECT_CHANNEL C9F21EML6
[05/03/18, 14:37:35:929] info: Store: SET_FULL_SCREEN
[05/03/18, 14:37:35:932] info: Store: SET_FULL_SCREEN
[05/03/18, 14:42:53:887] info: Store: SET_FULL_SCREEN
[05/03/18, 14:42:53:894] info: Store: SET_FULL_SCREEN
[05/03/18, 14:43:02:003] info: Store: SET_FULL_SCREEN
[05/03/18, 14:43:02:004] info: Store: SET_FULL_SCREEN
[05/03/18, 14:43:27:675] info: Store: SET_FULL_SCREEN
[05/03/18, 14:43:27:679] info: Store: SET_FULL_SCREEN
[05/03/18, 14:44:45:908] info: Store: SET_FULL_SCREEN
[05/03/18, 14:44:45:909] info: Store: SET_FULL_SCREEN
[05/03/18, 14:45:04:274] info: Store: SET_FULL_SCREEN
[05/03/18, 14:45:04:279] info: Store: SET_FULL_SCREEN
[05/03/18, 14:45:08:835] info: Store: SET_FULL_SCREEN
[05/03/18, 14:45:08:838] info: Store: SET_FULL_SCREEN
[05/03/18, 14:55:50:009] info: Store: UPDATE_TEAM_LOCALE
{
  "locale": "en-US",
  "teamId": "T9F21EKE2"
}
[05/03/18, 15:09:15:373] info: Store: SET_FULL_SCREEN
[05/03/18, 15:09:15:378] info: Store: SET_FULL_SCREEN
[05/03/18, 15:09:17:854] info: Store: SET_FULL_SCREEN
[05/03/18, 15:09:21:317] info: Store: SET_FULL_SCREEN
[05/03/18, 15:09:21:642] info: Store: SET_FULL_SCREEN
[05/03/18, 15:10:59:328] info: Store: SET_FULL_SCREEN
[05/03/18, 15:28:37:458] info: Store: NEW_NOTIFICATION
{
  "avatarImage": "https://ca.slack-edge.com/T9F21EKE2-U9FDDM687-1fcc033a72da-512",
  "channel": "C9F21EML6",
  "content": "[REDACTED]",
  "id": "E8vGFWhPMyPNn2E",
  "imageUri": null,
  "launchUri": "slack://channel?id=C9F21EML6&message=1525325318.000023&team=T9F21EKE2",
  "msg": "1525325318.000023",
  "silent": true,
  "subtitle": "",
  "teamId": "T9F21EKE2",
  "title": "[REDACTED]"
}
[05/03/18, 15:44:50:240] info: Store: SET_FULL_SCREEN
[05/03/18, 15:44:50:244] info: Store: SET_FULL_SCREEN
[05/03/18, 15:44:50:272] info: Store: SET_FULL_SCREEN
[05/03/18, 15:44:50:277] info: Store: SET_FULL_SCREEN
[05/03/18, 15:45:11:130] info: Store: SELECT_CHANNEL C9E929VPV
[05/03/18, 15:45:12:331] info: Store: SELECT_CHANNEL C9P070QNL
[05/03/18, 15:45:13:219] info: Store: SELECT_CHANNEL C9F21EML6
[05/03/18, 15:45:17:347] info: Store: SET_FULL_SCREEN
[05/03/18, 15:45:17:362] info: Store: SET_FULL_SCREEN
[05/03/18, 16:29:45:834] info: Store: SET_FULL_SCREEN
[05/03/18, 16:29:45:837] info: Store: SET_FULL_SCREEN
[05/03/18, 16:29:46:370] info: Store: SET_FULL_SCREEN
[05/03/18, 16:29:46:371] info: Store: SET_FULL_SCREEN
[05/03/18, 16:36:35:367] info: Store: SET_FULL_SCREEN
[05/03/18, 16:36:35:372] info: Store: SET_FULL_SCREEN
[05/03/18, 16:36:42:508] info: Store: SELECT_CHANNEL C9P070QNL
[05/03/18, 16:36:44:015] info: Store: SELECT_CHANNEL C9F21EML6
[05/03/18, 16:37:09:766] info: Store: SET_FULL_SCREEN
[05/03/18, 16:37:09:767] info: Store: SET_FULL_SCREEN
[05/03/18, 16:37:10:767] info: Store: SAVE_WINDOW_SETTINGS
{
  "isMaximized": false,
  "position": [
    10,
    38
  ],
  "size": [
    1440,
    842
  ]
}
