[05/08/18, 14:50:31:582] info: ╔═════════════════════════════════════════════════════════════════════════════════╗
[05/08/18, 14:50:31:583] info: ║      Slack 3.1.1, linux 4.13.0-38-generic on x64 at 05/08/18, 14:50:31:579      ║
[05/08/18, 14:50:31:583] info: ╚═════════════════════════════════════════════════════════════════════════════════╝
[05/08/18, 14:50:31:791] info: Initializing local storage instance at path: /home/bella/.config/Slack/local-settings.json
[05/08/18, 14:50:31:930] info: NetworkStatus: Waiting for network online…
[05/08/18, 14:50:32:416] info: NetworkStatus: Response from api.test
{
  "status": "online"
}
[05/08/18, 14:50:32:819] info: Store: SET_NETWORK_STATUS online
[05/08/18, 14:50:36:616] info: Store: UPSERT_WEB_CONTENTS
{
  "id": 3,
  "state": "loaded",
  "teamId": "T9F21EKE2"
}
[05/08/18, 14:50:36:622] info: Store: MAIN_WINDOW_SHOWN
[05/08/18, 14:50:36:653] info: Store: SET_FULL_SCREEN
[05/08/18, 14:50:36:655] info: Store: SET_FULL_SCREEN
[05/08/18, 14:50:36:656] info: Store: SET_FULL_SCREEN
[05/08/18, 14:50:36:988] info: Store: UPDATE_SESSION_STATUS
{
  "hasValidSession": true,
  "teamId": "T9F21EKE2"
}
[05/08/18, 14:50:37:148] info: Store: SELECT_CHANNEL D9ECLDGTV
[05/08/18, 14:50:37:151] info: Store: UPDATE_TEAM_LOCALE
{
  "locale": "en-US"
}
[05/08/18, 14:50:37:153] info: Store: UPDATE_SETTINGS
{
  "locale": "en-US"
}
[05/08/18, 14:50:37:654] info: Store: SAVE_WINDOW_SETTINGS
{
  "isMaximized": true,
  "position": [
    208,
    81
  ],
  "size": [
    1024,
    768
  ]
}
[05/08/18, 14:50:37:776] info: Store: UPDATE_TEAM_LOCALE
{
  "locale": "en-US",
  "teamId": "T9F21EKE2"
}
[05/08/18, 14:50:37:788] info: Store: UPSERT_WEB_CONTENTS
{
  "id": 3,
  "state": "webapp-loaded",
  "teamId": "T9F21EKE2"
}
[05/08/18, 14:50:37:987] info: Store: UPDATE_TEAM_THEME
{
  "teamId": "T9F21EKE2",
  "theme": {
    "active_item": "#2D9EE0",
    "active_item_text": "#FFFFFF",
    "active_presence": "#60D156",
    "badge": "#DC5960",
    "column_bg": "#F8F8FA",
    "hover_item": "#FFFFFF",
    "menu_bg": "#F8F8FA",
    "text_color": "#383F45"
  }
}
[05/08/18, 14:50:40:148] info: Store: SET_FULL_SCREEN
[05/08/18, 14:50:40:510] info: Store: SET_FULL_SCREEN
[05/08/18, 14:50:40:511] info: Store: SET_FULL_SCREEN
[05/08/18, 14:56:30:548] info: Store: SET_FULL_SCREEN
[05/08/18, 14:56:40:309] info: Store: SET_FULL_SCREEN
[05/08/18, 14:56:51:702] info: Store: SET_FULL_SCREEN
[05/08/18, 14:56:58:558] info: Store: SET_FULL_SCREEN
[05/08/18, 14:59:55:719] info: Store: SET_FULL_SCREEN
[05/08/18, 14:59:56:546] info: Store: SET_FULL_SCREEN
[05/08/18, 15:00:11:614] info: Store: SET_FULL_SCREEN
[05/08/18, 15:00:18:588] info: Store: SET_FULL_SCREEN
[05/08/18, 15:00:22:032] info: Store: SET_FULL_SCREEN
[05/08/18, 15:00:23:308] info: Store: SET_FULL_SCREEN
[05/08/18, 15:01:09:687] info: Store: SET_FULL_SCREEN
[05/08/18, 15:01:16:526] info: Store: SET_FULL_SCREEN
[05/08/18, 15:01:23:795] info: Store: SET_FULL_SCREEN
[05/08/18, 15:01:28:463] info: Store: SET_FULL_SCREEN
[05/08/18, 15:01:34:231] info: Store: SET_FULL_SCREEN
[05/08/18, 15:01:35:032] info: Store: SET_FULL_SCREEN
[05/08/18, 15:01:35:525] info: Store: SET_FULL_SCREEN
[05/08/18, 15:01:35:750] info: Store: SET_FULL_SCREEN
[05/08/18, 15:02:18:143] info: Store: SET_FULL_SCREEN
[05/08/18, 15:02:29:862] info: Store: SET_FULL_SCREEN
[05/08/18, 15:02:47:140] info: Store: SET_FULL_SCREEN
[05/08/18, 15:03:26:017] info: Store: SET_FULL_SCREEN
[05/08/18, 15:03:33:709] info: Store: SET_FULL_SCREEN
[05/08/18, 15:03:58:150] info: Store: SET_FULL_SCREEN
[05/08/18, 15:04:13:002] info: Store: SET_FULL_SCREEN
[05/08/18, 15:04:13:886] info: Store: SET_FULL_SCREEN
[05/08/18, 15:05:26:105] info: Store: SET_FULL_SCREEN
[05/08/18, 15:05:34:042] info: Store: SET_FULL_SCREEN
[05/08/18, 15:05:34:821] info: Store: SET_FULL_SCREEN
[05/08/18, 15:05:35:854] info: Store: SET_FULL_SCREEN
[05/08/18, 15:05:39:548] info: Store: SET_FULL_SCREEN
[05/08/18, 15:05:42:376] info: Store: SET_FULL_SCREEN
[05/08/18, 15:05:45:813] info: Store: SET_FULL_SCREEN
[05/08/18, 15:05:46:495] info: Store: SET_FULL_SCREEN
[05/08/18, 15:05:47:774] info: Store: SET_FULL_SCREEN
[05/08/18, 15:05:48:167] info: Store: SET_FULL_SCREEN
[05/08/18, 15:05:56:832] info: Store: SET_FULL_SCREEN
[05/08/18, 15:06:11:452] info: Store: SET_FULL_SCREEN
[05/08/18, 15:06:20:017] info: Store: SET_FULL_SCREEN
[05/08/18, 15:06:21:248] info: Store: SET_FULL_SCREEN
[05/08/18, 15:06:23:933] info: Store: SET_FULL_SCREEN
[05/08/18, 15:08:10:864] info: Store: SET_FULL_SCREEN
[05/08/18, 15:08:21:485] info: Store: SET_FULL_SCREEN
[05/08/18, 15:08:41:713] info: Store: SET_FULL_SCREEN
[05/08/18, 15:08:53:194] info: Store: SET_FULL_SCREEN
[05/08/18, 15:08:58:393] info: Store: SET_FULL_SCREEN
[05/08/18, 15:09:10:574] info: Store: SET_FULL_SCREEN
[05/08/18, 15:09:42:915] info: Store: SET_FULL_SCREEN
[05/08/18, 15:09:43:413] info: Store: SET_FULL_SCREEN
[05/08/18, 15:09:44:248] info: Store: SET_FULL_SCREEN
[05/08/18, 15:10:17:801] info: Store: SET_FULL_SCREEN
[05/08/18, 15:10:19:710] info: Store: SET_FULL_SCREEN
[05/08/18, 15:10:22:441] info: Store: SET_FULL_SCREEN
[05/08/18, 15:10:24:878] info: Store: SET_FULL_SCREEN
[05/08/18, 15:10:30:274] info: Store: SET_FULL_SCREEN
[05/08/18, 15:10:44:284] info: Store: SET_FULL_SCREEN
[05/08/18, 15:10:53:982] info: Store: SET_FULL_SCREEN
[05/08/18, 15:11:05:435] info: Store: SET_FULL_SCREEN
[05/08/18, 15:11:10:560] info: Store: SET_FULL_SCREEN
[05/08/18, 15:11:22:178] info: Store: SET_FULL_SCREEN
[05/08/18, 15:11:31:421] info: Store: SET_FULL_SCREEN
[05/08/18, 15:11:40:294] info: Store: SET_FULL_SCREEN
[05/08/18, 15:11:54:901] info: Store: SET_FULL_SCREEN
[05/08/18, 15:12:03:493] info: Store: SET_FULL_SCREEN
[05/08/18, 15:12:08:295] info: Store: SET_FULL_SCREEN
[05/08/18, 15:12:32:538] info: Store: SET_FULL_SCREEN
[05/08/18, 15:12:33:845] info: Store: SET_FULL_SCREEN
[05/08/18, 15:12:42:460] info: Store: SET_FULL_SCREEN
[05/08/18, 15:12:53:814] info: Store: SET_FULL_SCREEN
[05/08/18, 15:13:24:389] info: Store: SET_FULL_SCREEN
[05/08/18, 15:13:32:435] info: Store: SET_FULL_SCREEN
[05/08/18, 15:14:09:229] info: Store: SET_FULL_SCREEN
[05/08/18, 15:14:13:168] info: Store: SET_FULL_SCREEN
[05/08/18, 15:14:36:587] info: Store: SET_FULL_SCREEN
[05/08/18, 15:14:51:296] info: Store: SET_FULL_SCREEN
[05/08/18, 15:14:52:329] info: Store: SET_FULL_SCREEN
[05/08/18, 15:15:16:977] info: Store: SET_FULL_SCREEN
[05/08/18, 15:15:18:272] info: Store: SET_FULL_SCREEN
[05/08/18, 15:15:58:010] info: Store: SET_FULL_SCREEN
[05/08/18, 15:16:02:610] info: Store: SET_FULL_SCREEN
[05/08/18, 15:16:03:123] info: Store: SET_FULL_SCREEN
[05/08/18, 15:16:03:897] info: Store: SET_FULL_SCREEN
[05/08/18, 15:16:09:471] info: Store: SET_FULL_SCREEN
[05/08/18, 15:16:12:289] info: Store: SET_FULL_SCREEN
[05/08/18, 15:17:19:091] info: Store: SET_FULL_SCREEN
[05/08/18, 15:17:28:902] info: Store: SET_FULL_SCREEN
[05/08/18, 15:17:50:472] info: Store: SET_FULL_SCREEN
[05/08/18, 15:18:43:763] info: Store: SET_FULL_SCREEN
[05/08/18, 15:21:16:281] info: Store: SET_FULL_SCREEN
[05/08/18, 15:21:29:272] info: Store: SET_FULL_SCREEN
[05/08/18, 15:21:33:533] info: Store: SET_FULL_SCREEN
[05/08/18, 15:21:38:973] info: Store: SET_FULL_SCREEN
[05/08/18, 15:22:27:670] info: Store: SET_FULL_SCREEN
[05/08/18, 15:22:49:693] info: Store: SET_FULL_SCREEN
[05/08/18, 15:22:50:691] info: Store: SET_FULL_SCREEN
[05/08/18, 15:23:20:913] info: Store: SET_FULL_SCREEN
[05/08/18, 15:23:37:801] info: Store: SET_FULL_SCREEN
[05/08/18, 15:28:19:951] info: Store: SET_FULL_SCREEN
[05/08/18, 15:28:27:634] info: Store: SET_FULL_SCREEN
[05/08/18, 15:28:35:769] info: Store: SET_FULL_SCREEN
[05/08/18, 15:28:36:197] info: Store: SET_FULL_SCREEN
[05/08/18, 15:28:36:467] info: Store: SET_FULL_SCREEN
[05/08/18, 15:28:38:319] info: Store: SET_FULL_SCREEN
[05/08/18, 15:29:05:654] info: Store: SET_FULL_SCREEN
[05/08/18, 15:29:06:358] info: Store: SET_FULL_SCREEN
[05/08/18, 15:29:21:508] info: Store: SET_FULL_SCREEN
[05/08/18, 15:29:26:030] info: Store: SET_FULL_SCREEN
[05/08/18, 15:29:45:148] info: Store: SET_FULL_SCREEN
[05/08/18, 15:29:50:597] info: Store: SET_FULL_SCREEN
[05/08/18, 15:30:00:445] info: Store: SET_FULL_SCREEN
[05/08/18, 15:30:45:820] info: Store: SET_FULL_SCREEN
[05/08/18, 15:31:20:405] info: Store: SET_FULL_SCREEN
[05/08/18, 15:31:21:262] info: Store: SET_FULL_SCREEN
[05/08/18, 15:31:43:407] info: Store: SET_FULL_SCREEN
[05/08/18, 15:31:53:526] info: Store: SET_FULL_SCREEN
[05/08/18, 15:32:15:079] info: Store: SET_FULL_SCREEN
[05/08/18, 15:32:37:921] info: Store: SET_FULL_SCREEN
[05/08/18, 15:33:41:826] info: Store: SET_FULL_SCREEN
[05/08/18, 15:34:47:484] info: Store: SET_FULL_SCREEN
[05/08/18, 15:53:19:562] info: Store: UPDATE_TEAM_LOCALE
{
  "locale": "en-US",
  "teamId": "T9F21EKE2"
}
[05/08/18, 15:53:23:032] info: Store: SET_FULL_SCREEN
[05/08/18, 15:56:18:810] info: Store: SET_FULL_SCREEN
[05/08/18, 15:56:54:682] info: Store: SET_FULL_SCREEN
[05/08/18, 15:56:57:884] info: Store: SET_FULL_SCREEN
[05/08/18, 22:36:10:473] info: Store: SET_FULL_SCREEN
[05/08/18, 22:36:16:304] info: Store: UPDATE_TEAM_LOCALE
{
  "locale": "en-US",
  "teamId": "T9F21EKE2"
}
[05/08/18, 22:36:51:123] info: Store: SET_FULL_SCREEN
[05/08/18, 22:37:12:237] info: Store: SET_FULL_SCREEN
[05/08/18, 22:37:30:484] info: Store: SET_FULL_SCREEN
[05/08/18, 22:37:38:742] info: Store: SET_FULL_SCREEN
[05/08/18, 22:37:55:755] info: Store: SET_FULL_SCREEN
[05/08/18, 22:38:02:191] info: Store: SET_FULL_SCREEN
[05/08/18, 22:38:02:570] info: Store: SET_FULL_SCREEN
[05/08/18, 22:38:02:755] info: Store: SET_FULL_SCREEN
[05/08/18, 22:38:03:931] info: Store: SET_FULL_SCREEN
[05/08/18, 22:38:04:580] info: Store: SET_FULL_SCREEN
[05/08/18, 22:38:51:372] info: Store: SET_FULL_SCREEN
[05/08/18, 22:38:56:488] info: Store: SET_FULL_SCREEN
[05/08/18, 22:39:53:788] info: Store: SET_FULL_SCREEN
[05/09/18, 08:47:55:538] info: Store: UPDATE_TEAM_LOCALE
{
  "locale": "en-US",
  "teamId": "T9F21EKE2"
}
[05/09/18, 08:51:08:708] info: Store: SET_FULL_SCREEN
[05/09/18, 08:51:58:923] info: Store: SET_FULL_SCREEN
[05/09/18, 08:52:13:392] info: Store: SET_FULL_SCREEN
[05/09/18, 08:52:20:692] info: Store: SET_FULL_SCREEN
[05/09/18, 08:54:28:111] info: Store: SET_FULL_SCREEN
[05/09/18, 08:54:31:081] info: Store: SET_FULL_SCREEN
[05/09/18, 08:54:35:262] info: Store: SET_FULL_SCREEN
[05/09/18, 08:54:38:330] info: Store: SET_FULL_SCREEN
[05/09/18, 08:59:23:503] info: Store: SET_FULL_SCREEN
[05/09/18, 08:59:24:890] info: Store: SET_FULL_SCREEN
[05/09/18, 08:59:25:190] info: Store: SET_FULL_SCREEN
[05/09/18, 08:59:26:177] info: Store: SET_FULL_SCREEN
[05/09/18, 08:59:45:726] info: Store: SET_FULL_SCREEN
[05/09/18, 09:00:02:368] info: Store: NEW_NOTIFICATION
{
  "avatarImage": null,
  "channel": "C9P070QNL",
  "content": "[REDACTED]",
  "id": "MJ21f5hW89WQnQA",
  "imageUri": null,
  "launchUri": "slack://channel?id=C9P070QNL&message=1525820401.000037&team=T9F21EKE2",
  "msg": "1525820401.000037",
  "silent": true,
  "subtitle": "",
  "teamId": "T9F21EKE2",
  "title": "[REDACTED]"
}
[05/09/18, 09:00:07:030] info: Store: SET_FULL_SCREEN
[05/09/18, 09:00:33:303] info: Store: SET_FULL_SCREEN
[05/09/18, 09:00:48:820] info: Store: SET_FULL_SCREEN
[05/09/18, 09:01:01:771] info: Store: SET_FULL_SCREEN
[05/09/18, 09:01:04:789] info: Store: SET_FULL_SCREEN
[05/09/18, 09:01:07:904] info: Store: SET_FULL_SCREEN
[05/09/18, 09:01:11:489] info: Store: SET_FULL_SCREEN
[05/09/18, 09:01:23:541] info: Store: SET_FULL_SCREEN
[05/09/18, 09:01:37:143] info: Store: SET_FULL_SCREEN
[05/09/18, 09:01:45:711] info: Store: SET_FULL_SCREEN
[05/09/18, 09:01:51:944] info: Store: SET_FULL_SCREEN
[05/09/18, 09:01:52:765] info: Store: SET_FULL_SCREEN
[05/09/18, 09:01:53:828] info: Store: SET_FULL_SCREEN
[05/09/18, 09:03:16:641] info: Store: SET_FULL_SCREEN
[05/09/18, 09:03:22:494] info: Store: SET_FULL_SCREEN
[05/09/18, 09:03:24:228] info: Store: SET_FULL_SCREEN
[05/09/18, 09:03:50:997] info: Store: SET_FULL_SCREEN
[05/09/18, 09:03:59:382] info: Store: SET_FULL_SCREEN
[05/09/18, 09:04:06:833] info: Store: SET_FULL_SCREEN
[05/09/18, 09:04:11:700] info: Store: SET_FULL_SCREEN
[05/09/18, 09:04:13:783] info: Store: SET_FULL_SCREEN
[05/09/18, 09:04:21:600] info: Store: SET_FULL_SCREEN
[05/09/18, 09:04:23:470] info: Store: SET_FULL_SCREEN
[05/09/18, 09:04:27:004] info: Store: SET_FULL_SCREEN
[05/09/18, 09:04:34:204] info: Store: SET_FULL_SCREEN
[05/09/18, 09:04:54:940] info: Store: SET_FULL_SCREEN
[05/09/18, 09:04:57:590] info: Store: SET_FULL_SCREEN
[05/09/18, 09:05:07:923] info: Store: SET_FULL_SCREEN
[05/09/18, 09:05:16:341] info: Store: SET_FULL_SCREEN
[05/09/18, 09:05:18:009] info: Store: SET_FULL_SCREEN
[05/09/18, 09:07:00:750] info: Store: SET_FULL_SCREEN
[05/09/18, 09:07:30:323] info: Store: SET_FULL_SCREEN
[05/09/18, 09:07:39:539] info: Store: SET_FULL_SCREEN
[05/09/18, 09:07:45:940] info: Store: SET_FULL_SCREEN
[05/09/18, 09:07:54:523] info: Store: SET_FULL_SCREEN
[05/09/18, 09:08:03:791] info: Store: SET_FULL_SCREEN
[05/09/18, 09:09:07:102] info: Store: SET_FULL_SCREEN
[05/09/18, 09:09:31:082] info: Store: SET_FULL_SCREEN
[05/09/18, 09:09:31:920] info: Store: SET_FULL_SCREEN
[05/09/18, 09:09:37:087] info: Store: SET_FULL_SCREEN
[05/09/18, 09:09:38:756] info: Store: SET_FULL_SCREEN
[05/09/18, 09:10:15:001] info: Store: SET_FULL_SCREEN
[05/09/18, 09:10:16:494] info: Store: SET_FULL_SCREEN
[05/09/18, 09:10:50:383] info: Store: SET_FULL_SCREEN
[05/09/18, 09:10:56:408] info: Store: SET_FULL_SCREEN
[05/09/18, 09:11:00:016] info: Store: SET_FULL_SCREEN
[05/09/18, 09:11:01:277] info: Store: SET_FULL_SCREEN
[05/09/18, 09:11:09:285] info: Store: SET_FULL_SCREEN
[05/09/18, 09:11:11:433] info: Store: SET_FULL_SCREEN
[05/09/18, 09:11:24:137] info: Store: SET_FULL_SCREEN
[05/09/18, 09:11:26:627] info: Store: SET_FULL_SCREEN
[05/09/18, 09:13:33:505] info: Store: SET_FULL_SCREEN
[05/09/18, 09:30:43:991] info: Store: SET_FULL_SCREEN
[05/09/18, 09:30:46:913] info: Store: UPDATE_TEAM_LOCALE
{
  "locale": "en-US",
  "teamId": "T9F21EKE2"
}
[05/09/18, 09:30:48:179] info: Store: SET_FULL_SCREEN
[05/09/18, 09:30:49:066] info: Store: SET_FULL_SCREEN
[05/09/18, 09:30:58:152] info: Store: SET_FULL_SCREEN
[05/09/18, 09:31:05:129] info: Store: SET_FULL_SCREEN
[05/09/18, 09:31:10:647] info: Store: SET_FULL_SCREEN
[05/09/18, 09:31:12:453] info: Store: SET_FULL_SCREEN
[05/09/18, 09:31:17:690] info: Store: SET_FULL_SCREEN
[05/09/18, 09:31:21:368] info: Store: SET_FULL_SCREEN
[05/09/18, 09:31:42:721] info: Store: SET_FULL_SCREEN
[05/09/18, 09:31:44:282] info: Store: SET_FULL_SCREEN
[05/09/18, 09:31:49:658] info: Store: SET_FULL_SCREEN
[05/09/18, 09:31:51:038] info: Store: SET_FULL_SCREEN
[05/09/18, 09:32:11:142] info: Store: SET_FULL_SCREEN
[05/09/18, 09:33:26:104] info: Store: SET_FULL_SCREEN
[05/09/18, 09:35:02:718] info: Store: SET_FULL_SCREEN
[05/09/18, 09:35:04:686] info: Store: SET_FULL_SCREEN
[05/09/18, 09:35:13:388] info: Store: SET_FULL_SCREEN
[05/09/18, 09:35:15:551] info: Store: SET_FULL_SCREEN
[05/09/18, 09:35:17:753] info: Store: SET_FULL_SCREEN
[05/09/18, 09:35:19:396] info: Store: SET_FULL_SCREEN
[05/09/18, 09:35:21:807] info: Store: SET_FULL_SCREEN
[05/09/18, 09:35:23:475] info: Store: SET_FULL_SCREEN
[05/09/18, 09:35:35:491] info: Store: SET_FULL_SCREEN
[05/09/18, 09:35:36:958] info: Store: SET_FULL_SCREEN
[05/09/18, 09:35:43:354] info: Store: SET_FULL_SCREEN
[05/09/18, 09:35:44:359] info: Store: SET_FULL_SCREEN
[05/09/18, 09:36:03:888] info: Store: SET_FULL_SCREEN
[05/09/18, 09:36:06:091] info: Store: SET_FULL_SCREEN
[05/09/18, 09:36:12:732] info: Store: SET_FULL_SCREEN
[05/09/18, 09:36:15:731] info: Store: SET_FULL_SCREEN
[05/09/18, 09:36:23:373] info: Store: SET_FULL_SCREEN
[05/09/18, 09:36:25:530] info: Store: SET_FULL_SCREEN
[05/09/18, 09:36:41:047] info: Store: SET_FULL_SCREEN
[05/09/18, 09:36:43:484] info: Store: SET_FULL_SCREEN
[05/09/18, 09:36:48:129] info: Store: SET_FULL_SCREEN
[05/09/18, 09:36:49:502] info: Store: SET_FULL_SCREEN
[05/09/18, 09:38:54:536] info: Store: SET_FULL_SCREEN
[05/09/18, 09:38:55:936] info: Store: SET_FULL_SCREEN
[05/09/18, 09:39:37:311] info: Store: SET_FULL_SCREEN
[05/09/18, 09:39:39:092] info: Store: SET_FULL_SCREEN
[05/09/18, 09:39:45:390] info: Store: SET_FULL_SCREEN
[05/09/18, 09:39:46:795] info: Store: SET_FULL_SCREEN
[05/09/18, 09:40:51:069] info: Store: SET_FULL_SCREEN
[05/09/18, 09:40:52:921] info: Store: SET_FULL_SCREEN
[05/09/18, 09:41:27:961] info: Store: SET_FULL_SCREEN
[05/09/18, 09:41:30:109] info: Store: SET_FULL_SCREEN
[05/09/18, 09:41:35:712] info: Store: SET_FULL_SCREEN
[05/09/18, 09:41:37:112] info: Store: SET_FULL_SCREEN
[05/09/18, 09:41:41:463] info: Store: SET_FULL_SCREEN
[05/09/18, 09:41:43:631] info: Store: SET_FULL_SCREEN
[05/09/18, 09:42:05:177] info: Store: SET_FULL_SCREEN
[05/09/18, 09:42:09:402] info: Store: SET_FULL_SCREEN
[05/09/18, 09:42:16:725] info: Store: SET_FULL_SCREEN
[05/09/18, 09:42:19:567] info: Store: SET_FULL_SCREEN
[05/09/18, 09:42:21:789] info: Store: SET_FULL_SCREEN
[05/09/18, 09:42:23:383] info: Store: SET_FULL_SCREEN
[05/09/18, 09:46:05:699] info: Store: SET_FULL_SCREEN
[05/09/18, 09:51:37:712] info: Store: SET_FULL_SCREEN
[05/09/18, 09:51:50:669] info: Store: SET_FULL_SCREEN
[05/09/18, 09:52:03:055] info: Store: SET_FULL_SCREEN
[05/09/18, 09:52:11:642] info: Store: SET_FULL_SCREEN
