[05/01/18, 08:34:59:114] info: ╔═════════════════════════════════════════════════════════════════════════════════╗
[05/01/18, 08:34:59:115] info: ║      Slack 3.1.1, linux 4.13.0-38-generic on x64 at 05/01/18, 08:34:59:111      ║
[05/01/18, 08:34:59:115] info: ╚═════════════════════════════════════════════════════════════════════════════════╝
[05/01/18, 08:34:59:447] info: Initializing local storage instance at path: /home/bella/.config/Slack/local-settings.json
[05/01/18, 08:34:59:635] info: NetworkStatus: Waiting for network online…
[05/01/18, 08:35:00:436] info: NetworkStatus: Response from api.test
{
  "status": "online"
}
[05/01/18, 08:35:00:840] info: Store: SET_NETWORK_STATUS online
[05/01/18, 08:35:06:194] info: Store: SELECT_CHANNEL D9ED2JVNY
[05/01/18, 08:35:06:198] info: Store: UPDATE_TEAM_LOCALE
{
  "locale": "en-US"
}
[05/01/18, 08:35:06:200] info: Store: UPDATE_SETTINGS
{
  "locale": "en-US"
}
[05/01/18, 08:35:06:517] info: Store: UPSERT_WEB_CONTENTS
{
  "id": 3,
  "state": "loaded",
  "teamId": "T9F21EKE2"
}
[05/01/18, 08:35:06:526] info: Store: MAIN_WINDOW_SHOWN
[05/01/18, 08:35:06:562] info: Store: SET_FULL_SCREEN
[05/01/18, 08:35:06:563] info: Store: SET_FULL_SCREEN
[05/01/18, 08:35:06:564] info: Store: SET_FULL_SCREEN
[05/01/18, 08:35:06:974] info: Store: UPDATE_TEAM_THEME
{
  "teamId": "T9F21EKE2",
  "theme": {
    "active_item": "#2D9EE0",
    "active_item_text": "#FFFFFF",
    "active_presence": "#60D156",
    "badge": "#DC5960",
    "column_bg": "#F8F8FA",
    "hover_item": "#FFFFFF",
    "menu_bg": "#F8F8FA",
    "text_color": "#383F45"
  }
}
[05/01/18, 08:35:07:043] info: Store: UPDATE_SESSION_STATUS
{
  "hasValidSession": true,
  "teamId": "T9F21EKE2"
}
[05/01/18, 08:35:07:331] info: Store: UPDATE_TEAM_LOCALE
{
  "locale": "en-US",
  "teamId": "T9F21EKE2"
}
[05/01/18, 08:35:07:344] info: Store: UPSERT_WEB_CONTENTS
{
  "id": 3,
  "state": "webapp-loaded",
  "teamId": "T9F21EKE2"
}
[05/01/18, 08:35:07:563] info: Store: SAVE_WINDOW_SETTINGS
{
  "isMaximized": true,
  "position": [
    208,
    81
  ],
  "size": [
    1024,
    768
  ]
}
[05/01/18, 08:35:10:665] info: Store: SELECT_CHANNEL C9P070QNL
[05/01/18, 08:35:13:215] info: Store: SELECT_CHANNEL C9E929VPV
[05/01/18, 08:35:14:586] info: Store: SELECT_CHANNEL C9P070QNL
[05/01/18, 08:35:15:986] info: Store: SELECT_CHANNEL C9E929VPV
[05/01/18, 08:35:17:036] info: Store: SELECT_CHANNEL C9F21EML6
[05/01/18, 08:35:18:061] info: Store: SELECT_CHANNEL C9P070QNL
[05/01/18, 08:35:21:579] info: Store: SELECT_CHANNEL C9F21EML6
[05/01/18, 08:35:30:923] info: Store: SET_FULL_SCREEN
[05/01/18, 08:39:14:284] info: Store: SET_FULL_SCREEN
[05/01/18, 08:39:14:851] info: Store: SET_FULL_SCREEN
[05/01/18, 08:40:58:095] info: Store: SET_FULL_SCREEN
[05/01/18, 08:41:31:708] info: Store: SET_FULL_SCREEN
[05/01/18, 08:42:13:292] info: Store: SET_FULL_SCREEN
[05/01/18, 08:42:27:688] info: Store: SET_FULL_SCREEN
[05/01/18, 08:42:46:441] info: Store: SET_FULL_SCREEN
[05/01/18, 08:43:47:111] info: Store: SET_FULL_SCREEN
[05/01/18, 08:45:41:784] info: Store: SET_FULL_SCREEN
[05/01/18, 08:48:01:388] info: Store: SET_FULL_SCREEN
[05/01/18, 08:49:20:628] info: Store: SET_FULL_SCREEN
[05/01/18, 08:49:37:342] info: Store: SET_FULL_SCREEN
[05/01/18, 08:49:55:630] info: Store: SET_FULL_SCREEN
[05/01/18, 08:49:58:278] info: Store: SET_FULL_SCREEN
[05/01/18, 08:51:30:851] info: Store: SET_FULL_SCREEN
[05/01/18, 08:51:37:771] info: Store: SET_FULL_SCREEN
[05/01/18, 08:51:38:469] info: Store: SET_FULL_SCREEN
[05/01/18, 08:51:40:106] info: Store: SET_FULL_SCREEN
[05/01/18, 08:51:43:365] info: Store: SET_FULL_SCREEN
[05/01/18, 08:51:43:902] info: Store: SET_FULL_SCREEN
[05/01/18, 08:51:44:375] info: Store: SET_FULL_SCREEN
[05/01/18, 08:52:05:886] info: Store: SET_FULL_SCREEN
[05/01/18, 08:52:10:870] info: Store: SET_FULL_SCREEN
[05/01/18, 08:52:29:371] info: Store: SET_FULL_SCREEN
[05/01/18, 08:52:38:910] info: Store: SET_FULL_SCREEN
[05/01/18, 08:53:05:833] info: Store: SET_FULL_SCREEN
[05/01/18, 08:53:07:470] info: Store: SET_FULL_SCREEN
[05/01/18, 08:55:29:638] info: Store: SET_FULL_SCREEN
[05/01/18, 08:55:41:549] info: Store: SET_FULL_SCREEN
[05/01/18, 08:56:07:546] info: Store: SET_FULL_SCREEN
[05/01/18, 08:56:20:962] info: Store: SET_FULL_SCREEN
[05/01/18, 08:56:47:479] info: Store: SET_FULL_SCREEN
[05/01/18, 08:56:50:491] info: Store: SET_FULL_SCREEN
[05/01/18, 08:57:00:430] info: Store: SET_FULL_SCREEN
[05/01/18, 08:57:11:682] info: Store: SET_FULL_SCREEN
[05/01/18, 08:57:30:000] info: Store: SET_FULL_SCREEN
[05/01/18, 08:58:01:150] info: Store: SET_FULL_SCREEN
[05/01/18, 08:58:03:250] info: Store: SET_FULL_SCREEN
[05/01/18, 08:58:11:717] info: Store: SET_FULL_SCREEN
[05/01/18, 08:58:35:550] info: Store: SET_FULL_SCREEN
[05/01/18, 08:59:06:975] info: Store: SET_FULL_SCREEN
[05/01/18, 08:59:28:098] info: Store: SET_FULL_SCREEN
[05/01/18, 08:59:41:622] info: Store: SET_FULL_SCREEN
[05/01/18, 08:59:45:041] info: Store: SET_FULL_SCREEN
[05/01/18, 09:00:01:135] info: Store: NEW_NOTIFICATION
{
  "avatarImage": null,
  "channel": "C9P070QNL",
  "content": "[REDACTED]",
  "id": "pz8lczhGl7Loor1",
  "imageUri": null,
  "launchUri": "slack://channel?id=C9P070QNL&message=1525129200.000428&team=T9F21EKE2",
  "msg": "1525129200.000428",
  "silent": true,
  "subtitle": "",
  "teamId": "T9F21EKE2",
  "title": "[REDACTED]"
}
[05/01/18, 09:00:07:493] info: Store: SET_FULL_SCREEN
[05/01/18, 09:00:08:004] info: Store: SET_FULL_SCREEN
[05/01/18, 09:00:09:352] info: Store: SET_FULL_SCREEN
[05/01/18, 09:00:44:015] info: Store: SET_FULL_SCREEN
[05/01/18, 09:00:51:796] info: Store: SET_FULL_SCREEN
[05/01/18, 09:01:00:217] info: Store: SET_FULL_SCREEN
[05/01/18, 09:01:05:906] info: Store: SET_FULL_SCREEN
[05/01/18, 09:04:17:018] info: Store: SET_FULL_SCREEN
[05/01/18, 09:04:21:991] info: Store: SET_FULL_SCREEN
[05/01/18, 09:04:22:770] info: Store: SET_FULL_SCREEN
[05/01/18, 09:04:25:915] info: Store: SET_FULL_SCREEN
[05/01/18, 09:15:56:777] info: Store: SET_FULL_SCREEN
[05/01/18, 09:15:58:156] info: Store: SET_FULL_SCREEN
[05/01/18, 09:30:30:368] info: Store: SET_FULL_SCREEN
[05/01/18, 09:30:52:279] info: Store: SET_FULL_SCREEN
[05/01/18, 09:47:12:342] info: Store: SET_FULL_SCREEN
[05/01/18, 09:47:29:537] info: Store: SET_FULL_SCREEN
[05/01/18, 10:04:55:959] info: Store: SET_FULL_SCREEN
[05/01/18, 10:04:57:421] info: Store: SET_FULL_SCREEN
[05/01/18, 11:24:20:502] info: Store: UPDATE_TEAM_LOCALE
{
  "locale": "en-US",
  "teamId": "T9F21EKE2"
}
[05/01/18, 11:34:44:459] info: Store: SET_FULL_SCREEN
[05/01/18, 11:34:45:638] info: Store: SET_FULL_SCREEN
[05/01/18, 11:34:50:004] info: Store: SET_FULL_SCREEN
[05/01/18, 11:34:50:368] info: Store: SET_FULL_SCREEN
[05/01/18, 11:46:06:456] info: Store: SET_FULL_SCREEN
[05/01/18, 11:46:07:212] info: Store: SET_FULL_SCREEN
[05/01/18, 12:01:12:923] info: Store: SET_FULL_SCREEN
[05/01/18, 12:01:13:337] info: Store: SET_FULL_SCREEN
[05/01/18, 12:07:30:020] info: Store: SET_FULL_SCREEN
[05/01/18, 12:07:30:569] info: Store: SET_FULL_SCREEN
[05/01/18, 13:34:02:380] info: Store: SET_FULL_SCREEN
[05/01/18, 13:34:02:929] info: Store: SET_FULL_SCREEN
[05/01/18, 13:52:11:049] info: Store: UPDATE_TEAM_LOCALE
{
  "locale": "en-US",
  "teamId": "T9F21EKE2"
}
[05/01/18, 14:03:31:079] info: Store: SET_FULL_SCREEN
[05/01/18, 14:03:31:676] info: Store: SET_FULL_SCREEN
[05/01/18, 17:40:22:374] info: Store: UPDATE_TEAM_LOCALE
{
  "locale": "en-US",
  "teamId": "T9F21EKE2"
}
[05/01/18, 18:00:51:831] info: Store: NEW_NOTIFICATION
{
  "avatarImage": "https://ca.slack-edge.com/T9F21EKE2-U9FF94095-g154b7532efc-512",
  "channel": "C9F21EML6",
  "content": "[REDACTED]",
  "id": "ko8NCki91N94Wlr",
  "imageUri": null,
  "launchUri": "slack://channel?id=C9F21EML6&message=1525161651.000158&team=T9F21EKE2",
  "msg": "1525161651.000158",
  "silent": true,
  "subtitle": "",
  "teamId": "T9F21EKE2",
  "title": "[REDACTED]"
}
[05/01/18, 18:01:10:064] info: Store: NEW_NOTIFICATION
{
  "avatarImage": "https://ca.slack-edge.com/T9F21EKE2-U9FF94095-g154b7532efc-512",
  "channel": "C9F21EML6",
  "content": "[REDACTED]",
  "id": "39QPS7sDVEDP03J",
  "imageUri": null,
  "launchUri": "slack://channel?id=C9F21EML6&message=1525161669.000224&team=T9F21EKE2",
  "msg": "1525161669.000224",
  "silent": true,
  "subtitle": "",
  "teamId": "T9F21EKE2",
  "title": "[REDACTED]"
}
[05/01/18, 18:10:08:655] info: Store: NEW_NOTIFICATION
{
  "avatarImage": "https://ca.slack-edge.com/T9F21EKE2-U9FF94095-g154b7532efc-512",
  "channel": "D9ED2JVNY",
  "content": "[REDACTED]",
  "id": "q27mF7tELvE3MZg",
  "imageUri": null,
  "launchUri": "slack://channel?id=D9ED2JVNY&message=1525162208.000144&team=T9F21EKE2",
  "msg": "1525162208.000144",
  "silent": true,
  "subtitle": "",
  "teamId": "T9F21EKE2",
  "title": "[REDACTED]"
}
[05/01/18, 18:10:17:669] info: Store: SET_FULL_SCREEN
[05/01/18, 18:10:18:666] info: Store: SAVE_WINDOW_SETTINGS
{
  "isMaximized": false,
  "position": [
    0,
    30
  ],
  "size": [
    1440,
    842
  ]
}
[05/01/18, 20:42:24:996] info: Store: UPDATE_TEAM_LOCALE
{
  "locale": "en-US",
  "teamId": "T9F21EKE2"
}
[05/01/18, 21:02:42:873] info: Store: UPDATE_TEAM_LOCALE
{
  "locale": "en-US",
  "teamId": "T9F21EKE2"
}
