[05/15/18, 07:49:46:189] info: ╔═════════════════════════════════════════════════════════════════════════════════╗
[05/15/18, 07:49:46:190] info: ║      Slack 3.1.1, linux 4.13.0-38-generic on x64 at 05/15/18, 07:49:46:186      ║
[05/15/18, 07:49:46:190] info: ╚═════════════════════════════════════════════════════════════════════════════════╝
[05/15/18, 07:49:46:267] info: Initializing local storage instance at path: /home/bella/.config/Slack/local-settings.json
[05/15/18, 07:49:46:600] info: cld3::loadModule: loading cld3 module
[05/15/18, 07:49:46:624] info: cld3Loader::loadModule: running environment is NODE
[05/15/18, 07:49:46:624] info: cld3Loader::loadModule: constructed module object for runtime
[05/15/18, 07:49:46:748] info: cld3Loader::initializeRuntime: successfully initialized module
[05/15/18, 07:49:46:748] info: cld3Loader::loadModule: initialized wasm binary Runtime
[05/15/18, 07:49:46:752] warn: updateSpellcheckerLanguage: Tried to update language, but spellchecker not initialized
[05/15/18, 07:49:46:753] info: SSBIntegration: Main window preload script loaded 841.224714
[05/15/18, 07:49:49:823] info: Store: UPSERT_WEB_CONTENTS
{
  "id": 3,
  "state": "loaded",
  "teamId": "T9F21EKE2"
}
[05/15/18, 07:49:49:826] info: Store: MAIN_WINDOW_SHOWN
[05/15/18, 07:49:49:883] info: Store: SET_FULL_SCREEN
[05/15/18, 07:49:49:883] info: Store: SET_FULL_SCREEN
[05/15/18, 07:49:49:884] info: Store: SET_FULL_SCREEN
[05/15/18, 07:49:50:225] info: Store: UPDATE_SESSION_STATUS
{
  "hasValidSession": true,
  "teamId": "T9F21EKE2"
}
[05/15/18, 07:49:51:326] info: Store: SAVE_WINDOW_SETTINGS
{
  "isMaximized": true,
  "position": [
    208,
    81
  ],
  "size": [
    1024,
    768
  ]
}
[05/15/18, 07:49:51:328] info: Store: SELECT_CHANNEL D9ED2JVNY
[05/15/18, 07:49:51:328] info: Store: UPDATE_TEAM_LOCALE
{
  "locale": "en-US",
  "teamId": "T9F21EKE2"
}
[05/15/18, 07:49:51:328] info: Store: UPDATE_SETTINGS
{
  "locale": "en-US"
}
[05/15/18, 07:49:51:329] info: Store: UPDATE_TEAM_THEME
{
  "teamId": "T9F21EKE2",
  "theme": {
    "active_item": "#2D9EE0",
    "active_item_text": "#FFFFFF",
    "active_presence": "#60D156",
    "badge": "#DC5960",
    "column_bg": "#F8F8FA",
    "hover_item": "#FFFFFF",
    "menu_bg": "#F8F8FA",
    "text_color": "#383F45"
  }
}
[05/15/18, 07:49:51:453] info: postLoadTaskSetup: Desktop client fully loaded
{
  "loadedTime": 9886.773149
}
[05/15/18, 07:49:51:662] info: Store: UPDATE_TEAM_LOCALE
{
  "locale": "en-US",
  "teamId": "T9F21EKE2"
}
[05/15/18, 07:49:51:663] info: Store: UPSERT_WEB_CONTENTS
{
  "id": 3,
  "state": "webapp-loaded",
  "teamId": "T9F21EKE2"
}
[05/15/18, 07:49:51:872] info: Unloading spellchecker
[05/15/18, 07:49:51:892] info: Store: SET_FULL_SCREEN
[05/15/18, 07:49:51:893] info: Unloading spellchecker
[05/15/18, 07:49:52:127] info: Raw Locale list: ["bg_BG.utf8","C","ca_AD.utf8","ca_ES.utf8","ca_ES.utf8@valencia","ca_FR.utf8","ca_IT.utf8","cs_CZ.utf8","C.UTF-8","da_DK.utf8","de_AT.utf8","de_BE.utf8","de_CH.utf8","de_DE.utf8","de_LI.utf8","de_LU.utf8","en_AG","en_AG.utf8","en_AU.utf8","en_BW.utf8","en_CA.utf8","en_DK.utf8","en_GB.utf8","en_HK.utf8","en_IE.utf8","en_IN","en_IN.utf8","en_NG","en_NG.utf8","en_NZ.utf8","en_PH.utf8","en_SG.utf8","en_US.utf8","en_ZA.utf8","en_ZM","en_ZM.utf8","en_ZW.utf8","es_AR.utf8","es_BO.utf8","es_CL.utf8","es_CO.utf8","es_CR.utf8","es_CU","es_CU.utf8","es_DO.utf8","es_EC.utf8","es_ES.utf8","es_GT.utf8","es_HN.utf8","es_MX.utf8","es_NI.utf8","es_PA.utf8","es_PE.utf8","es_PR.utf8","es_PY.utf8","es_SV.utf8","es_US.utf8","es_UY.utf8","es_VE.utf8","fr_BE.utf8","fr_CA.utf8","fr_CH.utf8","fr_FR.utf8","fr_LU.utf8","hu_HU.utf8","id_ID.utf8","it_CH.utf8","it_IT.utf8","ja_JP.utf8","ko_KR.utf8","nb_NO.utf8","nl_AW","nl_AW.utf8","nl_BE.utf8","nl_NL.utf8","pl_PL.utf8","POSIX","pt_BR.utf8","pt_PT.utf8","ru_RU.utf8","ru_UA.utf8","sv_FI.utf8","sv_SE.utf8","th_TH.utf8","tr_CY.utf8","tr_TR.utf8","uk_UA.utf8","vi_VN","vi_VN.utf8","zh_CN.utf8","zh_HK.utf8","zh_SG.utf8","zh_TW.utf8",""]
[05/15/18, 07:49:52:127] info: Filtered Locale list: ["bg_BG","ca_AD","ca_ES","ca_ES","ca_FR","ca_IT","cs_CZ","da_DK","de_AT","de_BE","de_CH","de_DE","de_LI","de_LU","en_AG","en_AG","en_AU","en_BW","en_CA","en_DK","en_GB","en_HK","en_IE","en_IN","en_IN","en_NG","en_NG","en_NZ","en_PH","en_SG","en_US","en_ZA","en_ZM","en_ZM","en_ZW","es_AR","es_BO","es_CL","es_CO","es_CR","es_CU","es_CU","es_DO","es_EC","es_ES","es_GT","es_HN","es_MX","es_NI","es_PA","es_PE","es_PR","es_PY","es_SV","es_US","es_UY","es_VE","fr_BE","fr_CA","fr_CH","fr_FR","fr_LU","hu_HU","id_ID","it_CH","it_IT","ja_JP","ko_KR","nb_NO","nl_AW","nl_AW","nl_BE","nl_NL","pl_PL","pt_BR","pt_PT","ru_RU","ru_UA","sv_FI","sv_SE","th_TH","tr_CY","tr_TR","uk_UA","vi_VN","vi_VN","zh_CN","zh_HK","zh_SG","zh_TW"]
[05/15/18, 07:49:52:127] info: Counts: {"bg":["bg_BG"],"ca":["ca_AD","ca_ES","ca_ES","ca_FR","ca_IT"],"cs":["cs_CZ"],"da":["da_DK"],"de":["de_AT","de_BE","de_CH","de_DE","de_LI","de_LU"],"en":["en_AG","en_AG","en_AU","en_BW","en_CA","en_DK","en_GB","en_HK","en_IE","en_IN","en_IN","en_NG","en_NG","en_NZ","en_PH","en_SG","en_US","en_ZA","en_ZM","en_ZM","en_ZW"],"es":["es_AR","es_BO","es_CL","es_CO","es_CR","es_CU","es_CU","es_DO","es_EC","es_ES","es_GT","es_HN","es_MX","es_NI","es_PA","es_PE","es_PR","es_PY","es_SV","es_US","es_UY","es_VE"],"fr":["fr_BE","fr_CA","fr_CH","fr_FR","fr_LU"],"hu":["hu_HU"],"id":["id_ID"],"it":["it_CH","it_IT"],"ja":["ja_JP"],"ko":["ko_KR"],"nb":["nb_NO"],"nl":["nl_AW","nl_AW","nl_BE","nl_NL"],"pl":["pl_PL"],"pt":["pt_BR","pt_PT"],"ru":["ru_RU","ru_UA"],"sv":["sv_FI","sv_SE"],"th":["th_TH"],"tr":["tr_CY","tr_TR"],"uk":["uk_UA"],"vi":["vi_VN","vi_VN"],"zh":["zh_CN","zh_HK","zh_SG","zh_TW"]}
[05/15/18, 07:49:52:127] info: Setting bg
[05/15/18, 07:49:52:128] info: Setting cs
[05/15/18, 07:49:52:128] info: Setting da
[05/15/18, 07:49:52:128] info: Setting hu
[05/15/18, 07:49:52:128] info: Setting id
[05/15/18, 07:49:52:128] info: Setting ja
[05/15/18, 07:49:52:129] info: Setting ko
[05/15/18, 07:49:52:129] info: Setting nb
[05/15/18, 07:49:52:129] info: Setting pl
[05/15/18, 07:49:52:129] info: Setting th
[05/15/18, 07:49:52:129] info: Setting uk
[05/15/18, 07:49:52:129] info: Result: {"bg":"bg-BG","cs":"cs-CZ","da":"da-DK","hu":"hu-HU","id":"id-ID","ja":"ja-JP","ko":"ko-KR","nb":"nb-NO","pl":"pl-PL","th":"th-TH","uk":"uk-UA","en":"en-US"}
[05/15/18, 07:49:52:131] info: Requesting to load en-US, alternatives are ["en-US","en-US","en-US"]
[05/15/18, 07:49:52:132] info: Loading dictionary for language en-US
[05/15/18, 07:49:52:132] info: Returning local copy: /home/bella/.config/Slack/dictionaries/en-US.bdic
[05/15/18, 07:49:52:135] info: Setting current spellchecker to en-US, requested language was en-US
[05/15/18, 07:49:52:136] info: Creating node-spellchecker instance
[05/15/18, 07:49:52:137] info: Actually installing spell check provider to Electron
[05/15/18, 07:49:54:536] info: Loading dictionary for language en-US
[05/15/18, 07:49:54:536] info: Returning local copy: /home/bella/.config/Slack/dictionaries/en-US.bdic
[05/15/18, 07:49:54:550] info: Setting current spellchecker to en-US, requested language was en-US
[05/15/18, 07:49:55:073] info: Store: SET_FULL_SCREEN
[05/15/18, 07:49:56:906] info: Restoring spellchecker
[05/15/18, 07:49:56:907] info: Loading dictionary for language en-US
[05/15/18, 07:49:56:908] info: Returning local copy: /home/bella/.config/Slack/dictionaries/en-US.bdic
[05/15/18, 07:49:56:914] info: Unloading spellchecker
[05/15/18, 07:49:56:917] info: Restoring spellchecker
[05/15/18, 07:49:56:918] info: Loading dictionary for language en-US
[05/15/18, 07:49:56:918] info: Returning local copy: /home/bella/.config/Slack/dictionaries/en-US.bdic
[05/15/18, 07:49:56:975] info: Store: SET_FULL_SCREEN
[05/15/18, 07:49:56:985] info: Setting current spellchecker to en-US, requested language was en-US
[05/15/18, 07:49:56:986] info: Creating node-spellchecker instance
[05/15/18, 07:49:56:988] info: Setting current spellchecker to en-US, requested language was en-US
[05/15/18, 07:49:57:865] info: Store: SAVE_WINDOW_SETTINGS
{
  "isMaximized": true,
  "position": [
    208,
    81
  ],
  "size": [
    1024,
    768
  ]
}
[05/15/18, 07:50:04:016] info: Store: SELECT_CHANNEL C9F21EML6
[05/15/18, 07:50:06:269] info: Loading dictionary for language en-US
[05/15/18, 07:50:06:269] info: Returning local copy: /home/bella/.config/Slack/dictionaries/en-US.bdic
[05/15/18, 07:50:06:270] info: Setting current spellchecker to en-US, requested language was en-US
[05/15/18, 07:50:32:717] info: Unloading spellchecker
[05/15/18, 07:50:32:719] info: Unloading spellchecker
[05/15/18, 07:50:32:750] info: Store: SET_FULL_SCREEN
[05/15/18, 07:50:32:751] info: Store: SET_FULL_SCREEN
[05/15/18, 07:50:33:252] info: Restoring spellchecker
[05/15/18, 07:50:33:253] info: Loading dictionary for language en-US
[05/15/18, 07:50:33:253] info: Returning local copy: /home/bella/.config/Slack/dictionaries/en-US.bdic
[05/15/18, 07:50:33:254] info: Store: SET_FULL_SCREEN
[05/15/18, 07:50:33:254] info: Store: SET_FULL_SCREEN
[05/15/18, 07:50:33:279] info: Setting current spellchecker to en-US, requested language was en-US
[05/15/18, 07:50:33:279] info: Creating node-spellchecker instance
[05/15/18, 07:50:35:075] info: Store: SET_FULL_SCREEN
[05/15/18, 07:50:35:403] info: Unloading spellchecker
[05/15/18, 07:50:35:407] info: Unloading spellchecker
[05/15/18, 07:50:35:418] info: Store: SET_FULL_SCREEN
[05/15/18, 07:50:35:419] info: Store: SET_FULL_SCREEN
[05/15/18, 07:50:38:945] info: Restoring spellchecker
[05/15/18, 07:50:38:946] info: Loading dictionary for language en-US
[05/15/18, 07:50:38:946] info: Returning local copy: /home/bella/.config/Slack/dictionaries/en-US.bdic
[05/15/18, 07:50:38:947] info: Store: SET_FULL_SCREEN
[05/15/18, 07:50:38:976] info: Store: SET_FULL_SCREEN
[05/15/18, 07:50:38:978] info: Setting current spellchecker to en-US, requested language was en-US
[05/15/18, 07:50:38:978] info: Creating node-spellchecker instance
[05/15/18, 07:51:05:007] info: Unloading spellchecker
[05/15/18, 07:51:05:008] info: Unloading spellchecker
[05/15/18, 07:51:05:012] info: Store: SET_FULL_SCREEN
[05/15/18, 07:51:17:756] info: Store: SET_FULL_SCREEN
[05/15/18, 07:51:18:744] info: Restoring spellchecker
[05/15/18, 07:51:18:746] info: Loading dictionary for language en-US
[05/15/18, 07:51:18:747] info: Returning local copy: /home/bella/.config/Slack/dictionaries/en-US.bdic
[05/15/18, 07:51:18:748] info: Store: SET_FULL_SCREEN
[05/15/18, 07:51:18:748] info: Store: SET_FULL_SCREEN
[05/15/18, 07:51:18:761] info: Setting current spellchecker to en-US, requested language was en-US
[05/15/18, 07:51:18:761] info: Creating node-spellchecker instance
[05/15/18, 07:51:18:955] info: Unloading spellchecker
[05/15/18, 07:51:18:957] info: Unloading spellchecker
[05/15/18, 07:51:18:959] info: Store: SET_FULL_SCREEN
[05/15/18, 07:51:18:961] info: Store: SET_FULL_SCREEN
[05/15/18, 07:51:31:110] info: Restoring spellchecker
[05/15/18, 07:51:31:111] info: Loading dictionary for language en-US
[05/15/18, 07:51:31:111] info: Returning local copy: /home/bella/.config/Slack/dictionaries/en-US.bdic
[05/15/18, 07:51:31:111] info: Store: SET_FULL_SCREEN
[05/15/18, 07:51:31:132] info: Store: SET_FULL_SCREEN
[05/15/18, 07:51:31:136] info: Setting current spellchecker to en-US, requested language was en-US
[05/15/18, 07:51:31:136] info: Creating node-spellchecker instance
[05/15/18, 07:51:31:504] info: Unloading spellchecker
[05/15/18, 07:51:31:505] info: Unloading spellchecker
[05/15/18, 07:51:31:508] info: Store: SET_FULL_SCREEN
[05/15/18, 07:51:31:520] info: Store: SET_FULL_SCREEN
[05/15/18, 07:51:33:777] info: Restoring spellchecker
[05/15/18, 07:51:33:777] info: Loading dictionary for language en-US
[05/15/18, 07:51:33:777] info: Returning local copy: /home/bella/.config/Slack/dictionaries/en-US.bdic
[05/15/18, 07:51:33:778] info: Store: SET_FULL_SCREEN
[05/15/18, 07:51:33:778] info: Store: SET_FULL_SCREEN
[05/15/18, 07:51:33:803] info: Setting current spellchecker to en-US, requested language was en-US
[05/15/18, 07:51:33:804] info: Creating node-spellchecker instance
[05/15/18, 07:52:01:553] info: Unloading spellchecker
[05/15/18, 07:52:01:554] info: Unloading spellchecker
[05/15/18, 07:52:01:569] info: Store: SET_FULL_SCREEN
[05/15/18, 07:52:01:569] info: Store: SET_FULL_SCREEN
[05/15/18, 07:56:46:776] info: Restoring spellchecker
[05/15/18, 07:56:46:777] info: Loading dictionary for language en-US
[05/15/18, 07:56:46:777] info: Returning local copy: /home/bella/.config/Slack/dictionaries/en-US.bdic
[05/15/18, 07:56:46:777] info: Store: SET_FULL_SCREEN
[05/15/18, 07:56:46:779] info: Store: SET_FULL_SCREEN
[05/15/18, 07:56:46:808] info: Setting current spellchecker to en-US, requested language was en-US
[05/15/18, 07:56:46:808] info: Creating node-spellchecker instance
[05/15/18, 07:56:48:544] info: Store: SELECT_CHANNEL D9ED2JVNY
[05/15/18, 07:56:48:820] info: Loading dictionary for language en-US
[05/15/18, 07:56:48:820] info: Returning local copy: /home/bella/.config/Slack/dictionaries/en-US.bdic
[05/15/18, 07:56:48:821] info: Setting current spellchecker to en-US, requested language was en-US
[05/15/18, 07:57:13:241] info: Unloading spellchecker
[05/15/18, 07:57:13:243] info: Unloading spellchecker
[05/15/18, 07:57:13:246] info: Store: SET_FULL_SCREEN
[05/15/18, 07:57:13:246] info: Store: SET_FULL_SCREEN
[05/15/18, 07:57:16:271] info: Restoring spellchecker
[05/15/18, 07:57:16:271] info: Loading dictionary for language en-US
[05/15/18, 07:57:16:271] info: Returning local copy: /home/bella/.config/Slack/dictionaries/en-US.bdic
[05/15/18, 07:57:16:272] info: Store: SET_FULL_SCREEN
[05/15/18, 07:57:16:297] info: Store: SET_FULL_SCREEN
[05/15/18, 07:57:16:299] info: Setting current spellchecker to en-US, requested language was en-US
[05/15/18, 07:57:16:300] info: Creating node-spellchecker instance
[05/15/18, 07:57:38:687] info: Unloading spellchecker
[05/15/18, 07:57:38:691] info: Unloading spellchecker
[05/15/18, 07:57:38:734] info: Store: SET_FULL_SCREEN
[05/15/18, 07:57:38:735] info: Store: SET_FULL_SCREEN
[05/15/18, 07:57:42:472] info: Store: SET_FULL_SCREEN
[05/15/18, 07:57:42:475] info: Restoring spellchecker
[05/15/18, 07:57:42:475] info: Loading dictionary for language en-US
[05/15/18, 07:57:42:475] info: Returning local copy: /home/bella/.config/Slack/dictionaries/en-US.bdic
[05/15/18, 07:57:42:495] info: Store: SET_FULL_SCREEN
[05/15/18, 07:57:42:499] info: Setting current spellchecker to en-US, requested language was en-US
[05/15/18, 07:57:42:499] info: Creating node-spellchecker instance
[05/15/18, 07:57:52:981] warn: SpellChecker::updateDetectedLanguage: cld could not detect language correctly, empty result returned
[05/15/18, 07:58:30:349] info: Unloading spellchecker
[05/15/18, 07:58:30:353] info: Unloading spellchecker
[05/15/18, 07:58:30:356] info: Store: SET_FULL_SCREEN
[05/15/18, 07:58:30:356] info: Store: SET_FULL_SCREEN
[05/15/18, 07:59:49:436] info: Restoring spellchecker
[05/15/18, 07:59:49:437] info: Loading dictionary for language en-US
[05/15/18, 07:59:49:437] info: Returning local copy: /home/bella/.config/Slack/dictionaries/en-US.bdic
[05/15/18, 07:59:49:439] info: Store: SET_FULL_SCREEN
[05/15/18, 07:59:49:460] info: Store: SET_FULL_SCREEN
[05/15/18, 07:59:49:462] info: Setting current spellchecker to en-US, requested language was en-US
[05/15/18, 07:59:49:462] info: Creating node-spellchecker instance
[05/15/18, 08:00:23:483] info: Store: SELECT_CHANNEL C9F21EML6
[05/15/18, 08:00:23:727] info: Loading dictionary for language en-US
[05/15/18, 08:00:23:728] info: Returning local copy: /home/bella/.config/Slack/dictionaries/en-US.bdic
[05/15/18, 08:00:23:729] info: Setting current spellchecker to en-US, requested language was en-US
[05/15/18, 08:01:53:826] info: Unloading spellchecker
[05/15/18, 08:01:53:828] info: Unloading spellchecker
[05/15/18, 08:01:53:847] info: Store: SET_FULL_SCREEN
[05/15/18, 08:01:53:847] info: Store: SET_FULL_SCREEN
[05/15/18, 08:01:54:271] info: Restoring spellchecker
[05/15/18, 08:01:54:271] info: Loading dictionary for language en-US
[05/15/18, 08:01:54:272] info: Returning local copy: /home/bella/.config/Slack/dictionaries/en-US.bdic
[05/15/18, 08:01:54:272] info: Store: SET_FULL_SCREEN
[05/15/18, 08:01:54:272] info: Store: SET_FULL_SCREEN
[05/15/18, 08:01:54:304] info: Setting current spellchecker to en-US, requested language was en-US
[05/15/18, 08:01:54:304] info: Creating node-spellchecker instance
[05/15/18, 08:01:54:646] info: Unloading spellchecker
[05/15/18, 08:01:54:648] info: Unloading spellchecker
[05/15/18, 08:01:54:677] info: Store: SET_FULL_SCREEN
[05/15/18, 08:01:54:677] info: Store: SET_FULL_SCREEN
[05/15/18, 08:01:58:752] info: Restoring spellchecker
[05/15/18, 08:01:58:752] info: Loading dictionary for language en-US
[05/15/18, 08:01:58:752] info: Returning local copy: /home/bella/.config/Slack/dictionaries/en-US.bdic
[05/15/18, 08:01:58:753] info: Store: SET_FULL_SCREEN
[05/15/18, 08:01:58:753] info: Store: SET_FULL_SCREEN
[05/15/18, 08:01:58:799] info: Setting current spellchecker to en-US, requested language was en-US
[05/15/18, 08:01:58:799] info: Creating node-spellchecker instance
[05/15/18, 08:02:02:537] info: Unloading spellchecker
[05/15/18, 08:02:02:539] info: Unloading spellchecker
[05/15/18, 08:02:02:551] info: Store: SET_FULL_SCREEN
[05/15/18, 08:02:02:552] info: Store: SET_FULL_SCREEN
[05/15/18, 08:02:20:443] info: Restoring spellchecker
[05/15/18, 08:02:20:444] info: Loading dictionary for language en-US
[05/15/18, 08:02:20:444] info: Returning local copy: /home/bella/.config/Slack/dictionaries/en-US.bdic
[05/15/18, 08:02:20:444] info: Store: SET_FULL_SCREEN
[05/15/18, 08:02:20:482] info: Store: SET_FULL_SCREEN
[05/15/18, 08:02:20:489] info: Setting current spellchecker to en-US, requested language was en-US
[05/15/18, 08:02:20:489] info: Creating node-spellchecker instance
[05/15/18, 08:02:23:290] info: Unloading spellchecker
[05/15/18, 08:02:23:292] info: Unloading spellchecker
[05/15/18, 08:02:23:326] info: Store: SET_FULL_SCREEN
[05/15/18, 08:02:23:327] info: Store: SET_FULL_SCREEN
[05/15/18, 08:02:28:059] info: Restoring spellchecker
[05/15/18, 08:02:28:059] info: Loading dictionary for language en-US
[05/15/18, 08:02:28:059] info: Returning local copy: /home/bella/.config/Slack/dictionaries/en-US.bdic
[05/15/18, 08:02:28:060] info: Store: SET_FULL_SCREEN
[05/15/18, 08:02:28:109] info: Store: SET_FULL_SCREEN
[05/15/18, 08:02:28:113] info: Setting current spellchecker to en-US, requested language was en-US
[05/15/18, 08:02:28:113] info: Creating node-spellchecker instance
[05/15/18, 08:02:32:781] info: Unloading spellchecker
[05/15/18, 08:02:32:783] info: Unloading spellchecker
[05/15/18, 08:02:32:796] info: Store: SET_FULL_SCREEN
[05/15/18, 08:02:32:797] info: Store: SET_FULL_SCREEN
[05/15/18, 08:08:40:903] info: Restoring spellchecker
[05/15/18, 08:08:40:904] info: Loading dictionary for language en-US
[05/15/18, 08:08:40:904] info: Returning local copy: /home/bella/.config/Slack/dictionaries/en-US.bdic
[05/15/18, 08:08:40:904] info: Store: SET_FULL_SCREEN
[05/15/18, 08:08:40:905] info: Store: SET_FULL_SCREEN
[05/15/18, 08:08:40:939] info: Setting current spellchecker to en-US, requested language was en-US
[05/15/18, 08:08:40:939] info: Creating node-spellchecker instance
[05/15/18, 08:08:43:687] info: Store: SELECT_CHANNEL D9ED2JVNY
[05/15/18, 08:08:44:024] info: Loading dictionary for language en-US
[05/15/18, 08:08:44:024] info: Returning local copy: /home/bella/.config/Slack/dictionaries/en-US.bdic
[05/15/18, 08:08:44:025] info: Setting current spellchecker to en-US, requested language was en-US
[05/15/18, 08:08:59:297] info: Unloading spellchecker
[05/15/18, 08:08:59:299] info: Unloading spellchecker
[05/15/18, 08:08:59:299] info: Store: SET_FULL_SCREEN
[05/15/18, 08:08:59:300] info: Store: SET_FULL_SCREEN
[05/15/18, 08:09:00:007] info: SpellChecker::updateDetectedLanguage: language has changed from 'und' to 'en'
{
  "language": "en",
  "probability": 0.9999923706054688,
  "is_reliable": true,
  "proportion": 1
}
[05/15/18, 08:09:00:007] info: SpellChecker::updateDetectedLanguage: detected language is distinct to current, push values
[05/15/18, 08:35:27:596] info: Restoring spellchecker
[05/15/18, 08:35:27:597] info: Loading dictionary for language en-US
[05/15/18, 08:35:27:597] info: Returning local copy: /home/bella/.config/Slack/dictionaries/en-US.bdic
[05/15/18, 08:35:27:599] info: Store: SET_FULL_SCREEN
[05/15/18, 08:35:27:600] info: Store: SET_FULL_SCREEN
[05/15/18, 08:35:27:601] info: Setting current spellchecker to en-US, requested language was en-US
[05/15/18, 08:35:27:602] info: Creating node-spellchecker instance
[05/15/18, 08:35:36:543] info: Unloading spellchecker
[05/15/18, 08:35:36:544] info: Unloading spellchecker
[05/15/18, 08:35:36:556] info: Store: SET_FULL_SCREEN
[05/15/18, 08:35:36:557] info: Store: SET_FULL_SCREEN
[05/15/18, 08:35:45:288] info: Restoring spellchecker
[05/15/18, 08:35:45:288] info: Loading dictionary for language en-US
[05/15/18, 08:35:45:289] info: Returning local copy: /home/bella/.config/Slack/dictionaries/en-US.bdic
[05/15/18, 08:35:45:292] info: Store: SET_FULL_SCREEN
[05/15/18, 08:35:45:316] info: Store: SET_FULL_SCREEN
[05/15/18, 08:35:45:319] info: Setting current spellchecker to en-US, requested language was en-US
[05/15/18, 08:35:45:320] info: Creating node-spellchecker instance
[05/15/18, 08:35:55:375] info: Unloading spellchecker
[05/15/18, 08:35:55:376] info: Unloading spellchecker
[05/15/18, 08:35:55:398] info: Store: SET_FULL_SCREEN
[05/15/18, 08:35:55:399] info: Store: SET_FULL_SCREEN
[05/15/18, 08:35:56:603] info: Restoring spellchecker
[05/15/18, 08:35:56:604] info: Loading dictionary for language en-US
[05/15/18, 08:35:56:604] info: Returning local copy: /home/bella/.config/Slack/dictionaries/en-US.bdic
[05/15/18, 08:35:56:606] info: Store: SET_FULL_SCREEN
[05/15/18, 08:35:56:606] info: Store: SET_FULL_SCREEN
[05/15/18, 08:35:56:630] info: Setting current spellchecker to en-US, requested language was en-US
[05/15/18, 08:35:56:630] info: Creating node-spellchecker instance
[05/15/18, 08:36:02:082] info: Unloading spellchecker
[05/15/18, 08:36:02:083] info: Unloading spellchecker
[05/15/18, 08:36:02:093] info: Store: SET_FULL_SCREEN
[05/15/18, 08:36:02:094] info: Store: SET_FULL_SCREEN
[05/15/18, 08:59:12:611] info: Restoring spellchecker
[05/15/18, 08:59:12:612] info: Loading dictionary for language en-US
[05/15/18, 08:59:12:613] info: Returning local copy: /home/bella/.config/Slack/dictionaries/en-US.bdic
[05/15/18, 08:59:12:617] info: Store: SET_FULL_SCREEN
[05/15/18, 08:59:12:618] info: Store: SET_FULL_SCREEN
[05/15/18, 08:59:12:670] info: Setting current spellchecker to en-US, requested language was en-US
[05/15/18, 08:59:12:670] info: Creating node-spellchecker instance
[05/15/18, 08:59:15:534] info: Unloading spellchecker
[05/15/18, 08:59:15:535] info: Store: SET_FULL_SCREEN
[05/15/18, 08:59:15:535] info: Store: SET_FULL_SCREEN
[05/15/18, 08:59:16:531] info: Store: SAVE_WINDOW_SETTINGS
{
  "isMaximized": false,
  "position": [
    10,
    38
  ],
  "size": [
    1440,
    842
  ]
}
[05/15/18, 09:00:01:537] warn: Unable to read quiet hours setting: windows-quiet-hours works only on Windows
[05/15/18, 09:00:01:537] warn: Unable to read quiet hours setting: windows-quiet-hours works only on Windows
[05/15/18, 09:00:01:549] info: Store: NEW_NOTIFICATION
{
  "avatarImage": null,
  "channel": "C9P070QNL",
  "content": "[REDACTED]",
  "id": "j2O4Cjh78GYqV20",
  "imageUri": null,
  "launchUri": "slack://channel?id=C9P070QNL&message=1526338801.000097&team=T9F21EKE2",
  "msg": "1526338801.000097",
  "silent": true,
  "subtitle": "",
  "teamId": "T9F21EKE2",
  "title": "[REDACTED]"
}
[05/15/18, 12:01:20:444] error: May-15 12:01:20.444 SOCKET-MANAGER (T9F21EKE2) Closing socket because #4108: unexpected socket closure
[05/15/18, 12:01:52:644] info: Store: UPDATE_TEAM_LOCALE
{
  "locale": "en-US",
  "teamId": "T9F21EKE2"
}
[05/15/18, 12:27:22:194] warn: Unable to read quiet hours setting: windows-quiet-hours works only on Windows
[05/15/18, 12:27:22:194] warn: Unable to read quiet hours setting: windows-quiet-hours works only on Windows
[05/15/18, 12:27:22:197] info: Store: NEW_NOTIFICATION
{
  "avatarImage": null,
  "channel": "C9E929VPV",
  "content": "[REDACTED]",
  "id": "Mj5zS2iW84qymRB",
  "imageUri": null,
  "launchUri": "slack://channel?id=C9E929VPV&message=1526351242.000049&team=T9F21EKE2",
  "msg": "1526351242.000049",
  "silent": true,
  "subtitle": "",
  "teamId": "T9F21EKE2",
  "title": "[REDACTED]"
}
[05/15/18, 12:32:31:336] info: Store: FOREGROUND_APP
[05/15/18, 12:32:31:408] info: Restoring spellchecker
[05/15/18, 12:32:31:408] info: Loading dictionary for language en-US
[05/15/18, 12:32:31:408] info: Returning local copy: /home/bella/.config/Slack/dictionaries/en-US.bdic
[05/15/18, 12:32:31:465] info: Store: SET_FULL_SCREEN
[05/15/18, 12:32:31:466] info: Store: SET_FULL_SCREEN
[05/15/18, 12:32:31:468] info: Store: SET_FULL_SCREEN
[05/15/18, 12:32:31:473] info: Setting current spellchecker to en-US, requested language was en-US
[05/15/18, 12:32:31:473] info: Creating node-spellchecker instance
[05/15/18, 12:32:32:352] info: Store: SAVE_WINDOW_SETTINGS
{
  "isMaximized": false,
  "position": [
    0,
    58
  ],
  "size": [
    1440,
    842
  ]
}
[05/15/18, 12:32:39:884] info: Unloading spellchecker
[05/15/18, 12:32:39:894] info: Unloading spellchecker
[05/15/18, 12:32:39:932] info: Store: SET_FULL_SCREEN
[05/15/18, 12:32:39:933] info: Store: SET_FULL_SCREEN
[05/15/18, 12:48:46:087] info: Restoring spellchecker
[05/15/18, 12:48:46:088] info: Loading dictionary for language en-US
[05/15/18, 12:48:46:088] info: Returning local copy: /home/bella/.config/Slack/dictionaries/en-US.bdic
[05/15/18, 12:48:46:091] info: Store: SET_FULL_SCREEN
[05/15/18, 12:48:46:094] info: Unloading spellchecker
[05/15/18, 12:48:46:110] info: Store: SET_FULL_SCREEN
[05/15/18, 12:48:46:111] info: Store: SET_FULL_SCREEN
[05/15/18, 12:48:46:112] info: Unloading spellchecker
[05/15/18, 12:48:46:113] info: Setting current spellchecker to en-US, requested language was en-US
[05/15/18, 12:48:46:113] info: Creating node-spellchecker instance
[05/15/18, 12:48:53:299] info: Store: SET_FULL_SCREEN
[05/15/18, 12:48:54:214] info: Store: SET_FULL_SCREEN
[05/15/18, 12:48:54:581] info: Store: SET_FULL_SCREEN
[05/15/18, 13:15:41:202] error: May-15 13:15:41.202 SOCKET-MANAGER (T9F21EKE2) Closing socket because #4108: unexpected socket closure
[05/15/18, 13:15:48:663] info: Store: UPDATE_TEAM_LOCALE
{
  "locale": "en-US",
  "teamId": "T9F21EKE2"
}
[05/15/18, 14:21:53:163] error: May-15 14:21:53.163 SOCKET-MANAGER (T9F21EKE2) Closing socket because #4108: unexpected socket closure
[05/15/18, 14:21:55:910] info: Store: UPDATE_TEAM_LOCALE
{
  "locale": "en-US",
  "teamId": "T9F21EKE2"
}
[05/15/18, 14:21:56:971] info: Store: SET_FULL_SCREEN
[05/15/18, 14:21:57:349] info: Store: SET_FULL_SCREEN
[05/15/18, 14:33:22:317] info: Store: SET_FULL_SCREEN
[05/15/18, 14:33:22:799] info: Store: SET_FULL_SCREEN
[05/15/18, 15:39:01:459] error: May-15 15:39:01.458 SOCKET-MANAGER (T9F21EKE2) Closing socket because #4108: unexpected socket closure
