[05/09/18, 17:08:08:272] info: ╔═════════════════════════════════════════════════════════════════════════════════╗
[05/09/18, 17:08:08:272] info: ║      Slack 3.1.1, linux 4.13.0-38-generic on x64 at 05/09/18, 17:08:08:269      ║
[05/09/18, 17:08:08:273] info: ╚═════════════════════════════════════════════════════════════════════════════════╝
[05/09/18, 17:08:08:345] info: Initializing local storage instance at path: /home/bella/.config/Slack/local-settings.json
[05/09/18, 17:08:08:659] info: cld3::loadModule: loading cld3 module
[05/09/18, 17:08:08:679] info: cld3Loader::loadModule: running environment is NODE
[05/09/18, 17:08:08:679] info: cld3Loader::loadModule: constructed module object for runtime
[05/09/18, 17:08:08:805] info: cld3Loader::initializeRuntime: successfully initialized module
[05/09/18, 17:08:08:805] info: cld3Loader::loadModule: initialized wasm binary Runtime
[05/09/18, 17:08:08:808] warn: updateSpellcheckerLanguage: Tried to update language, but spellchecker not initialized
[05/09/18, 17:08:08:808] info: SSBIntegration: Main window preload script loaded 787.16199
[05/09/18, 17:08:10:947] info: Store: UPSERT_WEB_CONTENTS
{
  "id": 3,
  "state": "loaded",
  "teamId": "T9F21EKE2"
}
[05/09/18, 17:08:10:951] info: Store: MAIN_WINDOW_SHOWN
[05/09/18, 17:08:11:001] info: Store: SET_FULL_SCREEN
[05/09/18, 17:08:11:002] info: Store: SET_FULL_SCREEN
[05/09/18, 17:08:11:002] info: Store: SET_FULL_SCREEN
[05/09/18, 17:08:11:400] info: Store: UPDATE_SESSION_STATUS
{
  "hasValidSession": true,
  "teamId": "T9F21EKE2"
}
[05/09/18, 17:08:12:577] info: postLoadTaskSetup: Desktop client fully loaded
{
  "loadedTime": 8656.48498
}
[05/09/18, 17:08:12:615] info: Store: SAVE_WINDOW_SETTINGS
{
  "isMaximized": true,
  "position": [
    208,
    81
  ],
  "size": [
    1024,
    768
  ]
}
[05/09/18, 17:08:12:616] info: Store: SELECT_CHANNEL D9ECLDGTV
[05/09/18, 17:08:12:616] info: Store: UPDATE_TEAM_LOCALE
{
  "locale": "en-US",
  "teamId": "T9F21EKE2"
}
[05/09/18, 17:08:12:617] info: Store: UPDATE_SETTINGS
{
  "locale": "en-US"
}
[05/09/18, 17:08:12:618] info: Store: UPDATE_TEAM_THEME
{
  "teamId": "T9F21EKE2",
  "theme": {
    "active_item": "#2D9EE0",
    "active_item_text": "#FFFFFF",
    "active_presence": "#60D156",
    "badge": "#DC5960",
    "column_bg": "#F8F8FA",
    "hover_item": "#FFFFFF",
    "menu_bg": "#F8F8FA",
    "text_color": "#383F45"
  }
}
[05/09/18, 17:08:12:619] info: Store: SET_FULL_SCREEN
[05/09/18, 17:08:12:757] info: Store: UPDATE_TEAM_LOCALE
{
  "locale": "en-US",
  "teamId": "T9F21EKE2"
}
[05/09/18, 17:08:12:758] info: Store: UPSERT_WEB_CONTENTS
{
  "id": 3,
  "state": "webapp-loaded",
  "teamId": "T9F21EKE2"
}
[05/09/18, 17:08:13:255] info: Raw Locale list: ["bg_BG.utf8","C","ca_AD.utf8","ca_ES.utf8","ca_ES.utf8@valencia","ca_FR.utf8","ca_IT.utf8","cs_CZ.utf8","C.UTF-8","da_DK.utf8","de_AT.utf8","de_BE.utf8","de_CH.utf8","de_DE.utf8","de_LI.utf8","de_LU.utf8","en_AG","en_AG.utf8","en_AU.utf8","en_BW.utf8","en_CA.utf8","en_DK.utf8","en_GB.utf8","en_HK.utf8","en_IE.utf8","en_IN","en_IN.utf8","en_NG","en_NG.utf8","en_NZ.utf8","en_PH.utf8","en_SG.utf8","en_US.utf8","en_ZA.utf8","en_ZM","en_ZM.utf8","en_ZW.utf8","es_AR.utf8","es_BO.utf8","es_CL.utf8","es_CO.utf8","es_CR.utf8","es_CU","es_CU.utf8","es_DO.utf8","es_EC.utf8","es_ES.utf8","es_GT.utf8","es_HN.utf8","es_MX.utf8","es_NI.utf8","es_PA.utf8","es_PE.utf8","es_PR.utf8","es_PY.utf8","es_SV.utf8","es_US.utf8","es_UY.utf8","es_VE.utf8","fr_BE.utf8","fr_CA.utf8","fr_CH.utf8","fr_FR.utf8","fr_LU.utf8","hu_HU.utf8","id_ID.utf8","it_CH.utf8","it_IT.utf8","ja_JP.utf8","ko_KR.utf8","nb_NO.utf8","nl_AW","nl_AW.utf8","nl_BE.utf8","nl_NL.utf8","pl_PL.utf8","POSIX","pt_BR.utf8","pt_PT.utf8","ru_RU.utf8","ru_UA.utf8","sv_FI.utf8","sv_SE.utf8","th_TH.utf8","tr_CY.utf8","tr_TR.utf8","uk_UA.utf8","vi_VN","vi_VN.utf8","zh_CN.utf8","zh_HK.utf8","zh_SG.utf8","zh_TW.utf8",""]
[05/09/18, 17:08:13:255] info: Filtered Locale list: ["bg_BG","ca_AD","ca_ES","ca_ES","ca_FR","ca_IT","cs_CZ","da_DK","de_AT","de_BE","de_CH","de_DE","de_LI","de_LU","en_AG","en_AG","en_AU","en_BW","en_CA","en_DK","en_GB","en_HK","en_IE","en_IN","en_IN","en_NG","en_NG","en_NZ","en_PH","en_SG","en_US","en_ZA","en_ZM","en_ZM","en_ZW","es_AR","es_BO","es_CL","es_CO","es_CR","es_CU","es_CU","es_DO","es_EC","es_ES","es_GT","es_HN","es_MX","es_NI","es_PA","es_PE","es_PR","es_PY","es_SV","es_US","es_UY","es_VE","fr_BE","fr_CA","fr_CH","fr_FR","fr_LU","hu_HU","id_ID","it_CH","it_IT","ja_JP","ko_KR","nb_NO","nl_AW","nl_AW","nl_BE","nl_NL","pl_PL","pt_BR","pt_PT","ru_RU","ru_UA","sv_FI","sv_SE","th_TH","tr_CY","tr_TR","uk_UA","vi_VN","vi_VN","zh_CN","zh_HK","zh_SG","zh_TW"]
[05/09/18, 17:08:13:255] info: Counts: {"bg":["bg_BG"],"ca":["ca_AD","ca_ES","ca_ES","ca_FR","ca_IT"],"cs":["cs_CZ"],"da":["da_DK"],"de":["de_AT","de_BE","de_CH","de_DE","de_LI","de_LU"],"en":["en_AG","en_AG","en_AU","en_BW","en_CA","en_DK","en_GB","en_HK","en_IE","en_IN","en_IN","en_NG","en_NG","en_NZ","en_PH","en_SG","en_US","en_ZA","en_ZM","en_ZM","en_ZW"],"es":["es_AR","es_BO","es_CL","es_CO","es_CR","es_CU","es_CU","es_DO","es_EC","es_ES","es_GT","es_HN","es_MX","es_NI","es_PA","es_PE","es_PR","es_PY","es_SV","es_US","es_UY","es_VE"],"fr":["fr_BE","fr_CA","fr_CH","fr_FR","fr_LU"],"hu":["hu_HU"],"id":["id_ID"],"it":["it_CH","it_IT"],"ja":["ja_JP"],"ko":["ko_KR"],"nb":["nb_NO"],"nl":["nl_AW","nl_AW","nl_BE","nl_NL"],"pl":["pl_PL"],"pt":["pt_BR","pt_PT"],"ru":["ru_RU","ru_UA"],"sv":["sv_FI","sv_SE"],"th":["th_TH"],"tr":["tr_CY","tr_TR"],"uk":["uk_UA"],"vi":["vi_VN","vi_VN"],"zh":["zh_CN","zh_HK","zh_SG","zh_TW"]}
[05/09/18, 17:08:13:255] info: Setting bg
[05/09/18, 17:08:13:256] info: Setting cs
[05/09/18, 17:08:13:256] info: Setting da
[05/09/18, 17:08:13:256] info: Setting hu
[05/09/18, 17:08:13:256] info: Setting id
[05/09/18, 17:08:13:257] info: Setting ja
[05/09/18, 17:08:13:257] info: Setting ko
[05/09/18, 17:08:13:257] info: Setting nb
[05/09/18, 17:08:13:257] info: Setting pl
[05/09/18, 17:08:13:257] info: Setting th
[05/09/18, 17:08:13:257] info: Setting uk
[05/09/18, 17:08:13:257] info: Result: {"bg":"bg-BG","cs":"cs-CZ","da":"da-DK","hu":"hu-HU","id":"id-ID","ja":"ja-JP","ko":"ko-KR","nb":"nb-NO","pl":"pl-PL","th":"th-TH","uk":"uk-UA","en":"en-US"}
[05/09/18, 17:08:13:259] info: Requesting to load en-US, alternatives are ["en-US","en-US","en-US"]
[05/09/18, 17:08:13:260] info: Loading dictionary for language en-US
[05/09/18, 17:08:13:260] info: Returning local copy: /home/bella/.config/Slack/dictionaries/en-US.bdic
[05/09/18, 17:08:13:267] info: Setting current spellchecker to en-US, requested language was en-US
[05/09/18, 17:08:13:267] info: Creating node-spellchecker instance
[05/09/18, 17:08:13:269] info: Actually installing spell check provider to Electron
[05/09/18, 17:08:14:005] info: Loading dictionary for language en-US
[05/09/18, 17:08:14:006] info: Returning local copy: /home/bella/.config/Slack/dictionaries/en-US.bdic
[05/09/18, 17:08:14:007] info: Setting current spellchecker to en-US, requested language was en-US
[05/09/18, 17:08:15:014] info: Store: SELECT_CHANNEL C9F21EML6
[05/09/18, 17:08:16:996] info: Loading dictionary for language en-US
[05/09/18, 17:08:16:996] info: Returning local copy: /home/bella/.config/Slack/dictionaries/en-US.bdic
[05/09/18, 17:08:16:997] info: Setting current spellchecker to en-US, requested language was en-US
[05/09/18, 17:08:29:575] info: Unloading spellchecker
[05/09/18, 17:08:29:577] info: Unloading spellchecker
[05/09/18, 17:08:29:580] info: Store: SET_FULL_SCREEN
[05/09/18, 17:08:29:591] info: Store: SET_FULL_SCREEN
[05/09/18, 17:08:31:318] info: Restoring spellchecker
[05/09/18, 17:08:31:319] info: Loading dictionary for language en-US
[05/09/18, 17:08:31:319] info: Returning local copy: /home/bella/.config/Slack/dictionaries/en-US.bdic
[05/09/18, 17:08:31:333] info: Store: SET_FULL_SCREEN
[05/09/18, 17:08:31:334] info: Store: SET_FULL_SCREEN
[05/09/18, 17:08:31:335] info: Setting current spellchecker to en-US, requested language was en-US
[05/09/18, 17:08:31:335] info: Creating node-spellchecker instance
[05/09/18, 17:08:36:231] info: Unloading spellchecker
[05/09/18, 17:08:36:233] info: Unloading spellchecker
[05/09/18, 17:08:36:237] info: Store: SET_FULL_SCREEN
[05/09/18, 17:08:36:237] info: Store: SET_FULL_SCREEN
[05/09/18, 17:08:41:110] info: Restoring spellchecker
[05/09/18, 17:08:41:110] info: Loading dictionary for language en-US
[05/09/18, 17:08:41:111] info: Returning local copy: /home/bella/.config/Slack/dictionaries/en-US.bdic
[05/09/18, 17:08:41:125] info: Store: SET_FULL_SCREEN
[05/09/18, 17:08:41:129] info: Store: SET_FULL_SCREEN
[05/09/18, 17:08:41:133] info: Setting current spellchecker to en-US, requested language was en-US
[05/09/18, 17:08:41:133] info: Creating node-spellchecker instance
[05/09/18, 17:08:45:910] info: Unloading spellchecker
[05/09/18, 17:08:45:911] info: Unloading spellchecker
[05/09/18, 17:08:45:923] info: Store: SET_FULL_SCREEN
[05/09/18, 17:08:45:924] info: Store: SET_FULL_SCREEN
[05/09/18, 17:09:06:108] info: Restoring spellchecker
[05/09/18, 17:09:06:109] info: Loading dictionary for language en-US
[05/09/18, 17:09:06:109] info: Returning local copy: /home/bella/.config/Slack/dictionaries/en-US.bdic
[05/09/18, 17:09:06:111] info: Store: SET_FULL_SCREEN
[05/09/18, 17:09:06:123] info: Store: SET_FULL_SCREEN
[05/09/18, 17:09:06:124] info: Setting current spellchecker to en-US, requested language was en-US
[05/09/18, 17:09:06:125] info: Creating node-spellchecker instance
[05/09/18, 17:09:12:667] info: Unloading spellchecker
[05/09/18, 17:09:12:669] info: Unloading spellchecker
[05/09/18, 17:09:12:691] info: Store: SET_FULL_SCREEN
[05/09/18, 17:09:12:693] info: Store: SET_FULL_SCREEN
[05/09/18, 17:09:13:093] info: Restoring spellchecker
[05/09/18, 17:09:13:094] info: Loading dictionary for language en-US
[05/09/18, 17:09:13:094] info: Returning local copy: /home/bella/.config/Slack/dictionaries/en-US.bdic
[05/09/18, 17:09:13:095] info: Store: SET_FULL_SCREEN
[05/09/18, 17:09:13:096] info: Store: SET_FULL_SCREEN
[05/09/18, 17:09:13:109] info: Setting current spellchecker to en-US, requested language was en-US
[05/09/18, 17:09:13:109] info: Creating node-spellchecker instance
[05/09/18, 17:09:41:149] info: Unloading spellchecker
[05/09/18, 17:09:41:151] info: Unloading spellchecker
[05/09/18, 17:09:41:163] info: Store: SET_FULL_SCREEN
[05/09/18, 17:09:41:163] info: Store: SET_FULL_SCREEN
[05/09/18, 17:09:43:918] info: Restoring spellchecker
[05/09/18, 17:09:43:919] info: Loading dictionary for language en-US
[05/09/18, 17:09:43:919] info: Returning local copy: /home/bella/.config/Slack/dictionaries/en-US.bdic
[05/09/18, 17:09:43:921] info: Store: SET_FULL_SCREEN
[05/09/18, 17:09:43:936] info: Store: SET_FULL_SCREEN
[05/09/18, 17:09:43:942] info: Setting current spellchecker to en-US, requested language was en-US
[05/09/18, 17:09:43:942] info: Creating node-spellchecker instance
[05/09/18, 17:09:50:638] info: Unloading spellchecker
[05/09/18, 17:09:50:639] info: Unloading spellchecker
[05/09/18, 17:09:50:666] info: Store: SET_FULL_SCREEN
[05/09/18, 17:09:50:667] info: Store: SET_FULL_SCREEN
[05/09/18, 17:10:05:457] info: Restoring spellchecker
[05/09/18, 17:10:05:458] info: Loading dictionary for language en-US
[05/09/18, 17:10:05:458] info: Returning local copy: /home/bella/.config/Slack/dictionaries/en-US.bdic
[05/09/18, 17:10:05:475] info: Store: SET_FULL_SCREEN
[05/09/18, 17:10:05:476] info: Store: SET_FULL_SCREEN
[05/09/18, 17:10:05:480] info: Setting current spellchecker to en-US, requested language was en-US
[05/09/18, 17:10:05:480] info: Creating node-spellchecker instance
[05/09/18, 17:10:06:158] info: Unloading spellchecker
[05/09/18, 17:10:06:159] info: Unloading spellchecker
[05/09/18, 17:10:06:173] info: Store: SET_FULL_SCREEN
[05/09/18, 17:10:06:173] info: Store: SET_FULL_SCREEN
[05/09/18, 17:10:06:809] info: Restoring spellchecker
[05/09/18, 17:10:06:810] info: Loading dictionary for language en-US
[05/09/18, 17:10:06:811] info: Returning local copy: /home/bella/.config/Slack/dictionaries/en-US.bdic
[05/09/18, 17:10:06:811] info: Store: SET_FULL_SCREEN
[05/09/18, 17:10:06:812] info: Store: SET_FULL_SCREEN
[05/09/18, 17:10:06:829] info: Setting current spellchecker to en-US, requested language was en-US
[05/09/18, 17:10:06:829] info: Creating node-spellchecker instance
[05/09/18, 17:10:06:992] info: Unloading spellchecker
[05/09/18, 17:10:06:992] info: Unloading spellchecker
[05/09/18, 17:10:07:005] info: Store: SET_FULL_SCREEN
[05/09/18, 17:10:07:006] info: Store: SET_FULL_SCREEN
[05/09/18, 17:10:38:237] info: Restoring spellchecker
[05/09/18, 17:10:38:238] info: Loading dictionary for language en-US
[05/09/18, 17:10:38:238] info: Returning local copy: /home/bella/.config/Slack/dictionaries/en-US.bdic
[05/09/18, 17:10:38:239] info: Store: SET_FULL_SCREEN
[05/09/18, 17:10:38:258] info: Store: SET_FULL_SCREEN
[05/09/18, 17:10:38:259] info: Setting current spellchecker to en-US, requested language was en-US
[05/09/18, 17:10:38:259] info: Creating node-spellchecker instance
[05/09/18, 17:10:41:313] info: Unloading spellchecker
[05/09/18, 17:10:41:315] info: Unloading spellchecker
[05/09/18, 17:10:41:330] info: Store: SET_FULL_SCREEN
[05/09/18, 17:10:41:330] info: Store: SET_FULL_SCREEN
[05/09/18, 17:11:03:522] info: Restoring spellchecker
[05/09/18, 17:11:03:522] info: Loading dictionary for language en-US
[05/09/18, 17:11:03:522] info: Returning local copy: /home/bella/.config/Slack/dictionaries/en-US.bdic
[05/09/18, 17:11:03:545] info: Store: SET_FULL_SCREEN
[05/09/18, 17:11:03:546] info: Store: SET_FULL_SCREEN
[05/09/18, 17:11:03:550] info: Setting current spellchecker to en-US, requested language was en-US
[05/09/18, 17:11:03:550] info: Creating node-spellchecker instance
[05/09/18, 17:11:09:990] info: Unloading spellchecker
[05/09/18, 17:11:09:993] info: Unloading spellchecker
[05/09/18, 17:11:10:010] info: Store: SET_FULL_SCREEN
[05/09/18, 17:11:10:011] info: Store: SET_FULL_SCREEN
[05/09/18, 17:11:16:712] info: Restoring spellchecker
[05/09/18, 17:11:16:713] info: Loading dictionary for language en-US
[05/09/18, 17:11:16:714] info: Returning local copy: /home/bella/.config/Slack/dictionaries/en-US.bdic
[05/09/18, 17:11:16:731] info: Store: SET_FULL_SCREEN
[05/09/18, 17:11:16:732] info: Store: SET_FULL_SCREEN
[05/09/18, 17:11:16:733] info: Setting current spellchecker to en-US, requested language was en-US
[05/09/18, 17:11:16:733] info: Creating node-spellchecker instance
[05/09/18, 17:12:19:841] info: Unloading spellchecker
[05/09/18, 17:12:19:843] info: Unloading spellchecker
[05/09/18, 17:12:19:884] info: Store: SET_FULL_SCREEN
[05/09/18, 17:12:19:884] info: Store: SET_FULL_SCREEN
[05/09/18, 17:12:20:708] info: Store: SET_FULL_SCREEN
[05/09/18, 17:12:20:709] info: Restoring spellchecker
[05/09/18, 17:12:20:710] info: Loading dictionary for language en-US
[05/09/18, 17:12:20:710] info: Returning local copy: /home/bella/.config/Slack/dictionaries/en-US.bdic
[05/09/18, 17:12:20:711] info: Store: SET_FULL_SCREEN
[05/09/18, 17:12:20:746] info: Setting current spellchecker to en-US, requested language was en-US
[05/09/18, 17:12:20:746] info: Creating node-spellchecker instance
[05/09/18, 17:12:39:844] info: Unloading spellchecker
[05/09/18, 17:12:39:846] info: Unloading spellchecker
[05/09/18, 17:12:39:849] info: Store: SET_FULL_SCREEN
[05/09/18, 17:12:39:850] info: Store: SET_FULL_SCREEN
[05/09/18, 17:12:46:412] info: Restoring spellchecker
[05/09/18, 17:12:46:413] info: Loading dictionary for language en-US
[05/09/18, 17:12:46:413] info: Returning local copy: /home/bella/.config/Slack/dictionaries/en-US.bdic
[05/09/18, 17:12:46:443] info: Store: SET_FULL_SCREEN
[05/09/18, 17:12:46:443] info: Store: SET_FULL_SCREEN
[05/09/18, 17:12:46:444] info: Setting current spellchecker to en-US, requested language was en-US
[05/09/18, 17:12:46:445] info: Creating node-spellchecker instance
[05/09/18, 17:13:00:089] info: Unloading spellchecker
[05/09/18, 17:13:00:092] info: Unloading spellchecker
[05/09/18, 17:13:00:120] info: Store: SET_FULL_SCREEN
[05/09/18, 17:13:00:121] info: Store: SET_FULL_SCREEN
[05/09/18, 17:13:41:440] info: Restoring spellchecker
[05/09/18, 17:13:41:440] info: Loading dictionary for language en-US
[05/09/18, 17:13:41:440] info: Returning local copy: /home/bella/.config/Slack/dictionaries/en-US.bdic
[05/09/18, 17:13:41:463] info: Store: SET_FULL_SCREEN
[05/09/18, 17:13:41:464] info: Store: SET_FULL_SCREEN
[05/09/18, 17:13:41:467] info: Setting current spellchecker to en-US, requested language was en-US
[05/09/18, 17:13:41:467] info: Creating node-spellchecker instance
[05/09/18, 17:13:44:499] info: Unloading spellchecker
[05/09/18, 17:13:44:503] info: Unloading spellchecker
[05/09/18, 17:13:44:547] info: Store: SET_FULL_SCREEN
[05/09/18, 17:13:44:548] info: Store: SET_FULL_SCREEN
[05/09/18, 17:14:13:049] info: Restoring spellchecker
[05/09/18, 17:14:13:050] info: Loading dictionary for language en-US
[05/09/18, 17:14:13:050] info: Returning local copy: /home/bella/.config/Slack/dictionaries/en-US.bdic
[05/09/18, 17:14:13:051] info: Store: SET_FULL_SCREEN
[05/09/18, 17:14:13:074] info: Store: SET_FULL_SCREEN
[05/09/18, 17:14:13:076] info: Setting current spellchecker to en-US, requested language was en-US
[05/09/18, 17:14:13:076] info: Creating node-spellchecker instance
[05/09/18, 17:14:24:182] info: Unloading spellchecker
[05/09/18, 17:14:24:184] info: Unloading spellchecker
[05/09/18, 17:14:24:225] info: Store: SET_FULL_SCREEN
[05/09/18, 17:14:24:225] info: Store: SET_FULL_SCREEN
[05/09/18, 17:20:56:512] info: Restoring spellchecker
[05/09/18, 17:20:56:512] info: Loading dictionary for language en-US
[05/09/18, 17:20:56:512] info: Returning local copy: /home/bella/.config/Slack/dictionaries/en-US.bdic
[05/09/18, 17:20:56:513] info: Store: SET_FULL_SCREEN
[05/09/18, 17:20:56:556] info: Store: SET_FULL_SCREEN
[05/09/18, 17:20:56:557] info: Setting current spellchecker to en-US, requested language was en-US
[05/09/18, 17:20:56:557] info: Creating node-spellchecker instance
[05/09/18, 17:20:57:063] info: Unloading spellchecker
[05/09/18, 17:20:57:086] info: Unloading spellchecker
[05/09/18, 17:20:57:099] info: Store: SET_FULL_SCREEN
[05/09/18, 17:20:57:099] info: Store: SET_FULL_SCREEN
[05/09/18, 17:20:57:401] info: Restoring spellchecker
[05/09/18, 17:20:57:401] info: Loading dictionary for language en-US
[05/09/18, 17:20:57:401] info: Returning local copy: /home/bella/.config/Slack/dictionaries/en-US.bdic
[05/09/18, 17:20:57:402] info: Store: SET_FULL_SCREEN
[05/09/18, 17:20:57:402] info: Store: SET_FULL_SCREEN
[05/09/18, 17:20:57:420] info: Setting current spellchecker to en-US, requested language was en-US
[05/09/18, 17:20:57:420] info: Creating node-spellchecker instance
[05/09/18, 17:20:57:599] info: Unloading spellchecker
[05/09/18, 17:20:57:600] info: Unloading spellchecker
[05/09/18, 17:20:57:600] info: Store: SET_FULL_SCREEN
[05/09/18, 17:20:57:600] info: Store: SET_FULL_SCREEN
[05/09/18, 17:21:05:129] info: Restoring spellchecker
[05/09/18, 17:21:05:130] info: Loading dictionary for language en-US
[05/09/18, 17:21:05:130] info: Returning local copy: /home/bella/.config/Slack/dictionaries/en-US.bdic
[05/09/18, 17:21:05:131] info: Store: SET_FULL_SCREEN
[05/09/18, 17:21:05:173] info: Store: SET_FULL_SCREEN
[05/09/18, 17:21:05:174] info: Setting current spellchecker to en-US, requested language was en-US
[05/09/18, 17:21:05:174] info: Creating node-spellchecker instance
[05/09/18, 17:21:06:035] info: Unloading spellchecker
[05/09/18, 17:21:06:037] info: Unloading spellchecker
[05/09/18, 17:21:06:071] info: Store: SET_FULL_SCREEN
[05/09/18, 17:21:06:072] info: Store: SET_FULL_SCREEN
[05/09/18, 17:21:06:466] info: Restoring spellchecker
[05/09/18, 17:21:06:466] info: Loading dictionary for language en-US
[05/09/18, 17:21:06:467] info: Returning local copy: /home/bella/.config/Slack/dictionaries/en-US.bdic
[05/09/18, 17:21:06:467] info: Store: SET_FULL_SCREEN
[05/09/18, 17:21:06:467] info: Store: SET_FULL_SCREEN
[05/09/18, 17:21:06:487] info: Setting current spellchecker to en-US, requested language was en-US
[05/09/18, 17:21:06:487] info: Creating node-spellchecker instance
[05/09/18, 17:21:06:799] info: Unloading spellchecker
[05/09/18, 17:21:06:800] info: Unloading spellchecker
[05/09/18, 17:21:06:800] info: Store: SET_FULL_SCREEN
[05/09/18, 17:21:06:800] info: Store: SET_FULL_SCREEN
[05/09/18, 17:24:10:257] info: Restoring spellchecker
[05/09/18, 17:24:10:258] info: Loading dictionary for language en-US
[05/09/18, 17:24:10:259] info: Returning local copy: /home/bella/.config/Slack/dictionaries/en-US.bdic
[05/09/18, 17:24:10:260] info: Store: SET_FULL_SCREEN
[05/09/18, 17:24:10:309] info: Store: SET_FULL_SCREEN
[05/09/18, 17:24:10:312] info: Setting current spellchecker to en-US, requested language was en-US
[05/09/18, 17:24:10:312] info: Creating node-spellchecker instance
[05/09/18, 17:24:13:078] info: Unloading spellchecker
[05/09/18, 17:24:13:081] info: Unloading spellchecker
[05/09/18, 17:24:13:114] info: Store: SET_FULL_SCREEN
[05/09/18, 17:24:13:115] info: Store: SET_FULL_SCREEN
[05/09/18, 17:24:13:623] info: Restoring spellchecker
[05/09/18, 17:24:13:624] info: Loading dictionary for language en-US
[05/09/18, 17:24:13:624] info: Returning local copy: /home/bella/.config/Slack/dictionaries/en-US.bdic
[05/09/18, 17:24:13:625] info: Store: SET_FULL_SCREEN
[05/09/18, 17:24:13:625] info: Store: SET_FULL_SCREEN
[05/09/18, 17:24:13:645] info: Setting current spellchecker to en-US, requested language was en-US
[05/09/18, 17:24:13:645] info: Creating node-spellchecker instance
[05/09/18, 17:24:13:798] info: Unloading spellchecker
[05/09/18, 17:24:13:799] info: Unloading spellchecker
[05/09/18, 17:24:13:799] info: Store: SET_FULL_SCREEN
[05/09/18, 17:24:13:799] info: Store: SET_FULL_SCREEN
[05/09/18, 17:27:11:246] info: Restoring spellchecker
[05/09/18, 17:27:11:247] info: Loading dictionary for language en-US
[05/09/18, 17:27:11:247] info: Returning local copy: /home/bella/.config/Slack/dictionaries/en-US.bdic
[05/09/18, 17:27:11:248] info: Store: SET_FULL_SCREEN
[05/09/18, 17:27:11:286] info: Store: SET_FULL_SCREEN
[05/09/18, 17:27:11:288] info: Setting current spellchecker to en-US, requested language was en-US
[05/09/18, 17:27:11:288] info: Creating node-spellchecker instance
[05/09/18, 17:27:12:280] info: Unloading spellchecker
[05/09/18, 17:27:12:281] info: Unloading spellchecker
[05/09/18, 17:27:12:302] info: Store: SET_FULL_SCREEN
[05/09/18, 17:27:12:302] info: Store: SET_FULL_SCREEN
[05/09/18, 17:27:18:414] info: Restoring spellchecker
[05/09/18, 17:27:18:415] info: Loading dictionary for language en-US
[05/09/18, 17:27:18:415] info: Returning local copy: /home/bella/.config/Slack/dictionaries/en-US.bdic
[05/09/18, 17:27:18:416] info: Store: SET_FULL_SCREEN
[05/09/18, 17:27:18:452] info: Store: SET_FULL_SCREEN
[05/09/18, 17:27:18:453] info: Setting current spellchecker to en-US, requested language was en-US
[05/09/18, 17:27:18:453] info: Creating node-spellchecker instance
[05/09/18, 17:27:19:306] info: Unloading spellchecker
[05/09/18, 17:27:19:307] info: Unloading spellchecker
[05/09/18, 17:27:19:331] info: Store: SET_FULL_SCREEN
[05/09/18, 17:27:19:333] info: Store: SET_FULL_SCREEN
[05/09/18, 17:32:07:900] info: Restoring spellchecker
[05/09/18, 17:32:07:901] info: Loading dictionary for language en-US
[05/09/18, 17:32:07:901] info: Returning local copy: /home/bella/.config/Slack/dictionaries/en-US.bdic
[05/09/18, 17:32:07:902] info: Store: SET_FULL_SCREEN
[05/09/18, 17:32:07:941] info: Store: SET_FULL_SCREEN
[05/09/18, 17:32:07:944] info: Setting current spellchecker to en-US, requested language was en-US
[05/09/18, 17:32:07:945] info: Creating node-spellchecker instance
[05/09/18, 17:32:09:012] info: Unloading spellchecker
[05/09/18, 17:32:09:013] info: Unloading spellchecker
[05/09/18, 17:32:09:046] info: Store: SET_FULL_SCREEN
[05/09/18, 17:32:09:047] info: Store: SET_FULL_SCREEN
[05/09/18, 17:32:09:453] info: Restoring spellchecker
[05/09/18, 17:32:09:453] info: Loading dictionary for language en-US
[05/09/18, 17:32:09:454] info: Returning local copy: /home/bella/.config/Slack/dictionaries/en-US.bdic
[05/09/18, 17:32:09:454] info: Store: SET_FULL_SCREEN
[05/09/18, 17:32:09:455] info: Store: SET_FULL_SCREEN
[05/09/18, 17:32:09:480] info: Setting current spellchecker to en-US, requested language was en-US
[05/09/18, 17:32:09:481] info: Creating node-spellchecker instance
[05/09/18, 17:32:09:631] info: Unloading spellchecker
[05/09/18, 17:32:09:632] info: Store: SET_FULL_SCREEN
[05/09/18, 17:32:09:633] info: Store: SET_FULL_SCREEN
[05/09/18, 17:32:09:634] info: Unloading spellchecker
[05/09/18, 17:39:55:796] info: Restoring spellchecker
[05/09/18, 17:39:55:796] info: Loading dictionary for language en-US
[05/09/18, 17:39:55:796] info: Returning local copy: /home/bella/.config/Slack/dictionaries/en-US.bdic
[05/09/18, 17:39:55:797] info: Store: SET_FULL_SCREEN
[05/09/18, 17:39:55:798] info: Setting current spellchecker to en-US, requested language was en-US
[05/09/18, 17:39:55:798] info: Creating node-spellchecker instance
[05/09/18, 17:39:55:800] info: Store: SET_FULL_SCREEN
[05/09/18, 17:39:56:397] info: Unloading spellchecker
[05/09/18, 17:39:56:398] info: Unloading spellchecker
[05/09/18, 17:39:56:417] info: Store: SET_FULL_SCREEN
[05/09/18, 17:39:56:418] info: Store: SET_FULL_SCREEN
[05/09/18, 17:39:57:235] info: Restoring spellchecker
[05/09/18, 17:39:57:237] info: Loading dictionary for language en-US
[05/09/18, 17:39:57:237] info: Returning local copy: /home/bella/.config/Slack/dictionaries/en-US.bdic
[05/09/18, 17:39:57:238] info: Store: SET_FULL_SCREEN
[05/09/18, 17:39:57:239] info: Store: SET_FULL_SCREEN
[05/09/18, 17:39:57:255] info: Setting current spellchecker to en-US, requested language was en-US
[05/09/18, 17:39:57:255] info: Creating node-spellchecker instance
[05/09/18, 17:39:57:411] info: Unloading spellchecker
[05/09/18, 17:39:57:414] info: Unloading spellchecker
[05/09/18, 17:39:57:434] info: Store: SET_FULL_SCREEN
[05/09/18, 17:39:57:435] info: Store: SET_FULL_SCREEN
[05/09/18, 17:39:59:111] info: Restoring spellchecker
[05/09/18, 17:39:59:111] info: Loading dictionary for language en-US
[05/09/18, 17:39:59:111] info: Returning local copy: /home/bella/.config/Slack/dictionaries/en-US.bdic
[05/09/18, 17:39:59:112] info: Store: SET_FULL_SCREEN
[05/09/18, 17:39:59:138] info: Store: SET_FULL_SCREEN
[05/09/18, 17:39:59:140] info: Setting current spellchecker to en-US, requested language was en-US
[05/09/18, 17:39:59:140] info: Creating node-spellchecker instance
[05/09/18, 17:39:59:433] info: Unloading spellchecker
[05/09/18, 17:39:59:436] info: Unloading spellchecker
[05/09/18, 17:39:59:454] info: Store: SET_FULL_SCREEN
[05/09/18, 17:39:59:455] info: Store: SET_FULL_SCREEN
[05/09/18, 17:41:46:105] info: Restoring spellchecker
[05/09/18, 17:41:46:105] info: Loading dictionary for language en-US
[05/09/18, 17:41:46:106] info: Returning local copy: /home/bella/.config/Slack/dictionaries/en-US.bdic
[05/09/18, 17:41:46:106] info: Store: SET_FULL_SCREEN
[05/09/18, 17:41:46:151] info: Store: SET_FULL_SCREEN
[05/09/18, 17:41:46:152] info: Setting current spellchecker to en-US, requested language was en-US
[05/09/18, 17:41:46:152] info: Creating node-spellchecker instance
[05/09/18, 17:41:46:915] info: Unloading spellchecker
[05/09/18, 17:41:46:918] info: Unloading spellchecker
[05/09/18, 17:41:46:951] info: Store: SET_FULL_SCREEN
[05/09/18, 17:41:46:952] info: Store: SET_FULL_SCREEN
[05/09/18, 17:41:47:370] info: Restoring spellchecker
[05/09/18, 17:41:47:371] info: Loading dictionary for language en-US
[05/09/18, 17:41:47:371] info: Returning local copy: /home/bella/.config/Slack/dictionaries/en-US.bdic
[05/09/18, 17:41:47:371] info: Store: SET_FULL_SCREEN
[05/09/18, 17:41:47:371] info: Store: SET_FULL_SCREEN
[05/09/18, 17:41:47:387] info: Setting current spellchecker to en-US, requested language was en-US
[05/09/18, 17:41:47:387] info: Creating node-spellchecker instance
[05/09/18, 17:41:47:514] info: Unloading spellchecker
[05/09/18, 17:41:47:516] info: Unloading spellchecker
[05/09/18, 17:41:47:539] info: Store: SET_FULL_SCREEN
[05/09/18, 17:41:47:539] info: Store: SET_FULL_SCREEN
[05/09/18, 17:48:52:144] warn: Unable to read quiet hours setting: windows-quiet-hours works only on Windows
[05/09/18, 17:48:52:144] warn: Unable to read quiet hours setting: windows-quiet-hours works only on Windows
[05/09/18, 17:48:52:242] info: Store: NEW_NOTIFICATION
{
  "avatarImage": "https://ca.slack-edge.com/T9F21EKE2-U9FDDM687-1fcc033a72da-512",
  "channel": "C9F21EML6",
  "content": "[REDACTED]",
  "id": "AMr5c9hYKJJpR5D",
  "imageUri": null,
  "launchUri": "slack://channel?id=C9F21EML6&message=1525852131.000389&team=T9F21EKE2",
  "msg": "1525852131.000389",
  "silent": true,
  "subtitle": "",
  "teamId": "T9F21EKE2",
  "title": "[REDACTED]"
}
[05/09/18, 17:48:54:577] info: Store: CLICK_NOTIFICATION
{
  "channel": "C9F21EML6",
  "messageId": "1525852131.000389",
  "notificationId": "AMr5c9hYKJJpR5D",
  "teamId": "T9F21EKE2"
}
[05/09/18, 17:48:54:581] info: Store: SELECT_TEAM T9F21EKE2
[05/09/18, 17:48:54:585] info: Store: SET_FULL_SCREEN
[05/09/18, 17:48:56:020] info: Restoring spellchecker
[05/09/18, 17:48:56:021] info: Loading dictionary for language en-US
[05/09/18, 17:48:56:021] info: Returning local copy: /home/bella/.config/Slack/dictionaries/en-US.bdic
[05/09/18, 17:48:56:022] info: Store: SET_FULL_SCREEN
[05/09/18, 17:48:56:023] info: Setting current spellchecker to en-US, requested language was en-US
[05/09/18, 17:48:56:023] info: Creating node-spellchecker instance
[05/09/18, 17:48:56:056] info: Store: SET_FULL_SCREEN
[05/09/18, 17:48:56:057] info: Store: SET_FULL_SCREEN
[05/09/18, 17:49:27:764] info: Unloading spellchecker
[05/09/18, 17:49:27:765] info: Unloading spellchecker
[05/09/18, 17:49:27:783] info: Store: SET_FULL_SCREEN
[05/09/18, 17:49:27:783] info: Store: SET_FULL_SCREEN
[05/09/18, 17:49:37:272] warn: Unable to read quiet hours setting: windows-quiet-hours works only on Windows
[05/09/18, 17:49:37:272] warn: Unable to read quiet hours setting: windows-quiet-hours works only on Windows
[05/09/18, 17:49:37:275] info: Store: NEW_NOTIFICATION
{
  "avatarImage": "https://ca.slack-edge.com/T9F21EKE2-U9FDDM687-1fcc033a72da-512",
  "channel": "C9F21EML6",
  "content": "[REDACTED]",
  "id": "00M6UkiWvqq70v8",
  "imageUri": null,
  "launchUri": "slack://channel?id=C9F21EML6&message=1525852176.000420&team=T9F21EKE2",
  "msg": "1525852176.000420",
  "silent": true,
  "subtitle": "",
  "teamId": "T9F21EKE2",
  "title": "[REDACTED]"
}
[05/09/18, 17:49:38:511] info: Restoring spellchecker
[05/09/18, 17:49:38:511] info: Loading dictionary for language en-US
[05/09/18, 17:49:38:511] info: Returning local copy: /home/bella/.config/Slack/dictionaries/en-US.bdic
[05/09/18, 17:49:38:532] info: Store: SET_FULL_SCREEN
[05/09/18, 17:49:38:533] info: Store: SET_FULL_SCREEN
[05/09/18, 17:49:38:561] info: Setting current spellchecker to en-US, requested language was en-US
[05/09/18, 17:49:38:561] info: Creating node-spellchecker instance
[05/09/18, 17:49:49:295] info: Unloading spellchecker
[05/09/18, 17:49:49:296] info: Unloading spellchecker
[05/09/18, 17:49:49:313] info: Store: SET_FULL_SCREEN
[05/09/18, 17:49:49:313] info: Store: SET_FULL_SCREEN
[05/09/18, 17:49:51:717] warn: Unable to read quiet hours setting: windows-quiet-hours works only on Windows
[05/09/18, 17:49:51:717] warn: Unable to read quiet hours setting: windows-quiet-hours works only on Windows
[05/09/18, 17:49:51:719] info: Store: NEW_NOTIFICATION
{
  "avatarImage": "https://ca.slack-edge.com/T9F21EKE2-U9FDDM687-1fcc033a72da-512",
  "channel": "C9F21EML6",
  "content": "[REDACTED]",
  "id": "GMAjcWsQDBBvkW2",
  "imageUri": null,
  "launchUri": "slack://channel?id=C9F21EML6&message=1525852191.000187&team=T9F21EKE2",
  "msg": "1525852191.000187",
  "silent": true,
  "subtitle": "",
  "teamId": "T9F21EKE2",
  "title": "[REDACTED]"
}
[05/09/18, 17:49:54:296] info: Restoring spellchecker
[05/09/18, 17:49:54:297] info: Loading dictionary for language en-US
[05/09/18, 17:49:54:297] info: Returning local copy: /home/bella/.config/Slack/dictionaries/en-US.bdic
[05/09/18, 17:49:54:298] info: Store: SET_FULL_SCREEN
[05/09/18, 17:49:54:299] info: Store: SET_FULL_SCREEN
[05/09/18, 17:49:54:328] info: Setting current spellchecker to en-US, requested language was en-US
[05/09/18, 17:49:54:329] info: Creating node-spellchecker instance
[05/09/18, 17:50:03:038] info: Unloading spellchecker
[05/09/18, 17:50:03:040] info: Unloading spellchecker
[05/09/18, 17:50:03:059] info: Store: SET_FULL_SCREEN
[05/09/18, 17:50:03:060] info: Store: SET_FULL_SCREEN
[05/09/18, 17:50:18:769] warn: Unable to read quiet hours setting: windows-quiet-hours works only on Windows
[05/09/18, 17:50:18:769] warn: Unable to read quiet hours setting: windows-quiet-hours works only on Windows
[05/09/18, 17:50:18:773] info: Store: NEW_NOTIFICATION
{
  "avatarImage": "https://ca.slack-edge.com/T9F21EKE2-U9FDDM687-1fcc033a72da-512",
  "channel": "C9F21EML6",
  "content": "[REDACTED]",
  "id": "RPXxCgtOwvvKjX2",
  "imageUri": null,
  "launchUri": "slack://channel?id=C9F21EML6&message=1525852218.000237&team=T9F21EKE2",
  "msg": "1525852218.000237",
  "silent": true,
  "subtitle": "",
  "teamId": "T9F21EKE2",
  "title": "[REDACTED]"
}
[05/09/18, 17:50:34:445] info: Restoring spellchecker
[05/09/18, 17:50:34:446] info: Loading dictionary for language en-US
[05/09/18, 17:50:34:446] info: Returning local copy: /home/bella/.config/Slack/dictionaries/en-US.bdic
[05/09/18, 17:50:34:447] info: Store: SET_FULL_SCREEN
[05/09/18, 17:50:34:448] info: Store: SET_FULL_SCREEN
[05/09/18, 17:50:34:501] info: Setting current spellchecker to en-US, requested language was en-US
[05/09/18, 17:50:34:502] info: Creating node-spellchecker instance
[05/09/18, 17:50:42:721] info: Unloading spellchecker
[05/09/18, 17:50:42:722] info: Unloading spellchecker
[05/09/18, 17:50:42:740] info: Store: SET_FULL_SCREEN
[05/09/18, 17:50:42:758] info: Store: SET_FULL_SCREEN
[05/09/18, 17:53:45:601] info: Restoring spellchecker
[05/09/18, 17:53:45:601] info: Loading dictionary for language en-US
[05/09/18, 17:53:45:602] info: Returning local copy: /home/bella/.config/Slack/dictionaries/en-US.bdic
[05/09/18, 17:53:45:603] info: Store: SET_FULL_SCREEN
[05/09/18, 17:53:45:631] info: Store: SET_FULL_SCREEN
[05/09/18, 17:53:45:633] info: Setting current spellchecker to en-US, requested language was en-US
[05/09/18, 17:53:45:633] info: Creating node-spellchecker instance
[05/09/18, 17:53:49:426] info: Unloading spellchecker
[05/09/18, 17:53:49:429] info: Unloading spellchecker
[05/09/18, 17:53:49:467] info: Store: SET_FULL_SCREEN
[05/09/18, 17:53:49:467] info: Store: SET_FULL_SCREEN
[05/09/18, 17:56:19:222] info: Restoring spellchecker
[05/09/18, 17:56:19:224] info: Loading dictionary for language en-US
[05/09/18, 17:56:19:225] info: Returning local copy: /home/bella/.config/Slack/dictionaries/en-US.bdic
[05/09/18, 17:56:19:227] info: Store: SET_FULL_SCREEN
[05/09/18, 17:56:19:253] info: Store: SET_FULL_SCREEN
[05/09/18, 17:56:19:255] info: Setting current spellchecker to en-US, requested language was en-US
[05/09/18, 17:56:19:255] info: Creating node-spellchecker instance
[05/09/18, 17:56:34:066] info: Store: SELECT_CHANNEL D9ED2JVNY
[05/09/18, 17:56:36:301] info: Loading dictionary for language en-US
[05/09/18, 17:56:36:302] info: Returning local copy: /home/bella/.config/Slack/dictionaries/en-US.bdic
[05/09/18, 17:56:36:303] info: Setting current spellchecker to en-US, requested language was en-US
[05/09/18, 17:56:55:264] info: Unloading spellchecker
[05/09/18, 17:56:55:267] info: Unloading spellchecker
[05/09/18, 17:56:55:278] info: Store: SET_FULL_SCREEN
[05/09/18, 17:56:55:278] info: Store: SET_FULL_SCREEN
[05/09/18, 17:57:05:110] info: Restoring spellchecker
[05/09/18, 17:57:05:111] info: Loading dictionary for language en-US
[05/09/18, 17:57:05:111] info: Returning local copy: /home/bella/.config/Slack/dictionaries/en-US.bdic
[05/09/18, 17:57:05:113] info: Store: SET_FULL_SCREEN
[05/09/18, 17:57:05:128] info: Store: SET_FULL_SCREEN
[05/09/18, 17:57:05:129] info: Setting current spellchecker to en-US, requested language was en-US
[05/09/18, 17:57:05:129] info: Creating node-spellchecker instance
[05/09/18, 17:57:08:679] info: Unloading spellchecker
[05/09/18, 17:57:08:682] info: Unloading spellchecker
[05/09/18, 17:57:08:693] info: Store: SET_FULL_SCREEN
[05/09/18, 17:57:08:693] info: Store: SET_FULL_SCREEN
[05/09/18, 17:57:31:457] info: Restoring spellchecker
[05/09/18, 17:57:31:458] info: Loading dictionary for language en-US
[05/09/18, 17:57:31:458] info: Returning local copy: /home/bella/.config/Slack/dictionaries/en-US.bdic
[05/09/18, 17:57:31:472] info: Store: SET_FULL_SCREEN
[05/09/18, 17:57:31:473] info: Store: SET_FULL_SCREEN
[05/09/18, 17:57:31:476] info: Setting current spellchecker to en-US, requested language was en-US
[05/09/18, 17:57:31:476] info: Creating node-spellchecker instance
[05/09/18, 17:57:48:325] info: SpellChecker::updateDetectedLanguage: language has changed from 'und' to 'en'
{
  "language": "en",
  "probability": 0.9999828338623047,
  "is_reliable": true,
  "proportion": 1
}
[05/09/18, 17:57:48:327] info: SpellChecker::updateDetectedLanguage: detected language is distinct to current, push values
[05/09/18, 17:57:55:623] info: Unloading spellchecker
[05/09/18, 17:57:55:625] info: Unloading spellchecker
[05/09/18, 17:57:55:649] info: Store: SET_FULL_SCREEN
[05/09/18, 17:57:55:650] info: Store: SET_FULL_SCREEN
[05/09/18, 17:59:40:502] info: Restoring spellchecker
[05/09/18, 17:59:40:503] info: Loading dictionary for language en-US
[05/09/18, 17:59:40:503] info: Returning local copy: /home/bella/.config/Slack/dictionaries/en-US.bdic
[05/09/18, 17:59:40:504] info: Store: SET_FULL_SCREEN
[05/09/18, 17:59:40:519] info: Store: SET_FULL_SCREEN
[05/09/18, 17:59:40:524] info: Setting current spellchecker to en-US, requested language was en-US
[05/09/18, 17:59:40:524] info: Creating node-spellchecker instance
[05/09/18, 17:59:41:123] info: Unloading spellchecker
[05/09/18, 17:59:41:126] info: Unloading spellchecker
[05/09/18, 17:59:41:155] info: Store: SET_FULL_SCREEN
[05/09/18, 17:59:41:155] info: Store: SET_FULL_SCREEN
[05/09/18, 17:59:41:356] info: Restoring spellchecker
[05/09/18, 17:59:41:357] info: Loading dictionary for language en-US
[05/09/18, 17:59:41:357] info: Returning local copy: /home/bella/.config/Slack/dictionaries/en-US.bdic
[05/09/18, 17:59:41:358] info: Store: SET_FULL_SCREEN
[05/09/18, 17:59:41:359] info: Store: SET_FULL_SCREEN
[05/09/18, 17:59:41:371] info: Setting current spellchecker to en-US, requested language was en-US
[05/09/18, 17:59:41:372] info: Creating node-spellchecker instance
[05/09/18, 17:59:41:520] info: Unloading spellchecker
[05/09/18, 17:59:41:522] info: Unloading spellchecker
[05/09/18, 17:59:41:534] info: Store: SET_FULL_SCREEN
[05/09/18, 17:59:41:534] info: Store: SET_FULL_SCREEN
[05/09/18, 18:04:08:620] info: Restoring spellchecker
[05/09/18, 18:04:08:621] info: Loading dictionary for language en-US
[05/09/18, 18:04:08:621] info: Returning local copy: /home/bella/.config/Slack/dictionaries/en-US.bdic
[05/09/18, 18:04:08:624] info: Store: SET_FULL_SCREEN
[05/09/18, 18:04:08:635] info: Store: SET_FULL_SCREEN
[05/09/18, 18:04:08:636] info: Setting current spellchecker to en-US, requested language was en-US
[05/09/18, 18:04:08:636] info: Creating node-spellchecker instance
[05/09/18, 18:04:09:083] info: Unloading spellchecker
[05/09/18, 18:04:09:085] info: Unloading spellchecker
[05/09/18, 18:04:09:099] info: Store: SET_FULL_SCREEN
[05/09/18, 18:04:09:100] info: Store: SET_FULL_SCREEN
[05/09/18, 18:05:39:731] info: Restoring spellchecker
[05/09/18, 18:05:39:732] info: Loading dictionary for language en-US
[05/09/18, 18:05:39:732] info: Returning local copy: /home/bella/.config/Slack/dictionaries/en-US.bdic
[05/09/18, 18:05:39:734] info: Store: SET_FULL_SCREEN
[05/09/18, 18:05:39:734] info: Store: SET_FULL_SCREEN
[05/09/18, 18:05:39:745] info: Setting current spellchecker to en-US, requested language was en-US
[05/09/18, 18:05:39:745] info: Creating node-spellchecker instance
[05/09/18, 18:05:42:212] info: Store: SELECT_CHANNEL C9E929VPV
[05/09/18, 18:05:47:264] info: Store: SELECT_CHANNEL C9P070QNL
[05/09/18, 18:05:48:106] info: Store: SELECT_CHANNEL C9E929VPV
[05/09/18, 18:05:48:199] info: Couldn't get hint text from messages in channel: Failed to fetch recent messages
[05/09/18, 18:05:49:682] info: Store: SELECT_CHANNEL C9P070QNL
[05/09/18, 18:05:50:396] info: Store: SELECT_CHANNEL C9E929VPV
[05/09/18, 18:05:52:931] info: Unloading spellchecker
[05/09/18, 18:05:52:932] info: Unloading spellchecker
[05/09/18, 18:05:52:940] info: Store: SET_FULL_SCREEN
[05/09/18, 18:05:52:966] info: Store: SET_FULL_SCREEN
[05/09/18, 18:05:53:234] info: Couldn't get hint text from messages in channel: Failed to fetch recent messages
[05/09/18, 18:05:54:031] info: Couldn't get hint text from messages in channel: Failed to fetch recent messages
[05/09/18, 18:05:55:618] info: Couldn't get hint text from messages in channel: Failed to fetch recent messages
[05/09/18, 18:05:56:382] info: Couldn't get hint text from messages in channel: Failed to fetch recent messages
[05/09/18, 18:06:46:869] warn: Unable to read quiet hours setting: windows-quiet-hours works only on Windows
[05/09/18, 18:06:46:869] warn: Unable to read quiet hours setting: windows-quiet-hours works only on Windows
[05/09/18, 18:06:46:881] info: Store: NEW_NOTIFICATION
{
  "avatarImage": null,
  "channel": "C9E929VPV",
  "content": "[REDACTED]",
  "id": "v8wACAuA6gg7QLY",
  "imageUri": null,
  "launchUri": "slack://channel?id=C9E929VPV&message=1525853206.000314&team=T9F21EKE2",
  "msg": "1525853206.000314",
  "silent": true,
  "subtitle": "",
  "teamId": "T9F21EKE2",
  "title": "[REDACTED]"
}
[05/09/18, 18:15:44:192] info: Restoring spellchecker
[05/09/18, 18:15:44:192] info: Loading dictionary for language en-US
[05/09/18, 18:15:44:192] info: Returning local copy: /home/bella/.config/Slack/dictionaries/en-US.bdic
[05/09/18, 18:15:44:194] info: Store: SET_FULL_SCREEN
[05/09/18, 18:15:44:195] info: Store: SET_FULL_SCREEN
[05/09/18, 18:15:44:263] info: Setting current spellchecker to en-US, requested language was en-US
[05/09/18, 18:15:44:263] info: Creating node-spellchecker instance
[05/09/18, 18:15:46:131] info: Store: SELECT_CHANNEL D9ED2JVNY
[05/09/18, 18:15:46:495] info: Loading dictionary for language en-US
[05/09/18, 18:15:46:495] info: Returning local copy: /home/bella/.config/Slack/dictionaries/en-US.bdic
[05/09/18, 18:15:46:496] info: Setting current spellchecker to en-US, requested language was en-US
[05/09/18, 18:15:51:888] info: Unloading spellchecker
[05/09/18, 18:15:51:889] info: Unloading spellchecker
[05/09/18, 18:15:51:902] info: Store: SET_FULL_SCREEN
[05/09/18, 18:15:51:902] info: Store: SET_FULL_SCREEN
[05/09/18, 18:17:10:940] warn: Unable to read quiet hours setting: windows-quiet-hours works only on Windows
[05/09/18, 18:17:10:940] warn: Unable to read quiet hours setting: windows-quiet-hours works only on Windows
[05/09/18, 18:17:10:942] info: Store: NEW_NOTIFICATION
{
  "avatarImage": null,
  "channel": "C9E929VPV",
  "content": "[REDACTED]",
  "id": "krgmfXC91GrVYRL",
  "imageUri": null,
  "launchUri": "slack://channel?id=C9E929VPV&message=1525853830.000372&team=T9F21EKE2",
  "msg": "1525853830.000372",
  "silent": true,
  "subtitle": "",
  "teamId": "T9F21EKE2",
  "title": "[REDACTED]"
}
[05/09/18, 20:59:08:069] error: May-9 20:59:08.690 SOCKET-MANAGER (T9F21EKE2) Closing socket because #4108: unexpected socket closure
[05/09/18, 20:59:10:161] info: Store: UPDATE_TEAM_LOCALE
{
  "locale": "en-US",
  "teamId": "T9F21EKE2"
}
[05/09/18, 20:59:18:424] info: Restoring spellchecker
[05/09/18, 20:59:18:425] info: Loading dictionary for language en-US
[05/09/18, 20:59:18:425] info: Returning local copy: /home/bella/.config/Slack/dictionaries/en-US.bdic
[05/09/18, 20:59:18:428] info: Store: SET_FULL_SCREEN
[05/09/18, 20:59:18:428] info: Store: SET_FULL_SCREEN
[05/09/18, 20:59:18:444] info: Setting current spellchecker to en-US, requested language was en-US
[05/09/18, 20:59:18:444] info: Creating node-spellchecker instance
[05/09/18, 20:59:20:949] info: Store: SELECT_CHANNEL C9P070QNL
[05/09/18, 20:59:21:424] info: Store: SELECT_CHANNEL C9F21EML6
[05/09/18, 20:59:23:212] info: Loading dictionary for language en-US
[05/09/18, 20:59:23:212] info: Returning local copy: /home/bella/.config/Slack/dictionaries/en-US.bdic
[05/09/18, 20:59:23:216] info: Setting current spellchecker to en-US, requested language was en-US
[05/09/18, 20:59:23:389] info: Loading dictionary for language en-US
[05/09/18, 20:59:23:389] info: Returning local copy: /home/bella/.config/Slack/dictionaries/en-US.bdic
[05/09/18, 20:59:23:390] info: Setting current spellchecker to en-US, requested language was en-US
[05/09/18, 20:59:32:148] info: Unloading spellchecker
[05/09/18, 20:59:32:151] info: Unloading spellchecker
[05/09/18, 20:59:32:225] info: Store: SET_FULL_SCREEN
[05/09/18, 20:59:32:226] info: Store: SET_FULL_SCREEN
[05/09/18, 21:08:47:642] info: Restoring spellchecker
[05/09/18, 21:08:47:642] info: Loading dictionary for language en-US
[05/09/18, 21:08:47:642] info: Returning local copy: /home/bella/.config/Slack/dictionaries/en-US.bdic
[05/09/18, 21:08:47:645] info: Store: SET_FULL_SCREEN
[05/09/18, 21:08:47:701] info: Store: SET_FULL_SCREEN
[05/09/18, 21:08:47:702] info: Setting current spellchecker to en-US, requested language was en-US
[05/09/18, 21:08:47:703] info: Creating node-spellchecker instance
[05/09/18, 21:09:17:186] info: Unloading spellchecker
[05/09/18, 21:09:17:191] info: Unloading spellchecker
[05/09/18, 21:09:17:191] info: Store: SET_FULL_SCREEN
[05/09/18, 21:09:17:192] info: Store: SET_FULL_SCREEN
[05/09/18, 21:09:41:076] warn: Unable to read quiet hours setting: windows-quiet-hours works only on Windows
[05/09/18, 21:09:41:076] warn: Unable to read quiet hours setting: windows-quiet-hours works only on Windows
[05/09/18, 21:09:41:100] info: Store: NEW_NOTIFICATION
{
  "avatarImage": "https://ca.slack-edge.com/T9F21EKE2-U9FDDM687-1fcc033a72da-512",
  "channel": "C9F21EML6",
  "content": "[REDACTED]",
  "id": "7pM5CQFNKP4gZNq",
  "imageUri": null,
  "launchUri": "slack://channel?id=C9F21EML6&message=1525864180.000385&team=T9F21EKE2",
  "msg": "1525864180.000385",
  "silent": true,
  "subtitle": "",
  "teamId": "T9F21EKE2",
  "title": "[REDACTED]"
}
[05/09/18, 21:09:43:132] info: Store: CLICK_NOTIFICATION
{
  "channel": "C9F21EML6",
  "messageId": "1525864180.000385",
  "notificationId": "7pM5CQFNKP4gZNq",
  "teamId": "T9F21EKE2"
}
[05/09/18, 21:09:43:133] info: Store: SELECT_TEAM T9F21EKE2
[05/09/18, 21:09:43:137] info: Store: SET_FULL_SCREEN
[05/09/18, 21:09:43:568] warn: Unable to read quiet hours setting: windows-quiet-hours works only on Windows
[05/09/18, 21:09:43:568] warn: Unable to read quiet hours setting: windows-quiet-hours works only on Windows
[05/09/18, 21:09:43:585] info: Store: NEW_NOTIFICATION
{
  "avatarImage": "https://ca.slack-edge.com/T9F21EKE2-U9FF94095-g154b7532efc-512",
  "channel": "C9F21EML6",
  "content": "[REDACTED]",
  "id": "PzGvtZHjYRPOLJ5",
  "imageUri": null,
  "launchUri": "slack://channel?id=C9F21EML6&message=1525864183.000195&team=T9F21EKE2",
  "msg": "1525864183.000195",
  "silent": true,
  "subtitle": "",
  "teamId": "T9F21EKE2",
  "title": "[REDACTED]"
}
[05/09/18, 21:09:52:686] info: Restoring spellchecker
[05/09/18, 21:09:52:687] info: Loading dictionary for language en-US
[05/09/18, 21:09:52:687] info: Returning local copy: /home/bella/.config/Slack/dictionaries/en-US.bdic
[05/09/18, 21:09:52:732] info: Store: SET_FULL_SCREEN
[05/09/18, 21:09:52:733] info: Store: SET_FULL_SCREEN
[05/09/18, 21:09:52:733] info: Store: SET_FULL_SCREEN
[05/09/18, 21:09:52:784] info: Setting current spellchecker to en-US, requested language was en-US
[05/09/18, 21:09:52:784] info: Creating node-spellchecker instance
[05/09/18, 21:10:02:926] info: Unloading spellchecker
[05/09/18, 21:10:02:930] info: Unloading spellchecker
[05/09/18, 21:10:02:934] info: Store: SET_FULL_SCREEN
[05/09/18, 21:10:02:935] info: Store: SET_FULL_SCREEN
[05/09/18, 21:10:12:390] info: Restoring spellchecker
[05/09/18, 21:10:12:391] info: Loading dictionary for language en-US
[05/09/18, 21:10:12:391] info: Returning local copy: /home/bella/.config/Slack/dictionaries/en-US.bdic
[05/09/18, 21:10:12:393] info: Store: SET_FULL_SCREEN
[05/09/18, 21:10:12:433] info: Store: SET_FULL_SCREEN
[05/09/18, 21:10:12:434] info: Setting current spellchecker to en-US, requested language was en-US
[05/09/18, 21:10:12:434] info: Creating node-spellchecker instance
[05/09/18, 21:11:23:865] info: Unloading spellchecker
[05/09/18, 21:11:23:869] info: Unloading spellchecker
[05/09/18, 21:11:23:925] info: Store: SET_FULL_SCREEN
[05/09/18, 21:11:23:925] info: Store: SET_FULL_SCREEN
[05/09/18, 21:11:24:746] info: Restoring spellchecker
[05/09/18, 21:11:24:746] info: Loading dictionary for language en-US
[05/09/18, 21:11:24:746] info: Returning local copy: /home/bella/.config/Slack/dictionaries/en-US.bdic
[05/09/18, 21:11:24:747] info: Store: SET_FULL_SCREEN
[05/09/18, 21:11:24:749] info: Store: SET_FULL_SCREEN
[05/09/18, 21:11:24:750] info: Setting current spellchecker to en-US, requested language was en-US
[05/09/18, 21:11:24:750] info: Creating node-spellchecker instance
[05/09/18, 21:11:30:081] info: Unloading spellchecker
[05/09/18, 21:11:30:083] info: Unloading spellchecker
[05/09/18, 21:11:30:135] info: Store: SET_FULL_SCREEN
[05/09/18, 21:11:30:136] info: Store: SET_FULL_SCREEN
[05/09/18, 21:11:56:188] warn: Unable to read quiet hours setting: windows-quiet-hours works only on Windows
[05/09/18, 21:11:56:189] warn: Unable to read quiet hours setting: windows-quiet-hours works only on Windows
[05/09/18, 21:11:56:210] info: Store: NEW_NOTIFICATION
{
  "avatarImage": "https://ca.slack-edge.com/T9F21EKE2-U9FF94095-g154b7532efc-512",
  "channel": "C9F21EML6",
  "content": "[REDACTED]",
  "id": "nglpHrIZqzMBjnn",
  "imageUri": null,
  "launchUri": "slack://channel?id=C9F21EML6&message=1525864316.000017&team=T9F21EKE2",
  "msg": "1525864316.000017",
  "silent": true,
  "subtitle": "",
  "teamId": "T9F21EKE2",
  "title": "[REDACTED]"
}
[05/09/18, 21:13:30:581] info: Restoring spellchecker
[05/09/18, 21:13:30:582] info: Loading dictionary for language en-US
[05/09/18, 21:13:30:582] info: Returning local copy: /home/bella/.config/Slack/dictionaries/en-US.bdic
[05/09/18, 21:13:30:583] info: Store: SET_FULL_SCREEN
[05/09/18, 21:13:30:649] info: Store: SET_FULL_SCREEN
[05/09/18, 21:13:30:701] info: Setting current spellchecker to en-US, requested language was en-US
[05/09/18, 21:13:30:701] info: Creating node-spellchecker instance
[05/09/18, 21:13:33:754] info: Unloading spellchecker
[05/09/18, 21:13:33:755] info: Unloading spellchecker
[05/09/18, 21:13:33:755] info: Store: SET_FULL_SCREEN
[05/09/18, 21:13:33:756] info: Store: SET_FULL_SCREEN
[05/09/18, 21:13:54:366] info: Restoring spellchecker
[05/09/18, 21:13:54:367] info: Loading dictionary for language en-US
[05/09/18, 21:13:54:367] info: Returning local copy: /home/bella/.config/Slack/dictionaries/en-US.bdic
[05/09/18, 21:13:54:415] info: Store: SET_FULL_SCREEN
[05/09/18, 21:13:54:416] info: Store: SET_FULL_SCREEN
[05/09/18, 21:13:54:449] info: Setting current spellchecker to en-US, requested language was en-US
[05/09/18, 21:13:54:449] info: Creating node-spellchecker instance
[05/09/18, 21:14:40:482] info: Unloading spellchecker
[05/09/18, 21:14:40:485] info: Unloading spellchecker
[05/09/18, 21:14:40:561] info: Store: SET_FULL_SCREEN
[05/09/18, 21:14:40:561] info: Store: SET_FULL_SCREEN
[05/09/18, 21:15:06:133] warn: Unable to read quiet hours setting: windows-quiet-hours works only on Windows
[05/09/18, 21:15:06:133] warn: Unable to read quiet hours setting: windows-quiet-hours works only on Windows
[05/09/18, 21:15:06:136] info: Store: NEW_NOTIFICATION
{
  "avatarImage": "https://ca.slack-edge.com/T9F21EKE2-U9FF94095-g154b7532efc-512",
  "channel": "C9F21EML6",
  "content": "[REDACTED]",
  "id": "PzGvt9SjYRPLMEY",
  "imageUri": null,
  "launchUri": "slack://channel?id=C9F21EML6&message=1525864505.000367&team=T9F21EKE2",
  "msg": "1525864505.000367",
  "silent": true,
  "subtitle": "",
  "teamId": "T9F21EKE2",
  "title": "[REDACTED]"
}
[05/09/18, 21:15:55:126] info: Restoring spellchecker
[05/09/18, 21:15:55:127] info: Loading dictionary for language en-US
[05/09/18, 21:15:55:127] info: Returning local copy: /home/bella/.config/Slack/dictionaries/en-US.bdic
[05/09/18, 21:15:55:181] info: Store: SET_FULL_SCREEN
[05/09/18, 21:15:55:226] info: Store: SET_FULL_SCREEN
[05/09/18, 21:15:55:270] info: Setting current spellchecker to en-US, requested language was en-US
[05/09/18, 21:15:55:270] info: Creating node-spellchecker instance
[05/09/18, 21:15:58:165] info: Unloading spellchecker
[05/09/18, 21:15:58:166] info: Unloading spellchecker
[05/09/18, 21:15:58:217] info: Store: SET_FULL_SCREEN
[05/09/18, 21:15:58:217] info: Store: SET_FULL_SCREEN
[05/09/18, 21:17:23:946] warn: Unable to read quiet hours setting: windows-quiet-hours works only on Windows
[05/09/18, 21:17:23:946] warn: Unable to read quiet hours setting: windows-quiet-hours works only on Windows
[05/09/18, 21:17:23:973] info: Store: NEW_NOTIFICATION
{
  "avatarImage": "https://ca.slack-edge.com/T9F21EKE2-U9FNM0E1L-a2edf622b072-512",
  "channel": "C9F21EML6",
  "content": "[REDACTED]",
  "id": "5RM5fAT20VQEANZ",
  "imageUri": null,
  "launchUri": "slack://channel?id=C9F21EML6&message=1525864643.000297&team=T9F21EKE2",
  "msg": "1525864643.000297",
  "silent": true,
  "subtitle": "",
  "teamId": "T9F21EKE2",
  "title": "[REDACTED]"
}
[05/09/18, 21:30:36:053] warn: Unable to read quiet hours setting: windows-quiet-hours works only on Windows
[05/09/18, 21:30:36:053] warn: Unable to read quiet hours setting: windows-quiet-hours works only on Windows
[05/09/18, 21:30:36:056] info: Store: NEW_NOTIFICATION
{
  "avatarImage": "https://ca.slack-edge.com/T9F21EKE2-U9FF94095-g154b7532efc-512",
  "channel": "D9ED2JVNY",
  "content": "[REDACTED]",
  "id": "z7AGFvUKj1nwDWW",
  "imageUri": null,
  "launchUri": "slack://channel?id=D9ED2JVNY&message=1525865435.000313&team=T9F21EKE2",
  "msg": "1525865435.000313",
  "silent": true,
  "subtitle": "",
  "teamId": "T9F21EKE2",
  "title": "[REDACTED]"
}
[05/09/18, 21:30:38:466] info: Store: CLICK_NOTIFICATION
{
  "channel": "D9ED2JVNY",
  "messageId": "1525865435.000313",
  "notificationId": "z7AGFvUKj1nwDWW",
  "teamId": "T9F21EKE2"
}
[05/09/18, 21:30:38:468] info: Store: SELECT_TEAM T9F21EKE2
[05/09/18, 21:30:38:485] info: Store: SET_FULL_SCREEN
[05/09/18, 21:30:38:510] info: Store: SELECT_CHANNEL D9ED2JVNY
[05/09/18, 21:30:39:910] info: Restoring spellchecker
[05/09/18, 21:30:39:911] info: Loading dictionary for language en-US
[05/09/18, 21:30:39:911] info: Returning local copy: /home/bella/.config/Slack/dictionaries/en-US.bdic
[05/09/18, 21:30:39:914] info: Store: SET_FULL_SCREEN
[05/09/18, 21:30:39:915] info: Setting current spellchecker to en-US, requested language was en-US
[05/09/18, 21:30:39:915] info: Creating node-spellchecker instance
[05/09/18, 21:30:39:916] info: Store: SET_FULL_SCREEN
[05/09/18, 21:30:39:939] info: Store: SET_FULL_SCREEN
[05/09/18, 21:30:40:753] info: Loading dictionary for language en-US
[05/09/18, 21:30:40:753] info: Returning local copy: /home/bella/.config/Slack/dictionaries/en-US.bdic
[05/09/18, 21:30:40:754] info: Setting current spellchecker to en-US, requested language was en-US
[05/09/18, 21:30:55:072] info: Unloading spellchecker
[05/09/18, 21:30:55:096] info: Unloading spellchecker
[05/09/18, 21:30:55:096] info: Store: SET_FULL_SCREEN
[05/09/18, 21:30:55:097] info: Store: SET_FULL_SCREEN
[05/09/18, 21:30:55:591] info: Restoring spellchecker
[05/09/18, 21:30:55:592] info: Loading dictionary for language en-US
[05/09/18, 21:30:55:592] info: Returning local copy: /home/bella/.config/Slack/dictionaries/en-US.bdic
[05/09/18, 21:30:55:605] info: Store: SET_FULL_SCREEN
[05/09/18, 21:30:55:606] info: Store: SET_FULL_SCREEN
[05/09/18, 21:30:55:607] info: Setting current spellchecker to en-US, requested language was en-US
[05/09/18, 21:30:55:607] info: Creating node-spellchecker instance
[05/09/18, 21:30:57:603] info: Unloading spellchecker
[05/09/18, 21:30:57:604] info: Unloading spellchecker
[05/09/18, 21:30:57:631] info: Store: SET_FULL_SCREEN
[05/09/18, 21:30:57:631] info: Store: SET_FULL_SCREEN
[05/09/18, 21:33:58:237] info: Restoring spellchecker
[05/09/18, 21:33:58:237] info: Loading dictionary for language en-US
[05/09/18, 21:33:58:237] info: Returning local copy: /home/bella/.config/Slack/dictionaries/en-US.bdic
[05/09/18, 21:33:58:249] info: Store: SET_FULL_SCREEN
[05/09/18, 21:33:58:250] info: Store: SET_FULL_SCREEN
[05/09/18, 21:33:58:254] info: Setting current spellchecker to en-US, requested language was en-US
[05/09/18, 21:33:58:255] info: Creating node-spellchecker instance
[05/09/18, 21:33:59:137] info: Unloading spellchecker
[05/09/18, 21:33:59:139] info: Unloading spellchecker
[05/09/18, 21:33:59:161] info: Store: SET_FULL_SCREEN
[05/09/18, 21:33:59:162] info: Store: SET_FULL_SCREEN
[05/09/18, 21:35:05:615] warn: Unable to read quiet hours setting: windows-quiet-hours works only on Windows
[05/09/18, 21:35:05:615] warn: Unable to read quiet hours setting: windows-quiet-hours works only on Windows
[05/09/18, 21:35:05:617] info: Store: NEW_NOTIFICATION
{
  "avatarImage": null,
  "channel": "C9E929VPV",
  "content": "[REDACTED]",
  "id": "1GM8fwcXZknm6P0",
  "imageUri": null,
  "launchUri": "slack://channel?id=C9E929VPV&message=1525865705.000190&team=T9F21EKE2",
  "msg": "1525865705.000190",
  "silent": true,
  "subtitle": "",
  "teamId": "T9F21EKE2",
  "title": "[REDACTED]"
}
[05/09/18, 21:35:16:205] warn: Unable to read quiet hours setting: windows-quiet-hours works only on Windows
[05/09/18, 21:35:16:206] warn: Unable to read quiet hours setting: windows-quiet-hours works only on Windows
[05/09/18, 21:35:16:207] info: Store: NEW_NOTIFICATION
{
  "avatarImage": null,
  "channel": "C9E929VPV",
  "content": "[REDACTED]",
  "id": "YyZGU0fVqrK2L06",
  "imageUri": null,
  "launchUri": "slack://channel?id=C9E929VPV&message=1525865715.000440&team=T9F21EKE2",
  "msg": "1525865715.000440",
  "silent": true,
  "subtitle": "",
  "teamId": "T9F21EKE2",
  "title": "[REDACTED]"
}
[05/09/18, 21:35:22:975] warn: Unable to read quiet hours setting: windows-quiet-hours works only on Windows
[05/09/18, 21:35:22:975] warn: Unable to read quiet hours setting: windows-quiet-hours works only on Windows
[05/09/18, 21:35:22:976] info: Store: NEW_NOTIFICATION
{
  "avatarImage": null,
  "channel": "C9E929VPV",
  "content": "[REDACTED]",
  "id": "x2yDtrhwJ03AG9x",
  "imageUri": null,
  "launchUri": "slack://channel?id=C9E929VPV&message=1525865722.000314&team=T9F21EKE2",
  "msg": "1525865722.000314",
  "silent": true,
  "subtitle": "",
  "teamId": "T9F21EKE2",
  "title": "[REDACTED]"
}
[05/09/18, 21:35:27:262] warn: Unable to read quiet hours setting: windows-quiet-hours works only on Windows
[05/09/18, 21:35:27:262] warn: Unable to read quiet hours setting: windows-quiet-hours works only on Windows
[05/09/18, 21:35:27:263] info: Store: NEW_NOTIFICATION
{
  "avatarImage": null,
  "channel": "C9E929VPV",
  "content": "[REDACTED]",
  "id": "BPv5CBijqpXQY5o",
  "imageUri": null,
  "launchUri": "slack://channel?id=C9E929VPV&message=1525865727.000018&team=T9F21EKE2",
  "msg": "1525865727.000018",
  "silent": true,
  "subtitle": "",
  "teamId": "T9F21EKE2",
  "title": "[REDACTED]"
}
[05/09/18, 21:35:33:229] warn: Unable to read quiet hours setting: windows-quiet-hours works only on Windows
[05/09/18, 21:35:33:229] warn: Unable to read quiet hours setting: windows-quiet-hours works only on Windows
[05/09/18, 21:35:33:231] info: Store: NEW_NOTIFICATION
{
  "avatarImage": null,
  "channel": "C9E929VPV",
  "content": "[REDACTED]",
  "id": "NYGqTlsRAlx8jK7",
  "imageUri": null,
  "launchUri": "slack://channel?id=C9E929VPV&message=1525865733.000033&team=T9F21EKE2",
  "msg": "1525865733.000033",
  "silent": true,
  "subtitle": "",
  "teamId": "T9F21EKE2",
  "title": "[REDACTED]"
}
[05/09/18, 21:35:47:543] warn: Unable to read quiet hours setting: windows-quiet-hours works only on Windows
[05/09/18, 21:35:47:543] warn: Unable to read quiet hours setting: windows-quiet-hours works only on Windows
[05/09/18, 21:35:47:545] info: Store: NEW_NOTIFICATION
{
  "avatarImage": null,
  "channel": "C9E929VPV",
  "content": "[REDACTED]",
  "id": "krgmfNt91G4Dy0v",
  "imageUri": null,
  "launchUri": "slack://channel?id=C9E929VPV&message=1525865747.000144&team=T9F21EKE2",
  "msg": "1525865747.000144",
  "silent": true,
  "subtitle": "",
  "teamId": "T9F21EKE2",
  "title": "[REDACTED]"
}
[05/09/18, 21:36:06:445] warn: Unable to read quiet hours setting: windows-quiet-hours works only on Windows
[05/09/18, 21:36:06:446] warn: Unable to read quiet hours setting: windows-quiet-hours works only on Windows
[05/09/18, 21:36:06:447] info: Store: NEW_NOTIFICATION
{
  "avatarImage": null,
  "channel": "C9E929VPV",
  "content": "[REDACTED]",
  "id": "27X5Fvu2Y8Qv6ov",
  "imageUri": null,
  "launchUri": "slack://channel?id=C9E929VPV&message=1525865766.000122&team=T9F21EKE2",
  "msg": "1525865766.000122",
  "silent": true,
  "subtitle": "",
  "teamId": "T9F21EKE2",
  "title": "[REDACTED]"
}
[05/09/18, 21:36:12:120] warn: Unable to read quiet hours setting: windows-quiet-hours works only on Windows
[05/09/18, 21:36:12:120] warn: Unable to read quiet hours setting: windows-quiet-hours works only on Windows
[05/09/18, 21:36:12:123] info: Store: NEW_NOTIFICATION
{
  "avatarImage": null,
  "channel": "C9E929VPV",
  "content": "[REDACTED]",
  "id": "00M6URCWvqR9lAo",
  "imageUri": null,
  "launchUri": "slack://channel?id=C9E929VPV&message=1525865771.000328&team=T9F21EKE2",
  "msg": "1525865771.000328",
  "silent": true,
  "subtitle": "",
  "teamId": "T9F21EKE2",
  "title": "[REDACTED]"
}
[05/09/18, 21:41:01:926] warn: Unable to read quiet hours setting: windows-quiet-hours works only on Windows
[05/09/18, 21:41:01:926] warn: Unable to read quiet hours setting: windows-quiet-hours works only on Windows
[05/09/18, 21:41:01:929] info: Store: NEW_NOTIFICATION
{
  "avatarImage": null,
  "channel": "C9E929VPV",
  "content": "[REDACTED]",
  "id": "NYGqTzFRAlx7Z5G",
  "imageUri": null,
  "launchUri": "slack://channel?id=C9E929VPV&message=1525866061.000318&team=T9F21EKE2",
  "msg": "1525866061.000318",
  "silent": true,
  "subtitle": "",
  "teamId": "T9F21EKE2",
  "title": "[REDACTED]"
}
[05/09/18, 21:45:34:749] warn: Unable to read quiet hours setting: windows-quiet-hours works only on Windows
[05/09/18, 21:45:34:749] warn: Unable to read quiet hours setting: windows-quiet-hours works only on Windows
[05/09/18, 21:45:34:751] info: Store: NEW_NOTIFICATION
{
  "avatarImage": null,
  "channel": "C9E929VPV",
  "content": "[REDACTED]",
  "id": "8Mg5ckHMDKV6wAE",
  "imageUri": null,
  "launchUri": "slack://channel?id=C9E929VPV&message=1525866334.000225&team=T9F21EKE2",
  "msg": "1525866334.000225",
  "silent": true,
  "subtitle": "",
  "teamId": "T9F21EKE2",
  "title": "[REDACTED]"
}
[05/09/18, 21:46:31:763] warn: Unable to read quiet hours setting: windows-quiet-hours works only on Windows
[05/09/18, 21:46:31:763] warn: Unable to read quiet hours setting: windows-quiet-hours works only on Windows
[05/09/18, 21:46:31:765] info: Store: NEW_NOTIFICATION
{
  "avatarImage": null,
  "channel": "C9E929VPV",
  "content": "[REDACTED]",
  "id": "6BM5UJI50lE1KqW",
  "imageUri": null,
  "launchUri": "slack://channel?id=C9E929VPV&message=1525866391.000234&team=T9F21EKE2",
  "msg": "1525866391.000234",
  "silent": true,
  "subtitle": "",
  "teamId": "T9F21EKE2",
  "title": "[REDACTED]"
}
[05/09/18, 21:52:02:467] warn: Unable to read quiet hours setting: windows-quiet-hours works only on Windows
[05/09/18, 21:52:02:467] warn: Unable to read quiet hours setting: windows-quiet-hours works only on Windows
[05/09/18, 21:52:02:469] info: Store: NEW_NOTIFICATION
{
  "avatarImage": null,
  "channel": "C9E929VPV",
  "content": "[REDACTED]",
  "id": "BPv5CWSjqpX0owY",
  "imageUri": null,
  "launchUri": "slack://channel?id=C9E929VPV&message=1525866722.000074&team=T9F21EKE2",
  "msg": "1525866722.000074",
  "silent": true,
  "subtitle": "",
  "teamId": "T9F21EKE2",
  "title": "[REDACTED]"
}
[05/09/18, 21:54:25:844] info: Restoring spellchecker
[05/09/18, 21:54:25:845] info: Loading dictionary for language en-US
[05/09/18, 21:54:25:845] info: Returning local copy: /home/bella/.config/Slack/dictionaries/en-US.bdic
[05/09/18, 21:54:25:846] info: Store: SET_FULL_SCREEN
[05/09/18, 21:54:25:877] info: Store: SET_FULL_SCREEN
[05/09/18, 21:54:25:878] info: Setting current spellchecker to en-US, requested language was en-US
[05/09/18, 21:54:25:878] info: Creating node-spellchecker instance
[05/09/18, 21:54:27:043] info: Unloading spellchecker
[05/09/18, 21:54:27:046] info: Unloading spellchecker
[05/09/18, 21:54:27:065] info: Store: SET_FULL_SCREEN
[05/09/18, 21:54:27:066] info: Store: SET_FULL_SCREEN
[05/09/18, 21:54:28:042] info: Restoring spellchecker
[05/09/18, 21:54:28:042] info: Loading dictionary for language en-US
[05/09/18, 21:54:28:042] info: Returning local copy: /home/bella/.config/Slack/dictionaries/en-US.bdic
[05/09/18, 21:54:28:054] info: Store: SET_FULL_SCREEN
[05/09/18, 21:54:28:055] info: Store: SET_FULL_SCREEN
[05/09/18, 21:54:28:058] info: Setting current spellchecker to en-US, requested language was en-US
[05/09/18, 21:54:28:058] info: Creating node-spellchecker instance
[05/09/18, 21:54:28:305] info: Unloading spellchecker
[05/09/18, 21:54:28:306] info: Unloading spellchecker
[05/09/18, 21:54:28:306] info: Store: SET_FULL_SCREEN
[05/09/18, 21:54:28:306] info: Store: SET_FULL_SCREEN
[05/09/18, 21:56:23:164] info: Restoring spellchecker
[05/09/18, 21:56:23:165] info: Loading dictionary for language en-US
[05/09/18, 21:56:23:165] info: Returning local copy: /home/bella/.config/Slack/dictionaries/en-US.bdic
[05/09/18, 21:56:23:167] info: Store: SET_FULL_SCREEN
[05/09/18, 21:56:23:170] info: Store: SET_FULL_SCREEN
[05/09/18, 21:56:23:201] info: Setting current spellchecker to en-US, requested language was en-US
[05/09/18, 21:56:23:202] info: Creating node-spellchecker instance
[05/09/18, 21:56:23:949] info: Unloading spellchecker
[05/09/18, 21:56:23:951] info: Unloading spellchecker
[05/09/18, 21:56:23:971] info: Store: SET_FULL_SCREEN
[05/09/18, 21:56:23:971] info: Store: SET_FULL_SCREEN
[05/09/18, 21:56:24:428] info: Restoring spellchecker
[05/09/18, 21:56:24:428] info: Loading dictionary for language en-US
[05/09/18, 21:56:24:428] info: Returning local copy: /home/bella/.config/Slack/dictionaries/en-US.bdic
[05/09/18, 21:56:24:429] info: Store: SET_FULL_SCREEN
[05/09/18, 21:56:24:430] info: Store: SET_FULL_SCREEN
[05/09/18, 21:56:24:441] info: Setting current spellchecker to en-US, requested language was en-US
[05/09/18, 21:56:24:442] info: Creating node-spellchecker instance
[05/09/18, 21:56:24:604] info: Unloading spellchecker
[05/09/18, 21:56:24:605] info: Unloading spellchecker
[05/09/18, 21:56:24:605] info: Store: SET_FULL_SCREEN
[05/09/18, 21:56:24:605] info: Store: SET_FULL_SCREEN
[05/09/18, 22:04:25:808] info: Restoring spellchecker
[05/09/18, 22:04:25:809] info: Loading dictionary for language en-US
[05/09/18, 22:04:25:809] info: Returning local copy: /home/bella/.config/Slack/dictionaries/en-US.bdic
[05/09/18, 22:04:25:814] info: Store: SET_FULL_SCREEN
[05/09/18, 22:04:25:827] info: Store: SET_FULL_SCREEN
[05/09/18, 22:04:25:863] info: Setting current spellchecker to en-US, requested language was en-US
[05/09/18, 22:04:25:863] info: Creating node-spellchecker instance
[05/09/18, 22:04:26:053] info: Unloading spellchecker
[05/09/18, 22:04:26:054] info: Unloading spellchecker
[05/09/18, 22:04:26:055] info: Store: SET_FULL_SCREEN
[05/09/18, 22:04:26:055] info: Store: SET_FULL_SCREEN
[05/09/18, 22:04:26:287] info: Restoring spellchecker
[05/09/18, 22:04:26:288] info: Loading dictionary for language en-US
[05/09/18, 22:04:26:288] info: Returning local copy: /home/bella/.config/Slack/dictionaries/en-US.bdic
[05/09/18, 22:04:26:291] info: Store: SET_FULL_SCREEN
[05/09/18, 22:04:26:308] info: Store: SET_FULL_SCREEN
[05/09/18, 22:04:26:319] info: Setting current spellchecker to en-US, requested language was en-US
[05/09/18, 22:04:26:320] info: Creating node-spellchecker instance
[05/09/18, 22:04:26:456] info: Unloading spellchecker
[05/09/18, 22:04:26:458] info: Unloading spellchecker
[05/09/18, 22:04:26:469] info: Store: SET_FULL_SCREEN
[05/09/18, 22:04:26:469] info: Store: SET_FULL_SCREEN
[05/09/18, 22:04:27:052] info: Restoring spellchecker
[05/09/18, 22:04:27:053] info: Loading dictionary for language en-US
[05/09/18, 22:04:27:053] info: Returning local copy: /home/bella/.config/Slack/dictionaries/en-US.bdic
[05/09/18, 22:04:27:054] info: Store: SET_FULL_SCREEN
[05/09/18, 22:04:27:054] info: Store: SET_FULL_SCREEN
[05/09/18, 22:04:27:076] info: Setting current spellchecker to en-US, requested language was en-US
[05/09/18, 22:04:27:076] info: Creating node-spellchecker instance
[05/09/18, 22:04:29:207] info: Store: SELECT_CHANNEL C9F21EML6
[05/09/18, 22:04:29:488] info: Loading dictionary for language en-US
[05/09/18, 22:04:29:488] info: Returning local copy: /home/bella/.config/Slack/dictionaries/en-US.bdic
[05/09/18, 22:04:29:493] info: Setting current spellchecker to en-US, requested language was en-US
[05/09/18, 22:05:14:206] info: Unloading spellchecker
[05/09/18, 22:05:14:208] info: Unloading spellchecker
[05/09/18, 22:05:14:228] info: Store: SET_FULL_SCREEN
[05/09/18, 22:05:14:229] info: Store: SET_FULL_SCREEN
[05/09/18, 22:05:14:824] info: Restoring spellchecker
[05/09/18, 22:05:14:824] info: Loading dictionary for language en-US
[05/09/18, 22:05:14:824] info: Returning local copy: /home/bella/.config/Slack/dictionaries/en-US.bdic
[05/09/18, 22:05:14:825] info: Store: SET_FULL_SCREEN
[05/09/18, 22:05:14:825] info: Store: SET_FULL_SCREEN
[05/09/18, 22:05:14:837] info: Setting current spellchecker to en-US, requested language was en-US
[05/09/18, 22:05:14:837] info: Creating node-spellchecker instance
[05/09/18, 22:05:15:525] info: Unloading spellchecker
[05/09/18, 22:05:15:527] info: Unloading spellchecker
[05/09/18, 22:05:15:545] info: Store: SET_FULL_SCREEN
[05/09/18, 22:05:15:545] info: Store: SET_FULL_SCREEN
[05/09/18, 22:05:58:854] info: Restoring spellchecker
[05/09/18, 22:05:58:855] info: Loading dictionary for language en-US
[05/09/18, 22:05:58:855] info: Returning local copy: /home/bella/.config/Slack/dictionaries/en-US.bdic
[05/09/18, 22:05:58:856] info: Store: SET_FULL_SCREEN
[05/09/18, 22:05:58:871] info: Store: SET_FULL_SCREEN
[05/09/18, 22:05:58:872] info: Setting current spellchecker to en-US, requested language was en-US
[05/09/18, 22:05:58:872] info: Creating node-spellchecker instance
[05/09/18, 22:06:03:149] info: Unloading spellchecker
[05/09/18, 22:06:03:152] info: Unloading spellchecker
[05/09/18, 22:06:03:164] info: Store: SET_FULL_SCREEN
[05/09/18, 22:06:03:165] info: Store: SET_FULL_SCREEN
[05/09/18, 22:07:09:726] info: Restoring spellchecker
[05/09/18, 22:07:09:727] info: Loading dictionary for language en-US
[05/09/18, 22:07:09:727] info: Returning local copy: /home/bella/.config/Slack/dictionaries/en-US.bdic
[05/09/18, 22:07:09:732] info: Store: SET_FULL_SCREEN
[05/09/18, 22:07:09:759] info: Store: SET_FULL_SCREEN
[05/09/18, 22:07:09:760] info: Setting current spellchecker to en-US, requested language was en-US
[05/09/18, 22:07:09:760] info: Creating node-spellchecker instance
[05/09/18, 22:07:12:356] info: Unloading spellchecker
[05/09/18, 22:07:12:357] info: Unloading spellchecker
[05/09/18, 22:07:12:365] info: Store: SET_FULL_SCREEN
[05/09/18, 22:07:12:366] info: Store: SET_FULL_SCREEN
[05/09/18, 22:07:53:397] info: Restoring spellchecker
[05/09/18, 22:07:53:398] info: Loading dictionary for language en-US
[05/09/18, 22:07:53:398] info: Returning local copy: /home/bella/.config/Slack/dictionaries/en-US.bdic
[05/09/18, 22:07:53:403] info: Store: SET_FULL_SCREEN
[05/09/18, 22:07:53:406] info: Store: SET_FULL_SCREEN
[05/09/18, 22:07:53:429] info: Setting current spellchecker to en-US, requested language was en-US
[05/09/18, 22:07:53:430] info: Creating node-spellchecker instance
[05/09/18, 22:07:55:261] info: Unloading spellchecker
[05/09/18, 22:07:55:261] info: Unloading spellchecker
[05/09/18, 22:07:55:271] info: Store: SET_FULL_SCREEN
[05/09/18, 22:07:55:271] info: Store: SET_FULL_SCREEN
[05/09/18, 22:08:17:803] info: Restoring spellchecker
[05/09/18, 22:08:17:803] info: Loading dictionary for language en-US
[05/09/18, 22:08:17:804] info: Returning local copy: /home/bella/.config/Slack/dictionaries/en-US.bdic
[05/09/18, 22:08:17:805] info: Store: SET_FULL_SCREEN
[05/09/18, 22:08:17:807] info: Store: SET_FULL_SCREEN
[05/09/18, 22:08:17:843] info: Setting current spellchecker to en-US, requested language was en-US
[05/09/18, 22:08:17:843] info: Creating node-spellchecker instance
[05/09/18, 22:08:40:506] info: Unloading spellchecker
[05/09/18, 22:08:40:507] info: Unloading spellchecker
[05/09/18, 22:08:40:519] info: Store: SET_FULL_SCREEN
[05/09/18, 22:08:40:520] info: Store: SET_FULL_SCREEN
[05/09/18, 22:14:39:861] info: Restoring spellchecker
[05/09/18, 22:14:39:862] info: Loading dictionary for language en-US
[05/09/18, 22:14:39:862] info: Returning local copy: /home/bella/.config/Slack/dictionaries/en-US.bdic
[05/09/18, 22:14:39:864] info: Store: SET_FULL_SCREEN
[05/09/18, 22:14:39:897] info: Store: SET_FULL_SCREEN
[05/09/18, 22:14:39:929] info: Setting current spellchecker to en-US, requested language was en-US
[05/09/18, 22:14:39:929] info: Creating node-spellchecker instance
[05/09/18, 22:14:52:592] info: Unloading spellchecker
[05/09/18, 22:14:52:594] info: Unloading spellchecker
[05/09/18, 22:14:52:614] info: Store: SET_FULL_SCREEN
[05/09/18, 22:14:52:614] info: Store: SET_FULL_SCREEN
[05/09/18, 22:15:00:065] info: Restoring spellchecker
[05/09/18, 22:15:00:066] info: Loading dictionary for language en-US
[05/09/18, 22:15:00:066] info: Returning local copy: /home/bella/.config/Slack/dictionaries/en-US.bdic
[05/09/18, 22:15:00:069] info: Store: SET_FULL_SCREEN
[05/09/18, 22:15:00:100] info: Store: SET_FULL_SCREEN
[05/09/18, 22:15:00:101] info: Setting current spellchecker to en-US, requested language was en-US
[05/09/18, 22:15:00:101] info: Creating node-spellchecker instance
[05/09/18, 22:15:27:261] info: Unloading spellchecker
[05/09/18, 22:15:27:262] info: Unloading spellchecker
[05/09/18, 22:15:27:262] info: Store: SET_FULL_SCREEN
[05/09/18, 22:15:27:262] info: Store: SET_FULL_SCREEN
[05/09/18, 22:15:41:045] info: Restoring spellchecker
[05/09/18, 22:15:41:046] info: Loading dictionary for language en-US
[05/09/18, 22:15:41:046] info: Returning local copy: /home/bella/.config/Slack/dictionaries/en-US.bdic
[05/09/18, 22:15:41:049] info: Store: SET_FULL_SCREEN
[05/09/18, 22:15:41:069] info: Store: SET_FULL_SCREEN
[05/09/18, 22:15:41:071] info: Setting current spellchecker to en-US, requested language was en-US
[05/09/18, 22:15:41:072] info: Creating node-spellchecker instance
[05/09/18, 22:15:45:997] info: Unloading spellchecker
[05/09/18, 22:15:45:999] info: Unloading spellchecker
[05/09/18, 22:15:46:001] info: Store: SET_FULL_SCREEN
[05/09/18, 22:15:46:002] info: Store: SET_FULL_SCREEN
[05/09/18, 22:15:51:676] info: Restoring spellchecker
[05/09/18, 22:15:51:676] info: Loading dictionary for language en-US
[05/09/18, 22:15:51:677] info: Returning local copy: /home/bella/.config/Slack/dictionaries/en-US.bdic
[05/09/18, 22:15:51:679] info: Store: SET_FULL_SCREEN
[05/09/18, 22:15:51:705] info: Store: SET_FULL_SCREEN
[05/09/18, 22:15:51:708] info: Setting current spellchecker to en-US, requested language was en-US
[05/09/18, 22:15:51:708] info: Creating node-spellchecker instance
[05/09/18, 22:16:18:171] info: Unloading spellchecker
[05/09/18, 22:16:18:172] info: Unloading spellchecker
[05/09/18, 22:16:18:172] info: Store: SET_FULL_SCREEN
[05/09/18, 22:16:18:172] info: Store: SET_FULL_SCREEN
[05/09/18, 22:16:44:032] info: Restoring spellchecker
[05/09/18, 22:16:44:032] info: Loading dictionary for language en-US
[05/09/18, 22:16:44:033] info: Returning local copy: /home/bella/.config/Slack/dictionaries/en-US.bdic
[05/09/18, 22:16:44:044] info: Store: SET_FULL_SCREEN
[05/09/18, 22:16:44:044] info: Store: SET_FULL_SCREEN
[05/09/18, 22:16:44:049] info: Setting current spellchecker to en-US, requested language was en-US
[05/09/18, 22:16:44:049] info: Creating node-spellchecker instance
[05/09/18, 22:16:44:866] info: Unloading spellchecker
[05/09/18, 22:16:44:869] info: Unloading spellchecker
[05/09/18, 22:16:44:884] info: Store: SET_FULL_SCREEN
[05/09/18, 22:16:44:884] info: Store: SET_FULL_SCREEN
[05/09/18, 22:17:25:458] info: Restoring spellchecker
[05/09/18, 22:17:25:458] info: Loading dictionary for language en-US
[05/09/18, 22:17:25:458] info: Returning local copy: /home/bella/.config/Slack/dictionaries/en-US.bdic
[05/09/18, 22:17:25:459] info: Store: SET_FULL_SCREEN
[05/09/18, 22:17:25:461] info: Store: SET_FULL_SCREEN
[05/09/18, 22:17:25:489] info: Setting current spellchecker to en-US, requested language was en-US
[05/09/18, 22:17:25:489] info: Creating node-spellchecker instance
[05/09/18, 22:17:56:298] info: Unloading spellchecker
[05/09/18, 22:17:56:299] info: Unloading spellchecker
[05/09/18, 22:17:56:309] info: Store: SET_FULL_SCREEN
[05/09/18, 22:17:56:405] info: Restoring spellchecker
[05/09/18, 22:17:56:405] info: Loading dictionary for language en-US
[05/09/18, 22:17:56:405] info: Returning local copy: /home/bella/.config/Slack/dictionaries/en-US.bdic
[05/09/18, 22:17:56:420] info: Store: SET_FULL_SCREEN
[05/09/18, 22:17:56:421] info: Setting current spellchecker to en-US, requested language was en-US
[05/09/18, 22:17:56:421] info: Creating node-spellchecker instance
[05/10/18, 17:31:34:871] info: Unloading spellchecker
[05/10/18, 17:31:34:871] info: Store: SET_FULL_SCREEN
[05/10/18, 17:31:34:871] info: Store: SET_FULL_SCREEN
[05/10/18, 17:31:35:868] info: Store: SAVE_WINDOW_SETTINGS
{
  "isMaximized": false,
  "position": [
    10,
    38
  ],
  "size": [
    1440,
    842
  ]
}
[05/10/18, 17:31:49:442] error: May-10 17:31:49.442 SOCKET-MANAGER (T9F21EKE2) Closing socket because #4108: unexpected socket closure
[05/10/18, 17:31:51:802] info: Store: UPDATE_TEAM_LOCALE
{
  "locale": "en-US",
  "teamId": "T9F21EKE2"
}
[05/10/18, 17:32:30:739] info: Store: FOREGROUND_APP
[05/10/18, 17:32:30:796] info: Restoring spellchecker
[05/10/18, 17:32:30:796] info: Loading dictionary for language en-US
[05/10/18, 17:32:30:796] info: Returning local copy: /home/bella/.config/Slack/dictionaries/en-US.bdic
[05/10/18, 17:32:30:838] info: Store: SET_FULL_SCREEN
[05/10/18, 17:32:30:839] info: Store: SET_FULL_SCREEN
[05/10/18, 17:32:30:840] info: Store: SET_FULL_SCREEN
[05/10/18, 17:32:30:851] info: Setting current spellchecker to en-US, requested language was en-US
[05/10/18, 17:32:30:851] info: Creating node-spellchecker instance
[05/10/18, 17:32:31:809] info: Store: SAVE_WINDOW_SETTINGS
{
  "isMaximized": false,
  "position": [
    0,
    58
  ],
  "size": [
    1440,
    842
  ]
}
[05/10/18, 17:33:14:287] info: Unloading spellchecker
[05/10/18, 17:33:14:288] info: Unloading spellchecker
[05/10/18, 17:33:14:297] info: Store: SET_FULL_SCREEN
[05/10/18, 17:33:14:298] info: Store: SET_FULL_SCREEN
[05/10/18, 17:35:18:373] info: Restoring spellchecker
[05/10/18, 17:35:18:374] info: Loading dictionary for language en-US
[05/10/18, 17:35:18:374] info: Returning local copy: /home/bella/.config/Slack/dictionaries/en-US.bdic
[05/10/18, 17:35:18:384] info: Store: SET_FULL_SCREEN
[05/10/18, 17:35:18:385] info: Store: SET_FULL_SCREEN
[05/10/18, 17:35:18:400] info: Setting current spellchecker to en-US, requested language was en-US
[05/10/18, 17:35:18:400] info: Creating node-spellchecker instance
[05/10/18, 17:35:19:351] info: Unloading spellchecker
[05/10/18, 17:35:19:352] info: Unloading spellchecker
[05/10/18, 17:35:19:374] info: Store: SET_FULL_SCREEN
[05/10/18, 17:35:19:374] info: Store: SET_FULL_SCREEN
[05/10/18, 17:40:49:978] info: Restoring spellchecker
[05/10/18, 17:40:49:979] info: Loading dictionary for language en-US
[05/10/18, 17:40:49:979] info: Returning local copy: /home/bella/.config/Slack/dictionaries/en-US.bdic
[05/10/18, 17:40:49:993] info: Store: SET_FULL_SCREEN
[05/10/18, 17:40:49:994] info: Store: SET_FULL_SCREEN
[05/10/18, 17:40:49:995] info: Setting current spellchecker to en-US, requested language was en-US
[05/10/18, 17:40:49:995] info: Creating node-spellchecker instance
[05/10/18, 17:40:50:409] info: Unloading spellchecker
[05/10/18, 17:40:50:410] info: Unloading spellchecker
[05/10/18, 17:40:50:421] info: Store: SET_FULL_SCREEN
[05/10/18, 17:40:50:422] info: Store: SET_FULL_SCREEN
[05/10/18, 17:44:17:816] warn: Unable to read quiet hours setting: windows-quiet-hours works only on Windows
[05/10/18, 17:44:17:816] warn: Unable to read quiet hours setting: windows-quiet-hours works only on Windows
[05/10/18, 17:44:17:826] info: Store: NEW_NOTIFICATION
{
  "avatarImage": "https://ca.slack-edge.com/T9F21EKE2-U9FDDM687-1fcc033a72da-512",
  "channel": "C9F21EML6",
  "content": "[REDACTED]",
  "id": "x2yDt5TwJ0KLPjB",
  "imageUri": null,
  "launchUri": "slack://channel?id=C9F21EML6&message=1525938256.000195&team=T9F21EKE2",
  "msg": "1525938256.000195",
  "silent": true,
  "subtitle": "",
  "teamId": "T9F21EKE2",
  "title": "[REDACTED]"
}
[05/10/18, 17:44:19:628] info: Store: CLICK_NOTIFICATION
{
  "channel": "C9F21EML6",
  "messageId": "1525938256.000195",
  "notificationId": "x2yDt5TwJ0KLPjB",
  "teamId": "T9F21EKE2"
}
[05/10/18, 17:44:19:630] info: Store: SELECT_TEAM T9F21EKE2
[05/10/18, 17:44:19:633] info: Store: SET_FULL_SCREEN
[05/10/18, 17:44:21:208] info: Restoring spellchecker
[05/10/18, 17:44:21:209] info: Loading dictionary for language en-US
[05/10/18, 17:44:21:209] info: Returning local copy: /home/bella/.config/Slack/dictionaries/en-US.bdic
[05/10/18, 17:44:21:212] info: Store: SET_FULL_SCREEN
[05/10/18, 17:44:21:232] info: Store: SET_FULL_SCREEN
[05/10/18, 17:44:21:234] info: Store: SET_FULL_SCREEN
[05/10/18, 17:44:21:240] info: Setting current spellchecker to en-US, requested language was en-US
[05/10/18, 17:44:21:240] info: Creating node-spellchecker instance
[05/10/18, 17:44:41:449] info: Unloading spellchecker
[05/10/18, 17:44:41:450] info: Unloading spellchecker
[05/10/18, 17:44:41:451] info: Store: SET_FULL_SCREEN
[05/10/18, 17:44:41:478] info: Store: SET_FULL_SCREEN
[05/10/18, 17:45:32:519] warn: Unable to read quiet hours setting: windows-quiet-hours works only on Windows
[05/10/18, 17:45:32:519] warn: Unable to read quiet hours setting: windows-quiet-hours works only on Windows
[05/10/18, 17:45:32:531] info: Store: NEW_NOTIFICATION
{
  "avatarImage": "https://ca.slack-edge.com/T9F21EKE2-U9FDDM687-1fcc033a72da-512",
  "channel": "C9F21EML6",
  "content": "[REDACTED]",
  "id": "pkn0FgUGl3nwq07",
  "imageUri": null,
  "launchUri": "slack://channel?id=C9F21EML6&message=1525938331.000172&team=T9F21EKE2",
  "msg": "1525938331.000172",
  "silent": true,
  "subtitle": "",
  "teamId": "T9F21EKE2",
  "title": "[REDACTED]"
}
[05/10/18, 17:46:34:141] info: Restoring spellchecker
[05/10/18, 17:46:34:142] info: Loading dictionary for language en-US
[05/10/18, 17:46:34:142] info: Returning local copy: /home/bella/.config/Slack/dictionaries/en-US.bdic
[05/10/18, 17:46:34:144] info: Store: SET_FULL_SCREEN
[05/10/18, 17:46:34:163] info: Store: SET_FULL_SCREEN
[05/10/18, 17:46:34:185] info: Setting current spellchecker to en-US, requested language was en-US
[05/10/18, 17:46:34:185] info: Creating node-spellchecker instance
[05/10/18, 17:46:40:447] info: Store: SELECT_CHANNEL D9ED2JVNY
[05/10/18, 17:46:42:653] info: Loading dictionary for language en-US
[05/10/18, 17:46:42:653] info: Returning local copy: /home/bella/.config/Slack/dictionaries/en-US.bdic
[05/10/18, 17:46:42:655] info: Setting current spellchecker to en-US, requested language was en-US
[05/10/18, 17:46:47:065] warn: Unable to read quiet hours setting: windows-quiet-hours works only on Windows
[05/10/18, 17:46:47:065] warn: Unable to read quiet hours setting: windows-quiet-hours works only on Windows
[05/10/18, 17:46:47:067] info: Store: NEW_NOTIFICATION
{
  "avatarImage": "https://ca.slack-edge.com/T9F21EKE2-U9FDDM687-1fcc033a72da-512",
  "channel": "C9F21EML6",
  "content": "[REDACTED]",
  "id": "3y35U6cDV9GmOKw",
  "imageUri": null,
  "launchUri": "slack://channel?id=C9F21EML6&message=1525938406.000022&team=T9F21EKE2",
  "msg": "1525938406.000022",
  "silent": true,
  "subtitle": "",
  "teamId": "T9F21EKE2",
  "title": "[REDACTED]"
}
[05/10/18, 17:47:05:888] info: Unloading spellchecker
[05/10/18, 17:47:05:891] info: Unloading spellchecker
[05/10/18, 17:47:05:902] info: Store: SET_FULL_SCREEN
[05/10/18, 17:47:05:903] info: Store: SET_FULL_SCREEN
[05/10/18, 17:47:06:711] info: Restoring spellchecker
[05/10/18, 17:47:06:712] info: Loading dictionary for language en-US
[05/10/18, 17:47:06:712] info: Returning local copy: /home/bella/.config/Slack/dictionaries/en-US.bdic
[05/10/18, 17:47:06:720] info: Store: SET_FULL_SCREEN
[05/10/18, 17:47:06:720] info: Store: SET_FULL_SCREEN
[05/10/18, 17:47:06:721] info: Setting current spellchecker to en-US, requested language was en-US
[05/10/18, 17:47:06:721] info: Creating node-spellchecker instance
[05/10/18, 17:47:08:149] info: Store: SELECT_CHANNEL C9F21EML6
[05/10/18, 17:47:08:408] info: Loading dictionary for language en-US
[05/10/18, 17:47:08:408] info: Returning local copy: /home/bella/.config/Slack/dictionaries/en-US.bdic
[05/10/18, 17:47:08:409] info: Setting current spellchecker to en-US, requested language was en-US
[05/10/18, 17:47:11:550] info: Unloading spellchecker
[05/10/18, 17:47:11:552] info: Unloading spellchecker
[05/10/18, 17:47:11:555] info: Store: SET_FULL_SCREEN
[05/10/18, 17:47:11:555] info: Store: SET_FULL_SCREEN
[05/10/18, 17:51:07:706] warn: Unable to read quiet hours setting: windows-quiet-hours works only on Windows
[05/10/18, 17:51:07:707] warn: Unable to read quiet hours setting: windows-quiet-hours works only on Windows
[05/10/18, 17:51:07:709] info: Store: NEW_NOTIFICATION
{
  "avatarImage": null,
  "channel": "C9E929VPV",
  "content": "[REDACTED]",
  "id": "OPGrCnfr1JQVJZk",
  "imageUri": null,
  "launchUri": "slack://channel?id=C9E929VPV&message=1525938667.000239&team=T9F21EKE2",
  "msg": "1525938667.000239",
  "silent": true,
  "subtitle": "",
  "teamId": "T9F21EKE2",
  "title": "[REDACTED]"
}
[05/10/18, 17:54:56:136] info: Restoring spellchecker
[05/10/18, 17:54:56:136] info: Loading dictionary for language en-US
[05/10/18, 17:54:56:136] info: Returning local copy: /home/bella/.config/Slack/dictionaries/en-US.bdic
[05/10/18, 17:54:56:147] info: Store: SET_FULL_SCREEN
[05/10/18, 17:54:56:148] info: Store: SET_FULL_SCREEN
[05/10/18, 17:54:56:151] info: Setting current spellchecker to en-US, requested language was en-US
[05/10/18, 17:54:56:151] info: Creating node-spellchecker instance
[05/10/18, 17:54:56:468] info: Unloading spellchecker
[05/10/18, 17:54:56:470] info: Unloading spellchecker
[05/10/18, 17:54:56:486] info: Store: SET_FULL_SCREEN
[05/10/18, 17:54:56:487] info: Store: SET_FULL_SCREEN
[05/10/18, 18:12:18:406] info: Restoring spellchecker
[05/10/18, 18:12:18:407] info: Loading dictionary for language en-US
[05/10/18, 18:12:18:408] info: Returning local copy: /home/bella/.config/Slack/dictionaries/en-US.bdic
[05/10/18, 18:12:18:411] info: Store: SET_FULL_SCREEN
[05/10/18, 18:12:18:421] info: Store: SET_FULL_SCREEN
[05/10/18, 18:12:18:422] info: Setting current spellchecker to en-US, requested language was en-US
[05/10/18, 18:12:18:422] info: Creating node-spellchecker instance
[05/10/18, 18:12:20:205] info: Store: SELECT_CHANNEL D9ED2JVNY
[05/10/18, 18:12:20:454] info: Loading dictionary for language en-US
[05/10/18, 18:12:20:454] info: Returning local copy: /home/bella/.config/Slack/dictionaries/en-US.bdic
[05/10/18, 18:12:20:455] info: Setting current spellchecker to en-US, requested language was en-US
[05/10/18, 18:12:24:233] info: Unloading spellchecker
[05/10/18, 18:12:24:249] info: Unloading spellchecker
[05/10/18, 18:12:24:249] info: Store: SET_FULL_SCREEN
[05/10/18, 18:12:24:250] info: Store: SET_FULL_SCREEN
[05/10/18, 18:12:28:906] info: Restoring spellchecker
[05/10/18, 18:12:28:906] info: Loading dictionary for language en-US
[05/10/18, 18:12:28:906] info: Returning local copy: /home/bella/.config/Slack/dictionaries/en-US.bdic
[05/10/18, 18:12:28:909] info: Store: SET_FULL_SCREEN
[05/10/18, 18:12:28:910] info: Store: SET_FULL_SCREEN
[05/10/18, 18:12:28:923] info: Setting current spellchecker to en-US, requested language was en-US
[05/10/18, 18:12:28:923] info: Creating node-spellchecker instance
[05/10/18, 18:12:54:018] info: Unloading spellchecker
[05/10/18, 18:12:54:019] info: Unloading spellchecker
[05/10/18, 18:12:54:020] info: Store: SET_FULL_SCREEN
[05/10/18, 18:12:54:033] info: Store: SET_FULL_SCREEN
[05/10/18, 18:14:42:484] info: Restoring spellchecker
[05/10/18, 18:14:42:485] info: Loading dictionary for language en-US
[05/10/18, 18:14:42:485] info: Returning local copy: /home/bella/.config/Slack/dictionaries/en-US.bdic
[05/10/18, 18:14:42:498] info: Store: SET_FULL_SCREEN
[05/10/18, 18:14:42:499] info: Store: SET_FULL_SCREEN
[05/10/18, 18:14:42:501] info: Setting current spellchecker to en-US, requested language was en-US
[05/10/18, 18:14:42:501] info: Creating node-spellchecker instance
[05/10/18, 18:15:39:463] info: Unloading spellchecker
[05/10/18, 18:15:39:464] info: Unloading spellchecker
[05/10/18, 18:15:39:465] info: Store: SET_FULL_SCREEN
[05/10/18, 18:15:39:477] info: Store: SET_FULL_SCREEN
