[05/06/18, 13:56:40:844] info: ╔═════════════════════════════════════════════════════════════════════════════════╗
[05/06/18, 13:56:40:845] info: ║      Slack 3.1.1, linux 4.13.0-38-generic on x64 at 05/06/18, 13:56:40:842      ║
[05/06/18, 13:56:40:845] info: ╚═════════════════════════════════════════════════════════════════════════════════╝
[05/06/18, 13:56:41:063] info: Initializing local storage instance at path: /home/bella/.config/Slack/local-settings.json
[05/06/18, 13:56:41:203] info: NetworkStatus: Waiting for network online…
[05/06/18, 13:56:41:909] info: NetworkStatus: Response from api.test
{
  "status": "online"
}
[05/06/18, 13:56:42:313] info: Store: SET_NETWORK_STATUS online
[05/06/18, 13:56:58:751] info: Store: UPSERT_WEB_CONTENTS
{
  "id": 3,
  "state": "loaded",
  "teamId": "T9F21EKE2"
}
[05/06/18, 13:56:58:757] info: Store: MAIN_WINDOW_SHOWN
[05/06/18, 13:56:58:779] info: Store: SET_FULL_SCREEN
[05/06/18, 13:56:58:780] info: Store: SET_FULL_SCREEN
[05/06/18, 13:56:58:780] info: Store: SET_FULL_SCREEN
[05/06/18, 13:56:59:161] info: Store: UPDATE_SESSION_STATUS
{
  "hasValidSession": true,
  "teamId": "T9F21EKE2"
}
[05/06/18, 13:56:59:290] info: Store: SELECT_CHANNEL D9ED2JVNY
[05/06/18, 13:56:59:292] info: Store: UPDATE_TEAM_LOCALE
{
  "locale": "en-US",
  "teamId": "T9F21EKE2"
}
[05/06/18, 13:56:59:294] info: Store: UPDATE_SETTINGS
{
  "locale": "en-US"
}
[05/06/18, 13:56:59:314] info: Store: UPDATE_TEAM_THEME
{
  "teamId": "T9F21EKE2",
  "theme": {
    "active_item": "#2D9EE0",
    "active_item_text": "#FFFFFF",
    "active_presence": "#60D156",
    "badge": "#DC5960",
    "column_bg": "#F8F8FA",
    "hover_item": "#FFFFFF",
    "menu_bg": "#F8F8FA",
    "text_color": "#383F45"
  }
}
[05/06/18, 13:56:59:771] info: Store: SAVE_WINDOW_SETTINGS
{
  "isMaximized": false,
  "position": [
    0,
    58
  ],
  "size": [
    1440,
    842
  ]
}
[05/06/18, 13:56:59:991] info: Store: UPDATE_TEAM_LOCALE
{
  "locale": "en-US",
  "teamId": "T9F21EKE2"
}
[05/06/18, 13:57:00:003] info: Store: UPSERT_WEB_CONTENTS
{
  "id": 3,
  "state": "webapp-loaded",
  "teamId": "T9F21EKE2"
}
[05/06/18, 13:57:00:203] info: Store: SET_FULL_SCREEN
[05/06/18, 13:57:01:837] info: Store: SET_FULL_SCREEN
[05/06/18, 13:57:01:840] info: Store: SET_FULL_SCREEN
[05/06/18, 13:57:02:362] info: Store: SAVE_WINDOW_SETTINGS
{
  "isMaximized": true,
  "position": [
    208,
    81
  ],
  "size": [
    1024,
    768
  ]
}
[05/06/18, 13:57:02:372] info: Store: SET_FULL_SCREEN
[05/06/18, 13:57:02:376] info: Store: SET_FULL_SCREEN
[05/06/18, 13:57:04:610] info: Store: SELECT_CHANNEL C9F21EML6
[05/06/18, 13:57:08:684] info: Store: SET_FULL_SCREEN
[05/06/18, 13:57:08:689] info: Store: SET_FULL_SCREEN
[05/06/18, 13:57:11:343] info: Store: SET_FULL_SCREEN
[05/06/18, 13:57:11:355] info: Store: SET_FULL_SCREEN
[05/06/18, 13:57:13:669] info: Store: SET_FULL_SCREEN
[05/06/18, 13:57:13:670] info: Store: SET_FULL_SCREEN
[05/06/18, 13:57:16:164] info: Store: SET_FULL_SCREEN
[05/06/18, 13:57:16:173] info: Store: SET_FULL_SCREEN
[05/06/18, 13:57:17:717] info: Store: SELECT_CHANNEL C9E9052JF
[05/06/18, 13:57:20:666] info: Store: SET_FULL_SCREEN
[05/06/18, 13:57:20:679] info: Store: SET_FULL_SCREEN
[05/06/18, 14:05:30:455] info: Store: SET_FULL_SCREEN
[05/06/18, 14:05:30:463] info: Store: SET_FULL_SCREEN
[05/06/18, 14:05:31:865] info: Store: SET_FULL_SCREEN
[05/06/18, 14:05:31:868] info: Store: SET_FULL_SCREEN
[05/06/18, 14:05:35:512] info: Store: SET_FULL_SCREEN
[05/06/18, 14:05:35:516] info: Store: SET_FULL_SCREEN
[05/06/18, 14:05:36:087] info: Store: SET_FULL_SCREEN
[05/06/18, 14:05:36:088] info: Store: SET_FULL_SCREEN
[05/06/18, 14:05:38:855] info: Store: SET_FULL_SCREEN
[05/06/18, 14:05:38:865] info: Store: SET_FULL_SCREEN
[05/06/18, 14:05:39:178] info: Store: SET_FULL_SCREEN
[05/06/18, 14:05:39:180] info: Store: SET_FULL_SCREEN
[05/06/18, 14:12:11:887] info: Store: NEW_NOTIFICATION
{
  "avatarImage": "https://ca.slack-edge.com/T9F21EKE2-U9FF94095-g154b7532efc-512",
  "channel": "D9ED2JVNY",
  "content": "[REDACTED]",
  "id": "76qnUmhNKk6mY0A",
  "imageUri": null,
  "launchUri": "slack://channel?id=D9ED2JVNY&message=1525579931.000056&team=T9F21EKE2",
  "msg": "1525579931.000056",
  "silent": true,
  "subtitle": "",
  "teamId": "T9F21EKE2",
  "title": "[REDACTED]"
}
[05/06/18, 14:12:13:474] info: Store: CLICK_NOTIFICATION
{
  "channel": "D9ED2JVNY",
  "messageId": "1525579931.000056",
  "notificationId": "76qnUmhNKk6mY0A",
  "teamId": "T9F21EKE2"
}
[05/06/18, 14:12:13:477] info: Store: SELECT_TEAM T9F21EKE2
[05/06/18, 14:12:13:482] info: Store: SET_FULL_SCREEN
[05/06/18, 14:12:13:485] info: Store: SELECT_CHANNEL D9ED2JVNY
[05/06/18, 14:12:14:929] info: Store: SET_FULL_SCREEN
[05/06/18, 14:12:14:948] info: Store: SET_FULL_SCREEN
[05/06/18, 14:12:14:949] info: Store: SET_FULL_SCREEN
[05/06/18, 14:12:23:906] info: Store: SET_FULL_SCREEN
[05/06/18, 14:12:23:908] info: Store: SET_FULL_SCREEN
[05/06/18, 14:12:53:514] info: Store: SET_FULL_SCREEN
[05/06/18, 14:12:53:520] info: Store: SET_FULL_SCREEN
[05/06/18, 14:13:09:338] info: Store: SET_FULL_SCREEN
[05/06/18, 14:13:09:340] info: Store: SET_FULL_SCREEN
[05/06/18, 14:13:11:010] info: Store: SET_FULL_SCREEN
[05/06/18, 14:13:11:016] info: Store: SET_FULL_SCREEN
[05/06/18, 14:14:15:397] info: Store: SET_FULL_SCREEN
[05/06/18, 14:14:15:399] info: Store: SET_FULL_SCREEN
[05/06/18, 14:14:20:667] info: Store: SET_FULL_SCREEN
[05/06/18, 14:14:20:680] info: Store: SET_FULL_SCREEN
[05/06/18, 14:14:32:636] info: Store: SET_FULL_SCREEN
[05/06/18, 14:14:32:640] info: Store: SET_FULL_SCREEN
[05/06/18, 14:14:39:877] info: Store: NEW_NOTIFICATION
{
  "avatarImage": "https://ca.slack-edge.com/T9F21EKE2-U9FF94095-g154b7532efc-512",
  "channel": "D9ED2JVNY",
  "content": "[REDACTED]",
  "id": "Vmz5u2iJRMv4pZ9",
  "imageUri": null,
  "launchUri": "slack://channel?id=D9ED2JVNY&message=1525580079.000048&team=T9F21EKE2",
  "msg": "1525580079.000048",
  "silent": true,
  "subtitle": "",
  "teamId": "T9F21EKE2",
  "title": "[REDACTED]"
}
[05/06/18, 14:14:40:639] info: Store: SET_FULL_SCREEN
[05/06/18, 14:14:40:644] info: Store: SET_FULL_SCREEN
[05/06/18, 14:14:42:083] info: Store: SET_FULL_SCREEN
[05/06/18, 14:14:42:091] info: Store: SET_FULL_SCREEN
[05/06/18, 14:14:44:003] info: Store: SET_FULL_SCREEN
[05/06/18, 14:14:44:006] info: Store: SET_FULL_SCREEN
[05/06/18, 14:15:15:557] info: Store: SET_FULL_SCREEN
[05/06/18, 14:15:15:558] info: Store: SET_FULL_SCREEN
[05/06/18, 14:15:20:832] info: Store: SET_FULL_SCREEN
[05/06/18, 14:15:20:836] info: Store: SET_FULL_SCREEN
[05/06/18, 14:15:22:126] info: Store: SET_FULL_SCREEN
[05/06/18, 14:15:22:129] info: Store: SET_FULL_SCREEN
[05/06/18, 14:15:28:465] info: Store: SET_FULL_SCREEN
[05/06/18, 14:15:28:468] info: Store: SET_FULL_SCREEN
[05/06/18, 14:15:36:590] info: Store: SET_FULL_SCREEN
[05/06/18, 14:15:36:594] info: Store: SET_FULL_SCREEN
[05/06/18, 14:15:37:392] info: Store: SET_FULL_SCREEN
[05/06/18, 14:15:37:394] info: Store: SET_FULL_SCREEN
[05/06/18, 14:15:38:192] info: Store: SET_FULL_SCREEN
[05/06/18, 14:15:38:196] info: Store: SET_FULL_SCREEN
[05/06/18, 14:15:39:769] info: Store: NEW_NOTIFICATION
{
  "avatarImage": "https://ca.slack-edge.com/T9F21EKE2-U9FF94095-g154b7532efc-512",
  "channel": "D9ED2JVNY",
  "content": "[REDACTED]",
  "id": "lOWvsOsqxNOGJWx",
  "imageUri": null,
  "launchUri": "slack://channel?id=D9ED2JVNY&message=1525580139.000035&team=T9F21EKE2",
  "msg": "1525580139.000035",
  "silent": true,
  "subtitle": "",
  "teamId": "T9F21EKE2",
  "title": "[REDACTED]"
}
[05/06/18, 14:15:40:357] info: Store: SET_FULL_SCREEN
[05/06/18, 14:15:40:362] info: Store: SET_FULL_SCREEN
[05/06/18, 14:15:44:540] info: Store: SET_FULL_SCREEN
[05/06/18, 14:15:44:543] info: Store: SET_FULL_SCREEN
[05/06/18, 14:15:54:364] info: Store: NEW_NOTIFICATION
{
  "avatarImage": null,
  "channel": "C9E929VPV",
  "content": "[REDACTED]",
  "id": "0gj2HrtWv9zw721",
  "imageUri": null,
  "launchUri": "slack://channel?id=C9E929VPV&message=1525580153.000070&team=T9F21EKE2",
  "msg": "1525580153.000070",
  "silent": true,
  "subtitle": "",
  "teamId": "T9F21EKE2",
  "title": "[REDACTED]"
}
[05/06/18, 14:15:58:769] info: Store: SET_FULL_SCREEN
[05/06/18, 14:15:58:770] info: Store: SET_FULL_SCREEN
[05/06/18, 14:16:01:207] info: Store: SELECT_CHANNEL C9P070QNL
[05/06/18, 14:16:02:715] info: Store: SELECT_CHANNEL C9E929VPV
[05/06/18, 14:16:11:938] info: Store: SET_FULL_SCREEN
[05/06/18, 14:16:11:940] info: Store: SET_FULL_SCREEN
[05/06/18, 14:16:12:565] info: Store: SET_FULL_SCREEN
[05/06/18, 14:16:12:566] info: Store: SET_FULL_SCREEN
[05/06/18, 14:16:12:912] info: Store: SET_FULL_SCREEN
[05/06/18, 14:16:12:915] info: Store: SET_FULL_SCREEN
[05/06/18, 14:16:13:559] info: Store: SET_FULL_SCREEN
[05/06/18, 14:16:13:562] info: Store: SET_FULL_SCREEN
[05/06/18, 14:16:13:944] info: Store: SET_FULL_SCREEN
[05/06/18, 14:16:13:945] info: Store: SET_FULL_SCREEN
[05/06/18, 14:16:15:410] info: Store: SET_FULL_SCREEN
[05/06/18, 14:16:15:412] info: Store: SET_FULL_SCREEN
[05/06/18, 14:16:17:407] info: Store: SELECT_CHANNEL D9ED2JVNY
[05/06/18, 14:16:53:352] info: Store: SET_FULL_SCREEN
[05/06/18, 14:16:53:354] info: Store: SET_FULL_SCREEN
[05/06/18, 14:17:33:056] info: Store: SET_FULL_SCREEN
[05/06/18, 14:17:33:059] info: Store: SET_FULL_SCREEN
[05/06/18, 14:17:34:443] info: Store: SET_FULL_SCREEN
[05/06/18, 14:17:34:444] info: Store: SET_FULL_SCREEN
[05/06/18, 14:17:35:457] info: Store: SET_FULL_SCREEN
[05/06/18, 14:17:35:463] info: Store: SET_FULL_SCREEN
[05/06/18, 14:17:39:470] info: Store: SET_FULL_SCREEN
[05/06/18, 14:17:39:474] info: Store: SET_FULL_SCREEN
[05/06/18, 14:18:14:006] info: Store: NEW_NOTIFICATION
{
  "avatarImage": "https://ca.slack-edge.com/T9F21EKE2-U9FF94095-g154b7532efc-512",
  "channel": "D9ED2JVNY",
  "content": "[REDACTED]",
  "id": "nZWYimuZqPRNPv0",
  "imageUri": null,
  "launchUri": "slack://channel?id=D9ED2JVNY&message=1525580293.000024&team=T9F21EKE2",
  "msg": "1525580293.000024",
  "silent": true,
  "subtitle": "",
  "teamId": "T9F21EKE2",
  "title": "[REDACTED]"
}
[05/06/18, 14:18:26:840] info: Store: SET_FULL_SCREEN
[05/06/18, 14:18:26:842] info: Store: SET_FULL_SCREEN
[05/06/18, 14:18:34:607] info: Store: SET_FULL_SCREEN
[05/06/18, 14:18:34:612] info: Store: SET_FULL_SCREEN
[05/06/18, 14:20:18:682] info: Store: NEW_NOTIFICATION
{
  "avatarImage": "https://ca.slack-edge.com/T9F21EKE2-U9FF94095-g154b7532efc-512",
  "channel": "D9ED2JVNY",
  "content": "[REDACTED]",
  "id": "2RlgtZC2Yvy2VlJ",
  "imageUri": null,
  "launchUri": "slack://channel?id=D9ED2JVNY&message=1525580418.000032&team=T9F21EKE2",
  "msg": "1525580418.000032",
  "silent": true,
  "subtitle": "",
  "teamId": "T9F21EKE2",
  "title": "[REDACTED]"
}
[05/06/18, 14:23:50:679] info: Store: SET_FULL_SCREEN
[05/06/18, 14:23:50:685] info: Store: SET_FULL_SCREEN
[05/06/18, 14:24:47:667] info: Store: SET_FULL_SCREEN
[05/06/18, 14:24:47:670] info: Store: SET_FULL_SCREEN
[05/06/18, 14:24:48:907] info: Store: SET_FULL_SCREEN
[05/06/18, 14:24:48:913] info: Store: SET_FULL_SCREEN
[05/06/18, 14:25:13:194] info: Store: SET_FULL_SCREEN
[05/06/18, 14:25:13:196] info: Store: SET_FULL_SCREEN
[05/06/18, 14:25:13:555] info: Store: SET_FULL_SCREEN
[05/06/18, 14:25:13:559] info: Store: SET_FULL_SCREEN
[05/06/18, 14:25:22:450] info: Store: SET_FULL_SCREEN
[05/06/18, 14:25:22:452] info: Store: SET_FULL_SCREEN
[05/06/18, 14:25:29:642] info: Store: SET_FULL_SCREEN
[05/06/18, 14:25:29:647] info: Store: SET_FULL_SCREEN
[05/06/18, 14:25:30:345] info: Store: SET_FULL_SCREEN
[05/06/18, 14:25:30:348] info: Store: SET_FULL_SCREEN
[05/06/18, 14:25:31:074] info: Store: SET_FULL_SCREEN
[05/06/18, 14:25:31:078] info: Store: SET_FULL_SCREEN
[05/06/18, 14:25:31:292] info: Store: SET_FULL_SCREEN
[05/06/18, 14:25:31:293] info: Store: SET_FULL_SCREEN
[05/06/18, 14:29:32:556] info: Store: SET_FULL_SCREEN
[05/06/18, 14:29:32:561] info: Store: SET_FULL_SCREEN
[05/06/18, 14:29:33:399] info: Store: SET_FULL_SCREEN
[05/06/18, 14:29:33:401] info: Store: SET_FULL_SCREEN
[05/06/18, 14:29:33:828] info: Store: SET_FULL_SCREEN
[05/06/18, 14:29:33:829] info: Store: SET_FULL_SCREEN
[05/06/18, 14:29:34:119] info: Store: SET_FULL_SCREEN
[05/06/18, 14:29:34:120] info: Store: SET_FULL_SCREEN
[05/06/18, 14:29:35:871] info: Store: SET_FULL_SCREEN
[05/06/18, 14:29:36:262] info: Store: SET_FULL_SCREEN
[05/06/18, 14:30:15:110] info: Store: SET_FULL_SCREEN
[05/06/18, 14:30:29:452] info: Store: SET_FULL_SCREEN
[05/06/18, 14:32:33:283] info: Store: SET_FULL_SCREEN
[05/06/18, 14:32:43:341] info: Store: SET_FULL_SCREEN
[05/06/18, 14:32:49:982] info: Store: SET_FULL_SCREEN
[05/06/18, 14:33:13:688] info: Store: SET_FULL_SCREEN
[05/06/18, 14:34:31:745] info: Store: SET_FULL_SCREEN
[05/06/18, 14:34:41:659] info: Store: SET_FULL_SCREEN
[05/06/18, 14:34:46:303] info: Store: SET_FULL_SCREEN
[05/06/18, 14:34:46:960] info: Store: SET_FULL_SCREEN
[05/06/18, 14:34:53:577] info: Store: SET_FULL_SCREEN
[05/06/18, 14:34:55:146] info: Store: SET_FULL_SCREEN
[05/06/18, 14:34:55:663] info: Store: SET_FULL_SCREEN
[05/06/18, 14:34:55:913] info: Store: SET_FULL_SCREEN
[05/06/18, 14:35:17:931] info: Store: SET_FULL_SCREEN
[05/06/18, 14:35:51:536] info: Store: SET_FULL_SCREEN
[05/06/18, 14:35:52:011] info: Store: SET_FULL_SCREEN
[05/06/18, 14:35:52:019] info: Store: SET_FULL_SCREEN
[05/06/18, 14:35:53:234] info: Store: SET_FULL_SCREEN
[05/06/18, 14:35:53:236] info: Store: SET_FULL_SCREEN
[05/06/18, 14:36:50:344] info: Store: SET_FULL_SCREEN
[05/06/18, 14:36:50:348] info: Store: SET_FULL_SCREEN
[05/06/18, 14:36:51:878] info: Store: SET_FULL_SCREEN
[05/06/18, 14:36:51:879] info: Store: SET_FULL_SCREEN
[05/06/18, 14:37:00:156] info: Store: SET_FULL_SCREEN
[05/06/18, 14:37:00:166] info: Store: SET_FULL_SCREEN
[05/06/18, 14:37:32:846] info: Store: SET_FULL_SCREEN
[05/06/18, 14:37:32:850] info: Store: SET_FULL_SCREEN
[05/06/18, 14:37:35:668] info: Store: SET_FULL_SCREEN
[05/06/18, 14:37:35:677] info: Store: SET_FULL_SCREEN
[05/06/18, 14:37:36:537] info: Store: SET_FULL_SCREEN
[05/06/18, 14:37:36:538] info: Store: SET_FULL_SCREEN
[05/06/18, 14:37:41:891] info: Store: NEW_NOTIFICATION
{
  "avatarImage": "https://ca.slack-edge.com/T9F21EKE2-U9FF94095-g154b7532efc-512",
  "channel": "D9ED2JVNY",
  "content": "[REDACTED]",
  "id": "oYWvhBF6A5GByj1",
  "imageUri": null,
  "launchUri": "slack://channel?id=D9ED2JVNY&message=1525581461.000047&team=T9F21EKE2",
  "msg": "1525581461.000047",
  "silent": true,
  "subtitle": "",
  "teamId": "T9F21EKE2",
  "title": "[REDACTED]"
}
[05/06/18, 14:37:44:018] info: Store: SET_FULL_SCREEN
[05/06/18, 14:37:44:021] info: Store: SET_FULL_SCREEN
[05/06/18, 14:37:45:091] info: Store: SET_FULL_SCREEN
[05/06/18, 14:37:45:093] info: Store: SET_FULL_SCREEN
[05/06/18, 14:37:48:664] info: Store: SET_FULL_SCREEN
[05/06/18, 14:37:48:674] info: Store: SET_FULL_SCREEN
[05/06/18, 14:37:49:211] info: Store: SET_FULL_SCREEN
[05/06/18, 14:37:49:212] info: Store: SET_FULL_SCREEN
[05/06/18, 14:37:59:032] info: Store: SET_FULL_SCREEN
[05/06/18, 14:37:59:036] info: Store: SET_FULL_SCREEN
[05/06/18, 14:37:59:901] info: Store: SET_FULL_SCREEN
[05/06/18, 14:37:59:902] info: Store: SET_FULL_SCREEN
[05/06/18, 14:38:02:217] info: Store: SET_FULL_SCREEN
[05/06/18, 14:38:02:223] info: Store: SET_FULL_SCREEN
[05/06/18, 14:38:02:809] info: Store: SET_FULL_SCREEN
[05/06/18, 14:38:02:811] info: Store: SET_FULL_SCREEN
[05/06/18, 14:38:31:284] info: Store: SET_FULL_SCREEN
[05/06/18, 14:38:31:289] info: Store: SET_FULL_SCREEN
[05/06/18, 14:38:32:111] info: Store: SET_FULL_SCREEN
[05/06/18, 14:38:32:112] info: Store: SET_FULL_SCREEN
[05/06/18, 14:38:58:863] info: Store: SET_FULL_SCREEN
[05/06/18, 14:38:58:865] info: Store: SET_FULL_SCREEN
[05/06/18, 14:39:05:349] info: Store: SET_FULL_SCREEN
[05/06/18, 14:39:05:350] info: Store: SET_FULL_SCREEN
[05/06/18, 14:39:13:173] info: Store: SET_FULL_SCREEN
[05/06/18, 14:39:13:179] info: Store: SET_FULL_SCREEN
[05/06/18, 14:39:13:682] info: Store: SET_FULL_SCREEN
[05/06/18, 14:39:13:684] info: Store: SET_FULL_SCREEN
[05/06/18, 14:39:20:609] info: Store: SET_FULL_SCREEN
[05/06/18, 14:39:20:616] info: Store: SET_FULL_SCREEN
[05/06/18, 14:39:21:530] info: Store: SET_FULL_SCREEN
[05/06/18, 14:39:21:532] info: Store: SET_FULL_SCREEN
[05/06/18, 14:39:30:089] info: Store: SET_FULL_SCREEN
[05/06/18, 14:39:30:096] info: Store: SET_FULL_SCREEN
[05/06/18, 14:39:30:640] info: Store: SET_FULL_SCREEN
[05/06/18, 14:39:30:642] info: Store: SET_FULL_SCREEN
[05/06/18, 14:39:33:484] info: Store: NEW_NOTIFICATION
{
  "avatarImage": "https://ca.slack-edge.com/T9F21EKE2-U9FF94095-g154b7532efc-512",
  "channel": "D9ED2JVNY",
  "content": "[REDACTED]",
  "id": "wj6ECPHKrlnzXKR",
  "imageUri": null,
  "launchUri": "slack://channel?id=D9ED2JVNY&message=1525581573.000012&team=T9F21EKE2",
  "msg": "1525581573.000012",
  "silent": true,
  "subtitle": "",
  "teamId": "T9F21EKE2",
  "title": "[REDACTED]"
}
[05/06/18, 14:39:34:164] info: Store: SET_FULL_SCREEN
[05/06/18, 14:39:34:169] info: Store: SET_FULL_SCREEN
[05/06/18, 14:39:34:387] info: Store: SET_FULL_SCREEN
[05/06/18, 14:39:34:390] info: Store: SET_FULL_SCREEN
[05/06/18, 14:39:35:064] info: Store: SET_FULL_SCREEN
[05/06/18, 14:39:35:070] info: Store: SET_FULL_SCREEN
[05/06/18, 14:40:20:359] info: Store: SET_FULL_SCREEN
[05/06/18, 14:40:20:361] info: Store: SET_FULL_SCREEN
[05/06/18, 14:40:21:692] info: Store: SET_FULL_SCREEN
[05/06/18, 14:40:21:703] info: Store: SET_FULL_SCREEN
[05/06/18, 14:40:22:431] info: Store: SET_FULL_SCREEN
[05/06/18, 14:40:22:436] info: Store: SET_FULL_SCREEN
[05/06/18, 14:40:23:161] info: Store: SET_FULL_SCREEN
[05/06/18, 14:40:23:165] info: Store: SET_FULL_SCREEN
[05/06/18, 14:40:23:910] info: Store: SET_FULL_SCREEN
[05/06/18, 14:40:23:910] info: Store: SET_FULL_SCREEN
[05/06/18, 14:40:24:539] info: Store: SET_FULL_SCREEN
[05/06/18, 14:40:24:545] info: Store: SET_FULL_SCREEN
[05/06/18, 14:40:24:836] info: Store: SET_FULL_SCREEN
[05/06/18, 14:40:24:837] info: Store: SET_FULL_SCREEN
[05/06/18, 14:40:47:460] info: Store: SET_FULL_SCREEN
[05/06/18, 14:40:47:469] info: Store: SET_FULL_SCREEN
[05/06/18, 14:41:06:353] info: Store: SET_FULL_SCREEN
[05/06/18, 14:41:06:354] info: Store: SET_FULL_SCREEN
[05/06/18, 14:41:07:410] info: Store: SET_FULL_SCREEN
[05/06/18, 14:41:07:425] info: Store: SET_FULL_SCREEN
[05/06/18, 14:41:07:734] info: Store: SET_FULL_SCREEN
[05/06/18, 14:41:07:736] info: Store: SET_FULL_SCREEN
[05/06/18, 14:41:07:986] info: Store: NEW_NOTIFICATION
{
  "avatarImage": "https://ca.slack-edge.com/T9F21EKE2-U9FF94095-g154b7532efc-512",
  "channel": "D9ED2JVNY",
  "content": "[REDACTED]",
  "id": "nZWYirIZqPRjMWY",
  "imageUri": null,
  "launchUri": "slack://channel?id=D9ED2JVNY&message=1525581667.000026&team=T9F21EKE2",
  "msg": "1525581667.000026",
  "silent": true,
  "subtitle": "",
  "teamId": "T9F21EKE2",
  "title": "[REDACTED]"
}
[05/06/18, 14:41:08:581] info: Store: SET_FULL_SCREEN
[05/06/18, 14:41:08:588] info: Store: SET_FULL_SCREEN
[05/06/18, 14:41:32:661] info: Store: SET_FULL_SCREEN
[05/06/18, 14:41:32:663] info: Store: SET_FULL_SCREEN
[05/06/18, 14:41:33:371] info: Store: SET_FULL_SCREEN
[05/06/18, 14:41:33:375] info: Store: SET_FULL_SCREEN
[05/06/18, 14:41:33:565] info: Store: SET_FULL_SCREEN
[05/06/18, 14:41:33:566] info: Store: SET_FULL_SCREEN
[05/06/18, 14:41:37:323] info: Store: SET_FULL_SCREEN
[05/06/18, 14:41:37:335] info: Store: SET_FULL_SCREEN
[05/06/18, 14:41:37:766] info: Store: SET_FULL_SCREEN
[05/06/18, 14:41:37:769] info: Store: SET_FULL_SCREEN
[05/06/18, 14:41:38:056] info: Store: SET_FULL_SCREEN
[05/06/18, 14:41:38:063] info: Store: SET_FULL_SCREEN
[05/06/18, 14:42:24:999] info: Store: SET_FULL_SCREEN
[05/06/18, 14:42:25:000] info: Store: SET_FULL_SCREEN
[05/06/18, 14:42:25:074] info: Store: NEW_NOTIFICATION
{
  "avatarImage": "https://ca.slack-edge.com/T9F21EKE2-U9FF94095-g154b7532efc-512",
  "channel": "D9ED2JVNY",
  "content": "[REDACTED]",
  "id": "MjnECDSW8RZ2N5n",
  "imageUri": null,
  "launchUri": "slack://channel?id=D9ED2JVNY&message=1525581744.000020&team=T9F21EKE2",
  "msg": "1525581744.000020",
  "silent": true,
  "subtitle": "",
  "teamId": "T9F21EKE2",
  "title": "[REDACTED]"
}
[05/06/18, 14:42:25:572] info: Store: SET_FULL_SCREEN
[05/06/18, 14:42:25:577] info: Store: SET_FULL_SCREEN
[05/06/18, 14:42:28:790] info: Store: SET_FULL_SCREEN
[05/06/18, 14:42:28:792] info: Store: SET_FULL_SCREEN
[05/06/18, 14:42:31:461] info: Store: SET_FULL_SCREEN
[05/06/18, 14:42:31:471] info: Store: SET_FULL_SCREEN
[05/06/18, 14:42:37:224] info: Store: SET_FULL_SCREEN
[05/06/18, 14:42:37:224] info: Store: SET_FULL_SCREEN
[05/06/18, 14:42:38:372] info: Store: SET_FULL_SCREEN
[05/06/18, 14:42:38:382] info: Store: SET_FULL_SCREEN
[05/06/18, 14:42:38:619] info: Store: SET_FULL_SCREEN
[05/06/18, 14:42:38:620] info: Store: SET_FULL_SCREEN
[05/06/18, 14:42:38:976] info: Store: SET_FULL_SCREEN
[05/06/18, 14:42:38:984] info: Store: SET_FULL_SCREEN
[05/06/18, 14:42:39:147] info: Store: SET_FULL_SCREEN
[05/06/18, 14:42:39:148] info: Store: SET_FULL_SCREEN
[05/06/18, 14:42:41:452] info: Store: SET_FULL_SCREEN
[05/06/18, 14:42:41:459] info: Store: SET_FULL_SCREEN
[05/06/18, 14:42:41:839] info: Store: SET_FULL_SCREEN
[05/06/18, 14:42:41:841] info: Store: SET_FULL_SCREEN
[05/06/18, 14:42:44:228] info: Store: SET_FULL_SCREEN
[05/06/18, 14:42:44:238] info: Store: SET_FULL_SCREEN
[05/06/18, 14:42:44:429] info: Store: SET_FULL_SCREEN
[05/06/18, 14:42:44:431] info: Store: SET_FULL_SCREEN
[05/06/18, 14:43:26:007] info: Store: SET_FULL_SCREEN
[05/06/18, 14:43:26:016] info: Store: SET_FULL_SCREEN
[05/06/18, 14:43:26:815] info: Store: SET_FULL_SCREEN
[05/06/18, 14:43:26:819] info: Store: SET_FULL_SCREEN
[05/06/18, 14:43:31:482] info: Store: SET_FULL_SCREEN
[05/06/18, 14:43:31:491] info: Store: SET_FULL_SCREEN
[05/06/18, 14:43:31:970] info: Store: SET_FULL_SCREEN
[05/06/18, 14:43:31:971] info: Store: SET_FULL_SCREEN
[05/06/18, 14:44:34:196] info: Store: SET_FULL_SCREEN
[05/06/18, 14:44:34:202] info: Store: SET_FULL_SCREEN
[05/06/18, 14:44:35:439] info: Store: SET_FULL_SCREEN
[05/06/18, 14:44:35:441] info: Store: SET_FULL_SCREEN
[05/06/18, 14:44:53:949] info: Store: SET_FULL_SCREEN
[05/06/18, 14:44:53:957] info: Store: SET_FULL_SCREEN
[05/06/18, 14:44:55:066] info: Store: SET_FULL_SCREEN
[05/06/18, 14:44:55:069] info: Store: SET_FULL_SCREEN
[05/06/18, 14:48:48:699] info: Store: SET_FULL_SCREEN
[05/06/18, 14:48:48:706] info: Store: SET_FULL_SCREEN
[05/06/18, 14:48:49:459] info: Store: SET_FULL_SCREEN
[05/06/18, 14:48:49:462] info: Store: SET_FULL_SCREEN
[05/06/18, 14:49:18:403] info: Store: SET_FULL_SCREEN
[05/06/18, 14:49:18:407] info: Store: SET_FULL_SCREEN
[05/06/18, 14:49:19:194] info: Store: SET_FULL_SCREEN
[05/06/18, 14:49:19:198] info: Store: SET_FULL_SCREEN
[05/06/18, 14:50:19:345] info: Store: SET_FULL_SCREEN
[05/06/18, 14:50:19:353] info: Store: SET_FULL_SCREEN
[05/06/18, 14:50:20:169] info: Store: SET_FULL_SCREEN
[05/06/18, 14:50:20:170] info: Store: SET_FULL_SCREEN
[05/06/18, 14:50:24:253] info: Store: SET_FULL_SCREEN
[05/06/18, 14:50:24:254] info: Store: SET_FULL_SCREEN
[05/06/18, 14:50:24:881] info: Store: SET_FULL_SCREEN
[05/06/18, 14:50:24:881] info: Store: SET_FULL_SCREEN
[05/06/18, 14:53:02:550] info: Store: SET_FULL_SCREEN
[05/06/18, 14:53:02:556] info: Store: SET_FULL_SCREEN
[05/06/18, 14:53:03:116] info: Store: SET_FULL_SCREEN
[05/06/18, 14:53:03:116] info: Store: SET_FULL_SCREEN
[05/06/18, 14:53:15:177] info: Store: SET_FULL_SCREEN
[05/06/18, 14:53:15:181] info: Store: SET_FULL_SCREEN
[05/06/18, 14:53:16:037] info: Store: SET_FULL_SCREEN
[05/06/18, 14:53:16:039] info: Store: SET_FULL_SCREEN
[05/06/18, 14:53:22:976] info: Store: SET_FULL_SCREEN
[05/06/18, 14:53:22:982] info: Store: SET_FULL_SCREEN
[05/06/18, 14:53:24:043] info: Store: SET_FULL_SCREEN
[05/06/18, 14:53:24:044] info: Store: SET_FULL_SCREEN
[05/06/18, 14:53:34:811] info: Store: SET_FULL_SCREEN
[05/06/18, 14:53:34:821] info: Store: SET_FULL_SCREEN
[05/06/18, 14:53:35:724] info: Store: SET_FULL_SCREEN
[05/06/18, 14:53:35:726] info: Store: SET_FULL_SCREEN
[05/06/18, 14:53:42:564] info: Store: SET_FULL_SCREEN
[05/06/18, 14:53:42:570] info: Store: SET_FULL_SCREEN
[05/06/18, 14:53:43:168] info: Store: SET_FULL_SCREEN
[05/06/18, 14:53:43:176] info: Store: SET_FULL_SCREEN
[05/06/18, 14:53:46:978] info: Store: SET_FULL_SCREEN
[05/06/18, 14:53:46:984] info: Store: SET_FULL_SCREEN
[05/06/18, 14:53:47:901] info: Store: SET_FULL_SCREEN
[05/06/18, 14:53:47:904] info: Store: SET_FULL_SCREEN
[05/06/18, 14:53:51:655] info: Store: SET_FULL_SCREEN
[05/06/18, 14:53:51:661] info: Store: SET_FULL_SCREEN
[05/06/18, 14:53:52:078] info: Store: SET_FULL_SCREEN
[05/06/18, 14:53:52:080] info: Store: SET_FULL_SCREEN
[05/06/18, 14:55:35:840] info: Store: NEW_NOTIFICATION
{
  "avatarImage": "https://ca.slack-edge.com/T9F21EKE2-U9FF94095-g154b7532efc-512",
  "channel": "D9ED2JVNY",
  "content": "[REDACTED]",
  "id": "j2WvigT78YDmwjA",
  "imageUri": null,
  "launchUri": "slack://channel?id=D9ED2JVNY&message=1525582535.000037&team=T9F21EKE2",
  "msg": "1525582535.000037",
  "silent": true,
  "subtitle": "",
  "teamId": "T9F21EKE2",
  "title": "[REDACTED]"
}
[05/06/18, 14:55:37:849] info: Store: CLICK_NOTIFICATION
{
  "channel": "D9ED2JVNY",
  "messageId": "1525582535.000037",
  "notificationId": "j2WvigT78YDmwjA",
  "teamId": "T9F21EKE2"
}
[05/06/18, 14:55:37:850] info: Store: SELECT_TEAM T9F21EKE2
[05/06/18, 14:55:37:852] info: Store: SET_FULL_SCREEN
[05/06/18, 14:55:39:423] info: Store: SET_FULL_SCREEN
[05/06/18, 14:55:39:426] info: Store: SET_FULL_SCREEN
[05/06/18, 14:55:39:427] info: Store: SET_FULL_SCREEN
[05/06/18, 14:55:51:940] info: Store: SET_FULL_SCREEN
[05/06/18, 14:55:51:943] info: Store: SET_FULL_SCREEN
[05/06/18, 14:56:08:958] info: Store: NEW_NOTIFICATION
{
  "avatarImage": "https://ca.slack-edge.com/T9F21EKE2-U9FF94095-g154b7532efc-512",
  "channel": "D9ED2JVNY",
  "content": "[REDACTED]",
  "id": "zmgBuvUKj7Rz01R",
  "imageUri": null,
  "launchUri": "slack://channel?id=D9ED2JVNY&message=1525582568.000069&team=T9F21EKE2",
  "msg": "1525582568.000069",
  "silent": true,
  "subtitle": "",
  "teamId": "T9F21EKE2",
  "title": "[REDACTED]"
}
[05/06/18, 14:59:34:841] info: Store: SET_FULL_SCREEN
[05/06/18, 14:59:34:845] info: Store: SET_FULL_SCREEN
[05/06/18, 14:59:36:031] info: Store: SET_FULL_SCREEN
[05/06/18, 14:59:36:032] info: Store: SET_FULL_SCREEN
[05/06/18, 14:59:53:419] info: Store: SET_FULL_SCREEN
[05/06/18, 14:59:53:423] info: Store: SET_FULL_SCREEN
[05/06/18, 14:59:54:289] info: Store: SET_FULL_SCREEN
[05/06/18, 14:59:54:293] info: Store: SET_FULL_SCREEN
[05/06/18, 14:59:55:943] info: Store: SET_FULL_SCREEN
[05/06/18, 14:59:55:951] info: Store: SET_FULL_SCREEN
[05/06/18, 14:59:56:879] info: Store: SET_FULL_SCREEN
[05/06/18, 14:59:56:879] info: Store: SET_FULL_SCREEN
[05/06/18, 14:59:59:954] info: Store: SET_FULL_SCREEN
[05/06/18, 14:59:59:959] info: Store: SET_FULL_SCREEN
[05/06/18, 15:00:00:137] info: Store: SET_FULL_SCREEN
[05/06/18, 15:00:00:140] info: Store: SET_FULL_SCREEN
[05/06/18, 15:00:01:078] info: Store: SET_FULL_SCREEN
[05/06/18, 15:00:01:090] info: Store: SET_FULL_SCREEN
[05/06/18, 15:00:01:409] info: Store: SET_FULL_SCREEN
[05/06/18, 15:00:01:411] info: Store: SET_FULL_SCREEN
[05/06/18, 15:00:02:218] info: Store: SET_FULL_SCREEN
[05/06/18, 15:00:02:227] info: Store: SET_FULL_SCREEN
[05/06/18, 15:00:02:401] info: Store: SET_FULL_SCREEN
[05/06/18, 15:00:02:405] info: Store: SET_FULL_SCREEN
[05/06/18, 15:00:25:890] info: Store: SET_FULL_SCREEN
[05/06/18, 15:00:25:896] info: Store: SET_FULL_SCREEN
[05/06/18, 15:00:26:773] info: Store: SET_FULL_SCREEN
[05/06/18, 15:00:26:773] info: Store: SET_FULL_SCREEN
[05/06/18, 15:01:00:550] info: Store: SET_FULL_SCREEN
[05/06/18, 15:01:00:557] info: Store: SET_FULL_SCREEN
[05/06/18, 15:01:03:052] info: Store: SET_FULL_SCREEN
[05/06/18, 15:01:03:053] info: Store: SET_FULL_SCREEN
[05/06/18, 15:01:13:991] info: Store: SET_FULL_SCREEN
[05/06/18, 15:01:13:995] info: Store: SET_FULL_SCREEN
[05/06/18, 15:01:14:675] info: Store: SET_FULL_SCREEN
[05/06/18, 15:01:14:677] info: Store: SET_FULL_SCREEN
[05/06/18, 15:01:42:170] info: Store: NEW_NOTIFICATION
{
  "avatarImage": "https://ca.slack-edge.com/T9F21EKE2-U9FF94095-g154b7532efc-512",
  "channel": "D9ED2JVNY",
  "content": "[REDACTED]",
  "id": "48nkSAcWGXY9vQY",
  "imageUri": null,
  "launchUri": "slack://channel?id=D9ED2JVNY&message=1525582901.000050&team=T9F21EKE2",
  "msg": "1525582901.000050",
  "silent": true,
  "subtitle": "",
  "teamId": "T9F21EKE2",
  "title": "[REDACTED]"
}
[05/06/18, 15:01:43:399] info: Store: CLICK_NOTIFICATION
{
  "channel": "D9ED2JVNY",
  "messageId": "1525582901.000050",
  "notificationId": "48nkSAcWGXY9vQY",
  "teamId": "T9F21EKE2"
}
[05/06/18, 15:01:43:402] info: Store: SELECT_TEAM T9F21EKE2
[05/06/18, 15:01:43:407] info: Store: SET_FULL_SCREEN
[05/06/18, 15:01:44:215] info: Store: SET_FULL_SCREEN
[05/06/18, 15:01:44:218] info: Store: SET_FULL_SCREEN
[05/06/18, 15:01:44:218] info: Store: SET_FULL_SCREEN
[05/06/18, 15:01:53:830] info: Store: SET_FULL_SCREEN
[05/06/18, 15:01:53:831] info: Store: SET_FULL_SCREEN
[05/06/18, 15:01:55:190] info: Store: NEW_NOTIFICATION
{
  "avatarImage": "https://ca.slack-edge.com/T9F21EKE2-U9FF94095-g154b7532efc-512",
  "channel": "D9ED2JVNY",
  "content": "[REDACTED]",
  "id": "AnEQimfYKXoKvQ4",
  "imageUri": null,
  "launchUri": "slack://channel?id=D9ED2JVNY&message=1525582915.000004&team=T9F21EKE2",
  "msg": "1525582915.000004",
  "silent": true,
  "subtitle": "",
  "teamId": "T9F21EKE2",
  "title": "[REDACTED]"
}
[05/06/18, 15:01:56:490] info: Store: SET_FULL_SCREEN
[05/06/18, 15:01:56:499] info: Store: SET_FULL_SCREEN
[05/06/18, 15:02:33:861] info: Store: SET_FULL_SCREEN
[05/06/18, 15:02:33:863] info: Store: SET_FULL_SCREEN
[05/06/18, 15:02:35:709] info: Store: SET_FULL_SCREEN
[05/06/18, 15:02:35:721] info: Store: SET_FULL_SCREEN
[05/06/18, 15:03:20:384] info: Store: SET_FULL_SCREEN
[05/06/18, 15:03:20:385] info: Store: SET_FULL_SCREEN
[05/06/18, 15:03:24:952] info: Store: NEW_NOTIFICATION
{
  "avatarImage": "https://ca.slack-edge.com/T9F21EKE2-U9FF94095-g154b7532efc-512",
  "channel": "D9ED2JVNY",
  "content": "[REDACTED]",
  "id": "GZNYijhQDWw57ZR",
  "imageUri": null,
  "launchUri": "slack://channel?id=D9ED2JVNY&message=1525583004.000044&team=T9F21EKE2",
  "msg": "1525583004.000044",
  "silent": true,
  "subtitle": "",
  "teamId": "T9F21EKE2",
  "title": "[REDACTED]"
}
[05/06/18, 15:03:29:613] info: Store: SET_FULL_SCREEN
[05/06/18, 15:03:29:615] info: Store: SET_FULL_SCREEN
[05/06/18, 15:03:54:202] info: Store: SET_FULL_SCREEN
[05/06/18, 15:03:54:204] info: Store: SET_FULL_SCREEN
[05/06/18, 15:03:55:209] info: Store: SET_FULL_SCREEN
[05/06/18, 15:03:55:216] info: Store: SET_FULL_SCREEN
[05/06/18, 15:04:28:330] info: Store: SET_FULL_SCREEN
[05/06/18, 15:04:28:332] info: Store: SET_FULL_SCREEN
[05/06/18, 15:04:29:146] info: Store: SET_FULL_SCREEN
[05/06/18, 15:04:29:151] info: Store: SET_FULL_SCREEN
[05/06/18, 15:04:37:256] info: Store: SET_FULL_SCREEN
[05/06/18, 15:04:37:257] info: Store: SET_FULL_SCREEN
[05/06/18, 15:04:39:448] info: Store: SET_FULL_SCREEN
[05/06/18, 15:04:39:455] info: Store: SET_FULL_SCREEN
[05/06/18, 15:04:40:019] info: Store: SET_FULL_SCREEN
[05/06/18, 15:04:40:020] info: Store: SET_FULL_SCREEN
[05/06/18, 15:05:02:371] info: Store: NEW_NOTIFICATION
{
  "avatarImage": "https://ca.slack-edge.com/T9F21EKE2-U9FF94095-g154b7532efc-512",
  "channel": "D9ED2JVNY",
  "content": "[REDACTED]",
  "id": "zmgBu9iKj7R3M9R",
  "imageUri": null,
  "launchUri": "slack://channel?id=D9ED2JVNY&message=1525583102.000004&team=T9F21EKE2",
  "msg": "1525583102.000004",
  "silent": true,
  "subtitle": "",
  "teamId": "T9F21EKE2",
  "title": "[REDACTED]"
}
[05/06/18, 15:05:07:681] info: Store: SET_FULL_SCREEN
[05/06/18, 15:05:07:685] info: Store: SET_FULL_SCREEN
[05/06/18, 15:05:20:833] info: Store: SET_FULL_SCREEN
[05/06/18, 15:05:23:465] info: Store: SET_FULL_SCREEN
[05/06/18, 15:05:23:913] info: Store: SET_FULL_SCREEN
[05/06/18, 15:05:24:912] info: Store: SAVE_WINDOW_SETTINGS
{
  "isMaximized": false,
  "position": [
    0,
    58
  ],
  "size": [
    720,
    842
  ]
}
[05/06/18, 15:05:27:385] info: Store: SET_FULL_SCREEN
[05/06/18, 15:05:29:331] info: Store: SAVE_WINDOW_SETTINGS
{
  "isMaximized": true,
  "position": [
    208,
    81
  ],
  "size": [
    1024,
    768
  ]
}
[05/06/18, 15:05:32:060] info: Store: SET_FULL_SCREEN
[05/06/18, 15:05:32:061] info: Store: SET_FULL_SCREEN
[05/06/18, 15:05:46:382] info: Store: NEW_NOTIFICATION
{
  "avatarImage": "https://ca.slack-edge.com/T9F21EKE2-U9FF94095-g154b7532efc-512",
  "channel": "D9ED2JVNY",
  "content": "[REDACTED]",
  "id": "DRKYtvsZNnQPDoP",
  "imageUri": null,
  "launchUri": "slack://channel?id=D9ED2JVNY&message=1525583146.000012&team=T9F21EKE2",
  "msg": "1525583146.000012",
  "silent": true,
  "subtitle": "",
  "teamId": "T9F21EKE2",
  "title": "[REDACTED]"
}
[05/06/18, 15:06:28:439] info: Store: SET_FULL_SCREEN
[05/06/18, 15:06:28:442] info: Store: SET_FULL_SCREEN
[05/06/18, 15:06:32:355] info: Store: SET_FULL_SCREEN
[05/06/18, 15:06:32:355] info: Store: SET_FULL_SCREEN
[05/06/18, 15:07:12:471] info: Store: SET_FULL_SCREEN
[05/06/18, 15:07:12:476] info: Store: SET_FULL_SCREEN
[05/06/18, 15:07:13:175] info: Store: SET_FULL_SCREEN
[05/06/18, 15:07:13:177] info: Store: SET_FULL_SCREEN
[05/06/18, 15:07:44:418] info: Store: SET_FULL_SCREEN
[05/06/18, 15:07:44:428] info: Store: SET_FULL_SCREEN
[05/06/18, 15:07:45:805] info: Store: SET_FULL_SCREEN
[05/06/18, 15:07:45:808] info: Store: SET_FULL_SCREEN
[05/06/18, 15:07:46:335] info: Store: SET_FULL_SCREEN
[05/06/18, 15:07:46:339] info: Store: SET_FULL_SCREEN
[05/06/18, 15:07:46:913] info: Store: SET_FULL_SCREEN
[05/06/18, 15:07:46:914] info: Store: SET_FULL_SCREEN
[05/06/18, 15:07:59:096] info: Store: SET_FULL_SCREEN
[05/06/18, 15:07:59:102] info: Store: SET_FULL_SCREEN
[05/06/18, 15:07:59:756] info: Store: SET_FULL_SCREEN
[05/06/18, 15:07:59:758] info: Store: SET_FULL_SCREEN
[05/06/18, 15:09:58:791] info: Store: SET_FULL_SCREEN
[05/06/18, 15:09:58:797] info: Store: SET_FULL_SCREEN
[05/06/18, 15:09:59:365] info: Store: SET_FULL_SCREEN
[05/06/18, 15:09:59:367] info: Store: SET_FULL_SCREEN
[05/06/18, 15:10:04:948] info: Store: SET_FULL_SCREEN
[05/06/18, 15:10:04:954] info: Store: SET_FULL_SCREEN
[05/06/18, 15:10:05:511] info: Store: SET_FULL_SCREEN
[05/06/18, 15:10:05:512] info: Store: SET_FULL_SCREEN
[05/06/18, 15:10:25:895] info: Store: SET_FULL_SCREEN
[05/06/18, 15:10:25:900] info: Store: SET_FULL_SCREEN
[05/06/18, 15:10:27:070] info: Store: SET_FULL_SCREEN
[05/06/18, 15:10:27:073] info: Store: SET_FULL_SCREEN
[05/06/18, 15:10:27:397] info: Store: SET_FULL_SCREEN
[05/06/18, 15:10:27:403] info: Store: SET_FULL_SCREEN
[05/06/18, 15:10:27:654] info: Store: SET_FULL_SCREEN
[05/06/18, 15:10:27:655] info: Store: SET_FULL_SCREEN
[05/06/18, 15:11:06:397] info: Store: SET_FULL_SCREEN
[05/06/18, 15:11:06:399] info: Store: SET_FULL_SCREEN
[05/06/18, 15:11:06:416] info: Store: SET_FULL_SCREEN
[05/06/18, 15:11:06:418] info: Store: SET_FULL_SCREEN
[05/06/18, 15:11:06:419] info: Store: SET_FULL_SCREEN
[05/06/18, 15:11:20:234] info: Store: NEW_NOTIFICATION
{
  "avatarImage": "https://ca.slack-edge.com/T9F21EKE2-U9FF94095-g154b7532efc-512",
  "channel": "D9ED2JVNY",
  "content": "[REDACTED]",
  "id": "Q1rNsxtkWO43gq2",
  "imageUri": null,
  "launchUri": "slack://channel?id=D9ED2JVNY&message=1525583479.000051&team=T9F21EKE2",
  "msg": "1525583479.000051",
  "silent": true,
  "subtitle": "",
  "teamId": "T9F21EKE2",
  "title": "[REDACTED]"
}
[05/06/18, 15:11:35:558] info: Store: SET_FULL_SCREEN
[05/06/18, 15:11:35:560] info: Store: SET_FULL_SCREEN
[05/06/18, 15:11:40:526] info: Store: NEW_NOTIFICATION
{
  "avatarImage": "https://ca.slack-edge.com/T9F21EKE2-U9FF94095-g154b7532efc-512",
  "channel": "D9ED2JVNY",
  "content": "[REDACTED]",
  "id": "MjnECguW8RZpE2Z",
  "imageUri": null,
  "launchUri": "slack://channel?id=D9ED2JVNY&message=1525583500.000007&team=T9F21EKE2",
  "msg": "1525583500.000007",
  "silent": true,
  "subtitle": "",
  "teamId": "T9F21EKE2",
  "title": "[REDACTED]"
}
[05/06/18, 15:11:43:974] info: Store: CLICK_NOTIFICATION
{
  "channel": "D9ED2JVNY",
  "messageId": "1525583500.000007",
  "notificationId": "MjnECguW8RZpE2Z",
  "teamId": "T9F21EKE2"
}
[05/06/18, 15:11:43:975] info: Store: SELECT_TEAM T9F21EKE2
[05/06/18, 15:11:43:977] info: Store: SET_FULL_SCREEN
[05/06/18, 15:11:44:183] info: Store: NEW_NOTIFICATION
{
  "avatarImage": "https://ca.slack-edge.com/T9F21EKE2-U9FF94095-g154b7532efc-512",
  "channel": "D9ED2JVNY",
  "content": "[REDACTED]",
  "id": "r0WEH5Cykx9llRp",
  "imageUri": null,
  "launchUri": "slack://channel?id=D9ED2JVNY&message=1525583503.000076&team=T9F21EKE2",
  "msg": "1525583503.000076",
  "silent": true,
  "subtitle": "",
  "teamId": "T9F21EKE2",
  "title": "[REDACTED]"
}
[05/06/18, 15:11:45:594] info: Store: CLICK_NOTIFICATION
{
  "channel": "D9ED2JVNY",
  "messageId": "1525583503.000076",
  "notificationId": "r0WEH5Cykx9llRp",
  "teamId": "T9F21EKE2"
}
[05/06/18, 15:11:45:596] info: Store: SELECT_TEAM T9F21EKE2
[05/06/18, 15:11:47:338] info: Store: SET_FULL_SCREEN
[05/06/18, 15:11:47:343] info: Store: SET_FULL_SCREEN
[05/06/18, 15:11:47:343] info: Store: SET_FULL_SCREEN
[05/06/18, 15:12:42:105] info: Store: SET_FULL_SCREEN
[05/06/18, 15:12:42:107] info: Store: SET_FULL_SCREEN
[05/06/18, 15:12:42:557] info: Store: SET_FULL_SCREEN
[05/06/18, 15:12:42:559] info: Store: SET_FULL_SCREEN
[05/06/18, 15:12:44:725] info: Store: SET_FULL_SCREEN
[05/06/18, 15:12:55:063] info: Store: SET_FULL_SCREEN
[05/06/18, 15:12:56:382] info: Store: SET_FULL_SCREEN
[05/06/18, 15:12:56:383] info: Store: SET_FULL_SCREEN
[05/06/18, 15:12:57:382] info: Store: SAVE_WINDOW_SETTINGS
{
  "isMaximized": false,
  "position": [
    10,
    38
  ],
  "size": [
    1440,
    842
  ]
}
