[05/01/18, 08:34:59:304] info: ╔═════════════════════════════════════════════════════════════════════════════════╗
[05/01/18, 08:34:59:305] info: ║      Slack 3.1.1, linux 4.13.0-38-generic on x64 at 05/01/18, 08:34:59:300      ║
[05/01/18, 08:34:59:305] info: ╚═════════════════════════════════════════════════════════════════════════════════╝
[05/01/18, 08:34:59:421] info: Initializing local storage instance at path: /home/bella/.config/Slack/local-settings.json
[05/01/18, 08:35:00:864] info: Store: SET_NETWORK_STATUS online
[05/01/18, 08:35:06:194] info: Store: SELECT_CHANNEL D9ED2JVNY
[05/01/18, 08:35:06:198] info: Store: UPDATE_TEAM_LOCALE
{
  "locale": "en-US"
}
[05/01/18, 08:35:06:200] info: Store: UPDATE_SETTINGS
{
  "locale": "en-US"
}
[05/01/18, 08:35:06:517] info: Store: UPSERT_WEB_CONTENTS
{
  "id": 3,
  "state": "loaded",
  "teamId": "T9F21EKE2"
}
[05/01/18, 08:35:06:527] info: Store: MAIN_WINDOW_SHOWN
