[05/02/18, 17:54:13:974] info: ╔═════════════════════════════════════════════════════════════════════════════════╗
[05/02/18, 17:54:13:975] info: ║      Slack 3.1.1, linux 4.13.0-38-generic on x64 at 05/02/18, 17:54:13:972      ║
[05/02/18, 17:54:13:975] info: ╚═════════════════════════════════════════════════════════════════════════════════╝
[05/02/18, 17:54:14:173] info: Initializing local storage instance at path: /home/bella/.config/Slack/local-settings.json
[05/02/18, 17:54:14:292] info: NetworkStatus: Waiting for network online…
[05/02/18, 17:54:14:834] info: NetworkStatus: Response from api.test
{
  "status": "online"
}
[05/02/18, 17:54:15:238] info: Store: SET_NETWORK_STATUS online
[05/02/18, 17:54:20:569] info: Store: UPSERT_WEB_CONTENTS
{
  "id": 3,
  "state": "loaded",
  "teamId": "T9F21EKE2"
}
[05/02/18, 17:54:20:573] info: Store: MAIN_WINDOW_SHOWN
[05/02/18, 17:54:20:594] info: Store: SET_FULL_SCREEN
[05/02/18, 17:54:20:595] info: Store: SET_FULL_SCREEN
[05/02/18, 17:54:20:596] info: Store: SET_FULL_SCREEN
[05/02/18, 17:54:20:991] info: Store: UPDATE_SESSION_STATUS
{
  "hasValidSession": true,
  "teamId": "T9F21EKE2"
}
[05/02/18, 17:54:21:559] info: Store: SELECT_CHANNEL C9F21EML6
[05/02/18, 17:54:21:562] info: Store: UPDATE_TEAM_LOCALE
{
  "locale": "en-US",
  "teamId": "T9F21EKE2"
}
[05/02/18, 17:54:21:564] info: Store: UPDATE_SETTINGS
{
  "locale": "en-US"
}
[05/02/18, 17:54:21:582] info: Store: UPDATE_TEAM_THEME
{
  "teamId": "T9F21EKE2",
  "theme": {
    "active_item": "#2D9EE0",
    "active_item_text": "#FFFFFF",
    "active_presence": "#60D156",
    "badge": "#DC5960",
    "column_bg": "#F8F8FA",
    "hover_item": "#FFFFFF",
    "menu_bg": "#F8F8FA",
    "text_color": "#383F45"
  }
}
[05/02/18, 17:54:21:594] info: Store: SAVE_WINDOW_SETTINGS
{
  "isMaximized": false,
  "position": [
    0,
    58
  ],
  "size": [
    1440,
    842
  ]
}
[05/02/18, 17:54:22:115] info: Store: UPDATE_TEAM_LOCALE
{
  "locale": "en-US",
  "teamId": "T9F21EKE2"
}
[05/02/18, 17:54:22:128] info: Store: UPSERT_WEB_CONTENTS
{
  "id": 3,
  "state": "webapp-loaded",
  "teamId": "T9F21EKE2"
}
[05/02/18, 17:54:38:899] info: Store: SET_FULL_SCREEN
[05/02/18, 17:54:38:900] info: Store: SET_FULL_SCREEN
[05/02/18, 17:54:39:316] info: Store: SET_FULL_SCREEN
[05/02/18, 17:54:39:327] info: Store: SET_FULL_SCREEN
[05/02/18, 17:54:39:966] info: Store: SET_FULL_SCREEN
[05/02/18, 17:54:40:319] info: Store: SET_FULL_SCREEN
[05/02/18, 17:54:40:659] info: Store: SET_FULL_SCREEN
[05/02/18, 17:54:40:659] info: Store: SET_FULL_SCREEN
[05/02/18, 17:54:42:156] info: Store: SET_FULL_SCREEN
[05/02/18, 17:54:42:158] info: Store: SET_FULL_SCREEN
[05/02/18, 17:54:44:691] info: Store: SELECT_CHANNEL C9E9052JF
[05/02/18, 17:54:47:306] info: Store: SET_FULL_SCREEN
[05/02/18, 17:54:47:336] info: Store: SET_FULL_SCREEN
[05/02/18, 17:58:22:968] info: Store: NEW_NOTIFICATION
{
  "avatarImage": "https://ca.slack-edge.com/T9F21EKE2-U9FDDM687-1fcc033a72da-512",
  "channel": "C9F21EML6",
  "content": "[REDACTED]",
  "id": "oV2OcXh6A7K37K0",
  "imageUri": null,
  "launchUri": "slack://channel?id=C9F21EML6&message=1525247902.000278&team=T9F21EKE2",
  "msg": "1525247902.000278",
  "silent": true,
  "subtitle": "",
  "teamId": "T9F21EKE2",
  "title": "[REDACTED]"
}
[05/02/18, 17:59:08:134] info: Store: NEW_NOTIFICATION
{
  "avatarImage": "https://ca.slack-edge.com/T9F21EKE2-U9FDDM687-1fcc033a72da-512",
  "channel": "C9F21EML6",
  "content": "[REDACTED]",
  "id": "XLDMh4ikKMvoN5y",
  "imageUri": null,
  "launchUri": "slack://channel?id=C9F21EML6&message=1525247947.000465&team=T9F21EKE2",
  "msg": "1525247947.000465",
  "silent": true,
  "subtitle": "",
  "teamId": "T9F21EKE2",
  "title": "[REDACTED]"
}
[05/02/18, 18:02:31:950] info: Store: NEW_NOTIFICATION
{
  "avatarImage": "https://ca.slack-edge.com/T9F21EKE2-U9FNM0E1L-a2edf622b072-512",
  "channel": "C9F21EML6",
  "content": "[REDACTED]",
  "id": "r8kYTwsykQvrjxj",
  "imageUri": null,
  "launchUri": "slack://channel?id=C9F21EML6&message=1525248151.000333&team=T9F21EKE2",
  "msg": "1525248151.000333",
  "silent": true,
  "subtitle": "",
  "teamId": "T9F21EKE2",
  "title": "[REDACTED]"
}
[05/02/18, 18:02:34:151] info: Store: SET_FULL_SCREEN
[05/02/18, 18:02:34:153] info: Store: SET_FULL_SCREEN
[05/02/18, 18:02:35:631] info: Store: NEW_NOTIFICATION
{
  "avatarImage": "https://ca.slack-edge.com/T9F21EKE2-U9FNM0E1L-a2edf622b072-512",
  "channel": "C9F21EML6",
  "content": "[REDACTED]",
  "id": "D1k0tOtZNB39RlY",
  "imageUri": null,
  "launchUri": "slack://channel?id=C9F21EML6&message=1525248155.000171&team=T9F21EKE2",
  "msg": "1525248155.000171",
  "silent": true,
  "subtitle": "",
  "teamId": "T9F21EKE2",
  "title": "[REDACTED]"
}
[05/02/18, 18:02:36:071] info: Store: SELECT_CHANNEL C9F21EML6
[05/02/18, 18:02:41:969] info: Store: SET_FULL_SCREEN
[05/02/18, 18:02:41:970] info: Store: SET_FULL_SCREEN
[05/02/18, 18:02:49:472] info: Store: SET_FULL_SCREEN
[05/02/18, 18:02:49:481] info: Store: SET_FULL_SCREEN
[05/02/18, 18:02:54:051] info: Store: SET_FULL_SCREEN
[05/02/18, 18:02:54:052] info: Store: SET_FULL_SCREEN
[05/02/18, 18:03:10:897] info: Store: NEW_NOTIFICATION
{
  "avatarImage": null,
  "channel": "C9E929VPV",
  "content": "[REDACTED]",
  "id": "4Qx9uluWGNEJy85",
  "imageUri": null,
  "launchUri": "slack://channel?id=C9E929VPV&message=1525248190.000355&team=T9F21EKE2",
  "msg": "1525248190.000355",
  "silent": true,
  "subtitle": "",
  "teamId": "T9F21EKE2",
  "title": "[REDACTED]"
}
[05/02/18, 18:05:34:284] info: Store: SET_FULL_SCREEN
[05/02/18, 18:05:34:291] info: Store: SET_FULL_SCREEN
[05/02/18, 18:05:37:038] info: Store: SET_FULL_SCREEN
[05/02/18, 18:05:37:039] info: Store: SET_FULL_SCREEN
[05/02/18, 18:05:59:414] info: Store: SET_FULL_SCREEN
[05/02/18, 18:05:59:420] info: Store: SET_FULL_SCREEN
[05/02/18, 18:06:21:030] info: Store: SET_FULL_SCREEN
[05/02/18, 18:06:21:032] info: Store: SET_FULL_SCREEN
[05/02/18, 18:06:24:566] info: Store: SET_FULL_SCREEN
[05/02/18, 18:06:24:572] info: Store: SET_FULL_SCREEN
[05/02/18, 18:06:41:630] info: Store: SET_FULL_SCREEN
[05/02/18, 18:06:41:632] info: Store: SET_FULL_SCREEN
[05/02/18, 18:06:43:671] info: Store: NEW_NOTIFICATION
{
  "avatarImage": "https://ca.slack-edge.com/T9F21EKE2-U9FDDM687-1fcc033a72da-512",
  "channel": "C9F21EML6",
  "content": "[REDACTED]",
  "id": "713AtVCNK26zBr8",
  "imageUri": null,
  "launchUri": "slack://channel?id=C9F21EML6&message=1525248403.000127&team=T9F21EKE2",
  "msg": "1525248403.000127",
  "silent": true,
  "subtitle": "",
  "teamId": "T9F21EKE2",
  "title": "[REDACTED]"
}
[05/02/18, 18:06:45:061] info: Store: SET_FULL_SCREEN
[05/02/18, 18:06:45:065] info: Store: SET_FULL_SCREEN
[05/02/18, 18:06:59:709] info: Store: SET_FULL_SCREEN
[05/02/18, 18:06:59:712] info: Store: SET_FULL_SCREEN
[05/02/18, 18:07:11:327] info: Store: SET_FULL_SCREEN
[05/02/18, 18:07:11:328] info: Store: SET_FULL_SCREEN
[05/02/18, 18:07:40:907] info: Store: SET_FULL_SCREEN
[05/02/18, 18:07:40:908] info: Store: SET_FULL_SCREEN
[05/02/18, 18:07:44:932] info: Store: SET_FULL_SCREEN
[05/02/18, 18:07:44:940] info: Store: SET_FULL_SCREEN
[05/02/18, 18:07:51:079] info: Store: SET_FULL_SCREEN
[05/02/18, 18:07:51:082] info: Store: SET_FULL_SCREEN
[05/02/18, 18:08:52:229] info: Store: SET_FULL_SCREEN
[05/02/18, 18:08:52:236] info: Store: SET_FULL_SCREEN
[05/02/18, 18:09:23:958] info: Store: SET_FULL_SCREEN
[05/02/18, 18:09:23:960] info: Store: SET_FULL_SCREEN
[05/02/18, 18:09:27:402] info: Store: SET_FULL_SCREEN
[05/02/18, 18:09:27:405] info: Store: SET_FULL_SCREEN
[05/02/18, 18:10:11:898] info: Store: SET_FULL_SCREEN
[05/02/18, 18:10:11:900] info: Store: SET_FULL_SCREEN
[05/02/18, 18:10:36:846] info: Store: NEW_NOTIFICATION
{
  "avatarImage": "https://ca.slack-edge.com/T9F21EKE2-U9FDDM687-1fcc033a72da-512",
  "channel": "C9F21EML6",
  "content": "[REDACTED]",
  "id": "5QyWuxF20lpWr7w",
  "imageUri": null,
  "launchUri": "slack://channel?id=C9F21EML6&message=1525248636.000303&team=T9F21EKE2",
  "msg": "1525248636.000303",
  "silent": true,
  "subtitle": "",
  "teamId": "T9F21EKE2",
  "title": "[REDACTED]"
}
[05/02/18, 18:11:02:616] info: Store: NEW_NOTIFICATION
{
  "avatarImage": "https://ca.slack-edge.com/T9F21EKE2-U9FDDM687-1fcc033a72da-512",
  "channel": "C9F21EML6",
  "content": "[REDACTED]",
  "id": "Mw89t9HW8PmjQV1",
  "imageUri": null,
  "launchUri": "slack://channel?id=C9F21EML6&message=1525248662.000130&team=T9F21EKE2",
  "msg": "1525248662.000130",
  "silent": true,
  "subtitle": "",
  "teamId": "T9F21EKE2",
  "title": "[REDACTED]"
}
[05/02/18, 18:11:07:202] info: Store: SET_FULL_SCREEN
[05/02/18, 18:11:07:206] info: Store: SET_FULL_SCREEN
[05/02/18, 18:11:34:031] info: Store: SET_FULL_SCREEN
[05/02/18, 18:11:34:032] info: Store: SET_FULL_SCREEN
[05/02/18, 18:11:39:600] info: Store: SET_FULL_SCREEN
[05/02/18, 18:11:39:605] info: Store: SET_FULL_SCREEN
[05/02/18, 18:11:41:350] info: Store: SET_FULL_SCREEN
[05/02/18, 18:11:41:351] info: Store: SET_FULL_SCREEN
[05/02/18, 18:12:21:848] info: Store: NEW_NOTIFICATION
{
  "avatarImage": null,
  "channel": "C9E929VPV",
  "content": "[REDACTED]",
  "id": "k8RoToI91Npp2wB",
  "imageUri": null,
  "launchUri": "slack://channel?id=C9E929VPV&message=1525248741.000283&team=T9F21EKE2",
  "msg": "1525248741.000283",
  "silent": true,
  "subtitle": "",
  "teamId": "T9F21EKE2",
  "title": "[REDACTED]"
}
[05/02/18, 18:12:24:396] info: Store: SET_FULL_SCREEN
[05/02/18, 18:12:24:403] info: Store: SET_FULL_SCREEN
[05/02/18, 18:12:25:785] info: Store: SET_FULL_SCREEN
[05/02/18, 18:12:25:786] info: Store: SET_FULL_SCREEN
[05/02/18, 18:12:26:270] info: Store: NEW_NOTIFICATION
{
  "avatarImage": null,
  "channel": "C9E929VPV",
  "content": "[REDACTED]",
  "id": "OMYZtlSr1joorWN",
  "imageUri": null,
  "launchUri": "slack://channel?id=C9E929VPV&message=1525248746.000045&team=T9F21EKE2",
  "msg": "1525248746.000045",
  "silent": true,
  "subtitle": "",
  "teamId": "T9F21EKE2",
  "title": "[REDACTED]"
}
[05/02/18, 18:12:28:340] info: Store: CLICK_NOTIFICATION
{
  "channel": "C9E929VPV",
  "messageId": "1525248746.000045",
  "notificationId": "OMYZtlSr1joorWN",
  "teamId": "T9F21EKE2"
}
[05/02/18, 18:12:28:342] info: Store: SELECT_TEAM T9F21EKE2
[05/02/18, 18:12:28:346] info: Store: SET_FULL_SCREEN
[05/02/18, 18:12:28:349] info: Store: SELECT_CHANNEL C9E929VPV
[05/02/18, 18:13:51:267] info: Store: SET_FULL_SCREEN
[05/02/18, 18:13:51:273] info: Store: SET_FULL_SCREEN
[05/02/18, 18:13:51:274] info: Store: SET_FULL_SCREEN
[05/02/18, 18:13:54:294] info: Store: SELECT_CHANNEL C9F21EML6
[05/02/18, 18:13:56:008] info: Store: SELECT_CHANNEL C9P070QNL
[05/02/18, 18:14:00:161] info: Store: SELECT_CHANNEL C9F21EML6
[05/02/18, 18:14:02:642] info: Store: SET_FULL_SCREEN
[05/02/18, 18:14:02:643] info: Store: SET_FULL_SCREEN
[05/02/18, 18:14:03:427] info: Store: SET_FULL_SCREEN
[05/02/18, 18:14:03:434] info: Store: SET_FULL_SCREEN
[05/02/18, 18:14:03:858] info: Store: SET_FULL_SCREEN
[05/02/18, 18:14:03:859] info: Store: SET_FULL_SCREEN
[05/02/18, 18:15:48:763] info: Store: NEW_NOTIFICATION
{
  "avatarImage": "https://ca.slack-edge.com/T9F21EKE2-U9FDDM687-1fcc033a72da-512",
  "channel": "C9F21EML6",
  "content": "[REDACTED]",
  "id": "jZRncgT78xQmOlE",
  "imageUri": null,
  "launchUri": "slack://channel?id=C9F21EML6&message=1525248948.000236&team=T9F21EKE2",
  "msg": "1525248948.000236",
  "silent": true,
  "subtitle": "",
  "teamId": "T9F21EKE2",
  "title": "[REDACTED]"
}
[05/02/18, 18:15:53:744] info: Store: SET_FULL_SCREEN
[05/02/18, 18:15:53:748] info: Store: SET_FULL_SCREEN
[05/02/18, 18:15:58:001] info: Store: SET_FULL_SCREEN
[05/02/18, 18:15:58:002] info: Store: SET_FULL_SCREEN
[05/02/18, 18:16:00:912] info: Store: SET_FULL_SCREEN
[05/02/18, 18:16:00:923] info: Store: SET_FULL_SCREEN
[05/02/18, 18:16:06:224] info: Store: SET_FULL_SCREEN
[05/02/18, 18:16:06:227] info: Store: SET_FULL_SCREEN
[05/02/18, 18:17:36:185] info: Store: NEW_NOTIFICATION
{
  "avatarImage": "https://ca.slack-edge.com/T9F21EKE2-U9FDDM687-1fcc033a72da-512",
  "channel": "C9F21EML6",
  "content": "[REDACTED]",
  "id": "L79PU5UmnKL9pY7",
  "imageUri": null,
  "launchUri": "slack://channel?id=C9F21EML6&message=1525249055.000421&team=T9F21EKE2",
  "msg": "1525249055.000421",
  "silent": true,
  "subtitle": "",
  "teamId": "T9F21EKE2",
  "title": "[REDACTED]"
}
[05/02/18, 18:17:37:359] info: Store: SET_FULL_SCREEN
[05/02/18, 18:17:37:366] info: Store: SET_FULL_SCREEN
[05/02/18, 18:18:01:578] info: Store: SET_FULL_SCREEN
[05/02/18, 18:18:01:580] info: Store: SET_FULL_SCREEN
[05/02/18, 18:18:09:245] info: Store: SET_FULL_SCREEN
[05/02/18, 18:18:09:250] info: Store: SET_FULL_SCREEN
[05/02/18, 18:18:30:318] info: Store: SET_FULL_SCREEN
[05/02/18, 18:18:30:319] info: Store: SET_FULL_SCREEN
[05/02/18, 18:18:32:952] info: Store: SET_FULL_SCREEN
[05/02/18, 18:18:32:960] info: Store: SET_FULL_SCREEN
[05/02/18, 18:18:53:453] info: Store: SET_FULL_SCREEN
[05/02/18, 18:18:53:455] info: Store: SET_FULL_SCREEN
[05/02/18, 18:18:56:085] info: Store: SET_FULL_SCREEN
[05/02/18, 18:18:56:091] info: Store: SET_FULL_SCREEN
[05/02/18, 18:18:58:214] info: Store: SET_FULL_SCREEN
[05/02/18, 18:18:58:215] info: Store: SET_FULL_SCREEN
[05/02/18, 18:21:31:615] info: Store: NEW_NOTIFICATION
{
  "avatarImage": "https://ca.slack-edge.com/T9F21EKE2-U9FDDM687-1fcc033a72da-512",
  "channel": "C9F21EML6",
  "content": "[REDACTED]",
  "id": "4Qx9uAcWGNE9ZAy",
  "imageUri": null,
  "launchUri": "slack://channel?id=C9F21EML6&message=1525249291.000137&team=T9F21EKE2",
  "msg": "1525249291.000137",
  "silent": true,
  "subtitle": "",
  "teamId": "T9F21EKE2",
  "title": "[REDACTED]"
}
[05/02/18, 18:21:36:507] info: Store: SET_FULL_SCREEN
[05/02/18, 18:21:36:512] info: Store: SET_FULL_SCREEN
[05/02/18, 18:21:46:889] info: Store: SET_FULL_SCREEN
[05/02/18, 18:21:46:890] info: Store: SET_FULL_SCREEN
[05/02/18, 18:22:06:130] info: Store: SET_FULL_SCREEN
[05/02/18, 18:22:06:131] info: Store: SET_FULL_SCREEN
[05/02/18, 18:22:13:848] info: Store: SET_FULL_SCREEN
[05/02/18, 18:22:13:850] info: Store: SET_FULL_SCREEN
[05/02/18, 18:22:57:549] info: Store: SET_FULL_SCREEN
[05/02/18, 18:22:57:551] info: Store: SET_FULL_SCREEN
[05/02/18, 18:22:59:741] info: Store: SET_FULL_SCREEN
[05/02/18, 18:22:59:744] info: Store: SET_FULL_SCREEN
[05/02/18, 18:23:00:470] info: Store: NEW_NOTIFICATION
{
  "avatarImage": "https://ca.slack-edge.com/T9F21EKE2-U9FDDM687-1fcc033a72da-512",
  "channel": "C9F21EML6",
  "content": "[REDACTED]",
  "id": "oV2Ocof6A7KA8AP",
  "imageUri": null,
  "launchUri": "slack://channel?id=C9F21EML6&message=1525249380.000124&team=T9F21EKE2",
  "msg": "1525249380.000124",
  "silent": true,
  "subtitle": "",
  "teamId": "T9F21EKE2",
  "title": "[REDACTED]"
}
[05/02/18, 18:23:01:097] info: Store: SET_FULL_SCREEN
[05/02/18, 18:23:01:102] info: Store: SET_FULL_SCREEN
[05/02/18, 18:23:07:222] info: Store: SET_FULL_SCREEN
[05/02/18, 18:23:07:223] info: Store: SET_FULL_SCREEN
[05/02/18, 18:24:03:775] info: Store: SET_FULL_SCREEN
[05/02/18, 18:24:03:781] info: Store: SET_FULL_SCREEN
[05/02/18, 18:24:04:712] info: Store: SET_FULL_SCREEN
[05/02/18, 18:24:04:714] info: Store: SET_FULL_SCREEN
[05/02/18, 18:27:30:781] info: Store: SET_FULL_SCREEN
[05/02/18, 18:27:30:787] info: Store: SET_FULL_SCREEN
[05/02/18, 18:27:32:048] info: Store: SET_FULL_SCREEN
[05/02/18, 18:27:32:050] info: Store: SET_FULL_SCREEN
[05/02/18, 18:31:49:566] info: Store: NEW_NOTIFICATION
{
  "avatarImage": "https://ca.slack-edge.com/T9F21EKE2-U9FDDM687-1fcc033a72da-512",
  "channel": "C9F21EML6",
  "content": "[REDACTED]",
  "id": "VAONtOhJRE9DVyn",
  "imageUri": null,
  "launchUri": "slack://channel?id=C9F21EML6&message=1525249909.000127&team=T9F21EKE2",
  "msg": "1525249909.000127",
  "silent": true,
  "subtitle": "",
  "teamId": "T9F21EKE2",
  "title": "[REDACTED]"
}
[05/02/18, 18:32:05:681] info: Store: SET_FULL_SCREEN
[05/02/18, 18:32:05:687] info: Store: SET_FULL_SCREEN
[05/02/18, 18:32:17:646] info: Store: SET_FULL_SCREEN
[05/02/18, 18:32:17:650] info: Store: SET_FULL_SCREEN
[05/02/18, 18:33:08:447] info: Store: NEW_NOTIFICATION
{
  "avatarImage": "https://ca.slack-edge.com/T9F21EKE2-U9FNM0E1L-a2edf622b072-512",
  "channel": "C9F21EML6",
  "content": "[REDACTED]",
  "id": "oV2OcZi6A7KyX4K",
  "imageUri": null,
  "launchUri": "slack://channel?id=C9F21EML6&message=1525249988.000104&team=T9F21EKE2",
  "msg": "1525249988.000104",
  "silent": true,
  "subtitle": "",
  "teamId": "T9F21EKE2",
  "title": "[REDACTED]"
}
[05/02/18, 18:33:12:880] info: Store: SET_FULL_SCREEN
[05/02/18, 18:33:12:888] info: Store: SET_FULL_SCREEN
[05/02/18, 18:33:15:079] info: Store: SET_FULL_SCREEN
[05/02/18, 18:33:15:080] info: Store: SET_FULL_SCREEN
[05/02/18, 18:33:17:665] info: Store: SET_FULL_SCREEN
[05/02/18, 18:33:17:668] info: Store: SET_FULL_SCREEN
[05/02/18, 18:33:18:391] info: Store: SET_FULL_SCREEN
[05/02/18, 18:33:18:393] info: Store: SET_FULL_SCREEN
[05/02/18, 18:33:19:087] info: Store: SET_FULL_SCREEN
[05/02/18, 18:33:19:089] info: Store: SET_FULL_SCREEN
[05/02/18, 18:33:19:311] info: Store: SET_FULL_SCREEN
[05/02/18, 18:33:19:313] info: Store: SET_FULL_SCREEN
[05/02/18, 18:34:09:304] info: Store: NEW_NOTIFICATION
{
  "avatarImage": "https://ca.slack-edge.com/T9F21EKE2-U9FDDM687-1fcc033a72da-512",
  "channel": "C9F21EML6",
  "content": "[REDACTED]",
  "id": "VAONtwsJRE938xV",
  "imageUri": null,
  "launchUri": "slack://channel?id=C9F21EML6&message=1525250049.000034&team=T9F21EKE2",
  "msg": "1525250049.000034",
  "silent": true,
  "subtitle": "",
  "teamId": "T9F21EKE2",
  "title": "[REDACTED]"
}
[05/02/18, 18:34:18:081] info: Store: SET_FULL_SCREEN
[05/02/18, 18:34:18:085] info: Store: SET_FULL_SCREEN
[05/02/18, 18:34:18:456] info: Store: SET_FULL_SCREEN
[05/02/18, 18:34:18:457] info: Store: SET_FULL_SCREEN
[05/02/18, 18:37:03:871] info: Store: SET_FULL_SCREEN
[05/02/18, 18:37:03:878] info: Store: SET_FULL_SCREEN
[05/02/18, 18:37:04:787] info: Store: SET_FULL_SCREEN
[05/02/18, 18:37:04:791] info: Store: SET_FULL_SCREEN
[05/02/18, 18:37:06:033] info: Store: SET_FULL_SCREEN
[05/02/18, 18:37:06:364] info: Store: SET_FULL_SCREEN
[05/02/18, 18:37:06:765] info: Store: SET_FULL_SCREEN
[05/02/18, 18:37:06:768] info: Store: SET_FULL_SCREEN
[05/02/18, 18:37:09:542] info: Store: SET_FULL_SCREEN
[05/02/18, 18:37:09:545] info: Store: SET_FULL_SCREEN
[05/02/18, 18:37:34:431] info: Store: NEW_NOTIFICATION
{
  "avatarImage": null,
  "channel": "C9E929VPV",
  "content": "[REDACTED]",
  "id": "1Ww9SRtXZODBgm0",
  "imageUri": null,
  "launchUri": "slack://channel?id=C9E929VPV&message=1525250254.000079&team=T9F21EKE2",
  "msg": "1525250254.000079",
  "silent": true,
  "subtitle": "",
  "teamId": "T9F21EKE2",
  "title": "[REDACTED]"
}
[05/02/18, 18:37:39:255] info: Store: NEW_NOTIFICATION
{
  "avatarImage": null,
  "channel": "C9E929VPV",
  "content": "[REDACTED]",
  "id": "vl2juGuA68K3Rk0",
  "imageUri": null,
  "launchUri": "slack://channel?id=C9E929VPV&message=1525250259.000043&team=T9F21EKE2",
  "msg": "1525250259.000043",
  "silent": true,
  "subtitle": "",
  "teamId": "T9F21EKE2",
  "title": "[REDACTED]"
}
[05/02/18, 18:38:40:063] info: Store: SET_FULL_SCREEN
[05/02/18, 18:38:40:066] info: Store: SET_FULL_SCREEN
[05/02/18, 18:38:40:871] info: Store: SET_FULL_SCREEN
[05/02/18, 18:38:40:872] info: Store: SET_FULL_SCREEN
[05/02/18, 18:38:47:154] info: Store: SET_FULL_SCREEN
[05/02/18, 18:38:47:164] info: Store: SET_FULL_SCREEN
[05/02/18, 18:38:49:228] info: Store: SET_FULL_SCREEN
[05/02/18, 18:38:49:235] info: Store: SET_FULL_SCREEN
[05/02/18, 18:38:51:531] info: Store: SET_FULL_SCREEN
[05/02/18, 18:38:51:537] info: Store: SET_FULL_SCREEN
[05/02/18, 18:38:52:123] info: Store: SET_FULL_SCREEN
[05/02/18, 18:38:52:125] info: Store: SET_FULL_SCREEN
[05/02/18, 18:39:12:602] info: Store: SET_FULL_SCREEN
[05/02/18, 18:39:12:607] info: Store: SET_FULL_SCREEN
[05/02/18, 18:39:12:997] info: Store: SET_FULL_SCREEN
[05/02/18, 18:39:12:998] info: Store: SET_FULL_SCREEN
[05/02/18, 18:39:30:418] info: Store: SET_FULL_SCREEN
[05/02/18, 18:39:30:427] info: Store: SET_FULL_SCREEN
[05/02/18, 18:39:31:441] info: Store: SET_FULL_SCREEN
[05/02/18, 18:39:31:442] info: Store: SET_FULL_SCREEN
[05/02/18, 18:39:38:133] info: Store: NEW_NOTIFICATION
{
  "avatarImage": null,
  "channel": "C9E929VPV",
  "content": "[REDACTED]",
  "id": "ANDmsvCYKOo8wQO",
  "imageUri": null,
  "launchUri": "slack://channel?id=C9E929VPV&message=1525250377.000393&team=T9F21EKE2",
  "msg": "1525250377.000393",
  "silent": true,
  "subtitle": "",
  "teamId": "T9F21EKE2",
  "title": "[REDACTED]"
}
[05/02/18, 18:39:39:601] info: Store: CLICK_NOTIFICATION
{
  "channel": "C9E929VPV",
  "messageId": "1525250377.000393",
  "notificationId": "ANDmsvCYKOo8wQO",
  "teamId": "T9F21EKE2"
}
[05/02/18, 18:39:39:602] info: Store: SELECT_TEAM T9F21EKE2
[05/02/18, 18:39:39:606] info: Store: SET_FULL_SCREEN
[05/02/18, 18:39:39:609] info: Store: SELECT_CHANNEL C9E929VPV
[05/02/18, 18:40:00:210] info: Store: NEW_NOTIFICATION
{
  "avatarImage": null,
  "channel": "C9E929VPV",
  "content": "[REDACTED]",
  "id": "jZRncVF78xDRZZX",
  "imageUri": null,
  "launchUri": "slack://channel?id=C9E929VPV&message=1525250399.000512&team=T9F21EKE2",
  "msg": "1525250399.000512",
  "silent": true,
  "subtitle": "",
  "teamId": "T9F21EKE2",
  "title": "[REDACTED]"
}
[05/02/18, 18:40:01:623] info: Store: CLICK_NOTIFICATION
{
  "channel": "C9E929VPV",
  "messageId": "1525250399.000512",
  "notificationId": "jZRncVF78xDRZZX",
  "teamId": "T9F21EKE2"
}
[05/02/18, 18:40:01:626] info: Store: SELECT_TEAM T9F21EKE2
[05/02/18, 18:40:04:377] info: Store: SET_FULL_SCREEN
[05/02/18, 18:40:04:382] info: Store: SET_FULL_SCREEN
[05/02/18, 18:40:04:383] info: Store: SET_FULL_SCREEN
[05/02/18, 18:40:12:371] info: Store: SET_FULL_SCREEN
[05/02/18, 18:40:12:395] info: Store: SET_FULL_SCREEN
[05/02/18, 18:40:54:646] info: Store: SET_FULL_SCREEN
[05/02/18, 18:40:54:648] info: Store: SET_FULL_SCREEN
[05/02/18, 18:40:56:316] info: Store: SELECT_CHANNEL C9QF1NKAS
[05/02/18, 18:40:56:874] info: Store: SELECT_CHANNEL C9F21EML6
[05/02/18, 18:41:49:059] info: Store: SET_FULL_SCREEN
[05/02/18, 18:41:49:060] info: Store: SET_FULL_SCREEN
[05/02/18, 18:41:57:051] info: Store: NEW_NOTIFICATION
{
  "avatarImage": "https://ca.slack-edge.com/T9F21EKE2-U9FDDM687-1fcc033a72da-512",
  "channel": "C9F21EML6",
  "content": "[REDACTED]",
  "id": "lxYpsMHqxgOyooN",
  "imageUri": null,
  "launchUri": "slack://channel?id=C9F21EML6&message=1525250516.000406&team=T9F21EKE2",
  "msg": "1525250516.000406",
  "silent": true,
  "subtitle": "",
  "teamId": "T9F21EKE2",
  "title": "[REDACTED]"
}
[05/02/18, 18:41:59:402] info: Store: SET_FULL_SCREEN
[05/02/18, 18:41:59:408] info: Store: SET_FULL_SCREEN
[05/02/18, 18:42:00:155] info: Store: NEW_NOTIFICATION
{
  "avatarImage": null,
  "channel": "C9E929VPV",
  "content": "[REDACTED]",
  "id": "8129tgIMDRG2JYB",
  "imageUri": null,
  "launchUri": "slack://channel?id=C9E929VPV&message=1525250519.000367&team=T9F21EKE2",
  "msg": "1525250519.000367",
  "silent": true,
  "subtitle": "",
  "teamId": "T9F21EKE2",
  "title": "[REDACTED]"
}
[05/02/18, 18:42:02:553] info: Store: CLICK_NOTIFICATION
{
  "channel": "C9E929VPV",
  "messageId": "1525250519.000367",
  "notificationId": "8129tgIMDRG2JYB",
  "teamId": "T9F21EKE2"
}
[05/02/18, 18:42:02:555] info: Store: SELECT_TEAM T9F21EKE2
[05/02/18, 18:42:02:565] info: Store: SELECT_CHANNEL C9E929VPV
[05/02/18, 18:42:06:156] info: Store: SET_FULL_SCREEN
[05/02/18, 18:42:06:173] info: Store: SET_FULL_SCREEN
[05/02/18, 18:44:21:571] info: Store: NEW_NOTIFICATION
{
  "avatarImage": "https://ca.slack-edge.com/T9F21EKE2-U9FDDM687-1fcc033a72da-512",
  "channel": "C9F21EML6",
  "content": "[REDACTED]",
  "id": "91r2t4SOXZlPzWN",
  "imageUri": null,
  "launchUri": "slack://channel?id=C9F21EML6&message=1525250661.000159&team=T9F21EKE2",
  "msg": "1525250661.000159",
  "silent": true,
  "subtitle": "",
  "teamId": "T9F21EKE2",
  "title": "[REDACTED]"
}
[05/02/18, 18:44:28:732] info: Store: NEW_NOTIFICATION
{
  "avatarImage": "https://ca.slack-edge.com/T9F21EKE2-U9FF94095-g154b7532efc-512",
  "channel": "C9F21EML6",
  "content": "[REDACTED]",
  "id": "K1r6tyTAxn5pg21",
  "imageUri": null,
  "launchUri": "slack://channel?id=C9F21EML6&message=1525250668.000209&team=T9F21EKE2",
  "msg": "1525250668.000209",
  "silent": true,
  "subtitle": "",
  "teamId": "T9F21EKE2",
  "title": "[REDACTED]"
}
[05/02/18, 18:44:37:791] info: Store: SET_FULL_SCREEN
[05/02/18, 18:44:37:794] info: Store: SET_FULL_SCREEN
[05/02/18, 18:44:38:248] info: Store: SET_FULL_SCREEN
[05/02/18, 18:44:38:249] info: Store: SET_FULL_SCREEN
[05/02/18, 18:44:38:543] info: Store: SET_FULL_SCREEN
[05/02/18, 18:44:38:548] info: Store: SET_FULL_SCREEN
[05/02/18, 18:44:40:583] info: Store: SELECT_CHANNEL C9F21EML6
[05/02/18, 18:44:51:985] info: Store: SET_FULL_SCREEN
[05/02/18, 18:44:51:987] info: Store: SET_FULL_SCREEN
[05/02/18, 18:44:52:942] info: Store: SET_FULL_SCREEN
[05/02/18, 18:44:52:949] info: Store: SET_FULL_SCREEN
[05/02/18, 18:45:20:206] info: Store: SET_FULL_SCREEN
[05/02/18, 18:45:20:207] info: Store: SET_FULL_SCREEN
[05/02/18, 18:45:24:985] info: Store: SET_FULL_SCREEN
[05/02/18, 18:45:24:990] info: Store: SET_FULL_SCREEN
[05/02/18, 18:45:26:086] info: Store: SET_FULL_SCREEN
[05/02/18, 18:45:26:090] info: Store: SET_FULL_SCREEN
[05/02/18, 18:45:27:716] info: Store: SET_FULL_SCREEN
[05/02/18, 18:45:27:721] info: Store: SET_FULL_SCREEN
[05/02/18, 18:45:32:806] info: Store: SAVE_WINDOW_SETTINGS
{
  "isMaximized": true,
  "position": [
    208,
    81
  ],
  "size": [
    1024,
    768
  ]
}
[05/02/18, 18:45:49:361] info: Store: SET_FULL_SCREEN
[05/02/18, 18:45:49:362] info: Store: SET_FULL_SCREEN
[05/02/18, 18:45:49:817] info: Store: SET_FULL_SCREEN
[05/02/18, 18:45:49:820] info: Store: SET_FULL_SCREEN
[05/02/18, 18:45:50:179] info: Store: SET_FULL_SCREEN
[05/02/18, 18:45:50:180] info: Store: SET_FULL_SCREEN
[05/02/18, 18:45:51:181] info: Store: SAVE_WINDOW_SETTINGS
{
  "isMaximized": false,
  "position": [
    10,
    38
  ],
  "size": [
    1440,
    842
  ]
}
[05/02/18, 18:48:14:257] info: Store: NEW_NOTIFICATION
{
  "avatarImage": "https://ca.slack-edge.com/T9F21EKE2-U9FDDM687-1fcc033a72da-512",
  "channel": "C9F21EML6",
  "content": "[REDACTED]",
  "id": "NLk8hYURAVOV7G9",
  "imageUri": null,
  "launchUri": "slack://channel?id=C9F21EML6&message=1525250894.000047&team=T9F21EKE2",
  "msg": "1525250894.000047",
  "silent": true,
  "subtitle": "",
  "teamId": "T9F21EKE2",
  "title": "[REDACTED]"
}
[05/02/18, 18:50:09:991] info: Store: NEW_NOTIFICATION
{
  "avatarImage": "https://ca.slack-edge.com/T9F21EKE2-U9FF94095-g154b7532efc-512",
  "channel": "C9F21EML6",
  "content": "[REDACTED]",
  "id": "ZY6WSrcyLNYMOon",
  "imageUri": null,
  "launchUri": "slack://channel?id=C9F21EML6&message=1525251009.000369&team=T9F21EKE2",
  "msg": "1525251009.000369",
  "silent": true,
  "subtitle": "",
  "teamId": "T9F21EKE2",
  "title": "[REDACTED]"
}
[05/02/18, 18:50:20:054] info: Store: NEW_NOTIFICATION
{
  "avatarImage": "https://ca.slack-edge.com/T9F21EKE2-U9FDDM687-1fcc033a72da-512",
  "channel": "C9F21EML6",
  "content": "[REDACTED]",
  "id": "0YR9SVfWvrzovMq",
  "imageUri": null,
  "launchUri": "slack://channel?id=C9F21EML6&message=1525251019.000422&team=T9F21EKE2",
  "msg": "1525251019.000422",
  "silent": true,
  "subtitle": "",
  "teamId": "T9F21EKE2",
  "title": "[REDACTED]"
}
[05/02/18, 18:50:29:406] info: Store: NEW_NOTIFICATION
{
  "avatarImage": "https://ca.slack-edge.com/T9F21EKE2-U9FF94095-g154b7532efc-512",
  "channel": "C9F21EML6",
  "content": "[REDACTED]",
  "id": "P7NYUVhjYZnmLAK",
  "imageUri": null,
  "launchUri": "slack://channel?id=C9F21EML6&message=1525251029.000097&team=T9F21EKE2",
  "msg": "1525251029.000097",
  "silent": true,
  "subtitle": "",
  "teamId": "T9F21EKE2",
  "title": "[REDACTED]"
}
[05/02/18, 18:51:04:329] info: Store: NEW_NOTIFICATION
{
  "avatarImage": "https://ca.slack-edge.com/T9F21EKE2-U9FF94095-g154b7532efc-512",
  "channel": "C9F21EML6",
  "content": "[REDACTED]",
  "id": "q7x2UjiELvypW53",
  "imageUri": null,
  "launchUri": "slack://channel?id=C9F21EML6&message=1525251063.000609&team=T9F21EKE2",
  "msg": "1525251063.000609",
  "silent": true,
  "subtitle": "",
  "teamId": "T9F21EKE2",
  "title": "[REDACTED]"
}
[05/02/18, 18:52:23:422] info: Store: NEW_NOTIFICATION
{
  "avatarImage": "https://ca.slack-edge.com/T9F21EKE2-U9FDDM687-1fcc033a72da-512",
  "channel": "C9F21EML6",
  "content": "[REDACTED]",
  "id": "r8kYTZsykQ93xDj",
  "imageUri": null,
  "launchUri": "slack://channel?id=C9F21EML6&message=1525251143.000120&team=T9F21EKE2",
  "msg": "1525251143.000120",
  "silent": true,
  "subtitle": "",
  "teamId": "T9F21EKE2",
  "title": "[REDACTED]"
}
[05/02/18, 18:52:38:547] info: Store: FOREGROUND_APP
[05/02/18, 18:52:38:572] info: Store: SET_FULL_SCREEN
[05/02/18, 18:52:38:573] info: Store: SET_FULL_SCREEN
[05/02/18, 18:52:38:583] info: Store: SET_FULL_SCREEN
[05/02/18, 18:52:39:562] info: Store: SAVE_WINDOW_SETTINGS
{
  "isMaximized": false,
  "position": [
    0,
    58
  ],
  "size": [
    1440,
    842
  ]
}
[05/02/18, 18:52:57:547] info: Store: SET_FULL_SCREEN
[05/02/18, 18:52:57:548] info: Store: SET_FULL_SCREEN
[05/02/18, 18:52:58:691] info: Store: SET_FULL_SCREEN
[05/02/18, 18:52:58:696] info: Store: SET_FULL_SCREEN
[05/02/18, 18:52:58:916] info: Store: SET_FULL_SCREEN
[05/02/18, 18:52:58:919] info: Store: SET_FULL_SCREEN
[05/02/18, 18:54:46:996] info: Store: SET_FULL_SCREEN
[05/02/18, 18:54:47:001] info: Store: SET_FULL_SCREEN
[05/02/18, 18:54:48:176] info: Store: SET_FULL_SCREEN
[05/02/18, 18:54:48:177] info: Store: SET_FULL_SCREEN
[05/02/18, 18:54:49:421] info: Store: SET_FULL_SCREEN
[05/02/18, 18:54:49:424] info: Store: SET_FULL_SCREEN
[05/02/18, 18:54:49:829] info: Store: SET_FULL_SCREEN
[05/02/18, 18:54:49:831] info: Store: SET_FULL_SCREEN
[05/02/18, 18:54:50:594] info: Store: SET_FULL_SCREEN
[05/02/18, 18:54:50:602] info: Store: SET_FULL_SCREEN
[05/02/18, 18:54:50:782] info: Store: SET_FULL_SCREEN
[05/02/18, 18:54:50:783] info: Store: SET_FULL_SCREEN
[05/02/18, 18:54:52:484] info: Store: SET_FULL_SCREEN
[05/02/18, 18:54:52:485] info: Store: SET_FULL_SCREEN
[05/02/18, 18:54:52:491] info: Store: SET_FULL_SCREEN
[05/02/18, 18:54:53:742] info: Store: SET_FULL_SCREEN
[05/02/18, 18:56:02:055] info: Store: NEW_NOTIFICATION
{
  "avatarImage": "https://ca.slack-edge.com/T9F21EKE2-U9FDDM687-1fcc033a72da-512",
  "channel": "C9F21EML6",
  "content": "[REDACTED]",
  "id": "q7x2UrtELvyWG2D",
  "imageUri": null,
  "launchUri": "slack://channel?id=C9F21EML6&message=1525251361.000414&team=T9F21EKE2",
  "msg": "1525251361.000414",
  "silent": true,
  "subtitle": "",
  "teamId": "T9F21EKE2",
  "title": "[REDACTED]"
}
[05/02/18, 18:56:10:432] info: Store: SET_FULL_SCREEN
[05/02/18, 18:56:10:435] info: Store: SET_FULL_SCREEN
[05/02/18, 18:56:14:356] info: Store: SET_FULL_SCREEN
[05/02/18, 18:56:14:361] info: Store: SET_FULL_SCREEN
[05/02/18, 18:56:15:016] info: Store: SET_FULL_SCREEN
[05/02/18, 18:56:15:020] info: Store: SET_FULL_SCREEN
[05/02/18, 18:56:15:568] info: Store: SET_FULL_SCREEN
[05/02/18, 18:56:15:569] info: Store: SET_FULL_SCREEN
[05/02/18, 18:56:23:500] info: Store: SET_FULL_SCREEN
[05/02/18, 18:56:23:504] info: Store: SET_FULL_SCREEN
[05/02/18, 18:56:24:568] info: Store: SET_FULL_SCREEN
[05/02/18, 18:56:24:569] info: Store: SET_FULL_SCREEN
[05/02/18, 18:56:27:251] info: Store: SET_FULL_SCREEN
[05/02/18, 18:56:27:255] info: Store: SET_FULL_SCREEN
[05/02/18, 18:56:27:773] info: Store: SET_FULL_SCREEN
[05/02/18, 18:56:27:774] info: Store: SET_FULL_SCREEN
[05/02/18, 18:57:17:976] info: Store: SET_FULL_SCREEN
[05/02/18, 18:57:17:981] info: Store: SET_FULL_SCREEN
[05/02/18, 18:57:18:809] info: Store: SET_FULL_SCREEN
[05/02/18, 18:57:18:810] info: Store: SET_FULL_SCREEN
[05/02/18, 18:57:32:327] info: Store: NEW_NOTIFICATION
{
  "avatarImage": "https://ca.slack-edge.com/T9F21EKE2-U9FF94095-g154b7532efc-512",
  "channel": "C9F21EML6",
  "content": "[REDACTED]",
  "id": "jZRncwu78xDpNAm",
  "imageUri": null,
  "launchUri": "slack://channel?id=C9F21EML6&message=1525251452.000065&team=T9F21EKE2",
  "msg": "1525251452.000065",
  "silent": true,
  "subtitle": "",
  "teamId": "T9F21EKE2",
  "title": "[REDACTED]"
}
[05/02/18, 18:57:39:262] info: Store: SET_FULL_SCREEN
[05/02/18, 18:57:39:266] info: Store: SET_FULL_SCREEN
[05/02/18, 18:57:42:168] info: Store: SELECT_CHANNEL C9E9052JF
[05/02/18, 18:57:43:733] info: Store: SET_FULL_SCREEN
[05/02/18, 18:57:43:749] info: Store: SET_FULL_SCREEN
[05/02/18, 18:57:50:561] info: Store: SET_FULL_SCREEN
[05/02/18, 18:57:50:567] info: Store: SET_FULL_SCREEN
[05/02/18, 18:57:51:582] info: Store: SET_FULL_SCREEN
[05/02/18, 18:57:51:584] info: Store: SET_FULL_SCREEN
[05/02/18, 18:57:56:346] info: Store: SET_FULL_SCREEN
[05/02/18, 18:57:56:349] info: Store: SET_FULL_SCREEN
[05/02/18, 18:57:56:481] info: Store: SET_FULL_SCREEN
[05/02/18, 18:57:56:483] info: Store: SET_FULL_SCREEN
[05/02/18, 19:13:51:252] info: Store: NEW_NOTIFICATION
{
  "avatarImage": "https://ca.slack-edge.com/T9F21EKE2-U9FDDM687-1fcc033a72da-512",
  "channel": "C9F21EML6",
  "content": "[REDACTED]",
  "id": "ZY6WSLCyLNYvQvA",
  "imageUri": null,
  "launchUri": "slack://channel?id=C9F21EML6&message=1525252430.000480&team=T9F21EKE2",
  "msg": "1525252430.000480",
  "silent": true,
  "subtitle": "",
  "teamId": "T9F21EKE2",
  "title": "[REDACTED]"
}
[05/02/18, 19:14:52:190] info: Store: NEW_NOTIFICATION
{
  "avatarImage": "https://ca.slack-edge.com/T9F21EKE2-U9FF94095-g154b7532efc-512",
  "channel": "C9F21EML6",
  "content": "[REDACTED]",
  "id": "2xk9sYF2Y0yrBBg",
  "imageUri": null,
  "launchUri": "slack://channel?id=C9F21EML6&message=1525252491.000500&team=T9F21EKE2",
  "msg": "1525252491.000500",
  "silent": true,
  "subtitle": "",
  "teamId": "T9F21EKE2",
  "title": "[REDACTED]"
}
[05/02/18, 19:15:24:161] info: Store: NEW_NOTIFICATION
{
  "avatarImage": "https://ca.slack-edge.com/T9F21EKE2-U9FDDM687-1fcc033a72da-512",
  "channel": "C9F21EML6",
  "content": "[REDACTED]",
  "id": "L79PUqHmnKWLJzM",
  "imageUri": null,
  "launchUri": "slack://channel?id=C9F21EML6&message=1525252523.000412&team=T9F21EKE2",
  "msg": "1525252523.000412",
  "silent": true,
  "subtitle": "",
  "teamId": "T9F21EKE2",
  "title": "[REDACTED]"
}
[05/02/18, 19:15:25:216] info: Store: NEW_NOTIFICATION
{
  "avatarImage": "https://ca.slack-edge.com/T9F21EKE2-U9FF94095-g154b7532efc-512",
  "channel": "C9F21EML6",
  "content": "[REDACTED]",
  "id": "ANDmszIYKOog5M4",
  "imageUri": null,
  "launchUri": "slack://channel?id=C9F21EML6&message=1525252525.000047&team=T9F21EKE2",
  "msg": "1525252525.000047",
  "silent": true,
  "subtitle": "",
  "teamId": "T9F21EKE2",
  "title": "[REDACTED]"
}
[05/02/18, 19:15:54:201] info: Store: NEW_NOTIFICATION
{
  "avatarImage": "https://ca.slack-edge.com/T9F21EKE2-U9FF94095-g154b7532efc-512",
  "channel": "C9F21EML6",
  "content": "[REDACTED]",
  "id": "ZY6WSNSyLNYr4xR",
  "imageUri": null,
  "launchUri": "slack://channel?id=C9F21EML6&message=1525252554.000023&team=T9F21EKE2",
  "msg": "1525252554.000023",
  "silent": true,
  "subtitle": "",
  "teamId": "T9F21EKE2",
  "title": "[REDACTED]"
}
[05/02/18, 19:17:19:329] info: Store: NEW_NOTIFICATION
{
  "avatarImage": "https://ca.slack-edge.com/T9F21EKE2-U9FDDM687-1fcc033a72da-512",
  "channel": "C9F21EML6",
  "content": "[REDACTED]",
  "id": "3Q19u1TDVEllGD1",
  "imageUri": null,
  "launchUri": "slack://channel?id=C9F21EML6&message=1525252639.000036&team=T9F21EKE2",
  "msg": "1525252639.000036",
  "silent": true,
  "subtitle": "",
  "teamId": "T9F21EKE2",
  "title": "[REDACTED]"
}
[05/02/18, 19:17:33:596] info: Store: NEW_NOTIFICATION
{
  "avatarImage": "https://ca.slack-edge.com/T9F21EKE2-U9FF94095-g154b7532efc-512",
  "channel": "C9F21EML6",
  "content": "[REDACTED]",
  "id": "Mw89tNUW8PZZz2R",
  "imageUri": null,
  "launchUri": "slack://channel?id=C9F21EML6&message=1525252653.000212&team=T9F21EKE2",
  "msg": "1525252653.000212",
  "silent": true,
  "subtitle": "",
  "teamId": "T9F21EKE2",
  "title": "[REDACTED]"
}
[05/02/18, 19:17:42:162] info: Store: NEW_NOTIFICATION
{
  "avatarImage": "https://ca.slack-edge.com/T9F21EKE2-U9FDDM687-1fcc033a72da-512",
  "channel": "C9F21EML6",
  "content": "[REDACTED]",
  "id": "L79PUGcmnKWvqlO",
  "imageUri": null,
  "launchUri": "slack://channel?id=C9F21EML6&message=1525252661.000447&team=T9F21EKE2",
  "msg": "1525252661.000447",
  "silent": true,
  "subtitle": "",
  "teamId": "T9F21EKE2",
  "title": "[REDACTED]"
}
[05/02/18, 19:18:34:485] info: Store: NEW_NOTIFICATION
{
  "avatarImage": "https://ca.slack-edge.com/T9F21EKE2-U9FF94095-g154b7532efc-512",
  "channel": "C9F21EML6",
  "content": "[REDACTED]",
  "id": "E8RPTZfPMxE66ON",
  "imageUri": null,
  "launchUri": "slack://channel?id=C9F21EML6&message=1525252714.000140&team=T9F21EKE2",
  "msg": "1525252714.000140",
  "silent": true,
  "subtitle": "",
  "teamId": "T9F21EKE2",
  "title": "[REDACTED]"
}
[05/02/18, 19:18:41:155] info: Store: NEW_NOTIFICATION
{
  "avatarImage": "https://ca.slack-edge.com/T9F21EKE2-U9FDDM687-1fcc033a72da-512",
  "channel": "C9F21EML6",
  "content": "[REDACTED]",
  "id": "E8RPT3JhPMxE6Vq5",
  "imageUri": null,
  "launchUri": "slack://channel?id=C9F21EML6&message=1525252721.000015&team=T9F21EKE2",
  "msg": "1525252721.000015",
  "silent": true,
  "subtitle": "",
  "teamId": "T9F21EKE2",
  "title": "[REDACTED]"
}
[05/02/18, 19:18:49:444] info: Store: NEW_NOTIFICATION
{
  "avatarImage": "https://ca.slack-edge.com/T9F21EKE2-U9FF94095-g154b7532efc-512",
  "channel": "C9F21EML6",
  "content": "[REDACTED]",
  "id": "jZRncnni78xDmNDR",
  "imageUri": null,
  "launchUri": "slack://channel?id=C9F21EML6&message=1525252729.000116&team=T9F21EKE2",
  "msg": "1525252729.000116",
  "silent": true,
  "subtitle": "",
  "teamId": "T9F21EKE2",
  "title": "[REDACTED]"
}
[05/02/18, 19:19:15:278] info: Store: NEW_NOTIFICATION
{
  "avatarImage": "https://ca.slack-edge.com/T9F21EKE2-U9FDDM687-1fcc033a72da-512",
  "channel": "C9F21EML6",
  "content": "[REDACTED]",
  "id": "D1k0t5BsZNBQgkJ8",
  "imageUri": null,
  "launchUri": "slack://channel?id=C9F21EML6&message=1525252755.000078&team=T9F21EKE2",
  "msg": "1525252755.000078",
  "silent": true,
  "subtitle": "",
  "teamId": "T9F21EKE2",
  "title": "[REDACTED]"
}
[05/02/18, 19:19:39:821] info: Store: NEW_NOTIFICATION
{
  "avatarImage": "https://ca.slack-edge.com/T9F21EKE2-U9FF94095-g154b7532efc-512",
  "channel": "C9F21EML6",
  "content": "[REDACTED]",
  "id": "4Qx9uBztWGNYgKrR",
  "imageUri": null,
  "launchUri": "slack://channel?id=C9F21EML6&message=1525252779.000261&team=T9F21EKE2",
  "msg": "1525252779.000261",
  "silent": true,
  "subtitle": "",
  "teamId": "T9F21EKE2",
  "title": "[REDACTED]"
}
[05/02/18, 19:23:30:882] info: Store: NEW_NOTIFICATION
{
  "avatarImage": "https://ca.slack-edge.com/T9F21EKE2-U9FF94095-g154b7532efc-512",
  "channel": "C9F21EML6",
  "content": "[REDACTED]",
  "id": "NLk8h0VuRAVOqzNx",
  "imageUri": null,
  "launchUri": "slack://channel?id=C9F21EML6&message=1525253010.000356&team=T9F21EKE2",
  "msg": "1525253010.000356",
  "silent": true,
  "subtitle": "",
  "teamId": "T9F21EKE2",
  "title": "[REDACTED]"
}
[05/02/18, 19:23:46:726] info: Store: NEW_NOTIFICATION
{
  "avatarImage": "https://ca.slack-edge.com/T9F21EKE2-U9FF94095-g154b7532efc-512",
  "channel": "C9F21EML6",
  "content": "[REDACTED]",
  "id": "k8RoTOqC91NvqYN6",
  "imageUri": null,
  "launchUri": "slack://channel?id=C9F21EML6&message=1525253026.000269&team=T9F21EKE2",
  "msg": "1525253026.000269",
  "silent": true,
  "subtitle": "",
  "teamId": "T9F21EKE2",
  "title": "[REDACTED]"
}
[05/02/18, 19:24:44:769] info: Store: NEW_NOTIFICATION
{
  "avatarImage": "https://ca.slack-edge.com/T9F21EKE2-U9FDDM687-1fcc033a72da-512",
  "channel": "C9F21EML6",
  "content": "[REDACTED]",
  "id": "p8YzTnAFGlk8lP7j",
  "imageUri": null,
  "launchUri": "slack://channel?id=C9F21EML6&message=1525253084.000226&team=T9F21EKE2",
  "msg": "1525253084.000226",
  "silent": true,
  "subtitle": "",
  "teamId": "T9F21EKE2",
  "title": "[REDACTED]"
}
[05/02/18, 19:26:01:482] info: Store: NEW_NOTIFICATION
{
  "avatarImage": "https://ca.slack-edge.com/T9F21EKE2-U9FF94095-g154b7532efc-512",
  "channel": "C9F21EML6",
  "content": "[REDACTED]",
  "id": "E8RPT30HPMxEMOvZ",
  "imageUri": null,
  "launchUri": "slack://channel?id=C9F21EML6&message=1525253161.000109&team=T9F21EKE2",
  "msg": "1525253161.000109",
  "silent": true,
  "subtitle": "",
  "teamId": "T9F21EKE2",
  "title": "[REDACTED]"
}
[05/02/18, 19:26:37:306] info: Store: NEW_NOTIFICATION
{
  "avatarImage": "https://ca.slack-edge.com/T9F21EKE2-U9FF94095-g154b7532efc-512",
  "channel": "C9F21EML6",
  "content": "[REDACTED]",
  "id": "713AtAQINK29g4EP",
  "imageUri": null,
  "launchUri": "slack://channel?id=C9F21EML6&message=1525253197.000055&team=T9F21EKE2",
  "msg": "1525253197.000055",
  "silent": true,
  "subtitle": "",
  "teamId": "T9F21EKE2",
  "title": "[REDACTED]"
}
[05/02/18, 19:28:57:178] info: Store: NEW_NOTIFICATION
{
  "avatarImage": "https://ca.slack-edge.com/T9F21EKE2-U9FDDM687-1fcc033a72da-512",
  "channel": "C9F21EML6",
  "content": "[REDACTED]",
  "id": "QnWOTk9SkWQ4zq7Q",
  "imageUri": null,
  "launchUri": "slack://channel?id=C9F21EML6&message=1525253336.000451&team=T9F21EKE2",
  "msg": "1525253336.000451",
  "silent": true,
  "subtitle": "",
  "teamId": "T9F21EKE2",
  "title": "[REDACTED]"
}
[05/02/18, 19:29:09:390] info: Store: SET_FULL_SCREEN
[05/02/18, 19:29:09:395] info: Store: SET_FULL_SCREEN
[05/02/18, 19:29:11:309] info: Store: SELECT_CHANNEL C9F21EML6
[05/02/18, 19:29:40:460] info: Store: SET_FULL_SCREEN
[05/02/18, 19:29:40:461] info: Store: SET_FULL_SCREEN
[05/02/18, 19:29:41:894] info: Store: SET_FULL_SCREEN
[05/02/18, 19:29:41:901] info: Store: SET_FULL_SCREEN
[05/02/18, 19:29:42:276] info: Store: SET_FULL_SCREEN
[05/02/18, 19:29:42:279] info: Store: SET_FULL_SCREEN
[05/02/18, 19:31:10:224] info: Store: NEW_NOTIFICATION
{
  "avatarImage": "https://ca.slack-edge.com/T9F21EKE2-U9FF94095-g154b7532efc-512",
  "channel": "C9F21EML6",
  "content": "[REDACTED]",
  "id": "q7x2U8JTELvyO5YV",
  "imageUri": null,
  "launchUri": "slack://channel?id=C9F21EML6&message=1525253470.000004&team=T9F21EKE2",
  "msg": "1525253470.000004",
  "silent": true,
  "subtitle": "",
  "teamId": "T9F21EKE2",
  "title": "[REDACTED]"
}
[05/02/18, 19:31:23:265] info: Store: NEW_NOTIFICATION
{
  "avatarImage": "https://ca.slack-edge.com/T9F21EKE2-U9FDDM687-1fcc033a72da-512",
  "channel": "C9F21EML6",
  "content": "[REDACTED]",
  "id": "5QyWuZ3U20lY51vQ",
  "imageUri": null,
  "launchUri": "slack://channel?id=C9F21EML6&message=1525253483.000046&team=T9F21EKE2",
  "msg": "1525253483.000046",
  "silent": true,
  "subtitle": "",
  "teamId": "T9F21EKE2",
  "title": "[REDACTED]"
}
[05/02/18, 19:32:32:152] info: Store: NEW_NOTIFICATION
{
  "avatarImage": "https://ca.slack-edge.com/T9F21EKE2-U9FDDM687-1fcc033a72da-512",
  "channel": "C9F21EML6",
  "content": "[REDACTED]",
  "id": "YWEMSL5cVqjyL1nE",
  "imageUri": null,
  "launchUri": "slack://channel?id=C9F21EML6&message=1525253551.000488&team=T9F21EKE2",
  "msg": "1525253551.000488",
  "silent": true,
  "subtitle": "",
  "teamId": "T9F21EKE2",
  "title": "[REDACTED]"
}
[05/02/18, 19:33:04:310] info: Store: NEW_NOTIFICATION
{
  "avatarImage": "https://ca.slack-edge.com/T9F21EKE2-U9FF94095-g154b7532efc-512",
  "channel": "C9F21EML6",
  "content": "[REDACTED]",
  "id": "E8RPT3KtPMxEGGxz",
  "imageUri": null,
  "launchUri": "slack://channel?id=C9F21EML6&message=1525253584.000009&team=T9F21EKE2",
  "msg": "1525253584.000009",
  "silent": true,
  "subtitle": "",
  "teamId": "T9F21EKE2",
  "title": "[REDACTED]"
}
[05/02/18, 19:33:24:570] info: Store: NEW_NOTIFICATION
{
  "avatarImage": "https://ca.slack-edge.com/T9F21EKE2-U9FF94095-g154b7532efc-512",
  "channel": "C9F21EML6",
  "content": "[REDACTED]",
  "id": "NLk8h05HRAVOBr6l",
  "imageUri": null,
  "launchUri": "slack://channel?id=C9F21EML6&message=1525253604.000170&team=T9F21EKE2",
  "msg": "1525253604.000170",
  "silent": true,
  "subtitle": "",
  "teamId": "T9F21EKE2",
  "title": "[REDACTED]"
}
[05/02/18, 19:36:13:852] info: Store: NEW_NOTIFICATION
{
  "avatarImage": "https://ca.slack-edge.com/T9F21EKE2-U9FDDM687-1fcc033a72da-512",
  "channel": "C9F21EML6",
  "content": "[REDACTED]",
  "id": "WL68h5ptnkLAgmnE",
  "imageUri": null,
  "launchUri": "slack://channel?id=C9F21EML6&message=1525253773.000257&team=T9F21EKE2",
  "msg": "1525253773.000257",
  "silent": true,
  "subtitle": "",
  "teamId": "T9F21EKE2",
  "title": "[REDACTED]"
}
[05/02/18, 19:36:34:819] info: Store: NEW_NOTIFICATION
{
  "avatarImage": "https://ca.slack-edge.com/T9F21EKE2-U9FF94095-g154b7532efc-512",
  "channel": "C9F21EML6",
  "content": "[REDACTED]",
  "id": "jZRncnps78xDAGr1",
  "imageUri": null,
  "launchUri": "slack://channel?id=C9F21EML6&message=1525253794.000236&team=T9F21EKE2",
  "msg": "1525253794.000236",
  "silent": true,
  "subtitle": "",
  "teamId": "T9F21EKE2",
  "title": "[REDACTED]"
}
[05/02/18, 19:38:37:083] info: Store: NEW_NOTIFICATION
{
  "avatarImage": "https://ca.slack-edge.com/T9F21EKE2-U9FF94095-g154b7532efc-512",
  "channel": "C9F21EML6",
  "content": "[REDACTED]",
  "id": "xnklT1wSwJgoEKYO",
  "imageUri": null,
  "launchUri": "slack://channel?id=C9F21EML6&message=1525253916.000417&team=T9F21EKE2",
  "msg": "1525253916.000417",
  "silent": true,
  "subtitle": "",
  "teamId": "T9F21EKE2",
  "title": "[REDACTED]"
}
[05/02/18, 19:41:31:486] info: Store: NEW_NOTIFICATION
{
  "avatarImage": "https://ca.slack-edge.com/T9F21EKE2-U9FF94095-g154b7532efc-512",
  "channel": "C9F21EML6",
  "content": "[REDACTED]",
  "id": "713AtApuNK2J8o0X",
  "imageUri": null,
  "launchUri": "slack://channel?id=C9F21EML6&message=1525254091.000108&team=T9F21EKE2",
  "msg": "1525254091.000108",
  "silent": true,
  "subtitle": "",
  "teamId": "T9F21EKE2",
  "title": "[REDACTED]"
}
[05/02/18, 19:42:10:308] info: Store: NEW_NOTIFICATION
{
  "avatarImage": "https://ca.slack-edge.com/T9F21EKE2-U9FF94095-g154b7532efc-512",
  "channel": "C9F21EML6",
  "content": "[REDACTED]",
  "id": "wVpkcGpCKrQ7qARr",
  "imageUri": null,
  "launchUri": "slack://channel?id=C9F21EML6&message=1525254130.000044&team=T9F21EKE2",
  "msg": "1525254130.000044",
  "silent": true,
  "subtitle": "",
  "teamId": "T9F21EKE2",
  "title": "[REDACTED]"
}
[05/02/18, 19:42:50:024] info: Store: NEW_NOTIFICATION
{
  "avatarImage": "https://ca.slack-edge.com/T9F21EKE2-U9FF94095-g154b7532efc-512",
  "channel": "C9F21EML6",
  "content": "[REDACTED]",
  "id": "713AtAvFNK2JWjD3",
  "imageUri": null,
  "launchUri": "slack://channel?id=C9F21EML6&message=1525254169.000391&team=T9F21EKE2",
  "msg": "1525254169.000391",
  "silent": true,
  "subtitle": "",
  "teamId": "T9F21EKE2",
  "title": "[REDACTED]"
}
[05/02/18, 19:43:12:547] info: Store: NEW_NOTIFICATION
{
  "avatarImage": "https://ca.slack-edge.com/T9F21EKE2-U9FDDM687-1fcc033a72da-512",
  "channel": "C9F21EML6",
  "content": "[REDACTED]",
  "id": "2xk9spNH2Y0JBnQQ",
  "imageUri": null,
  "launchUri": "slack://channel?id=C9F21EML6&message=1525254192.000166&team=T9F21EKE2",
  "msg": "1525254192.000166",
  "silent": true,
  "subtitle": "",
  "teamId": "T9F21EKE2",
  "title": "[REDACTED]"
}
[05/02/18, 19:43:38:267] info: Store: NEW_NOTIFICATION
{
  "avatarImage": "https://ca.slack-edge.com/T9F21EKE2-U9FF94095-g154b7532efc-512",
  "channel": "C9F21EML6",
  "content": "[REDACTED]",
  "id": "6X80IrqI502AmDVn",
  "imageUri": null,
  "launchUri": "slack://channel?id=C9F21EML6&message=1525254218.000074&team=T9F21EKE2",
  "msg": "1525254218.000074",
  "silent": true,
  "subtitle": "",
  "teamId": "T9F21EKE2",
  "title": "[REDACTED]"
}
[05/02/18, 19:43:44:968] info: Store: NEW_NOTIFICATION
{
  "avatarImage": "https://ca.slack-edge.com/T9F21EKE2-U9FDDM687-1fcc033a72da-512",
  "channel": "C9F21EML6",
  "content": "[REDACTED]",
  "id": "NLk8h06sRAV6jgr9",
  "imageUri": null,
  "launchUri": "slack://channel?id=C9F21EML6&message=1525254224.000386&team=T9F21EKE2",
  "msg": "1525254224.000386",
  "silent": true,
  "subtitle": "",
  "teamId": "T9F21EKE2",
  "title": "[REDACTED]"
}
[05/02/18, 19:44:13:414] info: Store: NEW_NOTIFICATION
{
  "avatarImage": "https://ca.slack-edge.com/T9F21EKE2-U9FF94095-g154b7532efc-512",
  "channel": "C9F21EML6",
  "content": "[REDACTED]",
  "id": "XLDMhXZTkKMYDO17",
  "imageUri": null,
  "launchUri": "slack://channel?id=C9F21EML6&message=1525254253.000063&team=T9F21EKE2",
  "msg": "1525254253.000063",
  "silent": true,
  "subtitle": "",
  "teamId": "T9F21EKE2",
  "title": "[REDACTED]"
}
[05/02/18, 19:44:46:153] info: Store: NEW_NOTIFICATION
{
  "avatarImage": "https://ca.slack-edge.com/T9F21EKE2-U9FDDM687-1fcc033a72da-512",
  "channel": "C9F21EML6",
  "content": "[REDACTED]",
  "id": "vl2ju7wUA684AokG",
  "imageUri": null,
  "launchUri": "slack://channel?id=C9F21EML6&message=1525254285.000411&team=T9F21EKE2",
  "msg": "1525254285.000411",
  "silent": true,
  "subtitle": "",
  "teamId": "T9F21EKE2",
  "title": "[REDACTED]"
}
[05/02/18, 19:44:55:790] info: Store: NEW_NOTIFICATION
{
  "avatarImage": "https://ca.slack-edge.com/T9F21EKE2-U9FF94095-g154b7532efc-512",
  "channel": "C9F21EML6",
  "content": "[REDACTED]",
  "id": "k8RoTOyc91NW9DAm",
  "imageUri": null,
  "launchUri": "slack://channel?id=C9F21EML6&message=1525254295.000285&team=T9F21EKE2",
  "msg": "1525254295.000285",
  "silent": true,
  "subtitle": "",
  "teamId": "T9F21EKE2",
  "title": "[REDACTED]"
}
[05/02/18, 19:53:15:485] info: Store: NEW_NOTIFICATION
{
  "avatarImage": "https://ca.slack-edge.com/T9F21EKE2-U9FF94095-g154b7532efc-512",
  "channel": "C9F21EML6",
  "content": "[REDACTED]",
  "id": "jZRncnzf78xmY7lw",
  "imageUri": null,
  "launchUri": "slack://channel?id=C9F21EML6&message=1525254795.000147&team=T9F21EKE2",
  "msg": "1525254795.000147",
  "silent": true,
  "subtitle": "",
  "teamId": "T9F21EKE2",
  "title": "[REDACTED]"
}
[05/02/18, 19:53:20:179] info: Store: SET_FULL_SCREEN
[05/02/18, 19:53:20:186] info: Store: SET_FULL_SCREEN
[05/02/18, 19:53:21:676] info: Store: SET_FULL_SCREEN
[05/02/18, 19:53:21:677] info: Store: SET_FULL_SCREEN
[05/02/18, 19:53:22:463] info: Store: SET_FULL_SCREEN
[05/02/18, 19:53:22:467] info: Store: SET_FULL_SCREEN
[05/02/18, 19:53:23:051] info: Store: SET_FULL_SCREEN
[05/02/18, 19:53:23:054] info: Store: SET_FULL_SCREEN
[05/02/18, 19:53:46:417] info: Store: SET_FULL_SCREEN
[05/02/18, 19:53:46:420] info: Store: SET_FULL_SCREEN
[05/02/18, 19:53:58:156] info: Store: SET_FULL_SCREEN
[05/02/18, 19:53:58:159] info: Store: SET_FULL_SCREEN
[05/02/18, 19:54:18:054] info: Store: NEW_NOTIFICATION
{
  "avatarImage": "https://ca.slack-edge.com/T9F21EKE2-U9FF94095-g154b7532efc-512",
  "channel": "C9F21EML6",
  "content": "[REDACTED]",
  "id": "gZJkcAOu3wKD6WEQ",
  "imageUri": null,
  "launchUri": "slack://channel?id=C9F21EML6&message=1525254857.000429&team=T9F21EKE2",
  "msg": "1525254857.000429",
  "silent": true,
  "subtitle": "",
  "teamId": "T9F21EKE2",
  "title": "[REDACTED]"
}
[05/02/18, 19:54:21:450] info: Store: SET_FULL_SCREEN
[05/02/18, 19:54:21:454] info: Store: SET_FULL_SCREEN
[05/02/18, 19:54:23:909] info: Store: SET_FULL_SCREEN
[05/02/18, 19:54:23:911] info: Store: SET_FULL_SCREEN
[05/02/18, 19:54:28:648] info: Store: SET_FULL_SCREEN
[05/02/18, 19:54:28:652] info: Store: SET_FULL_SCREEN
[05/02/18, 19:54:32:777] info: Store: SET_FULL_SCREEN
[05/02/18, 19:54:32:778] info: Store: SET_FULL_SCREEN
[05/02/18, 19:54:33:689] info: Store: SET_FULL_SCREEN
[05/02/18, 19:54:33:693] info: Store: SET_FULL_SCREEN
[05/02/18, 19:54:34:202] info: Store: SET_FULL_SCREEN
[05/02/18, 19:54:34:204] info: Store: SET_FULL_SCREEN
[05/02/18, 19:54:57:231] info: Store: NEW_NOTIFICATION
{
  "avatarImage": "https://ca.slack-edge.com/T9F21EKE2-U9FF94095-g154b7532efc-512",
  "channel": "C9F21EML6",
  "content": "[REDACTED]",
  "id": "r8kYT8EhykQo3mRl",
  "imageUri": null,
  "launchUri": "slack://channel?id=C9F21EML6&message=1525254897.000010&team=T9F21EKE2",
  "msg": "1525254897.000010",
  "silent": true,
  "subtitle": "",
  "teamId": "T9F21EKE2",
  "title": "[REDACTED]"
}
[05/02/18, 19:55:07:830] info: Store: NEW_NOTIFICATION
{
  "avatarImage": "https://ca.slack-edge.com/T9F21EKE2-U9FF94095-g154b7532efc-512",
  "channel": "C9F21EML6",
  "content": "[REDACTED]",
  "id": "k8RoTOGs91NWylmm",
  "imageUri": null,
  "launchUri": "slack://channel?id=C9F21EML6&message=1525254907.000327&team=T9F21EKE2",
  "msg": "1525254907.000327",
  "silent": true,
  "subtitle": "",
  "teamId": "T9F21EKE2",
  "title": "[REDACTED]"
}
[05/02/18, 19:55:12:131] info: Store: CLICK_NOTIFICATION
{
  "channel": "C9F21EML6",
  "messageId": "1525254907.000327",
  "notificationId": "k8RoTOGs91NWylmm",
  "teamId": "T9F21EKE2"
}
[05/02/18, 19:55:12:134] info: Store: SELECT_TEAM T9F21EKE2
[05/02/18, 19:55:12:139] info: Store: SET_FULL_SCREEN
[05/02/18, 19:55:17:311] info: Store: SET_FULL_SCREEN
[05/02/18, 19:55:17:318] info: Store: SET_FULL_SCREEN
[05/02/18, 19:55:17:319] info: Store: SET_FULL_SCREEN
[05/02/18, 19:55:25:433] info: Store: SET_FULL_SCREEN
[05/02/18, 19:55:25:434] info: Store: SET_FULL_SCREEN
[05/02/18, 19:56:57:599] info: Store: NEW_NOTIFICATION
{
  "avatarImage": "https://ca.slack-edge.com/T9F21EKE2-U9FF94095-g154b7532efc-512",
  "channel": "C9F21EML6",
  "content": "[REDACTED]",
  "id": "Gv69F15SQDYqBGl6",
  "imageUri": null,
  "launchUri": "slack://channel?id=C9F21EML6&message=1525255017.000145&team=T9F21EKE2",
  "msg": "1525255017.000145",
  "silent": true,
  "subtitle": "",
  "teamId": "T9F21EKE2",
  "title": "[REDACTED]"
}
[05/02/18, 20:05:34:522] info: Store: SET_FULL_SCREEN
[05/02/18, 20:05:34:525] info: Store: SET_FULL_SCREEN
[05/02/18, 20:05:35:090] info: Store: SET_FULL_SCREEN
[05/02/18, 20:05:35:092] info: Store: SET_FULL_SCREEN
[05/02/18, 20:07:09:412] info: Store: SET_FULL_SCREEN
[05/02/18, 20:07:09:417] info: Store: SET_FULL_SCREEN
[05/02/18, 20:07:12:629] info: Store: SET_FULL_SCREEN
[05/02/18, 20:07:12:631] info: Store: SET_FULL_SCREEN
[05/02/18, 20:09:28:218] info: Store: SET_FULL_SCREEN
[05/02/18, 20:09:28:222] info: Store: SET_FULL_SCREEN
[05/02/18, 20:09:29:192] info: Store: SET_FULL_SCREEN
[05/02/18, 20:09:29:192] info: Store: SET_FULL_SCREEN
[05/02/18, 20:09:29:761] info: Store: SET_FULL_SCREEN
[05/02/18, 20:09:29:769] info: Store: SET_FULL_SCREEN
[05/02/18, 20:09:29:966] info: Store: SET_FULL_SCREEN
[05/02/18, 20:09:29:968] info: Store: SET_FULL_SCREEN
[05/02/18, 20:11:10:211] info: Store: SET_FULL_SCREEN
[05/02/18, 20:11:10:218] info: Store: SET_FULL_SCREEN
[05/02/18, 20:11:11:224] info: Store: SET_FULL_SCREEN
[05/02/18, 20:11:11:225] info: Store: SET_FULL_SCREEN
[05/02/18, 20:14:00:986] info: Store: SET_FULL_SCREEN
[05/02/18, 20:14:01:003] info: Store: SET_FULL_SCREEN
[05/02/18, 20:14:02:202] info: Store: SET_FULL_SCREEN
[05/02/18, 20:14:02:204] info: Store: SET_FULL_SCREEN
[05/02/18, 20:16:14:732] info: Store: SET_FULL_SCREEN
[05/02/18, 20:16:14:736] info: Store: SET_FULL_SCREEN
[05/02/18, 20:16:15:522] info: Store: SET_FULL_SCREEN
[05/02/18, 20:16:15:524] info: Store: SET_FULL_SCREEN
[05/02/18, 20:16:17:149] info: Store: SET_FULL_SCREEN
[05/02/18, 20:16:17:154] info: Store: SET_FULL_SCREEN
[05/02/18, 20:16:18:940] info: Store: SET_FULL_SCREEN
[05/02/18, 20:16:18:955] info: Store: SET_FULL_SCREEN
[05/02/18, 20:30:16:995] info: Store: NEW_NOTIFICATION
{
  "avatarImage": "https://ca.slack-edge.com/T9F21EKE2-U9FNM0E1L-a2edf622b072-512",
  "channel": "C9F21EML6",
  "content": "[REDACTED]",
  "id": "yoPmTrouRYyXoygr",
  "imageUri": null,
  "launchUri": "slack://channel?id=C9F21EML6&message=1525257016.000372&team=T9F21EKE2",
  "msg": "1525257016.000372",
  "silent": true,
  "subtitle": "",
  "teamId": "T9F21EKE2",
  "title": "[REDACTED]"
}
[05/02/18, 20:30:21:098] info: Store: CLICK_NOTIFICATION
{
  "channel": "C9F21EML6",
  "messageId": "1525257016.000372",
  "notificationId": "yoPmTrouRYyXoygr",
  "teamId": "T9F21EKE2"
}
[05/02/18, 20:30:21:100] info: Store: SELECT_TEAM T9F21EKE2
[05/02/18, 20:30:21:103] info: Store: SET_FULL_SCREEN
[05/02/18, 20:30:22:736] info: Store: SET_FULL_SCREEN
[05/02/18, 20:30:22:743] info: Store: SET_FULL_SCREEN
[05/02/18, 20:30:22:743] info: Store: SET_FULL_SCREEN
[05/02/18, 20:30:43:413] info: Store: SET_FULL_SCREEN
[05/02/18, 20:30:43:414] info: Store: SET_FULL_SCREEN
[05/02/18, 20:30:44:239] info: Store: SET_FULL_SCREEN
[05/02/18, 20:30:44:245] info: Store: SET_FULL_SCREEN
[05/02/18, 20:30:44:976] info: Store: SET_FULL_SCREEN
[05/02/18, 20:30:44:977] info: Store: SET_FULL_SCREEN
[05/02/18, 20:31:10:254] info: Store: SET_FULL_SCREEN
[05/02/18, 20:31:10:257] info: Store: SET_FULL_SCREEN
[05/02/18, 20:31:15:043] info: Store: SET_FULL_SCREEN
[05/02/18, 20:31:15:044] info: Store: SET_FULL_SCREEN
[05/02/18, 20:31:45:775] info: Store: SET_FULL_SCREEN
[05/02/18, 20:31:45:781] info: Store: SET_FULL_SCREEN
[05/02/18, 20:31:52:615] info: Store: SET_FULL_SCREEN
[05/02/18, 20:31:52:617] info: Store: SET_FULL_SCREEN
[05/02/18, 20:32:02:347] info: Store: SET_FULL_SCREEN
[05/02/18, 20:32:02:351] info: Store: SET_FULL_SCREEN
[05/02/18, 20:32:03:287] info: Store: SET_FULL_SCREEN
[05/02/18, 20:32:03:287] info: Store: SET_FULL_SCREEN
[05/02/18, 20:32:10:978] info: Store: SET_FULL_SCREEN
[05/02/18, 20:32:10:981] info: Store: SET_FULL_SCREEN
[05/02/18, 20:32:11:713] info: Store: SET_FULL_SCREEN
[05/02/18, 20:32:11:715] info: Store: SET_FULL_SCREEN
[05/02/18, 20:32:12:431] info: Store: SET_FULL_SCREEN
[05/02/18, 20:32:12:434] info: Store: SET_FULL_SCREEN
[05/02/18, 20:32:12:635] info: Store: SET_FULL_SCREEN
[05/02/18, 20:32:12:637] info: Store: SET_FULL_SCREEN
[05/02/18, 20:33:45:977] info: Store: SET_FULL_SCREEN
[05/02/18, 20:33:45:984] info: Store: SET_FULL_SCREEN
[05/02/18, 20:33:46:715] info: Store: SET_FULL_SCREEN
[05/02/18, 20:33:46:717] info: Store: SET_FULL_SCREEN
[05/02/18, 20:34:36:186] info: Store: SET_FULL_SCREEN
[05/02/18, 20:34:36:190] info: Store: SET_FULL_SCREEN
[05/02/18, 20:34:37:095] info: Store: SET_FULL_SCREEN
[05/02/18, 20:34:37:096] info: Store: SET_FULL_SCREEN
[05/02/18, 20:34:58:803] info: Store: SET_FULL_SCREEN
[05/02/18, 20:34:58:806] info: Store: SET_FULL_SCREEN
[05/02/18, 20:35:13:865] info: Store: SET_FULL_SCREEN
[05/02/18, 20:35:13:869] info: Store: SET_FULL_SCREEN
[05/02/18, 20:35:14:871] info: Store: SET_FULL_SCREEN
[05/02/18, 20:35:14:876] info: Store: SET_FULL_SCREEN
[05/02/18, 20:35:17:262] info: Store: SET_FULL_SCREEN
[05/02/18, 20:35:17:265] info: Store: SET_FULL_SCREEN
[05/02/18, 20:36:00:983] info: Store: NEW_NOTIFICATION
{
  "avatarImage": "https://ca.slack-edge.com/T9F21EKE2-U9FF94095-g154b7532efc-512",
  "channel": "C9F21EML6",
  "content": "[REDACTED]",
  "id": "gZJkcAWS3wKDMymk",
  "imageUri": null,
  "launchUri": "slack://channel?id=C9F21EML6&message=1525257360.000342&team=T9F21EKE2",
  "msg": "1525257360.000342",
  "silent": true,
  "subtitle": "",
  "teamId": "T9F21EKE2",
  "title": "[REDACTED]"
}
[05/02/18, 20:36:06:261] info: Store: SET_FULL_SCREEN
[05/02/18, 20:36:06:267] info: Store: SET_FULL_SCREEN
[05/02/18, 20:36:18:385] info: Store: SET_FULL_SCREEN
[05/02/18, 20:36:18:389] info: Store: SET_FULL_SCREEN
[05/02/18, 20:36:24:970] info: Store: SET_FULL_SCREEN
[05/02/18, 20:36:24:978] info: Store: SET_FULL_SCREEN
[05/02/18, 20:36:26:751] info: Store: SET_FULL_SCREEN
[05/02/18, 20:36:26:752] info: Store: SET_FULL_SCREEN
[05/02/18, 20:36:29:914] info: Store: NEW_NOTIFICATION
{
  "avatarImage": "https://ca.slack-edge.com/T9F21EKE2-U9FF94095-g154b7532efc-512",
  "channel": "C9F21EML6",
  "content": "[REDACTED]",
  "id": "K1r6t2YUAxngWZzD",
  "imageUri": null,
  "launchUri": "slack://channel?id=C9F21EML6&message=1525257389.000266&team=T9F21EKE2",
  "msg": "1525257389.000266",
  "silent": true,
  "subtitle": "",
  "teamId": "T9F21EKE2",
  "title": "[REDACTED]"
}
[05/02/18, 20:36:31:028] info: Store: SET_FULL_SCREEN
[05/02/18, 20:36:31:032] info: Store: SET_FULL_SCREEN
[05/02/18, 20:36:40:505] info: Store: SET_FULL_SCREEN
[05/02/18, 20:36:40:506] info: Store: SET_FULL_SCREEN
[05/02/18, 20:36:45:314] info: Store: NEW_NOTIFICATION
{
  "avatarImage": "https://ca.slack-edge.com/T9F21EKE2-U9FF94095-g154b7532efc-512",
  "channel": "C9F21EML6",
  "content": "[REDACTED]",
  "id": "K1r6t2NcAxngW0PR",
  "imageUri": null,
  "launchUri": "slack://channel?id=C9F21EML6&message=1525257405.000081&team=T9F21EKE2",
  "msg": "1525257405.000081",
  "silent": true,
  "subtitle": "",
  "teamId": "T9F21EKE2",
  "title": "[REDACTED]"
}
[05/02/18, 20:36:48:167] info: Store: SET_FULL_SCREEN
[05/02/18, 20:36:48:168] info: Store: SET_FULL_SCREEN
[05/02/18, 20:36:59:512] info: Store: SET_FULL_SCREEN
[05/02/18, 20:36:59:514] info: Store: SET_FULL_SCREEN
[05/02/18, 20:37:00:199] info: Store: SET_FULL_SCREEN
[05/02/18, 20:37:00:201] info: Store: SET_FULL_SCREEN
[05/02/18, 20:37:04:571] info: Store: SET_FULL_SCREEN
[05/02/18, 20:37:04:572] info: Store: SET_FULL_SCREEN
[05/02/18, 20:37:08:010] info: Store: SET_FULL_SCREEN
[05/02/18, 20:37:08:017] info: Store: SET_FULL_SCREEN
[05/02/18, 20:37:48:280] info: Store: SET_FULL_SCREEN
[05/02/18, 20:37:48:282] info: Store: SET_FULL_SCREEN
[05/02/18, 20:38:03:550] info: Store: SET_FULL_SCREEN
[05/02/18, 20:38:03:558] info: Store: SET_FULL_SCREEN
[05/02/18, 20:38:04:372] info: Store: SET_FULL_SCREEN
[05/02/18, 20:38:04:374] info: Store: SET_FULL_SCREEN
[05/02/18, 20:38:11:797] info: Store: NEW_NOTIFICATION
{
  "avatarImage": "https://ca.slack-edge.com/T9F21EKE2-U9FF94095-g154b7532efc-512",
  "channel": "C9F21EML6",
  "content": "[REDACTED]",
  "id": "q7x2U8QHELvKDR32",
  "imageUri": null,
  "launchUri": "slack://channel?id=C9F21EML6&message=1525257491.000183&team=T9F21EKE2",
  "msg": "1525257491.000183",
  "silent": true,
  "subtitle": "",
  "teamId": "T9F21EKE2",
  "title": "[REDACTED]"
}
[05/02/18, 20:38:26:078] info: Store: NEW_NOTIFICATION
{
  "avatarImage": "https://ca.slack-edge.com/T9F21EKE2-U9FNM0E1L-a2edf622b072-512",
  "channel": "C9F21EML6",
  "content": "[REDACTED]",
  "id": "vl2ju71SA6842M77",
  "imageUri": null,
  "launchUri": "slack://channel?id=C9F21EML6&message=1525257505.000297&team=T9F21EKE2",
  "msg": "1525257505.000297",
  "silent": true,
  "subtitle": "",
  "teamId": "T9F21EKE2",
  "title": "[REDACTED]"
}
[05/02/18, 20:38:39:619] info: Store: NEW_NOTIFICATION
{
  "avatarImage": "https://ca.slack-edge.com/T9F21EKE2-U9FF94095-g154b7532efc-512",
  "channel": "C9F21EML6",
  "content": "[REDACTED]",
  "id": "YWEMSL4tVqjoE9Lv",
  "imageUri": null,
  "launchUri": "slack://channel?id=C9F21EML6&message=1525257519.000155&team=T9F21EKE2",
  "msg": "1525257519.000155",
  "silent": true,
  "subtitle": "",
  "teamId": "T9F21EKE2",
  "title": "[REDACTED]"
}
[05/02/18, 20:38:46:622] info: Store: SET_FULL_SCREEN
[05/02/18, 20:38:46:634] info: Store: SET_FULL_SCREEN
[05/02/18, 20:38:50:165] info: Store: SET_FULL_SCREEN
[05/02/18, 20:38:50:169] info: Store: SET_FULL_SCREEN
[05/02/18, 20:38:57:540] info: Store: NEW_NOTIFICATION
{
  "avatarImage": "https://ca.slack-edge.com/T9F21EKE2-U9FF94095-g154b7532efc-512",
  "channel": "C9F21EML6",
  "content": "[REDACTED]",
  "id": "BNBns74UjqrZ3n1D",
  "imageUri": null,
  "launchUri": "slack://channel?id=C9F21EML6&message=1525257537.000136&team=T9F21EKE2",
  "msg": "1525257537.000136",
  "silent": true,
  "subtitle": "",
  "teamId": "T9F21EKE2",
  "title": "[REDACTED]"
}
[05/02/18, 20:39:13:660] info: Store: SET_FULL_SCREEN
[05/02/18, 20:39:13:662] info: Store: SET_FULL_SCREEN
[05/02/18, 20:39:30:436] info: Store: SET_FULL_SCREEN
[05/02/18, 20:39:30:438] info: Store: SET_FULL_SCREEN
[05/02/18, 20:39:31:029] info: Store: SET_FULL_SCREEN
[05/02/18, 20:39:31:035] info: Store: SET_FULL_SCREEN
[05/02/18, 20:39:32:268] info: Store: SET_FULL_SCREEN
[05/02/18, 20:39:32:270] info: Store: SET_FULL_SCREEN
[05/02/18, 20:39:39:518] info: Store: SET_FULL_SCREEN
[05/02/18, 20:39:39:521] info: Store: SET_FULL_SCREEN
[05/02/18, 20:39:43:371] info: Store: SET_FULL_SCREEN
[05/02/18, 20:39:43:372] info: Store: SET_FULL_SCREEN
[05/02/18, 20:40:06:270] info: Store: NEW_NOTIFICATION
{
  "avatarImage": "https://ca.slack-edge.com/T9F21EKE2-U9FNM0E1L-a2edf622b072-512",
  "channel": "C9F21EML6",
  "content": "[REDACTED]",
  "id": "91r2tkycOXZALOAk",
  "imageUri": null,
  "launchUri": "slack://channel?id=C9F21EML6&message=1525257605.000399&team=T9F21EKE2",
  "msg": "1525257605.000399",
  "silent": true,
  "subtitle": "",
  "teamId": "T9F21EKE2",
  "title": "[REDACTED]"
}
[05/02/18, 20:40:08:005] info: Store: NEW_NOTIFICATION
{
  "avatarImage": "https://ca.slack-edge.com/T9F21EKE2-U9FF94095-g154b7532efc-512",
  "channel": "C9F21EML6",
  "content": "[REDACTED]",
  "id": "gZJkcAMt3wKDjEQ4",
  "imageUri": null,
  "launchUri": "slack://channel?id=C9F21EML6&message=1525257607.000261&team=T9F21EKE2",
  "msg": "1525257607.000261",
  "silent": true,
  "subtitle": "",
  "teamId": "T9F21EKE2",
  "title": "[REDACTED]"
}
[05/02/18, 20:40:09:737] info: Store: SET_FULL_SCREEN
[05/02/18, 20:40:09:744] info: Store: SET_FULL_SCREEN
[05/02/18, 20:40:53:692] info: Store: SET_FULL_SCREEN
[05/02/18, 20:40:53:694] info: Store: SET_FULL_SCREEN
[05/02/18, 20:40:58:086] info: Store: SET_FULL_SCREEN
[05/02/18, 20:40:58:090] info: Store: SET_FULL_SCREEN
[05/02/18, 20:41:01:026] info: Store: SET_FULL_SCREEN
[05/02/18, 20:41:01:027] info: Store: SET_FULL_SCREEN
[05/02/18, 20:41:02:256] info: Store: SET_FULL_SCREEN
[05/02/18, 20:41:02:262] info: Store: SET_FULL_SCREEN
[05/02/18, 20:41:13:244] info: Store: SET_FULL_SCREEN
[05/02/18, 20:41:13:245] info: Store: SET_FULL_SCREEN
[05/02/18, 20:41:13:624] info: Store: SET_FULL_SCREEN
[05/02/18, 20:41:13:633] info: Store: SET_FULL_SCREEN
[05/02/18, 20:41:14:142] info: Store: SET_FULL_SCREEN
[05/02/18, 20:41:14:143] info: Store: SET_FULL_SCREEN
[05/02/18, 20:41:15:269] info: Store: SET_FULL_SCREEN
[05/02/18, 20:41:15:275] info: Store: SET_FULL_SCREEN
[05/02/18, 20:41:18:015] info: Store: SET_FULL_SCREEN
[05/02/18, 20:41:18:016] info: Store: SET_FULL_SCREEN
[05/02/18, 20:41:18:540] info: Store: SET_FULL_SCREEN
[05/02/18, 20:41:18:546] info: Store: SET_FULL_SCREEN
[05/02/18, 20:41:18:739] info: Store: SET_FULL_SCREEN
[05/02/18, 20:41:18:741] info: Store: SET_FULL_SCREEN
[05/02/18, 20:41:21:406] info: Store: NEW_NOTIFICATION
{
  "avatarImage": "https://ca.slack-edge.com/T9F21EKE2-U9FF94095-g154b7532efc-512",
  "channel": "C9F21EML6",
  "content": "[REDACTED]",
  "id": "oV2Ocrgh6A7XPPjG",
  "imageUri": null,
  "launchUri": "slack://channel?id=C9F21EML6&message=1525257681.000017&team=T9F21EKE2",
  "msg": "1525257681.000017",
  "silent": true,
  "subtitle": "",
  "teamId": "T9F21EKE2",
  "title": "[REDACTED]"
}
[05/02/18, 20:41:26:103] info: Store: SET_FULL_SCREEN
[05/02/18, 20:41:26:107] info: Store: SET_FULL_SCREEN
[05/02/18, 20:41:54:451] info: Store: SET_FULL_SCREEN
[05/02/18, 20:41:54:452] info: Store: SET_FULL_SCREEN
[05/02/18, 20:41:55:103] info: Store: NEW_NOTIFICATION
{
  "avatarImage": "https://ca.slack-edge.com/T9F21EKE2-U9FF94095-g154b7532efc-512",
  "channel": "C9F21EML6",
  "content": "[REDACTED]",
  "id": "gZJkcAzC3wKprAO1",
  "imageUri": null,
  "launchUri": "slack://channel?id=C9F21EML6&message=1525257714.000338&team=T9F21EKE2",
  "msg": "1525257714.000338",
  "silent": true,
  "subtitle": "",
  "teamId": "T9F21EKE2",
  "title": "[REDACTED]"
}
[05/02/18, 20:41:55:511] info: Store: NEW_NOTIFICATION
{
  "avatarImage": "https://ca.slack-edge.com/T9F21EKE2-U9FNM0E1L-a2edf622b072-512",
  "channel": "C9F21EML6",
  "content": "[REDACTED]",
  "id": "jZRncjMs78xkPE5y",
  "imageUri": null,
  "launchUri": "slack://channel?id=C9F21EML6&message=1525257715.000088&team=T9F21EKE2",
  "msg": "1525257715.000088",
  "silent": true,
  "subtitle": "",
  "teamId": "T9F21EKE2",
  "title": "[REDACTED]"
}
[05/02/18, 20:41:55:658] info: Store: SET_FULL_SCREEN
[05/02/18, 20:41:55:661] info: Store: SET_FULL_SCREEN
[05/02/18, 20:42:27:304] info: Store: SET_FULL_SCREEN
[05/02/18, 20:42:27:305] info: Store: SET_FULL_SCREEN
[05/02/18, 20:42:28:114] info: Store: SET_FULL_SCREEN
[05/02/18, 20:42:28:118] info: Store: SET_FULL_SCREEN
[05/02/18, 20:42:29:846] info: Store: SET_FULL_SCREEN
[05/02/18, 20:42:29:848] info: Store: SET_FULL_SCREEN
[05/02/18, 20:42:45:621] info: Store: SET_FULL_SCREEN
[05/02/18, 20:42:45:625] info: Store: SET_FULL_SCREEN
[05/02/18, 20:42:46:402] info: Store: SET_FULL_SCREEN
[05/02/18, 20:42:46:405] info: Store: SET_FULL_SCREEN
[05/02/18, 20:42:59:289] info: Store: NEW_NOTIFICATION
{
  "avatarImage": "https://ca.slack-edge.com/T9F21EKE2-U9FNM0E1L-a2edf622b072-512",
  "channel": "C9F21EML6",
  "content": "[REDACTED]",
  "id": "BNBnsV7hjqroz1zP",
  "imageUri": null,
  "launchUri": "slack://channel?id=C9F21EML6&message=1525257779.000010&team=T9F21EKE2",
  "msg": "1525257779.000010",
  "silent": true,
  "subtitle": "",
  "teamId": "T9F21EKE2",
  "title": "[REDACTED]"
}
[05/02/18, 20:43:02:588] info: Store: SET_FULL_SCREEN
[05/02/18, 20:43:02:593] info: Store: SET_FULL_SCREEN
[05/02/18, 20:43:08:321] info: Store: SET_FULL_SCREEN
[05/02/18, 20:43:08:323] info: Store: SET_FULL_SCREEN
[05/02/18, 20:43:10:732] info: Store: NEW_NOTIFICATION
{
  "avatarImage": "https://ca.slack-edge.com/T9F21EKE2-U9FNM0E1L-a2edf622b072-512",
  "channel": "C9F21EML6",
  "content": "[REDACTED]",
  "id": "4Qx9uJJfWGNgO5p8",
  "imageUri": null,
  "launchUri": "slack://channel?id=C9F21EML6&message=1525257790.000252&team=T9F21EKE2",
  "msg": "1525257790.000252",
  "silent": true,
  "subtitle": "",
  "teamId": "T9F21EKE2",
  "title": "[REDACTED]"
}
[05/02/18, 20:43:13:790] info: Store: SET_FULL_SCREEN
[05/02/18, 20:43:13:797] info: Store: SET_FULL_SCREEN
[05/02/18, 20:43:46:385] info: Store: SET_FULL_SCREEN
[05/02/18, 20:43:46:386] info: Store: SET_FULL_SCREEN
[05/02/18, 20:43:46:852] info: Store: SET_FULL_SCREEN
[05/02/18, 20:43:46:856] info: Store: SET_FULL_SCREEN
[05/02/18, 20:43:47:079] info: Store: SET_FULL_SCREEN
[05/02/18, 20:43:47:080] info: Store: SET_FULL_SCREEN
[05/02/18, 20:43:47:901] info: Store: SET_FULL_SCREEN
[05/02/18, 20:43:47:904] info: Store: SET_FULL_SCREEN
[05/02/18, 20:43:48:106] info: Store: SET_FULL_SCREEN
[05/02/18, 20:43:48:109] info: Store: SET_FULL_SCREEN
[05/02/18, 20:43:56:986] info: Store: SET_FULL_SCREEN
[05/02/18, 20:43:56:989] info: Store: SET_FULL_SCREEN
[05/02/18, 20:43:57:690] info: Store: SET_FULL_SCREEN
[05/02/18, 20:43:57:691] info: Store: SET_FULL_SCREEN
[05/02/18, 20:44:02:583] info: Store: NEW_NOTIFICATION
{
  "avatarImage": "https://ca.slack-edge.com/T9F21EKE2-U9FF94095-g154b7532efc-512",
  "channel": "C9F21EML6",
  "content": "[REDACTED]",
  "id": "QnWOT6XFkWQExBDN",
  "imageUri": null,
  "launchUri": "slack://channel?id=C9F21EML6&message=1525257842.000147&team=T9F21EKE2",
  "msg": "1525257842.000147",
  "silent": true,
  "subtitle": "",
  "teamId": "T9F21EKE2",
  "title": "[REDACTED]"
}
[05/02/18, 20:44:36:992] info: Store: SET_FULL_SCREEN
[05/02/18, 20:44:36:999] info: Store: SET_FULL_SCREEN
[05/02/18, 20:44:37:528] info: Store: SET_FULL_SCREEN
[05/02/18, 20:44:37:531] info: Store: SET_FULL_SCREEN
[05/02/18, 20:45:01:201] info: Store: NEW_NOTIFICATION
{
  "avatarImage": null,
  "channel": "C9P070QNL",
  "content": "[REDACTED]",
  "id": "91r2tmRFOXZ6Ezkk",
  "imageUri": null,
  "launchUri": "slack://channel?id=C9P070QNL&message=1525257900.000466&team=T9F21EKE2",
  "msg": "1525257900.000466",
  "silent": true,
  "subtitle": "",
  "teamId": "T9F21EKE2",
  "title": "[REDACTED]"
}
[05/02/18, 20:45:11:045] info: Store: SET_FULL_SCREEN
[05/02/18, 20:45:12:732] info: Store: SET_FULL_SCREEN
[05/02/18, 20:46:36:375] info: Store: SET_FULL_SCREEN
[05/02/18, 20:46:36:377] info: Store: SET_FULL_SCREEN
[05/02/18, 20:46:37:188] info: Store: SET_FULL_SCREEN
[05/02/18, 20:46:37:196] info: Store: SET_FULL_SCREEN
[05/02/18, 20:46:37:360] info: Store: SET_FULL_SCREEN
[05/02/18, 20:46:37:363] info: Store: SET_FULL_SCREEN
[05/02/18, 20:46:37:796] info: Store: NEW_NOTIFICATION
{
  "avatarImage": "https://ca.slack-edge.com/T9F21EKE2-U9FF94095-g154b7532efc-512",
  "channel": "C9F21EML6",
  "content": "[REDACTED]",
  "id": "91r2tmYHOXZ636g2",
  "imageUri": null,
  "launchUri": "slack://channel?id=C9F21EML6&message=1525257997.000287&team=T9F21EKE2",
  "msg": "1525257997.000287",
  "silent": true,
  "subtitle": "",
  "teamId": "T9F21EKE2",
  "title": "[REDACTED]"
}
[05/02/18, 20:46:41:597] info: Store: SET_FULL_SCREEN
[05/02/18, 20:46:41:604] info: Store: SET_FULL_SCREEN
[05/02/18, 20:46:41:872] info: Store: SET_FULL_SCREEN
[05/02/18, 20:46:41:874] info: Store: SET_FULL_SCREEN
[05/02/18, 20:46:42:320] info: Store: SET_FULL_SCREEN
[05/02/18, 20:46:42:321] info: Store: SET_FULL_SCREEN
[05/02/18, 20:47:09:633] info: Store: SET_FULL_SCREEN
[05/02/18, 20:47:09:636] info: Store: SET_FULL_SCREEN
[05/02/18, 20:47:11:927] info: Store: NEW_NOTIFICATION
{
  "avatarImage": "https://ca.slack-edge.com/T9F21EKE2-U9FNM0E1L-a2edf622b072-512",
  "channel": "C9F21EML6",
  "content": "[REDACTED]",
  "id": "Gv69FJAtQDY2QQlK",
  "imageUri": null,
  "launchUri": "slack://channel?id=C9F21EML6&message=1525258031.000316&team=T9F21EKE2",
  "msg": "1525258031.000316",
  "silent": true,
  "subtitle": "",
  "teamId": "T9F21EKE2",
  "title": "[REDACTED]"
}
[05/02/18, 20:47:24:818] info: Store: NEW_NOTIFICATION
{
  "avatarImage": "https://ca.slack-edge.com/T9F21EKE2-U9FNM0E1L-a2edf622b072-512",
  "channel": "C9F21EML6",
  "content": "[REDACTED]",
  "id": "jZRncjGS78xk7gxP",
  "imageUri": null,
  "launchUri": "slack://channel?id=C9F21EML6&message=1525258044.000222&team=T9F21EKE2",
  "msg": "1525258044.000222",
  "silent": true,
  "subtitle": "",
  "teamId": "T9F21EKE2",
  "title": "[REDACTED]"
}
[05/02/18, 20:47:46:865] info: Store: SET_FULL_SCREEN
[05/02/18, 20:47:46:874] info: Store: SET_FULL_SCREEN
[05/02/18, 20:48:00:674] info: Store: SET_FULL_SCREEN
[05/02/18, 20:48:00:677] info: Store: SET_FULL_SCREEN
[05/02/18, 20:48:02:096] info: Store: NEW_NOTIFICATION
{
  "avatarImage": "https://ca.slack-edge.com/T9F21EKE2-U9FF94095-g154b7532efc-512",
  "channel": "C9F21EML6",
  "content": "[REDACTED]",
  "id": "p8YzTzvTGlkrGr6V",
  "imageUri": null,
  "launchUri": "slack://channel?id=C9F21EML6&message=1525258081.000294&team=T9F21EKE2",
  "msg": "1525258081.000294",
  "silent": true,
  "subtitle": "",
  "teamId": "T9F21EKE2",
  "title": "[REDACTED]"
}
[05/02/18, 20:48:02:879] info: Store: SET_FULL_SCREEN
[05/02/18, 20:48:02:883] info: Store: SET_FULL_SCREEN
[05/02/18, 20:48:07:572] info: Store: SET_FULL_SCREEN
[05/02/18, 20:48:07:573] info: Store: SET_FULL_SCREEN
[05/02/18, 20:48:33:375] info: Store: SET_FULL_SCREEN
[05/02/18, 20:48:33:380] info: Store: SET_FULL_SCREEN
[05/02/18, 20:48:53:506] info: Store: SET_FULL_SCREEN
[05/02/18, 20:48:53:511] info: Store: SET_FULL_SCREEN
[05/02/18, 20:48:56:363] info: Store: NEW_NOTIFICATION
{
  "avatarImage": "https://ca.slack-edge.com/T9F21EKE2-U9FF94095-g154b7532efc-512",
  "channel": "C9F21EML6",
  "content": "[REDACTED]",
  "id": "r8kYTA6iykQqj0rB",
  "imageUri": null,
  "launchUri": "slack://channel?id=C9F21EML6&message=1525258136.000054&team=T9F21EKE2",
  "msg": "1525258136.000054",
  "silent": true,
  "subtitle": "",
  "teamId": "T9F21EKE2",
  "title": "[REDACTED]"
}
[05/02/18, 20:48:59:797] info: Store: SET_FULL_SCREEN
[05/02/18, 20:48:59:801] info: Store: SET_FULL_SCREEN
[05/02/18, 20:49:26:006] info: Store: SET_FULL_SCREEN
[05/02/18, 20:49:26:009] info: Store: SET_FULL_SCREEN
[05/02/18, 20:49:33:405] info: Store: NEW_NOTIFICATION
{
  "avatarImage": "https://ca.slack-edge.com/T9F21EKE2-U9FF94095-g154b7532efc-512",
  "channel": "C9F21EML6",
  "content": "[REDACTED]",
  "id": "QnWOT6JfkWQErmo2",
  "imageUri": null,
  "launchUri": "slack://channel?id=C9F21EML6&message=1525258173.000082&team=T9F21EKE2",
  "msg": "1525258173.000082",
  "silent": true,
  "subtitle": "",
  "teamId": "T9F21EKE2",
  "title": "[REDACTED]"
}
[05/02/18, 20:49:35:595] info: Store: SET_FULL_SCREEN
[05/02/18, 20:49:35:603] info: Store: SET_FULL_SCREEN
[05/02/18, 20:49:54:276] info: Store: SET_FULL_SCREEN
[05/02/18, 20:49:54:278] info: Store: SET_FULL_SCREEN
[05/02/18, 20:50:19:114] info: Store: SET_FULL_SCREEN
[05/02/18, 20:50:19:119] info: Store: SET_FULL_SCREEN
[05/02/18, 20:51:11:532] info: Store: SET_FULL_SCREEN
[05/02/18, 20:51:11:534] info: Store: SET_FULL_SCREEN
[05/02/18, 20:51:12:621] info: Store: SET_FULL_SCREEN
[05/02/18, 20:51:12:631] info: Store: SET_FULL_SCREEN
[05/02/18, 20:51:15:300] info: Store: SET_FULL_SCREEN
[05/02/18, 20:51:15:301] info: Store: SET_FULL_SCREEN
[05/02/18, 20:51:34:941] info: Store: SET_FULL_SCREEN
[05/02/18, 20:51:34:946] info: Store: SET_FULL_SCREEN
[05/02/18, 20:51:36:369] info: Store: SET_FULL_SCREEN
[05/02/18, 20:51:36:371] info: Store: SET_FULL_SCREEN
[05/02/18, 20:52:11:756] info: Store: SET_FULL_SCREEN
[05/02/18, 20:52:11:759] info: Store: SET_FULL_SCREEN
[05/02/18, 20:52:12:116] info: Store: NEW_NOTIFICATION
{
  "avatarImage": "https://ca.slack-edge.com/T9F21EKE2-U9FF94095-g154b7532efc-512",
  "channel": "D9ED2JVNY",
  "content": "[REDACTED]",
  "id": "RO6LTrofOw0JQKZM",
  "imageUri": null,
  "launchUri": "slack://channel?id=D9ED2JVNY&message=1525258331.000407&team=T9F21EKE2",
  "msg": "1525258331.000407",
  "silent": true,
  "subtitle": "",
  "teamId": "T9F21EKE2",
  "title": "[REDACTED]"
}
[05/02/18, 20:52:13:972] info: Store: CLICK_NOTIFICATION
{
  "channel": "D9ED2JVNY",
  "messageId": "1525258331.000407",
  "notificationId": "RO6LTrofOw0JQKZM",
  "teamId": "T9F21EKE2"
}
[05/02/18, 20:52:13:981] info: Store: SELECT_TEAM T9F21EKE2
[05/02/18, 20:52:13:983] info: Store: SELECT_CHANNEL D9ED2JVNY
[05/02/18, 20:53:11:605] info: Store: SET_FULL_SCREEN
[05/02/18, 20:53:11:607] info: Store: SET_FULL_SCREEN
[05/02/18, 20:53:12:952] info: Store: SET_FULL_SCREEN
[05/02/18, 20:53:12:957] info: Store: SET_FULL_SCREEN
[05/02/18, 20:53:13:483] info: Store: SET_FULL_SCREEN
[05/02/18, 20:53:13:484] info: Store: SET_FULL_SCREEN
[05/02/18, 20:53:14:213] info: Store: SET_FULL_SCREEN
[05/02/18, 20:53:14:216] info: Store: SET_FULL_SCREEN
[05/02/18, 20:53:23:457] info: Store: SET_FULL_SCREEN
[05/02/18, 20:53:23:458] info: Store: SET_FULL_SCREEN
[05/02/18, 20:53:32:422] info: Store: SET_FULL_SCREEN
[05/02/18, 20:53:32:430] info: Store: SET_FULL_SCREEN
[05/02/18, 20:54:54:772] info: Store: SET_FULL_SCREEN
[05/02/18, 20:54:54:774] info: Store: SET_FULL_SCREEN
[05/02/18, 20:54:55:441] info: Store: SET_FULL_SCREEN
[05/02/18, 20:54:55:454] info: Store: SET_FULL_SCREEN
[05/02/18, 20:54:57:994] info: Store: SET_FULL_SCREEN
[05/02/18, 20:54:57:998] info: Store: SET_FULL_SCREEN
[05/02/18, 20:54:59:242] info: Store: SET_FULL_SCREEN
[05/02/18, 20:54:59:244] info: Store: SET_FULL_SCREEN
[05/02/18, 20:54:59:374] info: Store: SET_FULL_SCREEN
[05/02/18, 20:54:59:376] info: Store: SET_FULL_SCREEN
[05/02/18, 20:55:04:245] info: Store: NEW_NOTIFICATION
{
  "avatarImage": "https://ca.slack-edge.com/T9F21EKE2-U9FF94095-g154b7532efc-512",
  "channel": "D9ED2JVNY",
  "content": "[REDACTED]",
  "id": "Mw89t5jsW8PxOZoo",
  "imageUri": null,
  "launchUri": "slack://channel?id=D9ED2JVNY&message=1525258504.000060&team=T9F21EKE2",
  "msg": "1525258504.000060",
  "silent": true,
  "subtitle": "",
  "teamId": "T9F21EKE2",
  "title": "[REDACTED]"
}
[05/02/18, 20:55:06:623] info: Store: CLICK_NOTIFICATION
{
  "channel": "D9ED2JVNY",
  "messageId": "1525258504.000060",
  "notificationId": "Mw89t5jsW8PxOZoo",
  "teamId": "T9F21EKE2"
}
[05/02/18, 20:55:06:624] info: Store: SELECT_TEAM T9F21EKE2
[05/02/18, 20:55:06:626] info: Store: SET_FULL_SCREEN
[05/02/18, 20:55:08:670] info: Store: SET_FULL_SCREEN
[05/02/18, 20:55:08:683] info: Store: SET_FULL_SCREEN
[05/02/18, 20:55:08:683] info: Store: SET_FULL_SCREEN
[05/02/18, 20:55:21:119] info: Store: NEW_NOTIFICATION
{
  "avatarImage": "https://ca.slack-edge.com/T9F21EKE2-U9FDDM687-1fcc033a72da-512",
  "channel": "C9F21EML6",
  "content": "[REDACTED]",
  "id": "yoPmTNEFRYymxjxZ",
  "imageUri": null,
  "launchUri": "slack://channel?id=C9F21EML6&message=1525258520.000437&team=T9F21EKE2",
  "msg": "1525258520.000437",
  "silent": true,
  "subtitle": "",
  "teamId": "T9F21EKE2",
  "title": "[REDACTED]"
}
[05/02/18, 20:55:29:922] info: Store: SELECT_CHANNEL C9E929VPV
[05/02/18, 20:55:30:575] info: Store: SELECT_CHANNEL C9F21EML6
[05/02/18, 20:55:35:081] info: Store: NEW_NOTIFICATION
{
  "avatarImage": "https://ca.slack-edge.com/T9F21EKE2-U9FF94095-g154b7532efc-512",
  "channel": "D9ED2JVNY",
  "content": "[REDACTED]",
  "id": "lxYpsoqsqxg6NBJv",
  "imageUri": null,
  "launchUri": "slack://channel?id=D9ED2JVNY&message=1525258534.000400&team=T9F21EKE2",
  "msg": "1525258534.000400",
  "silent": true,
  "subtitle": "",
  "teamId": "T9F21EKE2",
  "title": "[REDACTED]"
}
[05/02/18, 20:55:37:353] info: Store: NEW_NOTIFICATION
{
  "avatarImage": "https://ca.slack-edge.com/T9F21EKE2-U9FF94095-g154b7532efc-512",
  "channel": "D9ED2JVNY",
  "content": "[REDACTED]",
  "id": "D1k0tB6FZNBgnW2J",
  "imageUri": null,
  "launchUri": "slack://channel?id=D9ED2JVNY&message=1525258537.000066&team=T9F21EKE2",
  "msg": "1525258537.000066",
  "silent": true,
  "subtitle": "",
  "teamId": "T9F21EKE2",
  "title": "[REDACTED]"
}
[05/02/18, 20:55:43:526] info: Store: SELECT_CHANNEL D9ED2JVNY
[05/02/18, 20:56:07:473] info: Store: NEW_NOTIFICATION
{
  "avatarImage": "https://ca.slack-edge.com/T9F21EKE2-U9FDDM687-1fcc033a72da-512",
  "channel": "C9F21EML6",
  "content": "[REDACTED]",
  "id": "mOZET5EF9X3qLxDK",
  "imageUri": null,
  "launchUri": "slack://channel?id=C9F21EML6&message=1525258567.000144&team=T9F21EKE2",
  "msg": "1525258567.000144",
  "silent": true,
  "subtitle": "",
  "teamId": "T9F21EKE2",
  "title": "[REDACTED]"
}
[05/02/18, 20:56:30:716] info: Store: SELECT_CHANNEL C9F21EML6
[05/02/18, 20:56:39:605] info: Store: NEW_NOTIFICATION
{
  "avatarImage": "https://ca.slack-edge.com/T9F21EKE2-U9FF94095-g154b7532efc-512",
  "channel": "D9ED2JVNY",
  "content": "[REDACTED]",
  "id": "q7x2UOlSELv0pRAk",
  "imageUri": null,
  "launchUri": "slack://channel?id=D9ED2JVNY&message=1525258599.000228&team=T9F21EKE2",
  "msg": "1525258599.000228",
  "silent": true,
  "subtitle": "",
  "teamId": "T9F21EKE2",
  "title": "[REDACTED]"
}
[05/02/18, 20:56:53:813] info: Store: SELECT_CHANNEL D9ED2JVNY
[05/02/18, 20:57:15:951] info: Store: SET_FULL_SCREEN
[05/02/18, 20:57:15:952] info: Store: SET_FULL_SCREEN
[05/02/18, 20:57:18:636] info: Store: NEW_NOTIFICATION
{
  "avatarImage": "https://ca.slack-edge.com/T9F21EKE2-U9FF94095-g154b7532efc-512",
  "channel": "C9F21EML6",
  "content": "[REDACTED]",
  "id": "D1k0tBvSZNBgv81V",
  "imageUri": null,
  "launchUri": "slack://channel?id=C9F21EML6&message=1525258638.000231&team=T9F21EKE2",
  "msg": "1525258638.000231",
  "silent": true,
  "subtitle": "",
  "teamId": "T9F21EKE2",
  "title": "[REDACTED]"
}
[05/02/18, 20:57:19:506] info: Store: SET_FULL_SCREEN
[05/02/18, 20:57:19:511] info: Store: SET_FULL_SCREEN
[05/02/18, 20:57:22:105] info: Store: CLICK_NOTIFICATION
{
  "channel": "C9F21EML6",
  "messageId": "1525258638.000231",
  "notificationId": "D1k0tBvSZNBgv81V",
  "teamId": "T9F21EKE2"
}
[05/02/18, 20:57:22:108] info: Store: SELECT_TEAM T9F21EKE2
[05/02/18, 20:57:22:115] info: Store: SELECT_CHANNEL C9F21EML6
[05/02/18, 20:57:30:860] info: Store: NEW_NOTIFICATION
{
  "avatarImage": "https://ca.slack-edge.com/T9F21EKE2-U9FF94095-g154b7532efc-512",
  "channel": "D9ED2JVNY",
  "content": "[REDACTED]",
  "id": "BNBnsVoujqroPX7o",
  "imageUri": null,
  "launchUri": "slack://channel?id=D9ED2JVNY&message=1525258650.000317&team=T9F21EKE2",
  "msg": "1525258650.000317",
  "silent": true,
  "subtitle": "",
  "teamId": "T9F21EKE2",
  "title": "[REDACTED]"
}
[05/02/18, 20:57:38:032] info: Store: SET_FULL_SCREEN
[05/02/18, 20:57:38:033] info: Store: SET_FULL_SCREEN
[05/02/18, 20:57:40:365] info: Store: NEW_NOTIFICATION
{
  "avatarImage": "https://ca.slack-edge.com/T9F21EKE2-U9FF94095-g154b7532efc-512",
  "channel": "C9F21EML6",
  "content": "[REDACTED]",
  "id": "L79PUPAUmnK9A2jV",
  "imageUri": null,
  "launchUri": "slack://channel?id=C9F21EML6&message=1525258660.000088&team=T9F21EKE2",
  "msg": "1525258660.000088",
  "silent": true,
  "subtitle": "",
  "teamId": "T9F21EKE2",
  "title": "[REDACTED]"
}
[05/02/18, 20:57:53:564] info: Store: SET_FULL_SCREEN
[05/02/18, 20:57:53:569] info: Store: SET_FULL_SCREEN
[05/02/18, 20:58:03:921] info: Store: SET_FULL_SCREEN
[05/02/18, 20:58:03:922] info: Store: SET_FULL_SCREEN
[05/02/18, 20:58:06:411] info: Store: NEW_NOTIFICATION
{
  "avatarImage": "https://ca.slack-edge.com/T9F21EKE2-U9FDDM687-1fcc033a72da-512",
  "channel": "C9F21EML6",
  "content": "[REDACTED]",
  "id": "ANDms9vHYKOVwKZj",
  "imageUri": null,
  "launchUri": "slack://channel?id=C9F21EML6&message=1525258686.000125&team=T9F21EKE2",
  "msg": "1525258686.000125",
  "silent": true,
  "subtitle": "",
  "teamId": "T9F21EKE2",
  "title": "[REDACTED]"
}
[05/02/18, 20:58:12:912] info: Store: SET_FULL_SCREEN
[05/02/18, 20:58:12:917] info: Store: SET_FULL_SCREEN
[05/02/18, 20:58:16:436] info: Store: SET_FULL_SCREEN
[05/02/18, 20:58:16:437] info: Store: SET_FULL_SCREEN
[05/02/18, 20:58:22:749] info: Store: SET_FULL_SCREEN
[05/02/18, 20:58:22:757] info: Store: SET_FULL_SCREEN
[05/02/18, 20:58:35:776] info: Store: SET_FULL_SCREEN
[05/02/18, 20:58:35:777] info: Store: SET_FULL_SCREEN
[05/02/18, 20:58:43:289] info: Store: NEW_NOTIFICATION
{
  "avatarImage": "https://ca.slack-edge.com/T9F21EKE2-U9FDDM687-1fcc033a72da-512",
  "channel": "C9F21EML6",
  "content": "[REDACTED]",
  "id": "RO6LTrxTOw0JvXKx",
  "imageUri": null,
  "launchUri": "slack://channel?id=C9F21EML6&message=1525258723.000085&team=T9F21EKE2",
  "msg": "1525258723.000085",
  "silent": true,
  "subtitle": "",
  "teamId": "T9F21EKE2",
  "title": "[REDACTED]"
}
[05/02/18, 20:58:45:475] info: Store: NEW_NOTIFICATION
{
  "avatarImage": "https://ca.slack-edge.com/T9F21EKE2-U9FF94095-g154b7532efc-512",
  "channel": "D9ED2JVNY",
  "content": "[REDACTED]",
  "id": "ANDms9RSYKOVJX7m",
  "imageUri": null,
  "launchUri": "slack://channel?id=D9ED2JVNY&message=1525258725.000167&team=T9F21EKE2",
  "msg": "1525258725.000167",
  "silent": true,
  "subtitle": "",
  "teamId": "T9F21EKE2",
  "title": "[REDACTED]"
}
[05/02/18, 20:58:46:016] info: Store: SET_FULL_SCREEN
[05/02/18, 20:58:46:018] info: Store: SET_FULL_SCREEN
[05/02/18, 20:59:01:912] info: Store: SET_FULL_SCREEN
[05/02/18, 20:59:01:912] info: Store: SET_FULL_SCREEN
[05/02/18, 20:59:05:248] info: Store: NEW_NOTIFICATION
{
  "avatarImage": "https://ca.slack-edge.com/T9F21EKE2-U9FDDM687-1fcc033a72da-512",
  "channel": "C9F21EML6",
  "content": "[REDACTED]",
  "id": "jZRncj0t78xk2OAo",
  "imageUri": null,
  "launchUri": "slack://channel?id=C9F21EML6&message=1525258745.000052&team=T9F21EKE2",
  "msg": "1525258745.000052",
  "silent": true,
  "subtitle": "",
  "teamId": "T9F21EKE2",
  "title": "[REDACTED]"
}
[05/02/18, 20:59:06:889] info: Store: SET_FULL_SCREEN
[05/02/18, 20:59:06:897] info: Store: SET_FULL_SCREEN
[05/02/18, 20:59:21:160] info: Store: SET_FULL_SCREEN
[05/02/18, 20:59:21:162] info: Store: SET_FULL_SCREEN
[05/02/18, 20:59:23:355] info: Store: SET_FULL_SCREEN
[05/02/18, 20:59:23:362] info: Store: SET_FULL_SCREEN
[05/02/18, 20:59:31:196] info: Store: SET_FULL_SCREEN
[05/02/18, 20:59:31:197] info: Store: SET_FULL_SCREEN
[05/02/18, 20:59:43:057] info: Store: NEW_NOTIFICATION
{
  "avatarImage": "https://ca.slack-edge.com/T9F21EKE2-U9FDDM687-1fcc033a72da-512",
  "channel": "C9F21EML6",
  "content": "[REDACTED]",
  "id": "QnWOT6vikWQE53j9",
  "imageUri": null,
  "launchUri": "slack://channel?id=C9F21EML6&message=1525258782.000376&team=T9F21EKE2",
  "msg": "1525258782.000376",
  "silent": true,
  "subtitle": "",
  "teamId": "T9F21EKE2",
  "title": "[REDACTED]"
}
