[05/08/18, 10:33:48:848] info: ╔═════════════════════════════════════════════════════════════════════════════════╗
[05/08/18, 10:33:48:849] info: ║      Slack 3.1.1, linux 4.13.0-38-generic on x64 at 05/08/18, 10:33:48:846      ║
[05/08/18, 10:33:48:849] info: ╚═════════════════════════════════════════════════════════════════════════════════╝
[05/08/18, 10:33:48:925] info: Initializing local storage instance at path: /home/bella/.config/Slack/local-settings.json
[05/08/18, 10:33:49:253] info: cld3::loadModule: loading cld3 module
[05/08/18, 10:33:49:273] info: cld3Loader::loadModule: running environment is NODE
[05/08/18, 10:33:49:273] info: cld3Loader::loadModule: constructed module object for runtime
[05/08/18, 10:33:49:396] info: cld3Loader::initializeRuntime: successfully initialized module
[05/08/18, 10:33:49:396] info: cld3Loader::loadModule: initialized wasm binary Runtime
[05/08/18, 10:33:49:399] warn: updateSpellcheckerLanguage: Tried to update language, but spellchecker not initialized
[05/08/18, 10:33:49:400] info: SSBIntegration: Main window preload script loaded 822.115124
[05/08/18, 10:33:51:483] info: Store: UPSERT_WEB_CONTENTS
{
  "id": 3,
  "state": "loaded",
  "teamId": "T9F21EKE2"
}
[05/08/18, 10:33:51:486] info: Store: MAIN_WINDOW_SHOWN
[05/08/18, 10:33:51:505] info: Store: SET_FULL_SCREEN
[05/08/18, 10:33:51:506] info: Store: SET_FULL_SCREEN
[05/08/18, 10:33:51:509] info: Store: SET_FULL_SCREEN
[05/08/18, 10:33:53:191] info: postLoadTaskSetup: Desktop client fully loaded
{
  "loadedTime": 8781.2724
}
[05/08/18, 10:33:53:234] info: Store: SAVE_WINDOW_SETTINGS
{
  "isMaximized": false,
  "position": [
    0,
    58
  ],
  "size": [
    1440,
    842
  ]
}
[05/08/18, 10:33:53:235] info: Store: UPDATE_SESSION_STATUS
{
  "hasValidSession": true,
  "teamId": "T9F21EKE2"
}
[05/08/18, 10:33:53:236] info: Store: SELECT_CHANNEL D9ED2JVNY
[05/08/18, 10:33:53:236] info: Store: UPDATE_TEAM_LOCALE
{
  "locale": "en-US",
  "teamId": "T9F21EKE2"
}
[05/08/18, 10:33:53:237] info: Store: UPDATE_SETTINGS
{
  "locale": "en-US"
}
[05/08/18, 10:33:53:238] info: Store: UPDATE_TEAM_THEME
{
  "teamId": "T9F21EKE2",
  "theme": {
    "active_item": "#2D9EE0",
    "active_item_text": "#FFFFFF",
    "active_presence": "#60D156",
    "badge": "#DC5960",
    "column_bg": "#F8F8FA",
    "hover_item": "#FFFFFF",
    "menu_bg": "#F8F8FA",
    "text_color": "#383F45"
  }
}
[05/08/18, 10:33:53:398] info: Store: UPDATE_TEAM_LOCALE
{
  "locale": "en-US",
  "teamId": "T9F21EKE2"
}
[05/08/18, 10:33:53:398] info: Store: UPSERT_WEB_CONTENTS
{
  "id": 3,
  "state": "webapp-loaded",
  "teamId": "T9F21EKE2"
}
[05/08/18, 10:33:53:897] info: Raw Locale list: ["bg_BG.utf8","C","ca_AD.utf8","ca_ES.utf8","ca_ES.utf8@valencia","ca_FR.utf8","ca_IT.utf8","cs_CZ.utf8","C.UTF-8","da_DK.utf8","de_AT.utf8","de_BE.utf8","de_CH.utf8","de_DE.utf8","de_LI.utf8","de_LU.utf8","en_AG","en_AG.utf8","en_AU.utf8","en_BW.utf8","en_CA.utf8","en_DK.utf8","en_GB.utf8","en_HK.utf8","en_IE.utf8","en_IN","en_IN.utf8","en_NG","en_NG.utf8","en_NZ.utf8","en_PH.utf8","en_SG.utf8","en_US.utf8","en_ZA.utf8","en_ZM","en_ZM.utf8","en_ZW.utf8","es_AR.utf8","es_BO.utf8","es_CL.utf8","es_CO.utf8","es_CR.utf8","es_CU","es_CU.utf8","es_DO.utf8","es_EC.utf8","es_ES.utf8","es_GT.utf8","es_HN.utf8","es_MX.utf8","es_NI.utf8","es_PA.utf8","es_PE.utf8","es_PR.utf8","es_PY.utf8","es_SV.utf8","es_US.utf8","es_UY.utf8","es_VE.utf8","fr_BE.utf8","fr_CA.utf8","fr_CH.utf8","fr_FR.utf8","fr_LU.utf8","hu_HU.utf8","id_ID.utf8","it_CH.utf8","it_IT.utf8","ja_JP.utf8","ko_KR.utf8","nb_NO.utf8","nl_AW","nl_AW.utf8","nl_BE.utf8","nl_NL.utf8","pl_PL.utf8","POSIX","pt_BR.utf8","pt_PT.utf8","ru_RU.utf8","ru_UA.utf8","sv_FI.utf8","sv_SE.utf8","th_TH.utf8","tr_CY.utf8","tr_TR.utf8","uk_UA.utf8","vi_VN","vi_VN.utf8","zh_CN.utf8","zh_HK.utf8","zh_SG.utf8","zh_TW.utf8",""]
[05/08/18, 10:33:53:898] info: Filtered Locale list: ["bg_BG","ca_AD","ca_ES","ca_ES","ca_FR","ca_IT","cs_CZ","da_DK","de_AT","de_BE","de_CH","de_DE","de_LI","de_LU","en_AG","en_AG","en_AU","en_BW","en_CA","en_DK","en_GB","en_HK","en_IE","en_IN","en_IN","en_NG","en_NG","en_NZ","en_PH","en_SG","en_US","en_ZA","en_ZM","en_ZM","en_ZW","es_AR","es_BO","es_CL","es_CO","es_CR","es_CU","es_CU","es_DO","es_EC","es_ES","es_GT","es_HN","es_MX","es_NI","es_PA","es_PE","es_PR","es_PY","es_SV","es_US","es_UY","es_VE","fr_BE","fr_CA","fr_CH","fr_FR","fr_LU","hu_HU","id_ID","it_CH","it_IT","ja_JP","ko_KR","nb_NO","nl_AW","nl_AW","nl_BE","nl_NL","pl_PL","pt_BR","pt_PT","ru_RU","ru_UA","sv_FI","sv_SE","th_TH","tr_CY","tr_TR","uk_UA","vi_VN","vi_VN","zh_CN","zh_HK","zh_SG","zh_TW"]
[05/08/18, 10:33:53:898] info: Counts: {"bg":["bg_BG"],"ca":["ca_AD","ca_ES","ca_ES","ca_FR","ca_IT"],"cs":["cs_CZ"],"da":["da_DK"],"de":["de_AT","de_BE","de_CH","de_DE","de_LI","de_LU"],"en":["en_AG","en_AG","en_AU","en_BW","en_CA","en_DK","en_GB","en_HK","en_IE","en_IN","en_IN","en_NG","en_NG","en_NZ","en_PH","en_SG","en_US","en_ZA","en_ZM","en_ZM","en_ZW"],"es":["es_AR","es_BO","es_CL","es_CO","es_CR","es_CU","es_CU","es_DO","es_EC","es_ES","es_GT","es_HN","es_MX","es_NI","es_PA","es_PE","es_PR","es_PY","es_SV","es_US","es_UY","es_VE"],"fr":["fr_BE","fr_CA","fr_CH","fr_FR","fr_LU"],"hu":["hu_HU"],"id":["id_ID"],"it":["it_CH","it_IT"],"ja":["ja_JP"],"ko":["ko_KR"],"nb":["nb_NO"],"nl":["nl_AW","nl_AW","nl_BE","nl_NL"],"pl":["pl_PL"],"pt":["pt_BR","pt_PT"],"ru":["ru_RU","ru_UA"],"sv":["sv_FI","sv_SE"],"th":["th_TH"],"tr":["tr_CY","tr_TR"],"uk":["uk_UA"],"vi":["vi_VN","vi_VN"],"zh":["zh_CN","zh_HK","zh_SG","zh_TW"]}
[05/08/18, 10:33:53:898] info: Setting bg
[05/08/18, 10:33:53:899] info: Setting cs
[05/08/18, 10:33:53:899] info: Setting da
[05/08/18, 10:33:53:899] info: Setting hu
[05/08/18, 10:33:53:899] info: Setting id
[05/08/18, 10:33:53:900] info: Setting ja
[05/08/18, 10:33:53:900] info: Setting ko
[05/08/18, 10:33:53:900] info: Setting nb
[05/08/18, 10:33:53:900] info: Setting pl
[05/08/18, 10:33:53:900] info: Setting th
[05/08/18, 10:33:53:900] info: Setting uk
[05/08/18, 10:33:53:900] info: Result: {"bg":"bg-BG","cs":"cs-CZ","da":"da-DK","hu":"hu-HU","id":"id-ID","ja":"ja-JP","ko":"ko-KR","nb":"nb-NO","pl":"pl-PL","th":"th-TH","uk":"uk-UA","en":"en-US"}
[05/08/18, 10:33:53:902] info: Requesting to load en-US, alternatives are ["en-US","en-US","en-US"]
[05/08/18, 10:33:53:904] info: Loading dictionary for language en-US
[05/08/18, 10:33:53:904] info: Returning local copy: /home/bella/.config/Slack/dictionaries/en-US.bdic
[05/08/18, 10:33:53:917] info: Setting current spellchecker to en-US, requested language was en-US
[05/08/18, 10:33:53:917] info: Creating node-spellchecker instance
[05/08/18, 10:33:53:919] info: Actually installing spell check provider to Electron
[05/08/18, 10:33:54:664] info: Loading dictionary for language en-US
[05/08/18, 10:33:54:664] info: Returning local copy: /home/bella/.config/Slack/dictionaries/en-US.bdic
[05/08/18, 10:33:54:665] info: Setting current spellchecker to en-US, requested language was en-US
[05/08/18, 10:33:55:748] info: Store: SELECT_CHANNEL D9ECLDGTV
[05/08/18, 10:33:57:731] info: Loading dictionary for language en-US
[05/08/18, 10:33:57:732] info: Returning local copy: /home/bella/.config/Slack/dictionaries/en-US.bdic
[05/08/18, 10:33:57:732] info: Setting current spellchecker to en-US, requested language was en-US
[05/08/18, 10:34:42:521] info: Unloading spellchecker
[05/08/18, 10:34:42:523] info: Unloading spellchecker
[05/08/18, 10:34:42:591] info: Store: SET_FULL_SCREEN
[05/08/18, 10:34:42:591] info: Store: SET_FULL_SCREEN
[05/08/18, 10:34:43:212] info: Restoring spellchecker
[05/08/18, 10:34:43:212] info: Loading dictionary for language en-US
[05/08/18, 10:34:43:212] info: Returning local copy: /home/bella/.config/Slack/dictionaries/en-US.bdic
[05/08/18, 10:34:43:214] info: Store: SET_FULL_SCREEN
[05/08/18, 10:34:43:215] info: Store: SET_FULL_SCREEN
[05/08/18, 10:34:43:239] info: Setting current spellchecker to en-US, requested language was en-US
[05/08/18, 10:34:43:239] info: Creating node-spellchecker instance
[05/08/18, 10:34:43:518] info: Unloading spellchecker
[05/08/18, 10:34:43:519] info: Unloading spellchecker
[05/08/18, 10:34:43:539] info: Store: SET_FULL_SCREEN
[05/08/18, 10:34:43:539] info: Store: SET_FULL_SCREEN
[05/08/18, 10:34:44:426] info: Restoring spellchecker
[05/08/18, 10:34:44:426] info: Loading dictionary for language en-US
[05/08/18, 10:34:44:426] info: Returning local copy: /home/bella/.config/Slack/dictionaries/en-US.bdic
[05/08/18, 10:34:44:429] info: Store: SET_FULL_SCREEN
[05/08/18, 10:34:44:430] info: Store: SET_FULL_SCREEN
[05/08/18, 10:34:44:453] info: Setting current spellchecker to en-US, requested language was en-US
[05/08/18, 10:34:44:454] info: Creating node-spellchecker instance
[05/08/18, 10:34:49:218] info: Unloading spellchecker
[05/08/18, 10:34:49:220] info: Unloading spellchecker
[05/08/18, 10:34:49:264] info: Store: SET_FULL_SCREEN
[05/08/18, 10:34:49:264] info: Store: SET_FULL_SCREEN
[05/08/18, 10:35:52:926] info: Restoring spellchecker
[05/08/18, 10:35:52:926] info: Loading dictionary for language en-US
[05/08/18, 10:35:52:927] info: Returning local copy: /home/bella/.config/Slack/dictionaries/en-US.bdic
[05/08/18, 10:35:52:930] info: Store: SET_FULL_SCREEN
[05/08/18, 10:35:52:934] info: Unloading spellchecker
[05/08/18, 10:35:52:975] info: Store: SET_FULL_SCREEN
[05/08/18, 10:35:52:976] info: Store: SET_FULL_SCREEN
[05/08/18, 10:35:52:977] info: Unloading spellchecker
[05/08/18, 10:35:52:978] info: Setting current spellchecker to en-US, requested language was en-US
[05/08/18, 10:35:52:978] info: Creating node-spellchecker instance
[05/08/18, 10:37:41:595] warn: Unable to read quiet hours setting: windows-quiet-hours works only on Windows
[05/08/18, 10:37:41:596] warn: Unable to read quiet hours setting: windows-quiet-hours works only on Windows
[05/08/18, 10:37:41:623] info: Store: NEW_NOTIFICATION
{
  "avatarImage": "https://ca.slack-edge.com/T9F21EKE2-U9EK1HHBP-f8c5493aa0ca-512",
  "channel": "D9ECLDGTV",
  "content": "[REDACTED]",
  "id": "Y74xC3hVqQgyWl1",
  "imageUri": null,
  "launchUri": "slack://channel?id=D9ECLDGTV&message=1525739861.000119&team=T9F21EKE2",
  "msg": "1525739861.000119",
  "silent": true,
  "subtitle": "",
  "teamId": "T9F21EKE2",
  "title": "[REDACTED]"
}
[05/08/18, 10:37:46:005] info: Store: CLICK_NOTIFICATION
{
  "channel": "D9ECLDGTV",
  "messageId": "1525739861.000119",
  "notificationId": "Y74xC3hVqQgyWl1",
  "teamId": "T9F21EKE2"
}
[05/08/18, 10:37:46:006] info: Store: SELECT_TEAM T9F21EKE2
[05/08/18, 10:37:46:014] info: Restoring spellchecker
[05/08/18, 10:37:46:014] info: Loading dictionary for language en-US
[05/08/18, 10:37:46:015] info: Returning local copy: /home/bella/.config/Slack/dictionaries/en-US.bdic
[05/08/18, 10:37:46:047] info: Store: SET_FULL_SCREEN
[05/08/18, 10:37:46:077] info: Setting current spellchecker to en-US, requested language was en-US
[05/08/18, 10:38:39:933] warn: SpellChecker::updateDetectedLanguage: cld could not detect language correctly, empty result returned
[05/08/18, 10:38:56:079] info: SpellChecker::updateDetectedLanguage: language has changed from 'und' to 'en'
{
  "language": "en",
  "probability": 0.999992311000824,
  "is_reliable": true,
  "proportion": 1
}
[05/08/18, 10:38:56:080] info: SpellChecker::updateDetectedLanguage: detected language is distinct to current, push values
[05/08/18, 10:39:33:493] info: Store: SELECT_CHANNEL C9F21EML6
[05/08/18, 10:39:35:712] info: Loading dictionary for language en-US
[05/08/18, 10:39:35:712] info: Returning local copy: /home/bella/.config/Slack/dictionaries/en-US.bdic
[05/08/18, 10:39:35:713] info: Setting current spellchecker to en-US, requested language was en-US
[05/08/18, 10:39:42:736] info: Store: SELECT_CHANNEL D9ECLDGTV
[05/08/18, 10:39:42:978] info: Loading dictionary for language en-US
[05/08/18, 10:39:42:978] info: Returning local copy: /home/bella/.config/Slack/dictionaries/en-US.bdic
[05/08/18, 10:39:42:980] info: Setting current spellchecker to en-US, requested language was en-US
[05/08/18, 10:39:44:186] info: Unloading spellchecker
[05/08/18, 10:39:44:189] info: Unloading spellchecker
[05/08/18, 10:39:44:210] info: Store: SET_FULL_SCREEN
[05/08/18, 10:39:44:210] info: Store: SET_FULL_SCREEN
[05/08/18, 10:40:10:478] info: Restoring spellchecker
[05/08/18, 10:40:10:479] info: Loading dictionary for language en-US
[05/08/18, 10:40:10:479] info: Returning local copy: /home/bella/.config/Slack/dictionaries/en-US.bdic
[05/08/18, 10:40:10:480] info: Store: SET_FULL_SCREEN
[05/08/18, 10:40:10:492] info: Store: SET_FULL_SCREEN
[05/08/18, 10:40:10:493] info: Setting current spellchecker to en-US, requested language was en-US
[05/08/18, 10:40:10:494] info: Creating node-spellchecker instance
[05/08/18, 10:40:18:199] info: Unloading spellchecker
[05/08/18, 10:40:18:200] info: Unloading spellchecker
[05/08/18, 10:40:18:223] info: Store: SET_FULL_SCREEN
[05/08/18, 10:40:18:224] info: Store: SET_FULL_SCREEN
[05/08/18, 10:40:19:312] info: Restoring spellchecker
[05/08/18, 10:40:19:312] info: Loading dictionary for language en-US
[05/08/18, 10:40:19:312] info: Returning local copy: /home/bella/.config/Slack/dictionaries/en-US.bdic
[05/08/18, 10:40:19:313] info: Store: SET_FULL_SCREEN
[05/08/18, 10:40:19:314] info: Store: SET_FULL_SCREEN
[05/08/18, 10:40:19:331] info: Setting current spellchecker to en-US, requested language was en-US
[05/08/18, 10:40:19:331] info: Creating node-spellchecker instance
[05/08/18, 10:40:20:842] info: Unloading spellchecker
[05/08/18, 10:40:20:866] info: Unloading spellchecker
[05/08/18, 10:40:20:867] info: Store: SET_FULL_SCREEN
[05/08/18, 10:41:38:547] warn: Unable to read quiet hours setting: windows-quiet-hours works only on Windows
[05/08/18, 10:41:38:547] warn: Unable to read quiet hours setting: windows-quiet-hours works only on Windows
[05/08/18, 10:41:38:555] info: Store: NEW_NOTIFICATION
{
  "avatarImage": "https://ca.slack-edge.com/T9F21EKE2-U9EK1HHBP-f8c5493aa0ca-512",
  "channel": "D9ECLDGTV",
  "content": "[REDACTED]",
  "id": "Z85yF7iyLmv0MgY",
  "imageUri": null,
  "launchUri": "slack://channel?id=D9ECLDGTV&message=1525740098.000099&team=T9F21EKE2",
  "msg": "1525740098.000099",
  "silent": true,
  "subtitle": "",
  "teamId": "T9F21EKE2",
  "title": "[REDACTED]"
}
[05/08/18, 10:41:41:999] info: Store: CLICK_NOTIFICATION
{
  "channel": "D9ECLDGTV",
  "messageId": "1525740098.000099",
  "notificationId": "Z85yF7iyLmv0MgY",
  "teamId": "T9F21EKE2"
}
[05/08/18, 10:41:42:001] info: Store: SELECT_TEAM T9F21EKE2
[05/08/18, 10:41:42:007] info: Restoring spellchecker
[05/08/18, 10:41:42:007] info: Loading dictionary for language en-US
[05/08/18, 10:41:42:008] info: Returning local copy: /home/bella/.config/Slack/dictionaries/en-US.bdic
[05/08/18, 10:41:42:029] info: Store: SET_FULL_SCREEN
[05/08/18, 10:41:42:054] info: Setting current spellchecker to en-US, requested language was en-US
[05/08/18, 10:41:42:055] info: Creating node-spellchecker instance
[05/08/18, 10:42:43:619] info: Unloading spellchecker
[05/08/18, 10:42:43:622] info: Unloading spellchecker
[05/08/18, 10:42:43:639] info: Store: SET_FULL_SCREEN
[05/08/18, 10:42:43:639] info: Store: SET_FULL_SCREEN
[05/08/18, 10:42:45:842] info: Restoring spellchecker
[05/08/18, 10:42:45:843] info: Loading dictionary for language en-US
[05/08/18, 10:42:45:843] info: Returning local copy: /home/bella/.config/Slack/dictionaries/en-US.bdic
[05/08/18, 10:42:45:845] info: Store: SET_FULL_SCREEN
[05/08/18, 10:42:45:845] info: Store: SET_FULL_SCREEN
[05/08/18, 10:42:45:864] info: Setting current spellchecker to en-US, requested language was en-US
[05/08/18, 10:42:45:864] info: Creating node-spellchecker instance
[05/08/18, 10:42:56:132] info: Unloading spellchecker
[05/08/18, 10:42:56:135] info: Unloading spellchecker
[05/08/18, 10:42:56:153] info: Store: SET_FULL_SCREEN
[05/08/18, 10:42:56:154] info: Store: SET_FULL_SCREEN
[05/08/18, 10:42:57:216] info: Restoring spellchecker
[05/08/18, 10:42:57:216] info: Loading dictionary for language en-US
[05/08/18, 10:42:57:216] info: Returning local copy: /home/bella/.config/Slack/dictionaries/en-US.bdic
[05/08/18, 10:42:57:218] info: Store: SET_FULL_SCREEN
[05/08/18, 10:42:57:231] info: Store: SET_FULL_SCREEN
[05/08/18, 10:42:57:236] info: Setting current spellchecker to en-US, requested language was en-US
[05/08/18, 10:42:57:236] info: Creating node-spellchecker instance
[05/08/18, 10:42:57:561] info: Unloading spellchecker
[05/08/18, 10:42:57:563] info: Unloading spellchecker
[05/08/18, 10:42:57:577] info: Store: SET_FULL_SCREEN
[05/08/18, 10:42:57:578] info: Store: SET_FULL_SCREEN
[05/08/18, 10:42:59:111] info: Restoring spellchecker
[05/08/18, 10:42:59:111] info: Loading dictionary for language en-US
[05/08/18, 10:42:59:111] info: Returning local copy: /home/bella/.config/Slack/dictionaries/en-US.bdic
[05/08/18, 10:42:59:113] info: Store: SET_FULL_SCREEN
[05/08/18, 10:42:59:122] info: Store: SET_FULL_SCREEN
[05/08/18, 10:42:59:126] info: Setting current spellchecker to en-US, requested language was en-US
[05/08/18, 10:42:59:126] info: Creating node-spellchecker instance
[05/08/18, 10:42:59:416] info: Unloading spellchecker
[05/08/18, 10:42:59:418] info: Unloading spellchecker
[05/08/18, 10:42:59:437] info: Store: SET_FULL_SCREEN
[05/08/18, 10:42:59:438] info: Store: SET_FULL_SCREEN
[05/08/18, 10:43:01:209] info: Restoring spellchecker
[05/08/18, 10:43:01:210] info: Loading dictionary for language en-US
[05/08/18, 10:43:01:210] info: Returning local copy: /home/bella/.config/Slack/dictionaries/en-US.bdic
[05/08/18, 10:43:01:212] info: Store: SET_FULL_SCREEN
[05/08/18, 10:43:01:216] info: Unloading spellchecker
[05/08/18, 10:43:01:217] info: Store: SET_FULL_SCREEN
[05/08/18, 10:43:01:218] info: Unloading spellchecker
[05/08/18, 10:43:01:239] info: Store: SET_FULL_SCREEN
[05/08/18, 10:43:01:241] info: Setting current spellchecker to en-US, requested language was en-US
[05/08/18, 10:43:01:241] info: Creating node-spellchecker instance
[05/08/18, 10:43:28:434] warn: Unable to read quiet hours setting: windows-quiet-hours works only on Windows
[05/08/18, 10:43:28:434] warn: Unable to read quiet hours setting: windows-quiet-hours works only on Windows
[05/08/18, 10:43:28:439] info: Store: NEW_NOTIFICATION
{
  "avatarImage": "https://ca.slack-edge.com/T9F21EKE2-U9EK1HHBP-f8c5493aa0ca-512",
  "channel": "D9ECLDGTV",
  "content": "[REDACTED]",
  "id": "MZ0ghxsW8NjrDZJ",
  "imageUri": null,
  "launchUri": "slack://channel?id=D9ECLDGTV&message=1525740208.000045&team=T9F21EKE2",
  "msg": "1525740208.000045",
  "silent": true,
  "subtitle": "",
  "teamId": "T9F21EKE2",
  "title": "[REDACTED]"
}
[05/08/18, 10:43:33:871] info: Store: SET_FULL_SCREEN
[05/08/18, 10:43:34:588] info: Store: SET_FULL_SCREEN
[05/08/18, 10:43:34:736] info: Store: SET_FULL_SCREEN
[05/08/18, 10:43:36:569] info: Restoring spellchecker
[05/08/18, 10:43:36:569] info: Loading dictionary for language en-US
[05/08/18, 10:43:36:570] info: Returning local copy: /home/bella/.config/Slack/dictionaries/en-US.bdic
[05/08/18, 10:43:36:571] info: Store: SET_FULL_SCREEN
[05/08/18, 10:43:36:590] info: Store: SET_FULL_SCREEN
[05/08/18, 10:43:36:596] info: Unloading spellchecker
[05/08/18, 10:43:36:636] info: Unloading spellchecker
[05/08/18, 10:43:36:637] info: Store: SET_FULL_SCREEN
[05/08/18, 10:43:36:639] info: Setting current spellchecker to en-US, requested language was en-US
[05/08/18, 10:43:36:639] info: Creating node-spellchecker instance
[05/08/18, 10:43:37:154] info: Store: SET_FULL_SCREEN
[05/08/18, 10:43:38:900] info: Store: SET_FULL_SCREEN
[05/08/18, 10:43:40:212] info: Restoring spellchecker
[05/08/18, 10:43:40:213] info: Loading dictionary for language en-US
[05/08/18, 10:43:40:213] info: Returning local copy: /home/bella/.config/Slack/dictionaries/en-US.bdic
[05/08/18, 10:43:40:229] info: Store: SET_FULL_SCREEN
[05/08/18, 10:43:40:231] info: Setting current spellchecker to en-US, requested language was en-US
[05/08/18, 10:43:41:236] info: Store: SET_FULL_SCREEN
[05/08/18, 10:43:41:622] info: Store: SET_FULL_SCREEN
[05/08/18, 10:43:43:945] info: Store: SAVE_WINDOW_SETTINGS
{
  "isMaximized": true,
  "position": [
    208,
    81
  ],
  "size": [
    1024,
    768
  ]
}
[05/08/18, 10:43:43:951] info: Unloading spellchecker
[05/08/18, 10:43:43:955] info: Restoring spellchecker
[05/08/18, 10:43:43:956] info: Loading dictionary for language en-US
[05/08/18, 10:43:43:956] info: Returning local copy: /home/bella/.config/Slack/dictionaries/en-US.bdic
[05/08/18, 10:43:43:971] info: Setting current spellchecker to en-US, requested language was en-US
[05/08/18, 10:43:43:971] info: Creating node-spellchecker instance
[05/08/18, 10:44:26:849] info: Unloading spellchecker
[05/08/18, 10:44:26:852] info: Unloading spellchecker
[05/08/18, 10:44:26:867] info: Store: SET_FULL_SCREEN
[05/08/18, 10:44:26:871] info: Store: SET_FULL_SCREEN
[05/08/18, 10:44:41:230] warn: Unable to read quiet hours setting: windows-quiet-hours works only on Windows
[05/08/18, 10:44:41:230] warn: Unable to read quiet hours setting: windows-quiet-hours works only on Windows
[05/08/18, 10:44:41:249] info: Store: NEW_NOTIFICATION
{
  "avatarImage": "https://ca.slack-edge.com/T9F21EKE2-U9EK1HHBP-f8c5493aa0ca-512",
  "channel": "D9ECLDGTV",
  "content": "[REDACTED]",
  "id": "367vcRtDVjnxPp7",
  "imageUri": null,
  "launchUri": "slack://channel?id=D9ECLDGTV&message=1525740281.000005&team=T9F21EKE2",
  "msg": "1525740281.000005",
  "silent": true,
  "subtitle": "",
  "teamId": "T9F21EKE2",
  "title": "[REDACTED]"
}
[05/08/18, 10:44:55:498] info: Restoring spellchecker
[05/08/18, 10:44:55:498] info: Loading dictionary for language en-US
[05/08/18, 10:44:55:498] info: Returning local copy: /home/bella/.config/Slack/dictionaries/en-US.bdic
[05/08/18, 10:44:55:500] info: Store: SET_FULL_SCREEN
[05/08/18, 10:44:55:521] info: Store: SET_FULL_SCREEN
[05/08/18, 10:44:55:546] info: Setting current spellchecker to en-US, requested language was en-US
[05/08/18, 10:44:55:547] info: Creating node-spellchecker instance
[05/08/18, 10:45:09:442] info: Unloading spellchecker
[05/08/18, 10:45:09:443] info: Unloading spellchecker
[05/08/18, 10:45:09:468] info: Store: SET_FULL_SCREEN
[05/08/18, 10:45:09:469] info: Store: SET_FULL_SCREEN
[05/08/18, 10:45:26:588] warn: Unable to read quiet hours setting: windows-quiet-hours works only on Windows
[05/08/18, 10:45:26:588] warn: Unable to read quiet hours setting: windows-quiet-hours works only on Windows
[05/08/18, 10:45:26:603] info: Store: NEW_NOTIFICATION
{
  "avatarImage": "https://ca.slack-edge.com/T9F21EKE2-U9EK1HHBP-f8c5493aa0ca-512",
  "channel": "D9ECLDGTV",
  "content": "[REDACTED]",
  "id": "GRGxFAuQDXRAzqm",
  "imageUri": null,
  "launchUri": "slack://channel?id=D9ECLDGTV&message=1525740326.000122&team=T9F21EKE2",
  "msg": "1525740326.000122",
  "silent": true,
  "subtitle": "",
  "teamId": "T9F21EKE2",
  "title": "[REDACTED]"
}
[05/08/18, 10:45:40:312] info: Restoring spellchecker
[05/08/18, 10:45:40:313] info: Loading dictionary for language en-US
[05/08/18, 10:45:40:313] info: Returning local copy: /home/bella/.config/Slack/dictionaries/en-US.bdic
[05/08/18, 10:45:40:336] info: Store: SET_FULL_SCREEN
[05/08/18, 10:45:40:339] info: Store: SET_FULL_SCREEN
[05/08/18, 10:45:40:361] info: Setting current spellchecker to en-US, requested language was en-US
[05/08/18, 10:45:40:361] info: Creating node-spellchecker instance
[05/08/18, 10:45:44:293] info: Unloading spellchecker
[05/08/18, 10:45:44:294] info: Unloading spellchecker
[05/08/18, 10:45:44:320] info: Store: SET_FULL_SCREEN
[05/08/18, 10:45:44:321] info: Store: SET_FULL_SCREEN
[05/08/18, 10:45:57:628] info: Restoring spellchecker
[05/08/18, 10:45:57:629] info: Loading dictionary for language en-US
[05/08/18, 10:45:57:629] info: Returning local copy: /home/bella/.config/Slack/dictionaries/en-US.bdic
[05/08/18, 10:45:57:631] info: Store: SET_FULL_SCREEN
[05/08/18, 10:45:57:644] info: Store: SET_FULL_SCREEN
[05/08/18, 10:45:57:647] info: Setting current spellchecker to en-US, requested language was en-US
[05/08/18, 10:45:57:647] info: Creating node-spellchecker instance
[05/08/18, 10:45:59:099] info: Unloading spellchecker
[05/08/18, 10:45:59:102] info: Unloading spellchecker
[05/08/18, 10:45:59:129] info: Store: SET_FULL_SCREEN
[05/08/18, 10:45:59:130] info: Store: SET_FULL_SCREEN
[05/08/18, 10:46:17:732] warn: Unable to read quiet hours setting: windows-quiet-hours works only on Windows
[05/08/18, 10:46:17:733] warn: Unable to read quiet hours setting: windows-quiet-hours works only on Windows
[05/08/18, 10:46:17:743] info: Store: NEW_NOTIFICATION
{
  "avatarImage": "https://ca.slack-edge.com/T9F21EKE2-U9EK1HHBP-f8c5493aa0ca-512",
  "channel": "D9ECLDGTV",
  "content": "[REDACTED]",
  "id": "mqB6tPC9XwmXWBv",
  "imageUri": null,
  "launchUri": "slack://channel?id=D9ECLDGTV&message=1525740377.000153&team=T9F21EKE2",
  "msg": "1525740377.000153",
  "silent": true,
  "subtitle": "",
  "teamId": "T9F21EKE2",
  "title": "[REDACTED]"
}
[05/08/18, 10:46:18:971] info: Restoring spellchecker
[05/08/18, 10:46:18:972] info: Loading dictionary for language en-US
[05/08/18, 10:46:18:972] info: Returning local copy: /home/bella/.config/Slack/dictionaries/en-US.bdic
[05/08/18, 10:46:18:991] info: Store: SET_FULL_SCREEN
[05/08/18, 10:46:18:993] info: Store: SET_FULL_SCREEN
[05/08/18, 10:46:19:016] info: Setting current spellchecker to en-US, requested language was en-US
[05/08/18, 10:46:19:017] info: Creating node-spellchecker instance
[05/08/18, 10:47:04:391] info: Unloading spellchecker
[05/08/18, 10:47:04:393] info: Unloading spellchecker
[05/08/18, 10:47:04:394] info: Store: SET_FULL_SCREEN
[05/08/18, 10:47:04:394] info: Store: SET_FULL_SCREEN
[05/08/18, 10:47:06:688] info: Restoring spellchecker
[05/08/18, 10:47:06:689] info: Loading dictionary for language en-US
[05/08/18, 10:47:06:690] info: Returning local copy: /home/bella/.config/Slack/dictionaries/en-US.bdic
[05/08/18, 10:47:06:709] info: Store: SET_FULL_SCREEN
[05/08/18, 10:47:06:710] info: Store: SET_FULL_SCREEN
[05/08/18, 10:47:06:711] info: Setting current spellchecker to en-US, requested language was en-US
[05/08/18, 10:47:06:711] info: Creating node-spellchecker instance
[05/08/18, 10:47:09:838] info: Unloading spellchecker
[05/08/18, 10:47:09:842] info: Unloading spellchecker
[05/08/18, 10:47:09:845] info: Store: SET_FULL_SCREEN
[05/08/18, 10:47:09:871] info: Store: SET_FULL_SCREEN
[05/08/18, 10:47:16:357] info: Restoring spellchecker
[05/08/18, 10:47:16:358] info: Loading dictionary for language en-US
[05/08/18, 10:47:16:358] info: Returning local copy: /home/bella/.config/Slack/dictionaries/en-US.bdic
[05/08/18, 10:47:16:372] info: Store: SET_FULL_SCREEN
[05/08/18, 10:47:16:373] info: Store: SET_FULL_SCREEN
[05/08/18, 10:47:16:375] info: Setting current spellchecker to en-US, requested language was en-US
[05/08/18, 10:47:16:375] info: Creating node-spellchecker instance
[05/08/18, 10:47:27:860] info: Unloading spellchecker
[05/08/18, 10:47:27:862] info: Unloading spellchecker
[05/08/18, 10:47:27:879] info: Store: SET_FULL_SCREEN
[05/08/18, 10:47:27:880] info: Store: SET_FULL_SCREEN
[05/08/18, 10:47:28:326] info: Restoring spellchecker
[05/08/18, 10:47:28:326] info: Loading dictionary for language en-US
[05/08/18, 10:47:28:326] info: Returning local copy: /home/bella/.config/Slack/dictionaries/en-US.bdic
[05/08/18, 10:47:28:334] info: Store: SET_FULL_SCREEN
[05/08/18, 10:47:28:335] info: Store: SET_FULL_SCREEN
[05/08/18, 10:47:28:336] info: Setting current spellchecker to en-US, requested language was en-US
[05/08/18, 10:47:28:337] info: Creating node-spellchecker instance
[05/08/18, 10:47:29:124] info: Unloading spellchecker
[05/08/18, 10:47:29:126] info: Unloading spellchecker
[05/08/18, 10:47:29:142] info: Store: SET_FULL_SCREEN
[05/08/18, 10:47:29:143] info: Store: SET_FULL_SCREEN
[05/08/18, 10:48:09:208] info: Restoring spellchecker
[05/08/18, 10:48:09:209] info: Loading dictionary for language en-US
[05/08/18, 10:48:09:209] info: Returning local copy: /home/bella/.config/Slack/dictionaries/en-US.bdic
[05/08/18, 10:48:09:211] info: Store: SET_FULL_SCREEN
[05/08/18, 10:48:09:223] info: Store: SET_FULL_SCREEN
[05/08/18, 10:48:09:225] info: Setting current spellchecker to en-US, requested language was en-US
[05/08/18, 10:48:09:226] info: Creating node-spellchecker instance
[05/08/18, 10:48:22:308] info: Unloading spellchecker
[05/08/18, 10:48:22:310] info: Unloading spellchecker
[05/08/18, 10:48:22:310] info: Store: SET_FULL_SCREEN
[05/08/18, 10:48:22:312] info: Store: SET_FULL_SCREEN
[05/08/18, 10:48:24:044] info: Restoring spellchecker
[05/08/18, 10:48:24:045] info: Loading dictionary for language en-US
[05/08/18, 10:48:24:046] info: Returning local copy: /home/bella/.config/Slack/dictionaries/en-US.bdic
[05/08/18, 10:48:24:060] info: Store: SET_FULL_SCREEN
[05/08/18, 10:48:24:061] info: Store: SET_FULL_SCREEN
[05/08/18, 10:48:24:062] info: Setting current spellchecker to en-US, requested language was en-US
[05/08/18, 10:48:24:063] info: Creating node-spellchecker instance
[05/08/18, 10:48:26:014] info: Unloading spellchecker
[05/08/18, 10:48:26:015] info: Unloading spellchecker
[05/08/18, 10:48:26:031] info: Store: SET_FULL_SCREEN
[05/08/18, 10:48:26:032] info: Store: SET_FULL_SCREEN
[05/08/18, 10:48:34:699] info: Restoring spellchecker
[05/08/18, 10:48:34:700] info: Loading dictionary for language en-US
[05/08/18, 10:48:34:700] info: Returning local copy: /home/bella/.config/Slack/dictionaries/en-US.bdic
[05/08/18, 10:48:34:719] info: Store: SET_FULL_SCREEN
[05/08/18, 10:48:34:720] info: Store: SET_FULL_SCREEN
[05/08/18, 10:48:34:722] info: Setting current spellchecker to en-US, requested language was en-US
[05/08/18, 10:48:34:722] info: Creating node-spellchecker instance
[05/08/18, 10:48:48:043] info: Unloading spellchecker
[05/08/18, 10:48:48:068] info: Unloading spellchecker
[05/08/18, 10:48:48:070] info: Store: SET_FULL_SCREEN
[05/08/18, 10:48:48:070] info: Store: SET_FULL_SCREEN
[05/08/18, 10:48:53:708] info: Store: SET_FULL_SCREEN
[05/08/18, 10:48:53:710] info: Restoring spellchecker
[05/08/18, 10:48:53:711] info: Loading dictionary for language en-US
[05/08/18, 10:48:53:712] info: Returning local copy: /home/bella/.config/Slack/dictionaries/en-US.bdic
[05/08/18, 10:48:53:714] info: Store: SET_FULL_SCREEN
[05/08/18, 10:48:53:727] info: Setting current spellchecker to en-US, requested language was en-US
[05/08/18, 10:48:53:727] info: Creating node-spellchecker instance
[05/08/18, 10:50:24:850] info: Unloading spellchecker
[05/08/18, 10:50:24:860] info: Unloading spellchecker
[05/08/18, 10:50:24:861] info: Store: SET_FULL_SCREEN
[05/08/18, 10:50:24:861] info: Store: SET_FULL_SCREEN
[05/08/18, 10:50:44:954] warn: Unable to read quiet hours setting: windows-quiet-hours works only on Windows
[05/08/18, 10:50:44:954] warn: Unable to read quiet hours setting: windows-quiet-hours works only on Windows
[05/08/18, 10:50:44:969] info: Store: NEW_NOTIFICATION
{
  "avatarImage": "https://ca.slack-edge.com/T9F21EKE2-U9EK1HHBP-f8c5493aa0ca-512",
  "channel": "D9ECLDGTV",
  "content": "[REDACTED]",
  "id": "WP2vuPFnkrWYAng",
  "imageUri": null,
  "launchUri": "slack://channel?id=D9ECLDGTV&message=1525740644.000245&team=T9F21EKE2",
  "msg": "1525740644.000245",
  "silent": true,
  "subtitle": "",
  "teamId": "T9F21EKE2",
  "title": "[REDACTED]"
}
[05/08/18, 10:50:45:937] info: Restoring spellchecker
[05/08/18, 10:50:45:938] info: Loading dictionary for language en-US
[05/08/18, 10:50:45:938] info: Returning local copy: /home/bella/.config/Slack/dictionaries/en-US.bdic
[05/08/18, 10:50:45:940] info: Store: SET_FULL_SCREEN
[05/08/18, 10:50:45:960] info: Store: SET_FULL_SCREEN
[05/08/18, 10:50:45:982] info: Setting current spellchecker to en-US, requested language was en-US
[05/08/18, 10:50:45:982] info: Creating node-spellchecker instance
[05/08/18, 10:50:55:221] info: Unloading spellchecker
[05/08/18, 10:50:55:222] info: Unloading spellchecker
[05/08/18, 10:50:55:224] info: Store: SET_FULL_SCREEN
[05/08/18, 10:50:55:226] info: Store: SET_FULL_SCREEN
[05/08/18, 10:51:19:400] info: Restoring spellchecker
[05/08/18, 10:51:19:400] info: Loading dictionary for language en-US
[05/08/18, 10:51:19:400] info: Returning local copy: /home/bella/.config/Slack/dictionaries/en-US.bdic
[05/08/18, 10:51:19:402] info: Store: SET_FULL_SCREEN
[05/08/18, 10:51:19:415] info: Store: SET_FULL_SCREEN
[05/08/18, 10:51:19:417] info: Setting current spellchecker to en-US, requested language was en-US
[05/08/18, 10:51:19:417] info: Creating node-spellchecker instance
[05/08/18, 10:51:25:810] info: Unloading spellchecker
[05/08/18, 10:51:25:812] info: Unloading spellchecker
[05/08/18, 10:51:25:843] info: Store: SET_FULL_SCREEN
[05/08/18, 10:51:25:844] info: Store: SET_FULL_SCREEN
[05/08/18, 10:51:27:977] info: Restoring spellchecker
[05/08/18, 10:51:27:978] info: Loading dictionary for language en-US
[05/08/18, 10:51:27:978] info: Returning local copy: /home/bella/.config/Slack/dictionaries/en-US.bdic
[05/08/18, 10:51:27:980] info: Store: SET_FULL_SCREEN
[05/08/18, 10:51:27:994] info: Store: SET_FULL_SCREEN
[05/08/18, 10:51:27:996] info: Setting current spellchecker to en-US, requested language was en-US
[05/08/18, 10:51:27:997] info: Creating node-spellchecker instance
[05/08/18, 10:51:37:143] info: Unloading spellchecker
[05/08/18, 10:51:37:144] info: Unloading spellchecker
[05/08/18, 10:51:37:176] info: Store: SET_FULL_SCREEN
[05/08/18, 10:51:37:177] info: Store: SET_FULL_SCREEN
[05/08/18, 10:51:51:906] info: Restoring spellchecker
[05/08/18, 10:51:51:907] info: Loading dictionary for language en-US
[05/08/18, 10:51:51:908] info: Returning local copy: /home/bella/.config/Slack/dictionaries/en-US.bdic
[05/08/18, 10:51:51:910] info: Store: SET_FULL_SCREEN
[05/08/18, 10:51:51:922] info: Store: SET_FULL_SCREEN
[05/08/18, 10:51:51:924] info: Setting current spellchecker to en-US, requested language was en-US
[05/08/18, 10:51:51:925] info: Creating node-spellchecker instance
[05/08/18, 10:51:55:959] info: Unloading spellchecker
[05/08/18, 10:51:55:961] info: Unloading spellchecker
[05/08/18, 10:51:55:990] info: Store: SET_FULL_SCREEN
[05/08/18, 10:51:55:991] info: Store: SET_FULL_SCREEN
[05/08/18, 10:51:58:575] info: Restoring spellchecker
[05/08/18, 10:51:58:575] info: Loading dictionary for language en-US
[05/08/18, 10:51:58:575] info: Returning local copy: /home/bella/.config/Slack/dictionaries/en-US.bdic
[05/08/18, 10:51:58:577] info: Store: SET_FULL_SCREEN
[05/08/18, 10:51:58:588] info: Store: SET_FULL_SCREEN
[05/08/18, 10:51:58:589] info: Setting current spellchecker to en-US, requested language was en-US
[05/08/18, 10:51:58:590] info: Creating node-spellchecker instance
[05/08/18, 10:52:01:432] info: Unloading spellchecker
[05/08/18, 10:52:01:433] info: Unloading spellchecker
[05/08/18, 10:52:01:461] info: Store: SET_FULL_SCREEN
[05/08/18, 10:52:01:462] info: Store: SET_FULL_SCREEN
[05/08/18, 10:52:18:658] warn: Unable to read quiet hours setting: windows-quiet-hours works only on Windows
[05/08/18, 10:52:18:658] warn: Unable to read quiet hours setting: windows-quiet-hours works only on Windows
[05/08/18, 10:52:18:664] info: Store: NEW_NOTIFICATION
{
  "avatarImage": "https://ca.slack-edge.com/T9F21EKE2-U9EK1HHBP-f8c5493aa0ca-512",
  "channel": "D9ECLDGTV",
  "content": "[REDACTED]",
  "id": "x6Q5cBHwJxlj1Dn",
  "imageUri": null,
  "launchUri": "slack://channel?id=D9ECLDGTV&message=1525740738.000137&team=T9F21EKE2",
  "msg": "1525740738.000137",
  "silent": true,
  "subtitle": "",
  "teamId": "T9F21EKE2",
  "title": "[REDACTED]"
}
[05/08/18, 10:52:22:084] info: Restoring spellchecker
[05/08/18, 10:52:22:085] info: Loading dictionary for language en-US
[05/08/18, 10:52:22:086] info: Returning local copy: /home/bella/.config/Slack/dictionaries/en-US.bdic
[05/08/18, 10:52:22:087] info: Store: SET_FULL_SCREEN
[05/08/18, 10:52:22:107] info: Store: SET_FULL_SCREEN
[05/08/18, 10:52:22:120] info: Setting current spellchecker to en-US, requested language was en-US
[05/08/18, 10:52:22:120] info: Creating node-spellchecker instance
[05/08/18, 10:52:30:312] info: Unloading spellchecker
[05/08/18, 10:52:30:315] info: Unloading spellchecker
[05/08/18, 10:52:30:317] info: Store: SET_FULL_SCREEN
[05/08/18, 10:52:30:318] info: Store: SET_FULL_SCREEN
[05/08/18, 10:53:34:071] info: Restoring spellchecker
[05/08/18, 10:53:34:072] info: Loading dictionary for language en-US
[05/08/18, 10:53:34:072] info: Returning local copy: /home/bella/.config/Slack/dictionaries/en-US.bdic
[05/08/18, 10:53:34:086] info: Store: SET_FULL_SCREEN
[05/08/18, 10:53:34:087] info: Store: SET_FULL_SCREEN
[05/08/18, 10:53:34:106] info: Setting current spellchecker to en-US, requested language was en-US
[05/08/18, 10:53:34:106] info: Creating node-spellchecker instance
[05/08/18, 10:53:34:423] info: Unloading spellchecker
[05/08/18, 10:53:34:426] info: Unloading spellchecker
[05/08/18, 10:53:34:439] info: Store: SET_FULL_SCREEN
[05/08/18, 10:53:34:440] info: Store: SET_FULL_SCREEN
[05/08/18, 10:53:35:226] info: Restoring spellchecker
[05/08/18, 10:53:35:227] info: Loading dictionary for language en-US
[05/08/18, 10:53:35:227] info: Returning local copy: /home/bella/.config/Slack/dictionaries/en-US.bdic
[05/08/18, 10:53:35:228] info: Store: SET_FULL_SCREEN
[05/08/18, 10:53:35:241] info: Store: SET_FULL_SCREEN
[05/08/18, 10:53:35:243] info: Setting current spellchecker to en-US, requested language was en-US
[05/08/18, 10:53:35:243] info: Creating node-spellchecker instance
[05/08/18, 10:53:44:207] info: Unloading spellchecker
[05/08/18, 10:53:44:209] info: Unloading spellchecker
[05/08/18, 10:53:44:252] info: Store: SET_FULL_SCREEN
[05/08/18, 10:53:44:253] info: Store: SET_FULL_SCREEN
[05/08/18, 10:54:45:407] info: Restoring spellchecker
[05/08/18, 10:54:45:408] info: Loading dictionary for language en-US
[05/08/18, 10:54:45:408] info: Returning local copy: /home/bella/.config/Slack/dictionaries/en-US.bdic
[05/08/18, 10:54:45:408] info: Store: SET_FULL_SCREEN
[05/08/18, 10:54:45:410] info: Store: SET_FULL_SCREEN
[05/08/18, 10:54:45:446] info: Setting current spellchecker to en-US, requested language was en-US
[05/08/18, 10:54:45:446] info: Creating node-spellchecker instance
[05/08/18, 10:54:52:024] info: Unloading spellchecker
[05/08/18, 10:54:52:027] info: Unloading spellchecker
[05/08/18, 10:54:52:072] info: Store: SET_FULL_SCREEN
[05/08/18, 10:54:52:072] info: Store: SET_FULL_SCREEN
[05/08/18, 10:54:58:814] info: Restoring spellchecker
[05/08/18, 10:54:58:815] info: Loading dictionary for language en-US
[05/08/18, 10:54:58:815] info: Returning local copy: /home/bella/.config/Slack/dictionaries/en-US.bdic
[05/08/18, 10:54:58:816] info: Store: SET_FULL_SCREEN
[05/08/18, 10:54:58:854] info: Store: SET_FULL_SCREEN
[05/08/18, 10:54:58:855] info: Setting current spellchecker to en-US, requested language was en-US
[05/08/18, 10:54:58:855] info: Creating node-spellchecker instance
[05/08/18, 10:54:59:225] info: Unloading spellchecker
[05/08/18, 10:54:59:227] info: Unloading spellchecker
[05/08/18, 10:54:59:259] info: Store: SET_FULL_SCREEN
[05/08/18, 10:54:59:260] info: Store: SET_FULL_SCREEN
[05/08/18, 10:54:59:679] info: Restoring spellchecker
[05/08/18, 10:54:59:679] info: Loading dictionary for language en-US
[05/08/18, 10:54:59:680] info: Returning local copy: /home/bella/.config/Slack/dictionaries/en-US.bdic
[05/08/18, 10:54:59:680] info: Store: SET_FULL_SCREEN
[05/08/18, 10:54:59:681] info: Store: SET_FULL_SCREEN
[05/08/18, 10:54:59:711] info: Setting current spellchecker to en-US, requested language was en-US
[05/08/18, 10:54:59:711] info: Creating node-spellchecker instance
[05/08/18, 10:55:37:101] info: Unloading spellchecker
[05/08/18, 10:55:37:103] info: Unloading spellchecker
[05/08/18, 10:55:37:136] info: Store: SET_FULL_SCREEN
[05/08/18, 10:55:37:137] info: Store: SET_FULL_SCREEN
[05/08/18, 10:55:43:863] info: Restoring spellchecker
[05/08/18, 10:55:43:864] info: Loading dictionary for language en-US
[05/08/18, 10:55:43:864] info: Returning local copy: /home/bella/.config/Slack/dictionaries/en-US.bdic
[05/08/18, 10:55:43:894] info: Store: SET_FULL_SCREEN
[05/08/18, 10:55:43:895] info: Store: SET_FULL_SCREEN
[05/08/18, 10:55:43:896] info: Setting current spellchecker to en-US, requested language was en-US
[05/08/18, 10:55:43:896] info: Creating node-spellchecker instance
[05/08/18, 10:55:50:346] info: Unloading spellchecker
[05/08/18, 10:55:50:347] info: Unloading spellchecker
[05/08/18, 10:55:50:349] info: Store: SET_FULL_SCREEN
[05/08/18, 10:55:50:350] info: Store: SET_FULL_SCREEN
[05/08/18, 10:56:19:178] info: Restoring spellchecker
[05/08/18, 10:56:19:179] info: Loading dictionary for language en-US
[05/08/18, 10:56:19:180] info: Returning local copy: /home/bella/.config/Slack/dictionaries/en-US.bdic
[05/08/18, 10:56:19:215] info: Store: SET_FULL_SCREEN
[05/08/18, 10:56:19:216] info: Store: SET_FULL_SCREEN
[05/08/18, 10:56:19:217] info: Setting current spellchecker to en-US, requested language was en-US
[05/08/18, 10:56:19:217] info: Creating node-spellchecker instance
[05/08/18, 10:56:20:008] info: Unloading spellchecker
[05/08/18, 10:56:20:011] info: Unloading spellchecker
[05/08/18, 10:56:20:036] info: Store: SET_FULL_SCREEN
[05/08/18, 10:56:20:036] info: Store: SET_FULL_SCREEN
[05/08/18, 10:56:20:660] info: Restoring spellchecker
[05/08/18, 10:56:20:661] info: Loading dictionary for language en-US
[05/08/18, 10:56:20:661] info: Returning local copy: /home/bella/.config/Slack/dictionaries/en-US.bdic
[05/08/18, 10:56:20:685] info: Store: SET_FULL_SCREEN
[05/08/18, 10:56:20:686] info: Store: SET_FULL_SCREEN
[05/08/18, 10:56:20:687] info: Setting current spellchecker to en-US, requested language was en-US
[05/08/18, 10:56:20:687] info: Creating node-spellchecker instance
[05/08/18, 10:56:26:692] info: Unloading spellchecker
[05/08/18, 10:56:26:694] info: Unloading spellchecker
[05/08/18, 10:56:26:698] info: Store: SET_FULL_SCREEN
[05/08/18, 10:56:26:699] info: Store: SET_FULL_SCREEN
[05/08/18, 10:56:36:935] info: Restoring spellchecker
[05/08/18, 10:56:36:936] info: Loading dictionary for language en-US
[05/08/18, 10:56:36:936] info: Returning local copy: /home/bella/.config/Slack/dictionaries/en-US.bdic
[05/08/18, 10:56:36:938] info: Store: SET_FULL_SCREEN
[05/08/18, 10:56:36:967] info: Store: SET_FULL_SCREEN
[05/08/18, 10:56:36:968] info: Setting current spellchecker to en-US, requested language was en-US
[05/08/18, 10:56:36:968] info: Creating node-spellchecker instance
[05/08/18, 10:56:38:827] info: Unloading spellchecker
[05/08/18, 10:56:38:829] info: Unloading spellchecker
[05/08/18, 10:56:38:869] info: Store: SET_FULL_SCREEN
[05/08/18, 10:56:38:870] info: Store: SET_FULL_SCREEN
[05/08/18, 10:56:48:209] info: Restoring spellchecker
[05/08/18, 10:56:48:211] info: Loading dictionary for language en-US
[05/08/18, 10:56:48:212] info: Returning local copy: /home/bella/.config/Slack/dictionaries/en-US.bdic
[05/08/18, 10:56:48:213] info: Store: SET_FULL_SCREEN
[05/08/18, 10:56:48:248] info: Store: SET_FULL_SCREEN
[05/08/18, 10:56:48:249] info: Setting current spellchecker to en-US, requested language was en-US
[05/08/18, 10:56:48:249] info: Creating node-spellchecker instance
[05/08/18, 10:56:54:994] info: Unloading spellchecker
[05/08/18, 10:56:54:996] info: Unloading spellchecker
[05/08/18, 10:56:55:038] info: Store: SET_FULL_SCREEN
[05/08/18, 10:56:55:039] info: Store: SET_FULL_SCREEN
[05/08/18, 10:57:11:994] info: Store: SET_FULL_SCREEN
[05/08/18, 10:57:11:997] info: Restoring spellchecker
[05/08/18, 10:57:11:998] info: Loading dictionary for language en-US
[05/08/18, 10:57:11:998] info: Returning local copy: /home/bella/.config/Slack/dictionaries/en-US.bdic
[05/08/18, 10:57:12:000] info: Setting current spellchecker to en-US, requested language was en-US
[05/08/18, 10:57:12:000] info: Creating node-spellchecker instance
[05/08/18, 10:57:12:037] info: Store: SET_FULL_SCREEN
[05/08/18, 10:57:13:102] info: Unloading spellchecker
[05/08/18, 10:57:13:103] info: Unloading spellchecker
[05/08/18, 10:57:13:144] info: Store: SET_FULL_SCREEN
[05/08/18, 10:57:13:144] info: Store: SET_FULL_SCREEN
[05/08/18, 10:57:29:056] info: Store: SET_FULL_SCREEN
[05/08/18, 10:57:29:058] info: Restoring spellchecker
[05/08/18, 10:57:29:060] info: Loading dictionary for language en-US
[05/08/18, 10:57:29:060] info: Returning local copy: /home/bella/.config/Slack/dictionaries/en-US.bdic
[05/08/18, 10:57:29:061] info: Store: SET_FULL_SCREEN
[05/08/18, 10:57:29:091] info: Setting current spellchecker to en-US, requested language was en-US
[05/08/18, 10:57:29:091] info: Creating node-spellchecker instance
[05/08/18, 10:57:33:688] info: Unloading spellchecker
[05/08/18, 10:57:33:690] info: Unloading spellchecker
[05/08/18, 10:57:33:727] info: Store: SET_FULL_SCREEN
[05/08/18, 10:57:33:750] info: Store: SET_FULL_SCREEN
[05/08/18, 10:59:38:390] info: Restoring spellchecker
[05/08/18, 10:59:38:392] info: Loading dictionary for language en-US
[05/08/18, 10:59:38:393] info: Returning local copy: /home/bella/.config/Slack/dictionaries/en-US.bdic
[05/08/18, 10:59:38:394] info: Store: SET_FULL_SCREEN
[05/08/18, 10:59:38:424] info: Store: SET_FULL_SCREEN
[05/08/18, 10:59:38:425] info: Setting current spellchecker to en-US, requested language was en-US
[05/08/18, 10:59:38:425] info: Creating node-spellchecker instance
[05/08/18, 10:59:39:247] info: Unloading spellchecker
[05/08/18, 10:59:39:257] info: Unloading spellchecker
[05/08/18, 10:59:39:296] info: Store: SET_FULL_SCREEN
[05/08/18, 10:59:39:296] info: Store: SET_FULL_SCREEN
[05/08/18, 11:03:14:191] warn: Unable to read quiet hours setting: windows-quiet-hours works only on Windows
[05/08/18, 11:03:14:191] warn: Unable to read quiet hours setting: windows-quiet-hours works only on Windows
[05/08/18, 11:03:14:206] info: Store: NEW_NOTIFICATION
{
  "avatarImage": "https://ca.slack-edge.com/T9F21EKE2-U9EK1HHBP-f8c5493aa0ca-512",
  "channel": "D9ECLDGTV",
  "content": "[REDACTED]",
  "id": "367vcWIDVjmq6QD",
  "imageUri": null,
  "launchUri": "slack://channel?id=D9ECLDGTV&message=1525741393.000302&team=T9F21EKE2",
  "msg": "1525741393.000302",
  "silent": true,
  "subtitle": "",
  "teamId": "T9F21EKE2",
  "title": "[REDACTED]"
}
[05/08/18, 11:03:34:950] info: Restoring spellchecker
[05/08/18, 11:03:34:951] info: Loading dictionary for language en-US
[05/08/18, 11:03:34:951] info: Returning local copy: /home/bella/.config/Slack/dictionaries/en-US.bdic
[05/08/18, 11:03:34:952] info: Store: SET_FULL_SCREEN
[05/08/18, 11:03:35:017] info: Store: SET_FULL_SCREEN
[05/08/18, 11:03:35:053] info: Setting current spellchecker to en-US, requested language was en-US
[05/08/18, 11:03:35:053] info: Creating node-spellchecker instance
[05/08/18, 11:06:07:326] info: Unloading spellchecker
[05/08/18, 11:06:07:328] info: Unloading spellchecker
[05/08/18, 11:06:07:365] info: Store: SET_FULL_SCREEN
[05/08/18, 11:06:07:365] info: Store: SET_FULL_SCREEN
[05/08/18, 11:06:22:982] info: Restoring spellchecker
[05/08/18, 11:06:22:982] info: Loading dictionary for language en-US
[05/08/18, 11:06:22:982] info: Returning local copy: /home/bella/.config/Slack/dictionaries/en-US.bdic
[05/08/18, 11:06:22:984] info: Store: SET_FULL_SCREEN
[05/08/18, 11:06:22:985] info: Store: SET_FULL_SCREEN
[05/08/18, 11:06:23:037] info: Setting current spellchecker to en-US, requested language was en-US
[05/08/18, 11:06:23:037] info: Creating node-spellchecker instance
[05/08/18, 11:06:36:875] info: Unloading spellchecker
[05/08/18, 11:06:36:876] info: Unloading spellchecker
[05/08/18, 11:06:36:915] info: Store: SET_FULL_SCREEN
[05/08/18, 11:06:36:915] info: Store: SET_FULL_SCREEN
[05/08/18, 11:07:01:870] warn: Unable to read quiet hours setting: windows-quiet-hours works only on Windows
[05/08/18, 11:07:01:870] warn: Unable to read quiet hours setting: windows-quiet-hours works only on Windows
[05/08/18, 11:07:01:894] info: Store: NEW_NOTIFICATION
{
  "avatarImage": "https://ca.slack-edge.com/T9F21EKE2-U9EK1HHBP-f8c5493aa0ca-512",
  "channel": "D9ECLDGTV",
  "content": "[REDACTED]",
  "id": "qQJ5cnSELYmNExm",
  "imageUri": null,
  "launchUri": "slack://channel?id=D9ECLDGTV&message=1525741621.000216&team=T9F21EKE2",
  "msg": "1525741621.000216",
  "silent": true,
  "subtitle": "",
  "teamId": "T9F21EKE2",
  "title": "[REDACTED]"
}
[05/08/18, 11:07:03:912] info: Restoring spellchecker
[05/08/18, 11:07:03:913] info: Loading dictionary for language en-US
[05/08/18, 11:07:03:913] info: Returning local copy: /home/bella/.config/Slack/dictionaries/en-US.bdic
[05/08/18, 11:07:03:965] info: Store: SET_FULL_SCREEN
[05/08/18, 11:07:03:965] info: Store: SET_FULL_SCREEN
[05/08/18, 11:07:04:042] info: Setting current spellchecker to en-US, requested language was en-US
[05/08/18, 11:07:04:043] info: Creating node-spellchecker instance
[05/08/18, 11:07:12:953] info: Unloading spellchecker
[05/08/18, 11:07:12:954] info: Unloading spellchecker
[05/08/18, 11:07:12:954] info: Store: SET_FULL_SCREEN
[05/08/18, 11:07:12:954] info: Store: SET_FULL_SCREEN
[05/08/18, 11:07:38:828] warn: Unable to read quiet hours setting: windows-quiet-hours works only on Windows
[05/08/18, 11:07:38:829] warn: Unable to read quiet hours setting: windows-quiet-hours works only on Windows
[05/08/18, 11:07:38:846] info: Store: NEW_NOTIFICATION
{
  "avatarImage": "https://ca.slack-edge.com/T9F21EKE2-U9EK1HHBP-f8c5493aa0ca-512",
  "channel": "D9ECLDGTV",
  "content": "[REDACTED]",
  "id": "Vv1rcMTJRx9Q1w7",
  "imageUri": null,
  "launchUri": "slack://channel?id=D9ECLDGTV&message=1525741658.000193&team=T9F21EKE2",
  "msg": "1525741658.000193",
  "silent": true,
  "subtitle": "",
  "teamId": "T9F21EKE2",
  "title": "[REDACTED]"
}
[05/08/18, 11:07:42:510] info: Restoring spellchecker
[05/08/18, 11:07:42:511] info: Loading dictionary for language en-US
[05/08/18, 11:07:42:511] info: Returning local copy: /home/bella/.config/Slack/dictionaries/en-US.bdic
[05/08/18, 11:07:42:514] info: Store: SET_FULL_SCREEN
[05/08/18, 11:07:42:558] info: Store: SET_FULL_SCREEN
[05/08/18, 11:07:42:607] info: Setting current spellchecker to en-US, requested language was en-US
[05/08/18, 11:07:42:607] info: Creating node-spellchecker instance
[05/08/18, 11:07:46:565] info: Unloading spellchecker
[05/08/18, 11:07:46:567] info: Unloading spellchecker
[05/08/18, 11:07:46:567] info: Store: SET_FULL_SCREEN
[05/08/18, 11:07:46:602] info: Store: SET_FULL_SCREEN
[05/08/18, 11:07:47:715] info: Restoring spellchecker
[05/08/18, 11:07:47:716] info: Loading dictionary for language en-US
[05/08/18, 11:07:47:716] info: Returning local copy: /home/bella/.config/Slack/dictionaries/en-US.bdic
[05/08/18, 11:07:47:720] info: Store: SET_FULL_SCREEN
[05/08/18, 11:07:47:757] info: Store: SET_FULL_SCREEN
[05/08/18, 11:07:47:758] info: Setting current spellchecker to en-US, requested language was en-US
[05/08/18, 11:07:47:758] info: Creating node-spellchecker instance
[05/08/18, 11:07:52:468] info: Unloading spellchecker
[05/08/18, 11:07:52:469] info: Unloading spellchecker
[05/08/18, 11:07:52:469] info: Store: SET_FULL_SCREEN
[05/08/18, 11:07:52:515] info: Store: SET_FULL_SCREEN
[05/08/18, 11:10:47:851] info: Restoring spellchecker
[05/08/18, 11:10:47:853] info: Loading dictionary for language en-US
[05/08/18, 11:10:47:853] info: Returning local copy: /home/bella/.config/Slack/dictionaries/en-US.bdic
[05/08/18, 11:10:47:854] info: Store: SET_FULL_SCREEN
[05/08/18, 11:10:47:926] info: Store: SET_FULL_SCREEN
[05/08/18, 11:10:47:928] info: Setting current spellchecker to en-US, requested language was en-US
[05/08/18, 11:10:47:928] info: Creating node-spellchecker instance
[05/08/18, 11:10:49:086] info: Unloading spellchecker
[05/08/18, 11:10:49:087] info: Unloading spellchecker
[05/08/18, 11:10:49:133] info: Store: SET_FULL_SCREEN
[05/08/18, 11:10:49:133] info: Store: SET_FULL_SCREEN
[05/08/18, 11:10:49:573] info: Restoring spellchecker
[05/08/18, 11:10:49:573] info: Loading dictionary for language en-US
[05/08/18, 11:10:49:574] info: Returning local copy: /home/bella/.config/Slack/dictionaries/en-US.bdic
[05/08/18, 11:10:49:574] info: Store: SET_FULL_SCREEN
[05/08/18, 11:10:49:574] info: Store: SET_FULL_SCREEN
[05/08/18, 11:10:49:605] info: Setting current spellchecker to en-US, requested language was en-US
[05/08/18, 11:10:49:606] info: Creating node-spellchecker instance
[05/08/18, 11:10:49:810] info: Unloading spellchecker
[05/08/18, 11:10:49:811] info: Unloading spellchecker
[05/08/18, 11:10:49:811] info: Store: SET_FULL_SCREEN
[05/08/18, 11:10:49:811] info: Store: SET_FULL_SCREEN
[05/08/18, 11:12:28:830] info: Restoring spellchecker
[05/08/18, 11:12:28:831] info: Loading dictionary for language en-US
[05/08/18, 11:12:28:831] info: Returning local copy: /home/bella/.config/Slack/dictionaries/en-US.bdic
[05/08/18, 11:12:28:832] info: Store: SET_FULL_SCREEN
[05/08/18, 11:12:28:891] info: Store: SET_FULL_SCREEN
[05/08/18, 11:12:28:916] info: Setting current spellchecker to en-US, requested language was en-US
[05/08/18, 11:12:28:916] info: Creating node-spellchecker instance
[05/08/18, 11:12:31:483] info: Unloading spellchecker
[05/08/18, 11:12:31:484] info: Unloading spellchecker
[05/08/18, 11:12:31:484] info: Store: SET_FULL_SCREEN
[05/08/18, 11:12:31:484] info: Store: SET_FULL_SCREEN
[05/08/18, 11:13:52:649] info: Restoring spellchecker
[05/08/18, 11:13:52:650] info: Loading dictionary for language en-US
[05/08/18, 11:13:52:650] info: Returning local copy: /home/bella/.config/Slack/dictionaries/en-US.bdic
[05/08/18, 11:13:52:651] info: Store: SET_FULL_SCREEN
[05/08/18, 11:13:52:723] info: Store: SET_FULL_SCREEN
[05/08/18, 11:13:52:724] info: Setting current spellchecker to en-US, requested language was en-US
[05/08/18, 11:13:52:724] info: Creating node-spellchecker instance
[05/08/18, 11:13:59:088] info: Unloading spellchecker
[05/08/18, 11:13:59:088] info: Unloading spellchecker
[05/08/18, 11:13:59:122] info: Store: SET_FULL_SCREEN
[05/08/18, 11:13:59:123] info: Store: SET_FULL_SCREEN
[05/08/18, 11:28:43:930] info: Restoring spellchecker
[05/08/18, 11:28:43:931] info: Loading dictionary for language en-US
[05/08/18, 11:28:43:931] info: Returning local copy: /home/bella/.config/Slack/dictionaries/en-US.bdic
[05/08/18, 11:28:43:932] info: Store: SET_FULL_SCREEN
[05/08/18, 11:28:44:023] info: Store: SET_FULL_SCREEN
[05/08/18, 11:28:44:027] info: Setting current spellchecker to en-US, requested language was en-US
[05/08/18, 11:28:44:027] info: Creating node-spellchecker instance
[05/08/18, 11:28:44:939] info: Unloading spellchecker
[05/08/18, 11:28:44:941] info: Unloading spellchecker
[05/08/18, 11:28:45:013] info: Store: SET_FULL_SCREEN
[05/08/18, 11:28:45:013] info: Store: SET_FULL_SCREEN
[05/08/18, 11:28:45:206] info: Restoring spellchecker
[05/08/18, 11:28:45:207] info: Loading dictionary for language en-US
[05/08/18, 11:28:45:207] info: Returning local copy: /home/bella/.config/Slack/dictionaries/en-US.bdic
[05/08/18, 11:28:45:208] info: Store: SET_FULL_SCREEN
[05/08/18, 11:28:45:208] info: Store: SET_FULL_SCREEN
[05/08/18, 11:28:45:252] info: Setting current spellchecker to en-US, requested language was en-US
[05/08/18, 11:28:45:252] info: Creating node-spellchecker instance
[05/08/18, 11:28:45:383] info: Unloading spellchecker
[05/08/18, 11:28:45:384] info: Unloading spellchecker
[05/08/18, 11:28:45:428] info: Store: SET_FULL_SCREEN
[05/08/18, 11:28:45:429] info: Store: SET_FULL_SCREEN
[05/08/18, 11:43:21:984] info: Restoring spellchecker
[05/08/18, 11:43:21:985] info: Loading dictionary for language en-US
[05/08/18, 11:43:21:985] info: Returning local copy: /home/bella/.config/Slack/dictionaries/en-US.bdic
[05/08/18, 11:43:21:986] info: Store: SET_FULL_SCREEN
[05/08/18, 11:43:22:071] info: Store: SET_FULL_SCREEN
[05/08/18, 11:43:22:072] info: Setting current spellchecker to en-US, requested language was en-US
[05/08/18, 11:43:22:072] info: Creating node-spellchecker instance
[05/08/18, 11:43:23:210] info: Unloading spellchecker
[05/08/18, 11:43:23:211] info: Unloading spellchecker
[05/08/18, 11:43:23:254] info: Store: SET_FULL_SCREEN
[05/08/18, 11:43:23:254] info: Store: SET_FULL_SCREEN
[05/08/18, 11:47:43:323] info: Restoring spellchecker
[05/08/18, 11:47:43:324] info: Loading dictionary for language en-US
[05/08/18, 11:47:43:325] info: Returning local copy: /home/bella/.config/Slack/dictionaries/en-US.bdic
[05/08/18, 11:47:43:326] info: Store: SET_FULL_SCREEN
[05/08/18, 11:47:43:403] info: Store: SET_FULL_SCREEN
[05/08/18, 11:47:43:406] info: Setting current spellchecker to en-US, requested language was en-US
[05/08/18, 11:47:43:406] info: Creating node-spellchecker instance
[05/08/18, 11:47:44:304] info: Unloading spellchecker
[05/08/18, 11:47:44:305] info: Unloading spellchecker
[05/08/18, 11:47:44:340] info: Store: SET_FULL_SCREEN
[05/08/18, 11:47:44:341] info: Store: SET_FULL_SCREEN
[05/08/18, 11:47:44:574] info: Restoring spellchecker
[05/08/18, 11:47:44:575] info: Loading dictionary for language en-US
[05/08/18, 11:47:44:575] info: Returning local copy: /home/bella/.config/Slack/dictionaries/en-US.bdic
[05/08/18, 11:47:44:575] info: Store: SET_FULL_SCREEN
[05/08/18, 11:47:44:577] info: Setting current spellchecker to en-US, requested language was en-US
[05/08/18, 11:47:44:577] info: Creating node-spellchecker instance
[05/08/18, 11:47:44:630] info: Store: SET_FULL_SCREEN
[05/08/18, 11:47:44:903] info: Unloading spellchecker
[05/08/18, 11:47:44:904] info: Unloading spellchecker
[05/08/18, 11:47:44:904] info: Store: SET_FULL_SCREEN
[05/08/18, 11:47:44:904] info: Store: SET_FULL_SCREEN
[05/08/18, 11:53:22:203] info: Restoring spellchecker
[05/08/18, 11:53:22:204] info: Loading dictionary for language en-US
[05/08/18, 11:53:22:204] info: Returning local copy: /home/bella/.config/Slack/dictionaries/en-US.bdic
[05/08/18, 11:53:22:205] info: Store: SET_FULL_SCREEN
[05/08/18, 11:53:22:284] info: Store: SET_FULL_SCREEN
[05/08/18, 11:53:22:286] info: Setting current spellchecker to en-US, requested language was en-US
[05/08/18, 11:53:22:286] info: Creating node-spellchecker instance
[05/08/18, 11:53:22:366] info: Unloading spellchecker
[05/08/18, 11:53:22:366] info: Unloading spellchecker
[05/08/18, 11:53:22:366] info: Store: SET_FULL_SCREEN
[05/08/18, 11:53:22:367] info: Store: SET_FULL_SCREEN
[05/08/18, 12:01:52:603] info: Restoring spellchecker
[05/08/18, 12:01:52:604] info: Loading dictionary for language en-US
[05/08/18, 12:01:52:604] info: Returning local copy: /home/bella/.config/Slack/dictionaries/en-US.bdic
[05/08/18, 12:01:52:605] info: Store: SET_FULL_SCREEN
[05/08/18, 12:01:52:606] info: Setting current spellchecker to en-US, requested language was en-US
[05/08/18, 12:01:52:607] info: Creating node-spellchecker instance
[05/08/18, 12:01:52:692] info: Store: SET_FULL_SCREEN
[05/08/18, 12:01:53:739] info: Unloading spellchecker
[05/08/18, 12:01:53:739] info: Unloading spellchecker
[05/08/18, 12:01:53:779] info: Store: SET_FULL_SCREEN
[05/08/18, 12:01:53:779] info: Store: SET_FULL_SCREEN
[05/08/18, 12:33:42:437] error: May-8 12:33:42.436 SOCKET-MANAGER (T9F21EKE2) Closing socket because #4108: unexpected socket closure
[05/08/18, 12:43:22:032] info: Restoring spellchecker
[05/08/18, 12:43:22:033] info: Loading dictionary for language en-US
[05/08/18, 12:43:22:034] info: Returning local copy: /home/bella/.config/Slack/dictionaries/en-US.bdic
[05/08/18, 12:43:22:035] info: Store: SET_FULL_SCREEN
[05/08/18, 12:43:22:085] info: Store: SET_FULL_SCREEN
[05/08/18, 12:43:22:086] info: Setting current spellchecker to en-US, requested language was en-US
[05/08/18, 12:43:22:086] info: Creating node-spellchecker instance
[05/08/18, 12:43:25:559] info: Store: SELECT_CHANNEL D9ED2JVNY
[05/08/18, 12:43:25:825] info: Loading dictionary for language en-US
[05/08/18, 12:43:25:825] info: Returning local copy: /home/bella/.config/Slack/dictionaries/en-US.bdic
[05/08/18, 12:43:25:826] info: Setting current spellchecker to en-US, requested language was en-US
[05/08/18, 12:43:29:707] info: Unloading spellchecker
[05/08/18, 12:43:29:708] info: Unloading spellchecker
[05/08/18, 12:43:29:726] info: Store: SET_FULL_SCREEN
[05/08/18, 12:43:29:726] info: Store: SET_FULL_SCREEN
[05/08/18, 12:48:42:149] info: Restoring spellchecker
[05/08/18, 12:48:42:149] info: Loading dictionary for language en-US
[05/08/18, 12:48:42:149] info: Returning local copy: /home/bella/.config/Slack/dictionaries/en-US.bdic
[05/08/18, 12:48:42:150] info: Store: SET_FULL_SCREEN
[05/08/18, 12:48:42:169] info: Store: SET_FULL_SCREEN
[05/08/18, 12:48:42:172] info: Setting current spellchecker to en-US, requested language was en-US
[05/08/18, 12:48:42:172] info: Creating node-spellchecker instance
[05/08/18, 12:48:42:825] info: Unloading spellchecker
[05/08/18, 12:48:42:828] info: Unloading spellchecker
[05/08/18, 12:48:42:872] info: Store: SET_FULL_SCREEN
[05/08/18, 12:48:42:872] info: Store: SET_FULL_SCREEN
[05/08/18, 12:48:43:392] info: Restoring spellchecker
[05/08/18, 12:48:43:392] info: Loading dictionary for language en-US
[05/08/18, 12:48:43:392] info: Returning local copy: /home/bella/.config/Slack/dictionaries/en-US.bdic
[05/08/18, 12:48:43:393] info: Store: SET_FULL_SCREEN
[05/08/18, 12:48:43:394] info: Store: SET_FULL_SCREEN
[05/08/18, 12:48:43:415] info: Setting current spellchecker to en-US, requested language was en-US
[05/08/18, 12:48:43:415] info: Creating node-spellchecker instance
[05/08/18, 12:48:43:534] info: Unloading spellchecker
[05/08/18, 12:48:43:535] info: Unloading spellchecker
[05/08/18, 12:48:43:574] info: Store: SET_FULL_SCREEN
[05/08/18, 12:48:43:574] info: Store: SET_FULL_SCREEN
[05/08/18, 12:49:44:725] info: Restoring spellchecker
[05/08/18, 12:49:44:726] info: Loading dictionary for language en-US
[05/08/18, 12:49:44:726] info: Returning local copy: /home/bella/.config/Slack/dictionaries/en-US.bdic
[05/08/18, 12:49:44:727] info: Store: SET_FULL_SCREEN
[05/08/18, 12:49:44:749] info: Store: SET_FULL_SCREEN
[05/08/18, 12:49:44:751] info: Setting current spellchecker to en-US, requested language was en-US
[05/08/18, 12:49:44:752] info: Creating node-spellchecker instance
[05/08/18, 12:49:45:386] info: Unloading spellchecker
[05/08/18, 12:49:45:389] info: Unloading spellchecker
[05/08/18, 12:49:45:420] info: Store: SET_FULL_SCREEN
[05/08/18, 12:49:45:420] info: Store: SET_FULL_SCREEN
[05/08/18, 12:49:45:817] info: Restoring spellchecker
[05/08/18, 12:49:45:818] info: Loading dictionary for language en-US
[05/08/18, 12:49:45:818] info: Returning local copy: /home/bella/.config/Slack/dictionaries/en-US.bdic
[05/08/18, 12:49:45:819] info: Store: SET_FULL_SCREEN
[05/08/18, 12:49:45:819] info: Store: SET_FULL_SCREEN
[05/08/18, 12:49:45:838] info: Setting current spellchecker to en-US, requested language was en-US
[05/08/18, 12:49:45:838] info: Creating node-spellchecker instance
[05/08/18, 12:49:45:968] info: Unloading spellchecker
[05/08/18, 12:49:45:971] info: Unloading spellchecker
[05/08/18, 12:49:46:019] info: Store: SET_FULL_SCREEN
[05/08/18, 12:49:46:020] info: Store: SET_FULL_SCREEN
[05/08/18, 12:55:36:476] info: Restoring spellchecker
[05/08/18, 12:55:36:476] info: Loading dictionary for language en-US
[05/08/18, 12:55:36:476] info: Returning local copy: /home/bella/.config/Slack/dictionaries/en-US.bdic
[05/08/18, 12:55:36:478] info: Store: SET_FULL_SCREEN
[05/08/18, 12:55:36:502] info: Store: SET_FULL_SCREEN
[05/08/18, 12:55:36:503] info: Setting current spellchecker to en-US, requested language was en-US
[05/08/18, 12:55:36:504] info: Creating node-spellchecker instance
[05/08/18, 12:55:37:362] info: Unloading spellchecker
[05/08/18, 12:55:37:363] info: Unloading spellchecker
[05/08/18, 12:55:37:375] info: Store: SET_FULL_SCREEN
[05/08/18, 12:55:37:376] info: Store: SET_FULL_SCREEN
[05/08/18, 13:07:52:197] info: Restoring spellchecker
[05/08/18, 13:07:52:197] info: Loading dictionary for language en-US
[05/08/18, 13:07:52:197] info: Returning local copy: /home/bella/.config/Slack/dictionaries/en-US.bdic
[05/08/18, 13:07:52:199] info: Store: SET_FULL_SCREEN
[05/08/18, 13:07:52:230] info: Store: SET_FULL_SCREEN
[05/08/18, 13:07:52:232] info: Setting current spellchecker to en-US, requested language was en-US
[05/08/18, 13:07:52:232] info: Creating node-spellchecker instance
[05/08/18, 13:07:52:705] info: Unloading spellchecker
[05/08/18, 13:07:52:707] info: Unloading spellchecker
[05/08/18, 13:07:52:726] info: Store: SET_FULL_SCREEN
[05/08/18, 13:07:52:726] info: Store: SET_FULL_SCREEN
[05/08/18, 13:07:53:457] info: Store: SET_FULL_SCREEN
[05/08/18, 13:07:53:460] info: Restoring spellchecker
[05/08/18, 13:07:53:460] info: Loading dictionary for language en-US
[05/08/18, 13:07:53:460] info: Returning local copy: /home/bella/.config/Slack/dictionaries/en-US.bdic
[05/08/18, 13:07:53:461] info: Store: SET_FULL_SCREEN
[05/08/18, 13:07:53:482] info: Setting current spellchecker to en-US, requested language was en-US
[05/08/18, 13:07:53:482] info: Creating node-spellchecker instance
[05/08/18, 13:07:53:649] info: Unloading spellchecker
[05/08/18, 13:07:53:651] info: Unloading spellchecker
[05/08/18, 13:07:53:681] info: Store: SET_FULL_SCREEN
[05/08/18, 13:07:53:681] info: Store: SET_FULL_SCREEN
[05/08/18, 13:27:09:458] info: Restoring spellchecker
[05/08/18, 13:27:09:459] info: Loading dictionary for language en-US
[05/08/18, 13:27:09:459] info: Returning local copy: /home/bella/.config/Slack/dictionaries/en-US.bdic
[05/08/18, 13:27:09:460] info: Store: SET_FULL_SCREEN
[05/08/18, 13:27:09:483] info: Store: SET_FULL_SCREEN
[05/08/18, 13:27:09:485] info: Setting current spellchecker to en-US, requested language was en-US
[05/08/18, 13:27:09:485] info: Creating node-spellchecker instance
[05/08/18, 13:27:09:798] info: Unloading spellchecker
[05/08/18, 13:27:09:800] info: Unloading spellchecker
[05/08/18, 13:27:09:830] info: Store: SET_FULL_SCREEN
[05/08/18, 13:27:09:831] info: Store: SET_FULL_SCREEN
[05/08/18, 13:32:00:813] info: Restoring spellchecker
[05/08/18, 13:32:00:814] info: Loading dictionary for language en-US
[05/08/18, 13:32:00:815] info: Returning local copy: /home/bella/.config/Slack/dictionaries/en-US.bdic
[05/08/18, 13:32:00:817] info: Store: SET_FULL_SCREEN
[05/08/18, 13:32:00:841] info: Store: SET_FULL_SCREEN
[05/08/18, 13:32:00:846] info: Setting current spellchecker to en-US, requested language was en-US
[05/08/18, 13:32:00:846] info: Creating node-spellchecker instance
[05/08/18, 13:32:01:365] info: Unloading spellchecker
[05/08/18, 13:32:01:402] info: Unloading spellchecker
[05/08/18, 13:32:01:403] info: Store: SET_FULL_SCREEN
[05/08/18, 13:32:01:418] info: Store: SET_FULL_SCREEN
[05/08/18, 13:44:18:498] info: Restoring spellchecker
[05/08/18, 13:44:18:500] info: Loading dictionary for language en-US
[05/08/18, 13:44:18:500] info: Returning local copy: /home/bella/.config/Slack/dictionaries/en-US.bdic
[05/08/18, 13:44:18:501] info: Store: SET_FULL_SCREEN
[05/08/18, 13:44:18:520] info: Store: SET_FULL_SCREEN
[05/08/18, 13:44:18:521] info: Setting current spellchecker to en-US, requested language was en-US
[05/08/18, 13:44:18:522] info: Creating node-spellchecker instance
[05/08/18, 13:44:19:313] info: Unloading spellchecker
[05/08/18, 13:44:19:315] info: Unloading spellchecker
[05/08/18, 13:44:19:347] info: Store: SET_FULL_SCREEN
[05/08/18, 13:44:19:348] info: Store: SET_FULL_SCREEN
[05/08/18, 14:16:04:090] info: Restoring spellchecker
[05/08/18, 14:16:04:090] info: Loading dictionary for language en-US
[05/08/18, 14:16:04:091] info: Returning local copy: /home/bella/.config/Slack/dictionaries/en-US.bdic
[05/08/18, 14:16:04:092] info: Store: SET_FULL_SCREEN
[05/08/18, 14:16:04:113] info: Store: SET_FULL_SCREEN
[05/08/18, 14:16:04:115] info: Setting current spellchecker to en-US, requested language was en-US
[05/08/18, 14:16:04:115] info: Creating node-spellchecker instance
[05/08/18, 14:16:07:340] info: Store: SELECT_CHANNEL D9ECLDGTV
[05/08/18, 14:16:07:596] info: Loading dictionary for language en-US
[05/08/18, 14:16:07:596] info: Returning local copy: /home/bella/.config/Slack/dictionaries/en-US.bdic
[05/08/18, 14:16:07:597] info: Setting current spellchecker to en-US, requested language was en-US
[05/08/18, 14:16:11:626] info: Unloading spellchecker
[05/08/18, 14:16:11:628] info: Unloading spellchecker
[05/08/18, 14:16:11:660] info: Store: SET_FULL_SCREEN
[05/08/18, 14:16:11:661] info: Store: SET_FULL_SCREEN
