[05/03/18, 20:09:19:864] info: ╔═════════════════════════════════════════════════════════════════════════════════╗
[05/03/18, 20:09:19:865] info: ║      Slack 3.1.1, linux 4.13.0-38-generic on x64 at 05/03/18, 20:09:19:861      ║
[05/03/18, 20:09:19:865] info: ╚═════════════════════════════════════════════════════════════════════════════════╝
[05/03/18, 20:09:19:938] info: Initializing local storage instance at path: /home/bella/.config/Slack/local-settings.json
[05/03/18, 20:09:20:252] info: cld3::loadModule: loading cld3 module
[05/03/18, 20:09:20:273] info: cld3Loader::loadModule: running environment is NODE
[05/03/18, 20:09:20:273] info: cld3Loader::loadModule: constructed module object for runtime
[05/03/18, 20:09:20:397] info: cld3Loader::initializeRuntime: successfully initialized module
[05/03/18, 20:09:20:397] info: cld3Loader::loadModule: initialized wasm binary Runtime
[05/03/18, 20:09:20:400] warn: updateSpellcheckerLanguage: Tried to update language, but spellchecker not initialized
[05/03/18, 20:09:20:401] info: SSBIntegration: Main window preload script loaded 806.225787
[05/03/18, 20:09:23:078] info: Store: UPSERT_WEB_CONTENTS
{
  "id": 3,
  "state": "loaded",
  "teamId": "T9F21EKE2"
}
[05/03/18, 20:09:23:082] info: Store: MAIN_WINDOW_SHOWN
[05/03/18, 20:09:23:083] info: Store: SET_FULL_SCREEN
[05/03/18, 20:09:23:083] info: Store: SET_FULL_SCREEN
[05/03/18, 20:09:23:084] info: Store: SET_FULL_SCREEN
[05/03/18, 20:09:23:431] info: Store: UPDATE_SESSION_STATUS
{
  "hasValidSession": true,
  "teamId": "T9F21EKE2"
}
[05/03/18, 20:09:24:703] info: Store: SAVE_WINDOW_SETTINGS
{
  "isMaximized": false,
  "position": [
    0,
    58
  ],
  "size": [
    1440,
    842
  ]
}
[05/03/18, 20:09:24:707] info: Store: SELECT_CHANNEL C9F21EML6
[05/03/18, 20:09:24:707] info: Store: UPDATE_TEAM_LOCALE
{
  "locale": "en-US",
  "teamId": "T9F21EKE2"
}
[05/03/18, 20:09:24:708] info: Store: UPDATE_SETTINGS
{
  "locale": "en-US"
}
[05/03/18, 20:09:24:709] info: Store: UPDATE_TEAM_THEME
{
  "teamId": "T9F21EKE2",
  "theme": {
    "active_item": "#2D9EE0",
    "active_item_text": "#FFFFFF",
    "active_presence": "#60D156",
    "badge": "#DC5960",
    "column_bg": "#F8F8FA",
    "hover_item": "#FFFFFF",
    "menu_bg": "#F8F8FA",
    "text_color": "#383F45"
  }
}
[05/03/18, 20:09:24:711] info: Store: SET_FULL_SCREEN
[05/03/18, 20:09:24:712] info: Store: SET_FULL_SCREEN
[05/03/18, 20:09:25:336] info: Store: SAVE_WINDOW_SETTINGS
{
  "isMaximized": false,
  "position": [
    0,
    30
  ],
  "size": [
    1440,
    842
  ]
}
[05/03/18, 20:09:26:094] info: postLoadTaskSetup: Desktop client fully loaded
{
  "loadedTime": 11461.882514
}
[05/03/18, 20:09:26:125] info: Store: UPDATE_TEAM_LOCALE
{
  "locale": "en-US",
  "teamId": "T9F21EKE2"
}
[05/03/18, 20:09:26:125] info: Store: UPSERT_WEB_CONTENTS
{
  "id": 3,
  "state": "webapp-loaded",
  "teamId": "T9F21EKE2"
}
[05/03/18, 20:09:27:092] info: Raw Locale list: ["bg_BG.utf8","C","ca_AD.utf8","ca_ES.utf8","ca_ES.utf8@valencia","ca_FR.utf8","ca_IT.utf8","cs_CZ.utf8","C.UTF-8","da_DK.utf8","de_AT.utf8","de_BE.utf8","de_CH.utf8","de_DE.utf8","de_LI.utf8","de_LU.utf8","en_AG","en_AG.utf8","en_AU.utf8","en_BW.utf8","en_CA.utf8","en_DK.utf8","en_GB.utf8","en_HK.utf8","en_IE.utf8","en_IN","en_IN.utf8","en_NG","en_NG.utf8","en_NZ.utf8","en_PH.utf8","en_SG.utf8","en_US.utf8","en_ZA.utf8","en_ZM","en_ZM.utf8","en_ZW.utf8","es_AR.utf8","es_BO.utf8","es_CL.utf8","es_CO.utf8","es_CR.utf8","es_CU","es_CU.utf8","es_DO.utf8","es_EC.utf8","es_ES.utf8","es_GT.utf8","es_HN.utf8","es_MX.utf8","es_NI.utf8","es_PA.utf8","es_PE.utf8","es_PR.utf8","es_PY.utf8","es_SV.utf8","es_US.utf8","es_UY.utf8","es_VE.utf8","fr_BE.utf8","fr_CA.utf8","fr_CH.utf8","fr_FR.utf8","fr_LU.utf8","hu_HU.utf8","id_ID.utf8","it_CH.utf8","it_IT.utf8","ja_JP.utf8","ko_KR.utf8","nb_NO.utf8","nl_AW","nl_AW.utf8","nl_BE.utf8","nl_NL.utf8","pl_PL.utf8","POSIX","pt_BR.utf8","pt_PT.utf8","ru_RU.utf8","ru_UA.utf8","sv_FI.utf8","sv_SE.utf8","th_TH.utf8","tr_CY.utf8","tr_TR.utf8","uk_UA.utf8","vi_VN","vi_VN.utf8","zh_CN.utf8","zh_HK.utf8","zh_SG.utf8","zh_TW.utf8",""]
[05/03/18, 20:09:27:092] info: Filtered Locale list: ["bg_BG","ca_AD","ca_ES","ca_ES","ca_FR","ca_IT","cs_CZ","da_DK","de_AT","de_BE","de_CH","de_DE","de_LI","de_LU","en_AG","en_AG","en_AU","en_BW","en_CA","en_DK","en_GB","en_HK","en_IE","en_IN","en_IN","en_NG","en_NG","en_NZ","en_PH","en_SG","en_US","en_ZA","en_ZM","en_ZM","en_ZW","es_AR","es_BO","es_CL","es_CO","es_CR","es_CU","es_CU","es_DO","es_EC","es_ES","es_GT","es_HN","es_MX","es_NI","es_PA","es_PE","es_PR","es_PY","es_SV","es_US","es_UY","es_VE","fr_BE","fr_CA","fr_CH","fr_FR","fr_LU","hu_HU","id_ID","it_CH","it_IT","ja_JP","ko_KR","nb_NO","nl_AW","nl_AW","nl_BE","nl_NL","pl_PL","pt_BR","pt_PT","ru_RU","ru_UA","sv_FI","sv_SE","th_TH","tr_CY","tr_TR","uk_UA","vi_VN","vi_VN","zh_CN","zh_HK","zh_SG","zh_TW"]
[05/03/18, 20:09:27:093] info: Counts: {"bg":["bg_BG"],"ca":["ca_AD","ca_ES","ca_ES","ca_FR","ca_IT"],"cs":["cs_CZ"],"da":["da_DK"],"de":["de_AT","de_BE","de_CH","de_DE","de_LI","de_LU"],"en":["en_AG","en_AG","en_AU","en_BW","en_CA","en_DK","en_GB","en_HK","en_IE","en_IN","en_IN","en_NG","en_NG","en_NZ","en_PH","en_SG","en_US","en_ZA","en_ZM","en_ZM","en_ZW"],"es":["es_AR","es_BO","es_CL","es_CO","es_CR","es_CU","es_CU","es_DO","es_EC","es_ES","es_GT","es_HN","es_MX","es_NI","es_PA","es_PE","es_PR","es_PY","es_SV","es_US","es_UY","es_VE"],"fr":["fr_BE","fr_CA","fr_CH","fr_FR","fr_LU"],"hu":["hu_HU"],"id":["id_ID"],"it":["it_CH","it_IT"],"ja":["ja_JP"],"ko":["ko_KR"],"nb":["nb_NO"],"nl":["nl_AW","nl_AW","nl_BE","nl_NL"],"pl":["pl_PL"],"pt":["pt_BR","pt_PT"],"ru":["ru_RU","ru_UA"],"sv":["sv_FI","sv_SE"],"th":["th_TH"],"tr":["tr_CY","tr_TR"],"uk":["uk_UA"],"vi":["vi_VN","vi_VN"],"zh":["zh_CN","zh_HK","zh_SG","zh_TW"]}
[05/03/18, 20:09:27:093] info: Setting bg
[05/03/18, 20:09:27:094] info: Setting cs
[05/03/18, 20:09:27:094] info: Setting da
[05/03/18, 20:09:27:094] info: Setting hu
[05/03/18, 20:09:27:095] info: Setting id
[05/03/18, 20:09:27:095] info: Setting ja
[05/03/18, 20:09:27:095] info: Setting ko
[05/03/18, 20:09:27:095] info: Setting nb
[05/03/18, 20:09:27:095] info: Setting pl
[05/03/18, 20:09:27:095] info: Setting th
[05/03/18, 20:09:27:095] info: Setting uk
[05/03/18, 20:09:27:095] info: Result: {"bg":"bg-BG","cs":"cs-CZ","da":"da-DK","hu":"hu-HU","id":"id-ID","ja":"ja-JP","ko":"ko-KR","nb":"nb-NO","pl":"pl-PL","th":"th-TH","uk":"uk-UA","en":"en-US"}
[05/03/18, 20:09:27:097] info: Requesting to load en-US, alternatives are ["en-US","en-US","en-US"]
[05/03/18, 20:09:27:099] info: Loading dictionary for language en-US
[05/03/18, 20:09:27:099] info: Returning local copy: /home/bella/.config/Slack/dictionaries/en-US.bdic
[05/03/18, 20:09:27:102] info: Setting current spellchecker to en-US, requested language was en-US
[05/03/18, 20:09:27:102] info: Creating node-spellchecker instance
[05/03/18, 20:09:27:103] info: Actually installing spell check provider to Electron
[05/03/18, 20:09:27:790] info: Loading dictionary for language en-US
[05/03/18, 20:09:27:790] info: Returning local copy: /home/bella/.config/Slack/dictionaries/en-US.bdic
[05/03/18, 20:09:27:792] info: Setting current spellchecker to en-US, requested language was en-US
[05/03/18, 21:18:50:973] error: May-3 21:18:50.973 T9F21EKE2 SOCKET-MANAGER: Closing socket because #4108: unexpected socket closure
[05/03/18, 21:18:53:450] info: Store: UPDATE_TEAM_LOCALE
{
  "locale": "en-US",
  "teamId": "T9F21EKE2"
}
[05/04/18, 08:05:31:524] error: May-4 08:05:31.524 T9F21EKE2 SOCKET-MANAGER: Closing socket because #4108: unexpected socket closure
[05/04/18, 08:05:34:333] info: Store: UPDATE_TEAM_LOCALE
{
  "locale": "en-US",
  "teamId": "T9F21EKE2"
}
[05/04/18, 18:22:02:532] error: May-4 18:22:02.532 T9F21EKE2 SOCKET-MANAGER: Closing socket because #4108: unexpected socket closure
[05/04/18, 18:22:05:043] info: Store: UPDATE_TEAM_LOCALE
{
  "locale": "en-US",
  "teamId": "T9F21EKE2"
}
[05/05/18, 17:49:18:450] error: May-5 17:49:18.450 T9F21EKE2 SOCKET-MANAGER: Closing socket because #4108: unexpected socket closure
[05/05/18, 17:49:20:841] info: Store: UPDATE_TEAM_LOCALE
{
  "locale": "en-US",
  "teamId": "T9F21EKE2"
}
[05/05/18, 18:15:19:897] warn: Unable to read quiet hours setting: windows-quiet-hours works only on Windows
[05/05/18, 18:15:19:897] warn: Unable to read quiet hours setting: windows-quiet-hours works only on Windows
[05/05/18, 18:15:19:907] info: Store: NEW_NOTIFICATION
{
  "avatarImage": "https://ca.slack-edge.com/T9F21EKE2-U9FDDM687-1fcc033a72da-512",
  "channel": "C9F21EML6",
  "content": "[REDACTED]",
  "id": "NOYAtNhRA8VM1VD",
  "imageUri": null,
  "launchUri": "slack://channel?id=C9F21EML6&message=1525508117.000073&team=T9F21EKE2",
  "msg": "1525508117.000073",
  "silent": true,
  "subtitle": "",
  "teamId": "T9F21EKE2",
  "title": "[REDACTED]"
}
[05/05/18, 18:15:23:669] info: Store: CLICK_NOTIFICATION
{
  "channel": "C9F21EML6",
  "messageId": "1525508117.000073",
  "notificationId": "NOYAtNhRA8VM1VD",
  "teamId": "T9F21EKE2"
}
[05/05/18, 18:15:23:671] info: Store: SELECT_TEAM T9F21EKE2
[05/05/18, 18:15:23:908] info: Store: SET_FULL_SCREEN
[05/05/18, 18:15:23:909] info: Store: SET_FULL_SCREEN
[05/05/18, 18:15:23:930] info: Store: SET_FULL_SCREEN
[05/05/18, 18:15:24:697] info: Store: SAVE_WINDOW_SETTINGS
{
  "isMaximized": false,
  "position": [
    0,
    58
  ],
  "size": [
    1440,
    842
  ]
}
[05/05/18, 18:15:36:796] info: Store: SELECT_CHANNEL D9F21EMD4
[05/05/18, 18:15:37:382] info: Store: SELECT_CHANNEL D9ED2JVNY
[05/05/18, 18:15:39:036] info: Loading dictionary for language en-US
[05/05/18, 18:15:39:036] info: Returning local copy: /home/bella/.config/Slack/dictionaries/en-US.bdic
[05/05/18, 18:15:39:038] info: Setting current spellchecker to en-US, requested language was en-US
[05/05/18, 18:15:39:357] info: Loading dictionary for language en-US
[05/05/18, 18:15:39:357] info: Returning local copy: /home/bella/.config/Slack/dictionaries/en-US.bdic
[05/05/18, 18:15:39:358] info: Setting current spellchecker to en-US, requested language was en-US
[05/05/18, 18:15:42:387] info: Unloading spellchecker
[05/05/18, 18:15:42:399] info: Store: SET_FULL_SCREEN
[05/05/18, 18:15:42:399] info: Store: SET_FULL_SCREEN
[05/05/18, 18:15:43:397] info: Store: SAVE_WINDOW_SETTINGS
{
  "isMaximized": false,
  "position": [
    0,
    30
  ],
  "size": [
    1440,
    842
  ]
}
[05/06/18, 00:49:03:289] error: May-6 00:49:03.289 T9F21EKE2 SOCKET-MANAGER: Closing socket because #4108: unexpected socket closure
