[05/08/18, 10:33:46:195] info: ╔═════════════════════════════════════════════════════════════════════════════════╗
[05/08/18, 10:33:46:196] info: ║      Slack 3.1.1, linux 4.13.0-38-generic on x64 at 05/08/18, 10:33:46:192      ║
[05/08/18, 10:33:46:196] info: ╚═════════════════════════════════════════════════════════════════════════════════╝
[05/08/18, 10:33:46:399] info: Initializing local storage instance at path: /home/bella/.config/Slack/local-settings.json
[05/08/18, 10:33:46:517] info: NetworkStatus: Waiting for network online…
[05/08/18, 10:33:47:134] info: NetworkStatus: Response from api.test
{
  "status": "online"
}
[05/08/18, 10:33:47:542] info: Store: SET_NETWORK_STATUS online
[05/08/18, 10:33:51:482] info: Store: UPSERT_WEB_CONTENTS
{
  "id": 3,
  "state": "loaded",
  "teamId": "T9F21EKE2"
}
[05/08/18, 10:33:51:486] info: Store: MAIN_WINDOW_SHOWN
[05/08/18, 10:33:51:506] info: Store: SET_FULL_SCREEN
[05/08/18, 10:33:51:506] info: Store: SET_FULL_SCREEN
[05/08/18, 10:33:51:509] info: Store: SET_FULL_SCREEN
[05/08/18, 10:33:52:502] info: Store: SAVE_WINDOW_SETTINGS
{
  "isMaximized": false,
  "position": [
    0,
    58
  ],
  "size": [
    1440,
    842
  ]
}
[05/08/18, 10:33:52:540] info: Store: UPDATE_SESSION_STATUS
{
  "hasValidSession": true,
  "teamId": "T9F21EKE2"
}
[05/08/18, 10:33:52:643] info: Store: SELECT_CHANNEL D9ED2JVNY
[05/08/18, 10:33:52:646] info: Store: UPDATE_TEAM_LOCALE
{
  "locale": "en-US",
  "teamId": "T9F21EKE2"
}
[05/08/18, 10:33:52:647] info: Store: UPDATE_SETTINGS
{
  "locale": "en-US"
}
[05/08/18, 10:33:52:665] info: Store: UPDATE_TEAM_THEME
{
  "teamId": "T9F21EKE2",
  "theme": {
    "active_item": "#2D9EE0",
    "active_item_text": "#FFFFFF",
    "active_presence": "#60D156",
    "badge": "#DC5960",
    "column_bg": "#F8F8FA",
    "hover_item": "#FFFFFF",
    "menu_bg": "#F8F8FA",
    "text_color": "#383F45"
  }
}
[05/08/18, 10:33:53:188] info: Store: UPDATE_TEAM_LOCALE
{
  "locale": "en-US",
  "teamId": "T9F21EKE2"
}
[05/08/18, 10:33:53:203] info: Store: UPSERT_WEB_CONTENTS
{
  "id": 3,
  "state": "webapp-loaded",
  "teamId": "T9F21EKE2"
}
[05/08/18, 10:33:55:711] info: Store: SELECT_CHANNEL D9ECLDGTV
[05/08/18, 10:34:42:522] info: Store: SET_FULL_SCREEN
[05/08/18, 10:34:42:524] info: Store: SET_FULL_SCREEN
[05/08/18, 10:34:43:184] info: Store: SET_FULL_SCREEN
[05/08/18, 10:34:43:190] info: Store: SET_FULL_SCREEN
[05/08/18, 10:34:43:518] info: Store: SET_FULL_SCREEN
[05/08/18, 10:34:43:519] info: Store: SET_FULL_SCREEN
[05/08/18, 10:34:44:409] info: Store: SET_FULL_SCREEN
[05/08/18, 10:34:44:410] info: Store: SET_FULL_SCREEN
[05/08/18, 10:34:49:220] info: Store: SET_FULL_SCREEN
[05/08/18, 10:34:49:222] info: Store: SET_FULL_SCREEN
[05/08/18, 10:35:52:921] info: Store: SET_FULL_SCREEN
[05/08/18, 10:35:52:931] info: Store: SET_FULL_SCREEN
[05/08/18, 10:35:52:943] info: Store: SET_FULL_SCREEN
[05/08/18, 10:37:41:605] info: Store: NEW_NOTIFICATION
{
  "avatarImage": "https://ca.slack-edge.com/T9F21EKE2-U9EK1HHBP-f8c5493aa0ca-512",
  "channel": "D9ECLDGTV",
  "content": "[REDACTED]",
  "id": "Y74xC3hVqQgyWl1",
  "imageUri": null,
  "launchUri": "slack://channel?id=D9ECLDGTV&message=1525739861.000119&team=T9F21EKE2",
  "msg": "1525739861.000119",
  "silent": true,
  "subtitle": "",
  "teamId": "T9F21EKE2",
  "title": "[REDACTED]"
}
[05/08/18, 10:37:46:005] info: Store: CLICK_NOTIFICATION
{
  "channel": "D9ECLDGTV",
  "messageId": "1525739861.000119",
  "notificationId": "Y74xC3hVqQgyWl1",
  "teamId": "T9F21EKE2"
}
[05/08/18, 10:37:46:006] info: Store: SELECT_TEAM T9F21EKE2
[05/08/18, 10:37:46:013] info: Store: SET_FULL_SCREEN
[05/08/18, 10:39:33:452] info: Store: SELECT_CHANNEL C9F21EML6
[05/08/18, 10:39:42:673] info: Store: SELECT_CHANNEL D9ECLDGTV
[05/08/18, 10:39:44:191] info: Store: SET_FULL_SCREEN
[05/08/18, 10:39:44:192] info: Store: SET_FULL_SCREEN
[05/08/18, 10:40:10:457] info: Store: SET_FULL_SCREEN
[05/08/18, 10:40:10:465] info: Store: SET_FULL_SCREEN
[05/08/18, 10:40:18:204] info: Store: SET_FULL_SCREEN
[05/08/18, 10:40:18:204] info: Store: SET_FULL_SCREEN
[05/08/18, 10:40:19:293] info: Store: SET_FULL_SCREEN
[05/08/18, 10:40:19:300] info: Store: SET_FULL_SCREEN
[05/08/18, 10:40:20:841] info: Store: SET_FULL_SCREEN
[05/08/18, 10:41:38:551] info: Store: NEW_NOTIFICATION
{
  "avatarImage": "https://ca.slack-edge.com/T9F21EKE2-U9EK1HHBP-f8c5493aa0ca-512",
  "channel": "D9ECLDGTV",
  "content": "[REDACTED]",
  "id": "Z85yF7iyLmv0MgY",
  "imageUri": null,
  "launchUri": "slack://channel?id=D9ECLDGTV&message=1525740098.000099&team=T9F21EKE2",
  "msg": "1525740098.000099",
  "silent": true,
  "subtitle": "",
  "teamId": "T9F21EKE2",
  "title": "[REDACTED]"
}
[05/08/18, 10:41:41:999] info: Store: CLICK_NOTIFICATION
{
  "channel": "D9ECLDGTV",
  "messageId": "1525740098.000099",
  "notificationId": "Z85yF7iyLmv0MgY",
  "teamId": "T9F21EKE2"
}
[05/08/18, 10:41:42:001] info: Store: SELECT_TEAM T9F21EKE2
[05/08/18, 10:41:42:007] info: Store: SET_FULL_SCREEN
[05/08/18, 10:42:43:619] info: Store: SET_FULL_SCREEN
[05/08/18, 10:42:43:624] info: Store: SET_FULL_SCREEN
[05/08/18, 10:42:45:824] info: Store: SET_FULL_SCREEN
[05/08/18, 10:42:45:832] info: Store: SET_FULL_SCREEN
[05/08/18, 10:42:56:136] info: Store: SET_FULL_SCREEN
[05/08/18, 10:42:56:137] info: Store: SET_FULL_SCREEN
[05/08/18, 10:42:57:196] info: Store: SET_FULL_SCREEN
[05/08/18, 10:42:57:202] info: Store: SET_FULL_SCREEN
[05/08/18, 10:42:57:562] info: Store: SET_FULL_SCREEN
[05/08/18, 10:42:57:563] info: Store: SET_FULL_SCREEN
[05/08/18, 10:42:59:093] info: Store: SET_FULL_SCREEN
[05/08/18, 10:42:59:100] info: Store: SET_FULL_SCREEN
[05/08/18, 10:42:59:423] info: Store: SET_FULL_SCREEN
[05/08/18, 10:42:59:424] info: Store: SET_FULL_SCREEN
[05/08/18, 10:43:01:205] info: Store: SET_FULL_SCREEN
[05/08/18, 10:43:01:210] info: Store: SET_FULL_SCREEN
[05/08/18, 10:43:01:217] info: Store: SET_FULL_SCREEN
[05/08/18, 10:43:28:438] info: Store: NEW_NOTIFICATION
{
  "avatarImage": "https://ca.slack-edge.com/T9F21EKE2-U9EK1HHBP-f8c5493aa0ca-512",
  "channel": "D9ECLDGTV",
  "content": "[REDACTED]",
  "id": "MZ0ghxsW8NjrDZJ",
  "imageUri": null,
  "launchUri": "slack://channel?id=D9ECLDGTV&message=1525740208.000045&team=T9F21EKE2",
  "msg": "1525740208.000045",
  "silent": true,
  "subtitle": "",
  "teamId": "T9F21EKE2",
  "title": "[REDACTED]"
}
[05/08/18, 10:43:33:871] info: Store: SET_FULL_SCREEN
[05/08/18, 10:43:34:590] info: Store: SET_FULL_SCREEN
[05/08/18, 10:43:34:737] info: Store: SET_FULL_SCREEN
[05/08/18, 10:43:36:568] info: Store: SET_FULL_SCREEN
[05/08/18, 10:43:36:571] info: Store: SET_FULL_SCREEN
[05/08/18, 10:43:36:595] info: Store: SET_FULL_SCREEN
[05/08/18, 10:43:37:154] info: Store: SET_FULL_SCREEN
[05/08/18, 10:43:38:900] info: Store: SET_FULL_SCREEN
[05/08/18, 10:43:40:210] info: Store: SET_FULL_SCREEN
[05/08/18, 10:43:41:237] info: Store: SET_FULL_SCREEN
[05/08/18, 10:43:41:623] info: Store: SET_FULL_SCREEN
[05/08/18, 10:43:43:945] info: Store: SAVE_WINDOW_SETTINGS
{
  "isMaximized": true,
  "position": [
    208,
    81
  ],
  "size": [
    1024,
    768
  ]
}
[05/08/18, 10:44:26:851] info: Store: SET_FULL_SCREEN
[05/08/18, 10:44:26:853] info: Store: SET_FULL_SCREEN
[05/08/18, 10:44:41:234] info: Store: NEW_NOTIFICATION
{
  "avatarImage": "https://ca.slack-edge.com/T9F21EKE2-U9EK1HHBP-f8c5493aa0ca-512",
  "channel": "D9ECLDGTV",
  "content": "[REDACTED]",
  "id": "367vcRtDVjnxPp7",
  "imageUri": null,
  "launchUri": "slack://channel?id=D9ECLDGTV&message=1525740281.000005&team=T9F21EKE2",
  "msg": "1525740281.000005",
  "silent": true,
  "subtitle": "",
  "teamId": "T9F21EKE2",
  "title": "[REDACTED]"
}
[05/08/18, 10:44:55:495] info: Store: SET_FULL_SCREEN
[05/08/18, 10:44:55:500] info: Store: SET_FULL_SCREEN
[05/08/18, 10:45:09:455] info: Store: SET_FULL_SCREEN
[05/08/18, 10:45:09:455] info: Store: SET_FULL_SCREEN
[05/08/18, 10:45:26:591] info: Store: NEW_NOTIFICATION
{
  "avatarImage": "https://ca.slack-edge.com/T9F21EKE2-U9EK1HHBP-f8c5493aa0ca-512",
  "channel": "D9ECLDGTV",
  "content": "[REDACTED]",
  "id": "GRGxFAuQDXRAzqm",
  "imageUri": null,
  "launchUri": "slack://channel?id=D9ECLDGTV&message=1525740326.000122&team=T9F21EKE2",
  "msg": "1525740326.000122",
  "silent": true,
  "subtitle": "",
  "teamId": "T9F21EKE2",
  "title": "[REDACTED]"
}
[05/08/18, 10:45:40:290] info: Store: SET_FULL_SCREEN
[05/08/18, 10:45:40:296] info: Store: SET_FULL_SCREEN
[05/08/18, 10:45:44:296] info: Store: SET_FULL_SCREEN
[05/08/18, 10:45:44:297] info: Store: SET_FULL_SCREEN
[05/08/18, 10:45:57:608] info: Store: SET_FULL_SCREEN
[05/08/18, 10:45:57:612] info: Store: SET_FULL_SCREEN
[05/08/18, 10:45:59:100] info: Store: SET_FULL_SCREEN
[05/08/18, 10:45:59:102] info: Store: SET_FULL_SCREEN
[05/08/18, 10:46:17:743] info: Store: NEW_NOTIFICATION
{
  "avatarImage": "https://ca.slack-edge.com/T9F21EKE2-U9EK1HHBP-f8c5493aa0ca-512",
  "channel": "D9ECLDGTV",
  "content": "[REDACTED]",
  "id": "mqB6tPC9XwmXWBv",
  "imageUri": null,
  "launchUri": "slack://channel?id=D9ECLDGTV&message=1525740377.000153&team=T9F21EKE2",
  "msg": "1525740377.000153",
  "silent": true,
  "subtitle": "",
  "teamId": "T9F21EKE2",
  "title": "[REDACTED]"
}
[05/08/18, 10:46:18:954] info: Store: SET_FULL_SCREEN
[05/08/18, 10:46:18:959] info: Store: SET_FULL_SCREEN
[05/08/18, 10:47:04:392] info: Store: SET_FULL_SCREEN
[05/08/18, 10:47:04:393] info: Store: SET_FULL_SCREEN
[05/08/18, 10:47:06:686] info: Store: SET_FULL_SCREEN
[05/08/18, 10:47:06:692] info: Store: SET_FULL_SCREEN
[05/08/18, 10:47:09:838] info: Store: SET_FULL_SCREEN
[05/08/18, 10:47:09:841] info: Store: SET_FULL_SCREEN
[05/08/18, 10:47:16:353] info: Store: SET_FULL_SCREEN
[05/08/18, 10:47:16:360] info: Store: SET_FULL_SCREEN
[05/08/18, 10:47:27:857] info: Store: SET_FULL_SCREEN
[05/08/18, 10:47:27:860] info: Store: SET_FULL_SCREEN
[05/08/18, 10:47:28:324] info: Store: SET_FULL_SCREEN
[05/08/18, 10:47:28:326] info: Store: SET_FULL_SCREEN
[05/08/18, 10:47:29:126] info: Store: SET_FULL_SCREEN
[05/08/18, 10:47:29:128] info: Store: SET_FULL_SCREEN
[05/08/18, 10:48:09:187] info: Store: SET_FULL_SCREEN
[05/08/18, 10:48:09:195] info: Store: SET_FULL_SCREEN
[05/08/18, 10:48:22:311] info: Store: SET_FULL_SCREEN
[05/08/18, 10:48:22:312] info: Store: SET_FULL_SCREEN
[05/08/18, 10:48:24:041] info: Store: SET_FULL_SCREEN
[05/08/18, 10:48:24:049] info: Store: SET_FULL_SCREEN
[05/08/18, 10:48:26:015] info: Store: SET_FULL_SCREEN
[05/08/18, 10:48:26:016] info: Store: SET_FULL_SCREEN
[05/08/18, 10:48:34:677] info: Store: SET_FULL_SCREEN
[05/08/18, 10:48:34:685] info: Store: SET_FULL_SCREEN
[05/08/18, 10:48:48:049] info: Store: SET_FULL_SCREEN
[05/08/18, 10:48:48:050] info: Store: SET_FULL_SCREEN
[05/08/18, 10:48:53:690] info: Store: SET_FULL_SCREEN
[05/08/18, 10:48:53:693] info: Store: SET_FULL_SCREEN
[05/08/18, 10:50:24:815] info: Store: SET_FULL_SCREEN
[05/08/18, 10:50:24:819] info: Store: SET_FULL_SCREEN
[05/08/18, 10:50:44:959] info: Store: NEW_NOTIFICATION
{
  "avatarImage": "https://ca.slack-edge.com/T9F21EKE2-U9EK1HHBP-f8c5493aa0ca-512",
  "channel": "D9ECLDGTV",
  "content": "[REDACTED]",
  "id": "WP2vuPFnkrWYAng",
  "imageUri": null,
  "launchUri": "slack://channel?id=D9ECLDGTV&message=1525740644.000245&team=T9F21EKE2",
  "msg": "1525740644.000245",
  "silent": true,
  "subtitle": "",
  "teamId": "T9F21EKE2",
  "title": "[REDACTED]"
}
[05/08/18, 10:50:45:920] info: Store: SET_FULL_SCREEN
[05/08/18, 10:50:45:926] info: Store: SET_FULL_SCREEN
[05/08/18, 10:50:55:224] info: Store: SET_FULL_SCREEN
[05/08/18, 10:50:55:226] info: Store: SET_FULL_SCREEN
[05/08/18, 10:51:19:374] info: Store: SET_FULL_SCREEN
[05/08/18, 10:51:19:384] info: Store: SET_FULL_SCREEN
[05/08/18, 10:51:25:817] info: Store: SET_FULL_SCREEN
[05/08/18, 10:51:25:818] info: Store: SET_FULL_SCREEN
[05/08/18, 10:51:27:955] info: Store: SET_FULL_SCREEN
[05/08/18, 10:51:27:963] info: Store: SET_FULL_SCREEN
[05/08/18, 10:51:37:145] info: Store: SET_FULL_SCREEN
[05/08/18, 10:51:37:146] info: Store: SET_FULL_SCREEN
[05/08/18, 10:51:51:886] info: Store: SET_FULL_SCREEN
[05/08/18, 10:51:51:894] info: Store: SET_FULL_SCREEN
[05/08/18, 10:51:55:961] info: Store: SET_FULL_SCREEN
[05/08/18, 10:51:55:962] info: Store: SET_FULL_SCREEN
[05/08/18, 10:51:58:554] info: Store: SET_FULL_SCREEN
[05/08/18, 10:51:58:560] info: Store: SET_FULL_SCREEN
[05/08/18, 10:52:01:433] info: Store: SET_FULL_SCREEN
[05/08/18, 10:52:01:435] info: Store: SET_FULL_SCREEN
[05/08/18, 10:52:18:661] info: Store: NEW_NOTIFICATION
{
  "avatarImage": "https://ca.slack-edge.com/T9F21EKE2-U9EK1HHBP-f8c5493aa0ca-512",
  "channel": "D9ECLDGTV",
  "content": "[REDACTED]",
  "id": "x6Q5cBHwJxlj1Dn",
  "imageUri": null,
  "launchUri": "slack://channel?id=D9ECLDGTV&message=1525740738.000137&team=T9F21EKE2",
  "msg": "1525740738.000137",
  "silent": true,
  "subtitle": "",
  "teamId": "T9F21EKE2",
  "title": "[REDACTED]"
}
[05/08/18, 10:52:22:063] info: Store: SET_FULL_SCREEN
[05/08/18, 10:52:22:071] info: Store: SET_FULL_SCREEN
[05/08/18, 10:52:30:314] info: Store: SET_FULL_SCREEN
[05/08/18, 10:52:30:316] info: Store: SET_FULL_SCREEN
[05/08/18, 10:53:34:053] info: Store: SET_FULL_SCREEN
[05/08/18, 10:53:34:057] info: Store: SET_FULL_SCREEN
[05/08/18, 10:53:34:426] info: Store: SET_FULL_SCREEN
[05/08/18, 10:53:34:427] info: Store: SET_FULL_SCREEN
[05/08/18, 10:53:35:203] info: Store: SET_FULL_SCREEN
[05/08/18, 10:53:35:209] info: Store: SET_FULL_SCREEN
[05/08/18, 10:53:44:211] info: Store: SET_FULL_SCREEN
[05/08/18, 10:53:44:213] info: Store: SET_FULL_SCREEN
[05/08/18, 10:54:45:405] info: Store: SET_FULL_SCREEN
[05/08/18, 10:54:45:408] info: Store: SET_FULL_SCREEN
[05/08/18, 10:54:52:036] info: Store: SET_FULL_SCREEN
[05/08/18, 10:54:52:037] info: Store: SET_FULL_SCREEN
[05/08/18, 10:54:58:811] info: Store: SET_FULL_SCREEN
[05/08/18, 10:54:58:817] info: Store: SET_FULL_SCREEN
[05/08/18, 10:54:59:230] info: Store: SET_FULL_SCREEN
[05/08/18, 10:54:59:232] info: Store: SET_FULL_SCREEN
[05/08/18, 10:54:59:678] info: Store: SET_FULL_SCREEN
[05/08/18, 10:54:59:679] info: Store: SET_FULL_SCREEN
[05/08/18, 10:55:37:103] info: Store: SET_FULL_SCREEN
[05/08/18, 10:55:37:104] info: Store: SET_FULL_SCREEN
[05/08/18, 10:55:43:858] info: Store: SET_FULL_SCREEN
[05/08/18, 10:55:43:864] info: Store: SET_FULL_SCREEN
[05/08/18, 10:55:50:348] info: Store: SET_FULL_SCREEN
[05/08/18, 10:55:50:349] info: Store: SET_FULL_SCREEN
[05/08/18, 10:56:19:173] info: Store: SET_FULL_SCREEN
[05/08/18, 10:56:19:184] info: Store: SET_FULL_SCREEN
[05/08/18, 10:56:20:008] info: Store: SET_FULL_SCREEN
[05/08/18, 10:56:20:010] info: Store: SET_FULL_SCREEN
[05/08/18, 10:56:20:661] info: Store: SET_FULL_SCREEN
[05/08/18, 10:56:20:661] info: Store: SET_FULL_SCREEN
[05/08/18, 10:56:26:699] info: Store: SET_FULL_SCREEN
[05/08/18, 10:56:26:700] info: Store: SET_FULL_SCREEN
[05/08/18, 10:56:36:933] info: Store: SET_FULL_SCREEN
[05/08/18, 10:56:36:938] info: Store: SET_FULL_SCREEN
[05/08/18, 10:56:38:833] info: Store: SET_FULL_SCREEN
[05/08/18, 10:56:38:835] info: Store: SET_FULL_SCREEN
[05/08/18, 10:56:48:208] info: Store: SET_FULL_SCREEN
[05/08/18, 10:56:48:215] info: Store: SET_FULL_SCREEN
[05/08/18, 10:56:55:001] info: Store: SET_FULL_SCREEN
[05/08/18, 10:56:55:002] info: Store: SET_FULL_SCREEN
[05/08/18, 10:57:11:992] info: Store: SET_FULL_SCREEN
[05/08/18, 10:57:12:005] info: Store: SET_FULL_SCREEN
[05/08/18, 10:57:13:113] info: Store: SET_FULL_SCREEN
[05/08/18, 10:57:13:114] info: Store: SET_FULL_SCREEN
[05/08/18, 10:57:29:056] info: Store: SET_FULL_SCREEN
[05/08/18, 10:57:29:061] info: Store: SET_FULL_SCREEN
[05/08/18, 10:57:33:695] info: Store: SET_FULL_SCREEN
[05/08/18, 10:57:33:697] info: Store: SET_FULL_SCREEN
[05/08/18, 10:59:38:388] info: Store: SET_FULL_SCREEN
[05/08/18, 10:59:38:395] info: Store: SET_FULL_SCREEN
[05/08/18, 10:59:39:260] info: Store: SET_FULL_SCREEN
[05/08/18, 10:59:39:261] info: Store: SET_FULL_SCREEN
[05/08/18, 11:03:14:194] info: Store: NEW_NOTIFICATION
{
  "avatarImage": "https://ca.slack-edge.com/T9F21EKE2-U9EK1HHBP-f8c5493aa0ca-512",
  "channel": "D9ECLDGTV",
  "content": "[REDACTED]",
  "id": "367vcWIDVjmq6QD",
  "imageUri": null,
  "launchUri": "slack://channel?id=D9ECLDGTV&message=1525741393.000302&team=T9F21EKE2",
  "msg": "1525741393.000302",
  "silent": true,
  "subtitle": "",
  "teamId": "T9F21EKE2",
  "title": "[REDACTED]"
}
[05/08/18, 11:03:34:948] info: Store: SET_FULL_SCREEN
[05/08/18, 11:03:34:956] info: Store: SET_FULL_SCREEN
[05/08/18, 11:06:07:323] info: Store: SET_FULL_SCREEN
[05/08/18, 11:06:07:325] info: Store: SET_FULL_SCREEN
[05/08/18, 11:06:22:979] info: Store: SET_FULL_SCREEN
[05/08/18, 11:06:22:983] info: Store: SET_FULL_SCREEN
[05/08/18, 11:06:36:874] info: Store: SET_FULL_SCREEN
[05/08/18, 11:06:36:877] info: Store: SET_FULL_SCREEN
[05/08/18, 11:07:01:875] info: Store: NEW_NOTIFICATION
{
  "avatarImage": "https://ca.slack-edge.com/T9F21EKE2-U9EK1HHBP-f8c5493aa0ca-512",
  "channel": "D9ECLDGTV",
  "content": "[REDACTED]",
  "id": "qQJ5cnSELYmNExm",
  "imageUri": null,
  "launchUri": "slack://channel?id=D9ECLDGTV&message=1525741621.000216&team=T9F21EKE2",
  "msg": "1525741621.000216",
  "silent": true,
  "subtitle": "",
  "teamId": "T9F21EKE2",
  "title": "[REDACTED]"
}
[05/08/18, 11:07:03:914] info: Store: SET_FULL_SCREEN
[05/08/18, 11:07:03:917] info: Store: SET_FULL_SCREEN
[05/08/18, 11:07:12:915] info: Store: SET_FULL_SCREEN
[05/08/18, 11:07:12:917] info: Store: SET_FULL_SCREEN
[05/08/18, 11:07:38:831] info: Store: NEW_NOTIFICATION
{
  "avatarImage": "https://ca.slack-edge.com/T9F21EKE2-U9EK1HHBP-f8c5493aa0ca-512",
  "channel": "D9ECLDGTV",
  "content": "[REDACTED]",
  "id": "Vv1rcMTJRx9Q1w7",
  "imageUri": null,
  "launchUri": "slack://channel?id=D9ECLDGTV&message=1525741658.000193&team=T9F21EKE2",
  "msg": "1525741658.000193",
  "silent": true,
  "subtitle": "",
  "teamId": "T9F21EKE2",
  "title": "[REDACTED]"
}
[05/08/18, 11:07:42:506] info: Store: SET_FULL_SCREEN
[05/08/18, 11:07:42:513] info: Store: SET_FULL_SCREEN
[05/08/18, 11:07:46:563] info: Store: SET_FULL_SCREEN
[05/08/18, 11:07:46:565] info: Store: SET_FULL_SCREEN
[05/08/18, 11:07:47:712] info: Store: SET_FULL_SCREEN
[05/08/18, 11:07:47:720] info: Store: SET_FULL_SCREEN
[05/08/18, 11:07:52:429] info: Store: SET_FULL_SCREEN
[05/08/18, 11:07:52:431] info: Store: SET_FULL_SCREEN
[05/08/18, 11:10:47:853] info: Store: SET_FULL_SCREEN
[05/08/18, 11:10:47:856] info: Store: SET_FULL_SCREEN
[05/08/18, 11:10:49:096] info: Store: SET_FULL_SCREEN
[05/08/18, 11:10:49:097] info: Store: SET_FULL_SCREEN
[05/08/18, 11:10:49:547] info: Store: SET_FULL_SCREEN
[05/08/18, 11:10:49:548] info: Store: SET_FULL_SCREEN
[05/08/18, 11:10:49:770] info: Store: SET_FULL_SCREEN
[05/08/18, 11:10:49:779] info: Store: SET_FULL_SCREEN
[05/08/18, 11:12:28:829] info: Store: SET_FULL_SCREEN
[05/08/18, 11:12:28:836] info: Store: SET_FULL_SCREEN
[05/08/18, 11:12:31:450] info: Store: SET_FULL_SCREEN
[05/08/18, 11:12:31:452] info: Store: SET_FULL_SCREEN
[05/08/18, 11:13:52:648] info: Store: SET_FULL_SCREEN
[05/08/18, 11:13:52:654] info: Store: SET_FULL_SCREEN
[05/08/18, 11:13:59:056] info: Store: SET_FULL_SCREEN
[05/08/18, 11:13:59:059] info: Store: SET_FULL_SCREEN
[05/08/18, 11:28:43:928] info: Store: SET_FULL_SCREEN
[05/08/18, 11:28:43:937] info: Store: SET_FULL_SCREEN
[05/08/18, 11:28:44:943] info: Store: SET_FULL_SCREEN
[05/08/18, 11:28:44:946] info: Store: SET_FULL_SCREEN
[05/08/18, 11:28:45:176] info: Store: SET_FULL_SCREEN
[05/08/18, 11:28:45:180] info: Store: SET_FULL_SCREEN
[05/08/18, 11:28:45:341] info: Store: SET_FULL_SCREEN
[05/08/18, 11:28:45:342] info: Store: SET_FULL_SCREEN
[05/08/18, 11:43:21:984] info: Store: SET_FULL_SCREEN
[05/08/18, 11:43:21:990] info: Store: SET_FULL_SCREEN
[05/08/18, 11:43:23:169] info: Store: SET_FULL_SCREEN
[05/08/18, 11:43:23:171] info: Store: SET_FULL_SCREEN
[05/08/18, 11:47:43:322] info: Store: SET_FULL_SCREEN
[05/08/18, 11:47:43:331] info: Store: SET_FULL_SCREEN
[05/08/18, 11:47:44:279] info: Store: SET_FULL_SCREEN
[05/08/18, 11:47:44:280] info: Store: SET_FULL_SCREEN
[05/08/18, 11:47:44:572] info: Store: SET_FULL_SCREEN
[05/08/18, 11:47:44:579] info: Store: SET_FULL_SCREEN
[05/08/18, 11:47:44:865] info: Store: SET_FULL_SCREEN
[05/08/18, 11:47:44:869] info: Store: SET_FULL_SCREEN
[05/08/18, 11:53:22:203] info: Store: SET_FULL_SCREEN
[05/08/18, 11:53:22:210] info: Store: SET_FULL_SCREEN
[05/08/18, 11:53:22:323] info: Store: SET_FULL_SCREEN
[05/08/18, 11:53:22:325] info: Store: SET_FULL_SCREEN
[05/08/18, 12:01:52:604] info: Store: SET_FULL_SCREEN
[05/08/18, 12:01:52:608] info: Store: SET_FULL_SCREEN
[05/08/18, 12:01:53:712] info: Store: SET_FULL_SCREEN
[05/08/18, 12:01:53:713] info: Store: SET_FULL_SCREEN
[05/08/18, 12:43:22:033] info: Store: SET_FULL_SCREEN
[05/08/18, 12:43:22:037] info: Store: SET_FULL_SCREEN
[05/08/18, 12:43:25:517] info: Store: SELECT_CHANNEL D9ED2JVNY
[05/08/18, 12:43:29:706] info: Store: SET_FULL_SCREEN
[05/08/18, 12:43:29:723] info: Store: SET_FULL_SCREEN
[05/08/18, 12:48:42:122] info: Store: SET_FULL_SCREEN
[05/08/18, 12:48:42:129] info: Store: SET_FULL_SCREEN
[05/08/18, 12:48:42:825] info: Store: SET_FULL_SCREEN
[05/08/18, 12:48:42:828] info: Store: SET_FULL_SCREEN
[05/08/18, 12:48:43:375] info: Store: SET_FULL_SCREEN
[05/08/18, 12:48:43:376] info: Store: SET_FULL_SCREEN
[05/08/18, 12:48:43:537] info: Store: SET_FULL_SCREEN
[05/08/18, 12:48:43:538] info: Store: SET_FULL_SCREEN
[05/08/18, 12:49:44:701] info: Store: SET_FULL_SCREEN
[05/08/18, 12:49:44:705] info: Store: SET_FULL_SCREEN
[05/08/18, 12:49:45:386] info: Store: SET_FULL_SCREEN
[05/08/18, 12:49:45:388] info: Store: SET_FULL_SCREEN
[05/08/18, 12:49:45:799] info: Store: SET_FULL_SCREEN
[05/08/18, 12:49:45:802] info: Store: SET_FULL_SCREEN
[05/08/18, 12:49:45:977] info: Store: SET_FULL_SCREEN
[05/08/18, 12:49:45:979] info: Store: SET_FULL_SCREEN
[05/08/18, 12:55:36:463] info: Store: SET_FULL_SCREEN
[05/08/18, 12:55:36:470] info: Store: SET_FULL_SCREEN
[05/08/18, 12:55:37:365] info: Store: SET_FULL_SCREEN
[05/08/18, 12:55:37:367] info: Store: SET_FULL_SCREEN
[05/08/18, 13:07:52:170] info: Store: SET_FULL_SCREEN
[05/08/18, 13:07:52:176] info: Store: SET_FULL_SCREEN
[05/08/18, 13:07:52:702] info: Store: SET_FULL_SCREEN
[05/08/18, 13:07:52:705] info: Store: SET_FULL_SCREEN
[05/08/18, 13:07:53:434] info: Store: SET_FULL_SCREEN
[05/08/18, 13:07:53:435] info: Store: SET_FULL_SCREEN
[05/08/18, 13:07:53:655] info: Store: SET_FULL_SCREEN
[05/08/18, 13:07:53:656] info: Store: SET_FULL_SCREEN
[05/08/18, 13:27:09:429] info: Store: SET_FULL_SCREEN
[05/08/18, 13:27:09:437] info: Store: SET_FULL_SCREEN
[05/08/18, 13:27:09:801] info: Store: SET_FULL_SCREEN
[05/08/18, 13:27:09:803] info: Store: SET_FULL_SCREEN
[05/08/18, 13:32:00:784] info: Store: SET_FULL_SCREEN
[05/08/18, 13:32:00:790] info: Store: SET_FULL_SCREEN
[05/08/18, 13:32:01:369] info: Store: SET_FULL_SCREEN
[05/08/18, 13:32:01:371] info: Store: SET_FULL_SCREEN
[05/08/18, 13:44:18:472] info: Store: SET_FULL_SCREEN
[05/08/18, 13:44:18:480] info: Store: SET_FULL_SCREEN
[05/08/18, 13:44:19:317] info: Store: SET_FULL_SCREEN
[05/08/18, 13:44:19:318] info: Store: SET_FULL_SCREEN
[05/08/18, 14:16:04:065] info: Store: SET_FULL_SCREEN
[05/08/18, 14:16:04:071] info: Store: SET_FULL_SCREEN
[05/08/18, 14:16:07:273] info: Store: SELECT_CHANNEL D9ECLDGTV
[05/08/18, 14:16:11:632] info: Store: SET_FULL_SCREEN
[05/08/18, 14:16:11:633] info: Store: SET_FULL_SCREEN
