[05/06/18, 15:15:04:624] info: ╔═════════════════════════════════════════════════════════════════════════════════╗
[05/06/18, 15:15:04:625] info: ║      Slack 3.1.1, linux 4.13.0-38-generic on x64 at 05/06/18, 15:15:04:622      ║
[05/06/18, 15:15:04:625] info: ╚═════════════════════════════════════════════════════════════════════════════════╝
[05/06/18, 15:15:04:827] info: Initializing local storage instance at path: /home/bella/.config/Slack/local-settings.json
[05/06/18, 15:15:04:948] info: NetworkStatus: Waiting for network online…
[05/06/18, 15:15:05:851] info: NetworkStatus: Response from api.test
{
  "status": "online"
}
[05/06/18, 15:15:06:259] info: Store: SET_NETWORK_STATUS online
[05/06/18, 15:15:10:818] info: Store: UPSERT_WEB_CONTENTS
{
  "id": 3,
  "state": "loaded",
  "teamId": "T9F21EKE2"
}
[05/06/18, 15:15:10:824] info: Store: MAIN_WINDOW_SHOWN
[05/06/18, 15:15:10:838] info: Store: SET_FULL_SCREEN
[05/06/18, 15:15:10:840] info: Store: SET_FULL_SCREEN
[05/06/18, 15:15:10:847] info: Store: SET_FULL_SCREEN
[05/06/18, 15:15:11:242] info: Store: UPDATE_SESSION_STATUS
{
  "hasValidSession": true,
  "teamId": "T9F21EKE2"
}
[05/06/18, 15:15:11:838] info: Store: SAVE_WINDOW_SETTINGS
{
  "isMaximized": false,
  "position": [
    0,
    58
  ],
  "size": [
    1440,
    842
  ]
}
[05/06/18, 15:15:11:950] info: Store: SET_FULL_SCREEN
[05/06/18, 15:15:11:953] info: Store: SET_FULL_SCREEN
[05/06/18, 15:15:12:347] info: Store: SET_FULL_SCREEN
[05/06/18, 15:15:12:348] info: Store: SET_FULL_SCREEN
[05/06/18, 15:15:12:476] info: Store: SELECT_CHANNEL D9ED2JVNY
[05/06/18, 15:15:12:480] info: Store: UPDATE_TEAM_LOCALE
{
  "locale": "en-US",
  "teamId": "T9F21EKE2"
}
[05/06/18, 15:15:12:484] info: Store: UPDATE_SETTINGS
{
  "locale": "en-US"
}
[05/06/18, 15:15:12:506] info: Store: UPDATE_TEAM_THEME
{
  "teamId": "T9F21EKE2",
  "theme": {
    "active_item": "#2D9EE0",
    "active_item_text": "#FFFFFF",
    "active_presence": "#60D156",
    "badge": "#DC5960",
    "column_bg": "#F8F8FA",
    "hover_item": "#FFFFFF",
    "menu_bg": "#F8F8FA",
    "text_color": "#383F45"
  }
}
[05/06/18, 15:15:12:812] info: Store: UPDATE_TEAM_LOCALE
{
  "locale": "en-US",
  "teamId": "T9F21EKE2"
}
[05/06/18, 15:15:12:826] info: Store: UPSERT_WEB_CONTENTS
{
  "id": 3,
  "state": "webapp-loaded",
  "teamId": "T9F21EKE2"
}
[05/06/18, 15:15:12:831] info: Store: SET_FULL_SCREEN
[05/06/18, 15:15:12:832] info: Store: SET_FULL_SCREEN
[05/06/18, 15:15:13:835] info: Store: SET_FULL_SCREEN
[05/06/18, 15:15:13:835] info: Store: SET_FULL_SCREEN
[05/06/18, 15:15:14:382] info: Store: SET_FULL_SCREEN
[05/06/18, 15:16:18:866] info: Store: SET_FULL_SCREEN
[05/06/18, 15:16:18:866] info: Store: SET_FULL_SCREEN
[05/06/18, 15:17:33:977] info: Store: SET_FULL_SCREEN
[05/06/18, 15:17:33:991] info: Store: SET_FULL_SCREEN
[05/06/18, 15:17:50:999] info: Store: SET_FULL_SCREEN
[05/06/18, 15:17:50:999] info: Store: SET_FULL_SCREEN
[05/06/18, 15:17:56:179] info: Store: SET_FULL_SCREEN
[05/06/18, 15:17:56:185] info: Store: SET_FULL_SCREEN
[05/06/18, 15:18:19:415] info: Store: SET_FULL_SCREEN
[05/06/18, 15:18:19:415] info: Store: SET_FULL_SCREEN
[05/06/18, 15:18:32:724] info: Store: NEW_NOTIFICATION
{
  "avatarImage": "https://ca.slack-edge.com/T9F21EKE2-U9FF94095-g154b7532efc-512",
  "channel": "D9ED2JVNY",
  "content": "[REDACTED]",
  "id": "N9pOcNhRA86mGxq",
  "imageUri": null,
  "launchUri": "slack://channel?id=D9ED2JVNY&message=1525583912.000032&team=T9F21EKE2",
  "msg": "1525583912.000032",
  "silent": true,
  "subtitle": "",
  "teamId": "T9F21EKE2",
  "title": "[REDACTED]"
}
[05/06/18, 15:18:39:619] info: Store: SET_FULL_SCREEN
[05/06/18, 15:18:39:627] info: Store: SET_FULL_SCREEN
[05/06/18, 15:18:40:322] info: Store: SET_FULL_SCREEN
[05/06/18, 15:18:40:324] info: Store: SET_FULL_SCREEN
[05/06/18, 15:19:03:731] info: Store: NEW_NOTIFICATION
{
  "avatarImage": "https://ca.slack-edge.com/T9F21EKE2-U9FF94095-g154b7532efc-512",
  "channel": "D9ED2JVNY",
  "content": "[REDACTED]",
  "id": "N9pOcZiRA864jPX",
  "imageUri": null,
  "launchUri": "slack://channel?id=D9ED2JVNY&message=1525583943.000025&team=T9F21EKE2",
  "msg": "1525583943.000025",
  "silent": true,
  "subtitle": "",
  "teamId": "T9F21EKE2",
  "title": "[REDACTED]"
}
[05/06/18, 15:19:09:547] info: Store: NEW_NOTIFICATION
{
  "avatarImage": "https://ca.slack-edge.com/T9F21EKE2-U9FF94095-g154b7532efc-512",
  "channel": "D9ED2JVNY",
  "content": "[REDACTED]",
  "id": "RowlcnsOwW8NoL8",
  "imageUri": null,
  "launchUri": "slack://channel?id=D9ED2JVNY&message=1525583949.000014&team=T9F21EKE2",
  "msg": "1525583949.000014",
  "silent": true,
  "subtitle": "",
  "teamId": "T9F21EKE2",
  "title": "[REDACTED]"
}
[05/06/18, 15:19:40:047] info: Store: SET_FULL_SCREEN
[05/06/18, 15:19:40:050] info: Store: SET_FULL_SCREEN
[05/06/18, 15:19:41:136] info: Store: SET_FULL_SCREEN
[05/06/18, 15:19:41:136] info: Store: SET_FULL_SCREEN
[05/06/18, 15:20:57:966] info: Store: SET_FULL_SCREEN
[05/06/18, 15:20:57:973] info: Store: SET_FULL_SCREEN
[05/06/18, 15:21:02:227] info: Store: SET_FULL_SCREEN
[05/06/18, 15:21:08:242] info: Store: MAIN_WINDOW_FOCUSED
[05/06/18, 15:21:08:250] info: Store: SET_FULL_SCREEN
[05/06/18, 15:21:18:289] info: Store: SET_FULL_SCREEN
[05/06/18, 15:21:18:292] info: Store: SET_FULL_SCREEN
[05/06/18, 15:21:37:179] info: Store: SET_FULL_SCREEN
[05/06/18, 15:21:37:196] info: Store: SET_FULL_SCREEN
[05/06/18, 15:22:05:942] info: Store: SET_FULL_SCREEN
[05/06/18, 15:22:05:943] info: Store: SET_FULL_SCREEN
