[05/01/18, 08:35:01:723] info: ╔═════════════════════════════════════════════════════════════════════════════════╗
[05/01/18, 08:35:01:724] info: ║      Slack 3.1.1, linux 4.13.0-38-generic on x64 at 05/01/18, 08:35:01:719      ║
[05/01/18, 08:35:01:724] info: ╚═════════════════════════════════════════════════════════════════════════════════╝
[05/01/18, 08:35:01:835] info: Initializing local storage instance at path: /home/bella/.config/Slack/local-settings.json
[05/01/18, 08:35:02:356] info: cld3::loadModule: loading cld3 module
[05/01/18, 08:35:02:385] info: cld3Loader::loadModule: running environment is NODE
[05/01/18, 08:35:02:386] info: cld3Loader::loadModule: constructed module object for runtime
[05/01/18, 08:35:02:582] info: cld3Loader::initializeRuntime: successfully initialized module
[05/01/18, 08:35:02:582] info: cld3Loader::loadModule: initialized wasm binary Runtime
[05/01/18, 08:35:02:587] warn: updateSpellcheckerLanguage: Tried to update language, but spellchecker not initialized
[05/01/18, 08:35:02:588] info: SSBIntegration: Main window preload script loaded 1245.744936
[05/01/18, 08:35:06:810] info: Store: SELECT_CHANNEL D9ED2JVNY
[05/01/18, 08:35:06:814] info: Store: UPDATE_TEAM_LOCALE
{
  "locale": "en-US"
}
[05/01/18, 08:35:06:815] info: Store: UPDATE_SETTINGS
{
  "locale": "en-US"
}
[05/01/18, 08:35:06:822] info: Store: UPSERT_WEB_CONTENTS
{
  "id": 3,
  "state": "loaded",
  "teamId": "T9F21EKE2"
}
[05/01/18, 08:35:06:853] info: Store: MAIN_WINDOW_SHOWN
[05/01/18, 08:35:06:954] info: Store: SET_FULL_SCREEN
[05/01/18, 08:35:06:954] info: Store: SET_FULL_SCREEN
[05/01/18, 08:35:06:954] info: Store: SET_FULL_SCREEN
[05/01/18, 08:35:07:332] info: postLoadTaskSetup: Desktop client fully loaded
{
  "loadedTime": 11020.154559
}
[05/01/18, 08:35:07:386] info: Store: UPDATE_TEAM_THEME
{
  "teamId": "T9F21EKE2",
  "theme": {
    "active_item": "#2D9EE0",
    "active_item_text": "#FFFFFF",
    "active_presence": "#60D156",
    "badge": "#DC5960",
    "column_bg": "#F8F8FA",
    "hover_item": "#FFFFFF",
    "menu_bg": "#F8F8FA",
    "text_color": "#383F45"
  }
}
[05/01/18, 08:35:07:487] info: Store: UPDATE_SESSION_STATUS
{
  "hasValidSession": true,
  "teamId": "T9F21EKE2"
}
[05/01/18, 08:35:07:493] info: Store: UPDATE_TEAM_LOCALE
{
  "locale": "en-US",
  "teamId": "T9F21EKE2"
}
[05/01/18, 08:35:07:494] info: Store: UPSERT_WEB_CONTENTS
{
  "id": 3,
  "state": "webapp-loaded",
  "teamId": "T9F21EKE2"
}
[05/01/18, 08:35:07:591] info: Store: SAVE_WINDOW_SETTINGS
{
  "isMaximized": true,
  "position": [
    208,
    81
  ],
  "size": [
    1024,
    768
  ]
}
[05/01/18, 08:35:08:188] info: Raw Locale list: ["bg_BG.utf8","C","ca_AD.utf8","ca_ES.utf8","ca_ES.utf8@valencia","ca_FR.utf8","ca_IT.utf8","cs_CZ.utf8","C.UTF-8","da_DK.utf8","de_AT.utf8","de_BE.utf8","de_CH.utf8","de_DE.utf8","de_LI.utf8","de_LU.utf8","en_AG","en_AG.utf8","en_AU.utf8","en_BW.utf8","en_CA.utf8","en_DK.utf8","en_GB.utf8","en_HK.utf8","en_IE.utf8","en_IN","en_IN.utf8","en_NG","en_NG.utf8","en_NZ.utf8","en_PH.utf8","en_SG.utf8","en_US.utf8","en_ZA.utf8","en_ZM","en_ZM.utf8","en_ZW.utf8","es_AR.utf8","es_BO.utf8","es_CL.utf8","es_CO.utf8","es_CR.utf8","es_CU","es_CU.utf8","es_DO.utf8","es_EC.utf8","es_ES.utf8","es_GT.utf8","es_HN.utf8","es_MX.utf8","es_NI.utf8","es_PA.utf8","es_PE.utf8","es_PR.utf8","es_PY.utf8","es_SV.utf8","es_US.utf8","es_UY.utf8","es_VE.utf8","fr_BE.utf8","fr_CA.utf8","fr_CH.utf8","fr_FR.utf8","fr_LU.utf8","hu_HU.utf8","id_ID.utf8","it_CH.utf8","it_IT.utf8","ja_JP.utf8","ko_KR.utf8","nb_NO.utf8","nl_AW","nl_AW.utf8","nl_BE.utf8","nl_NL.utf8","pl_PL.utf8","POSIX","pt_BR.utf8","pt_PT.utf8","ru_RU.utf8","ru_UA.utf8","sv_FI.utf8","sv_SE.utf8","th_TH.utf8","tr_CY.utf8","tr_TR.utf8","uk_UA.utf8","vi_VN","vi_VN.utf8","zh_CN.utf8","zh_HK.utf8","zh_SG.utf8","zh_TW.utf8",""]
[05/01/18, 08:35:08:189] info: Filtered Locale list: ["bg_BG","ca_AD","ca_ES","ca_ES","ca_FR","ca_IT","cs_CZ","da_DK","de_AT","de_BE","de_CH","de_DE","de_LI","de_LU","en_AG","en_AG","en_AU","en_BW","en_CA","en_DK","en_GB","en_HK","en_IE","en_IN","en_IN","en_NG","en_NG","en_NZ","en_PH","en_SG","en_US","en_ZA","en_ZM","en_ZM","en_ZW","es_AR","es_BO","es_CL","es_CO","es_CR","es_CU","es_CU","es_DO","es_EC","es_ES","es_GT","es_HN","es_MX","es_NI","es_PA","es_PE","es_PR","es_PY","es_SV","es_US","es_UY","es_VE","fr_BE","fr_CA","fr_CH","fr_FR","fr_LU","hu_HU","id_ID","it_CH","it_IT","ja_JP","ko_KR","nb_NO","nl_AW","nl_AW","nl_BE","nl_NL","pl_PL","pt_BR","pt_PT","ru_RU","ru_UA","sv_FI","sv_SE","th_TH","tr_CY","tr_TR","uk_UA","vi_VN","vi_VN","zh_CN","zh_HK","zh_SG","zh_TW"]
[05/01/18, 08:35:08:189] info: Counts: {"bg":["bg_BG"],"ca":["ca_AD","ca_ES","ca_ES","ca_FR","ca_IT"],"cs":["cs_CZ"],"da":["da_DK"],"de":["de_AT","de_BE","de_CH","de_DE","de_LI","de_LU"],"en":["en_AG","en_AG","en_AU","en_BW","en_CA","en_DK","en_GB","en_HK","en_IE","en_IN","en_IN","en_NG","en_NG","en_NZ","en_PH","en_SG","en_US","en_ZA","en_ZM","en_ZM","en_ZW"],"es":["es_AR","es_BO","es_CL","es_CO","es_CR","es_CU","es_CU","es_DO","es_EC","es_ES","es_GT","es_HN","es_MX","es_NI","es_PA","es_PE","es_PR","es_PY","es_SV","es_US","es_UY","es_VE"],"fr":["fr_BE","fr_CA","fr_CH","fr_FR","fr_LU"],"hu":["hu_HU"],"id":["id_ID"],"it":["it_CH","it_IT"],"ja":["ja_JP"],"ko":["ko_KR"],"nb":["nb_NO"],"nl":["nl_AW","nl_AW","nl_BE","nl_NL"],"pl":["pl_PL"],"pt":["pt_BR","pt_PT"],"ru":["ru_RU","ru_UA"],"sv":["sv_FI","sv_SE"],"th":["th_TH"],"tr":["tr_CY","tr_TR"],"uk":["uk_UA"],"vi":["vi_VN","vi_VN"],"zh":["zh_CN","zh_HK","zh_SG","zh_TW"]}
[05/01/18, 08:35:08:190] info: Setting bg
[05/01/18, 08:35:08:191] info: Setting cs
[05/01/18, 08:35:08:191] info: Setting da
[05/01/18, 08:35:08:191] info: Setting hu
[05/01/18, 08:35:08:191] info: Setting id
[05/01/18, 08:35:08:191] info: Setting ja
[05/01/18, 08:35:08:191] info: Setting ko
[05/01/18, 08:35:08:191] info: Setting nb
[05/01/18, 08:35:08:191] info: Setting pl
[05/01/18, 08:35:08:191] info: Setting th
[05/01/18, 08:35:08:192] info: Setting uk
[05/01/18, 08:35:08:192] info: Result: {"bg":"bg-BG","cs":"cs-CZ","da":"da-DK","hu":"hu-HU","id":"id-ID","ja":"ja-JP","ko":"ko-KR","nb":"nb-NO","pl":"pl-PL","th":"th-TH","uk":"uk-UA","en":"en-US"}
[05/01/18, 08:35:08:194] info: Requesting to load en-US, alternatives are ["en-US","en-US","en-US"]
[05/01/18, 08:35:08:195] info: Loading dictionary for language en-US
[05/01/18, 08:35:08:196] info: Returning local copy: /home/bella/.config/Slack/dictionaries/en-US.bdic
[05/01/18, 08:35:08:203] info: Setting current spellchecker to en-US, requested language was en-US
[05/01/18, 08:35:08:203] info: Creating node-spellchecker instance
[05/01/18, 08:35:08:207] info: Actually installing spell check provider to Electron
[05/01/18, 08:35:08:217] info: Loading dictionary for language en-US
[05/01/18, 08:35:08:218] info: Returning local copy: /home/bella/.config/Slack/dictionaries/en-US.bdic
[05/01/18, 08:35:08:219] info: Setting current spellchecker to en-US, requested language was en-US
[05/01/18, 08:35:10:751] info: Store: SELECT_CHANNEL C9P070QNL
[05/01/18, 08:35:13:237] info: Store: SELECT_CHANNEL C9E929VPV
[05/01/18, 08:35:14:609] info: Store: SELECT_CHANNEL C9P070QNL
[05/01/18, 08:35:16:103] info: Store: SELECT_CHANNEL C9E929VPV
[05/01/18, 08:35:16:691] info: Couldn't get hint text from messages in channel: Failed to fetch recent messages
[05/01/18, 08:35:17:061] info: Store: SELECT_CHANNEL C9F21EML6
[05/01/18, 08:35:18:167] info: Store: SELECT_CHANNEL C9P070QNL
[05/01/18, 08:35:19:216] info: Couldn't get hint text from messages in channel: Failed to fetch recent messages
[05/01/18, 08:35:20:587] info: Couldn't get hint text from messages in channel: Failed to fetch recent messages
[05/01/18, 08:35:21:684] info: Store: SELECT_CHANNEL C9F21EML6
[05/01/18, 08:35:21:986] info: Couldn't get hint text from messages in channel: Failed to fetch recent messages
[05/01/18, 08:35:22:052] info: Loading dictionary for language en-US
[05/01/18, 08:35:22:052] info: Returning local copy: /home/bella/.config/Slack/dictionaries/en-US.bdic
[05/01/18, 08:35:22:053] info: Setting current spellchecker to en-US, requested language was en-US
[05/01/18, 08:35:22:084] info: Loading dictionary for language en-US
[05/01/18, 08:35:22:084] info: Returning local copy: /home/bella/.config/Slack/dictionaries/en-US.bdic
[05/01/18, 08:35:22:085] info: Setting current spellchecker to en-US, requested language was en-US
[05/01/18, 08:35:23:210] info: Couldn't get hint text from messages in channel: Failed to fetch recent messages
[05/01/18, 08:35:30:924] info: Unloading spellchecker
[05/01/18, 08:35:30:927] info: Unloading spellchecker
[05/01/18, 08:35:30:928] info: Store: SET_FULL_SCREEN
[05/01/18, 08:39:14:285] info: Store: SET_FULL_SCREEN
[05/01/18, 08:39:14:851] info: Store: SET_FULL_SCREEN
[05/01/18, 08:40:58:083] info: Store: SET_FULL_SCREEN
[05/01/18, 08:41:31:705] info: Store: SET_FULL_SCREEN
[05/01/18, 08:42:13:291] info: Store: SET_FULL_SCREEN
[05/01/18, 08:42:27:689] info: Store: SET_FULL_SCREEN
[05/01/18, 08:42:46:437] info: Store: SET_FULL_SCREEN
[05/01/18, 08:43:47:109] info: Store: SET_FULL_SCREEN
[05/01/18, 08:45:41:784] info: Store: SET_FULL_SCREEN
[05/01/18, 08:48:01:388] info: Store: SET_FULL_SCREEN
[05/01/18, 08:49:20:628] info: Store: SET_FULL_SCREEN
[05/01/18, 08:49:37:342] info: Store: SET_FULL_SCREEN
[05/01/18, 08:49:55:630] info: Store: SET_FULL_SCREEN
[05/01/18, 08:49:58:277] info: Store: SET_FULL_SCREEN
[05/01/18, 08:51:30:851] info: Store: SET_FULL_SCREEN
[05/01/18, 08:51:37:771] info: Store: SET_FULL_SCREEN
[05/01/18, 08:51:38:469] info: Store: SET_FULL_SCREEN
[05/01/18, 08:51:40:105] info: Store: SET_FULL_SCREEN
[05/01/18, 08:51:43:364] info: Store: SET_FULL_SCREEN
[05/01/18, 08:51:43:902] info: Store: SET_FULL_SCREEN
[05/01/18, 08:51:44:374] info: Store: SET_FULL_SCREEN
[05/01/18, 08:52:05:885] info: Store: SET_FULL_SCREEN
[05/01/18, 08:52:10:870] info: Store: SET_FULL_SCREEN
[05/01/18, 08:52:29:371] info: Store: SET_FULL_SCREEN
[05/01/18, 08:52:38:909] info: Store: SET_FULL_SCREEN
[05/01/18, 08:53:05:834] info: Store: SET_FULL_SCREEN
[05/01/18, 08:53:07:469] info: Store: SET_FULL_SCREEN
[05/01/18, 08:55:29:638] info: Store: SET_FULL_SCREEN
[05/01/18, 08:55:41:548] info: Store: SET_FULL_SCREEN
[05/01/18, 08:56:07:545] info: Store: SET_FULL_SCREEN
[05/01/18, 08:56:20:962] info: Store: SET_FULL_SCREEN
[05/01/18, 08:56:47:479] info: Store: SET_FULL_SCREEN
[05/01/18, 08:56:50:491] info: Store: SET_FULL_SCREEN
[05/01/18, 08:57:00:430] info: Store: SET_FULL_SCREEN
[05/01/18, 08:57:11:682] info: Store: SET_FULL_SCREEN
[05/01/18, 08:57:30:000] info: Store: SET_FULL_SCREEN
[05/01/18, 08:58:01:149] info: Store: SET_FULL_SCREEN
[05/01/18, 08:58:03:246] info: Store: SET_FULL_SCREEN
[05/01/18, 08:58:11:716] info: Store: SET_FULL_SCREEN
[05/01/18, 08:58:35:549] info: Store: SET_FULL_SCREEN
[05/01/18, 08:59:06:970] info: Store: SET_FULL_SCREEN
[05/01/18, 08:59:28:097] info: Store: SET_FULL_SCREEN
[05/01/18, 08:59:41:621] info: Store: SET_FULL_SCREEN
[05/01/18, 08:59:45:041] info: Store: SET_FULL_SCREEN
[05/01/18, 09:00:01:130] warn: Unable to read quiet hours setting: windows-quiet-hours works only on Windows
[05/01/18, 09:00:01:130] warn: Unable to read quiet hours setting: windows-quiet-hours works only on Windows
[05/01/18, 09:00:01:145] info: Store: NEW_NOTIFICATION
{
  "avatarImage": null,
  "channel": "C9P070QNL",
  "content": "[REDACTED]",
  "id": "pz8lczhGl7Loor1",
  "imageUri": null,
  "launchUri": "slack://channel?id=C9P070QNL&message=1525129200.000428&team=T9F21EKE2",
  "msg": "1525129200.000428",
  "silent": true,
  "subtitle": "",
  "teamId": "T9F21EKE2",
  "title": "[REDACTED]"
}
[05/01/18, 09:00:07:493] info: Store: SET_FULL_SCREEN
[05/01/18, 09:00:08:002] info: Store: SET_FULL_SCREEN
[05/01/18, 09:00:09:352] info: Store: SET_FULL_SCREEN
[05/01/18, 09:00:44:014] info: Store: SET_FULL_SCREEN
[05/01/18, 09:00:51:796] info: Store: SET_FULL_SCREEN
[05/01/18, 09:01:00:217] info: Store: SET_FULL_SCREEN
[05/01/18, 09:01:05:906] info: Store: SET_FULL_SCREEN
[05/01/18, 09:04:17:016] info: Store: SET_FULL_SCREEN
[05/01/18, 09:04:21:990] info: Store: SET_FULL_SCREEN
[05/01/18, 09:04:22:769] info: Store: SET_FULL_SCREEN
[05/01/18, 09:04:25:915] info: Store: SET_FULL_SCREEN
[05/01/18, 09:15:56:776] info: Store: SET_FULL_SCREEN
[05/01/18, 09:15:58:156] info: Store: SET_FULL_SCREEN
[05/01/18, 09:30:30:368] info: Store: SET_FULL_SCREEN
[05/01/18, 09:30:52:278] info: Store: SET_FULL_SCREEN
[05/01/18, 09:47:12:342] info: Store: SET_FULL_SCREEN
[05/01/18, 09:47:29:537] info: Store: SET_FULL_SCREEN
[05/01/18, 10:04:55:959] info: Store: SET_FULL_SCREEN
[05/01/18, 10:04:57:421] info: Store: SET_FULL_SCREEN
[05/01/18, 11:24:17:965] error: May-1 11:24:17.964 T9F21EKE2 SOCKET-MANAGER: Closing socket because #4108: unexpected socket closure
[05/01/18, 11:24:20:544] info: Store: UPDATE_TEAM_LOCALE
{
  "locale": "en-US",
  "teamId": "T9F21EKE2"
}
[05/01/18, 11:34:44:458] info: Store: SET_FULL_SCREEN
[05/01/18, 11:34:45:636] info: Store: SET_FULL_SCREEN
[05/01/18, 11:34:50:004] info: Store: SET_FULL_SCREEN
[05/01/18, 11:34:50:367] info: Store: SET_FULL_SCREEN
[05/01/18, 11:46:06:454] info: Store: SET_FULL_SCREEN
[05/01/18, 11:46:07:212] info: Store: SET_FULL_SCREEN
[05/01/18, 12:01:12:922] info: Store: SET_FULL_SCREEN
[05/01/18, 12:01:13:336] info: Store: SET_FULL_SCREEN
[05/01/18, 12:07:30:020] info: Store: SET_FULL_SCREEN
[05/01/18, 12:07:30:569] info: Store: SET_FULL_SCREEN
[05/01/18, 13:34:02:380] info: Store: SET_FULL_SCREEN
[05/01/18, 13:34:02:929] info: Store: SET_FULL_SCREEN
[05/01/18, 13:52:08:113] error: May-1 13:52:08.113 T9F21EKE2 SOCKET-MANAGER: Closing socket because #4108: unexpected socket closure
[05/01/18, 13:52:11:079] info: Store: UPDATE_TEAM_LOCALE
{
  "locale": "en-US",
  "teamId": "T9F21EKE2"
}
[05/01/18, 14:03:31:079] info: Store: SET_FULL_SCREEN
[05/01/18, 14:03:31:676] info: Store: SET_FULL_SCREEN
[05/01/18, 17:40:19:533] error: May-1 17:40:19.533 T9F21EKE2 SOCKET-MANAGER: Closing socket because #4108: unexpected socket closure
[05/01/18, 17:40:22:409] info: Store: UPDATE_TEAM_LOCALE
{
  "locale": "en-US",
  "teamId": "T9F21EKE2"
}
[05/01/18, 18:00:51:828] warn: Unable to read quiet hours setting: windows-quiet-hours works only on Windows
[05/01/18, 18:00:51:828] warn: Unable to read quiet hours setting: windows-quiet-hours works only on Windows
[05/01/18, 18:00:51:831] info: Store: NEW_NOTIFICATION
{
  "avatarImage": "https://ca.slack-edge.com/T9F21EKE2-U9FF94095-g154b7532efc-512",
  "channel": "C9F21EML6",
  "content": "[REDACTED]",
  "id": "ko8NCki91N94Wlr",
  "imageUri": null,
  "launchUri": "slack://channel?id=C9F21EML6&message=1525161651.000158&team=T9F21EKE2",
  "msg": "1525161651.000158",
  "silent": true,
  "subtitle": "",
  "teamId": "T9F21EKE2",
  "title": "[REDACTED]"
}
[05/01/18, 18:01:10:060] warn: Unable to read quiet hours setting: windows-quiet-hours works only on Windows
[05/01/18, 18:01:10:061] warn: Unable to read quiet hours setting: windows-quiet-hours works only on Windows
[05/01/18, 18:01:10:064] info: Store: NEW_NOTIFICATION
{
  "avatarImage": "https://ca.slack-edge.com/T9F21EKE2-U9FF94095-g154b7532efc-512",
  "channel": "C9F21EML6",
  "content": "[REDACTED]",
  "id": "39QPS7sDVEDP03J",
  "imageUri": null,
  "launchUri": "slack://channel?id=C9F21EML6&message=1525161669.000224&team=T9F21EKE2",
  "msg": "1525161669.000224",
  "silent": true,
  "subtitle": "",
  "teamId": "T9F21EKE2",
  "title": "[REDACTED]"
}
[05/01/18, 18:10:08:651] warn: Unable to read quiet hours setting: windows-quiet-hours works only on Windows
[05/01/18, 18:10:08:651] warn: Unable to read quiet hours setting: windows-quiet-hours works only on Windows
[05/01/18, 18:10:08:654] info: Store: NEW_NOTIFICATION
{
  "avatarImage": "https://ca.slack-edge.com/T9F21EKE2-U9FF94095-g154b7532efc-512",
  "channel": "D9ED2JVNY",
  "content": "[REDACTED]",
  "id": "q27mF7tELvE3MZg",
  "imageUri": null,
  "launchUri": "slack://channel?id=D9ED2JVNY&message=1525162208.000144&team=T9F21EKE2",
  "msg": "1525162208.000144",
  "silent": true,
  "subtitle": "",
  "teamId": "T9F21EKE2",
  "title": "[REDACTED]"
}
[05/01/18, 18:10:17:684] info: Restoring spellchecker
[05/01/18, 18:10:17:686] info: Loading dictionary for language en-US
[05/01/18, 18:10:17:688] info: Returning local copy: /home/bella/.config/Slack/dictionaries/en-US.bdic
[05/01/18, 18:10:17:697] info: Store: SET_FULL_SCREEN
[05/01/18, 18:10:17:784] info: Setting current spellchecker to en-US, requested language was en-US
[05/01/18, 18:10:17:784] info: Creating node-spellchecker instance
[05/01/18, 18:10:18:666] info: Store: SAVE_WINDOW_SETTINGS
{
  "isMaximized": false,
  "position": [
    0,
    30
  ],
  "size": [
    1440,
    842
  ]
}
[05/01/18, 20:42:20:337] error: May-1 20:42:20.337 T9F21EKE2 SOCKET-MANAGER: Closing socket because #4108: unexpected socket closure
[05/01/18, 20:42:23:695] error: May-1 20:42:23.695 T9F21EKE2 SOCKET-MANAGER: Closing socket because #4106: received an "error" message from socket
[05/01/18, 20:42:25:058] info: Store: UPDATE_TEAM_LOCALE
{
  "locale": "en-US",
  "teamId": "T9F21EKE2"
}
[05/01/18, 21:02:40:584] error: May-1 21:02:40.584 T9F21EKE2 SOCKET-MANAGER: Closing socket because #4108: unexpected socket closure
[05/01/18, 21:02:42:907] info: Store: UPDATE_TEAM_LOCALE
{
  "locale": "en-US",
  "teamId": "T9F21EKE2"
}
