[05/06/18, 15:15:08:291] info: ╔═════════════════════════════════════════════════════════════════════════════════╗
[05/06/18, 15:15:08:292] info: ║      Slack 3.1.1, linux 4.13.0-38-generic on x64 at 05/06/18, 15:15:08:289      ║
[05/06/18, 15:15:08:292] info: ╚═════════════════════════════════════════════════════════════════════════════════╝
[05/06/18, 15:15:08:364] info: Initializing local storage instance at path: /home/bella/.config/Slack/local-settings.json
[05/06/18, 15:15:08:677] info: cld3::loadModule: loading cld3 module
[05/06/18, 15:15:08:696] info: cld3Loader::loadModule: running environment is NODE
[05/06/18, 15:15:08:696] info: cld3Loader::loadModule: constructed module object for runtime
[05/06/18, 15:15:08:821] info: cld3Loader::initializeRuntime: successfully initialized module
[05/06/18, 15:15:08:822] info: cld3Loader::loadModule: initialized wasm binary Runtime
[05/06/18, 15:15:08:825] warn: updateSpellcheckerLanguage: Tried to update language, but spellchecker not initialized
[05/06/18, 15:15:08:826] info: SSBIntegration: Main window preload script loaded 789.145649
[05/06/18, 15:15:10:827] info: Store: UPSERT_WEB_CONTENTS
{
  "id": 3,
  "state": "loaded",
  "teamId": "T9F21EKE2"
}
[05/06/18, 15:15:10:830] info: Store: MAIN_WINDOW_SHOWN
[05/06/18, 15:15:10:839] info: Store: SET_FULL_SCREEN
[05/06/18, 15:15:10:840] info: Store: SET_FULL_SCREEN
[05/06/18, 15:15:10:847] info: Store: SET_FULL_SCREEN
[05/06/18, 15:15:11:243] info: Store: UPDATE_SESSION_STATUS
{
  "hasValidSession": true,
  "teamId": "T9F21EKE2"
}
[05/06/18, 15:15:11:837] info: Store: SAVE_WINDOW_SETTINGS
{
  "isMaximized": false,
  "position": [
    0,
    58
  ],
  "size": [
    1440,
    842
  ]
}
[05/06/18, 15:15:11:951] info: Store: SET_FULL_SCREEN
[05/06/18, 15:15:11:953] info: Store: SET_FULL_SCREEN
[05/06/18, 15:15:12:813] info: postLoadTaskSetup: Desktop client fully loaded
{
  "loadedTime": 9980.728582
}
[05/06/18, 15:15:13:212] info: Store: SET_FULL_SCREEN
[05/06/18, 15:15:13:213] info: Store: SET_FULL_SCREEN
[05/06/18, 15:15:13:215] info: Store: SELECT_CHANNEL D9ED2JVNY
[05/06/18, 15:15:13:215] info: Store: UPDATE_TEAM_LOCALE
{
  "locale": "en-US",
  "teamId": "T9F21EKE2"
}
[05/06/18, 15:15:13:216] info: Store: UPDATE_SETTINGS
{
  "locale": "en-US"
}
[05/06/18, 15:15:13:217] info: Store: UPDATE_TEAM_THEME
{
  "teamId": "T9F21EKE2",
  "theme": {
    "active_item": "#2D9EE0",
    "active_item_text": "#FFFFFF",
    "active_presence": "#60D156",
    "badge": "#DC5960",
    "column_bg": "#F8F8FA",
    "hover_item": "#FFFFFF",
    "menu_bg": "#F8F8FA",
    "text_color": "#383F45"
  }
}
[05/06/18, 15:15:13:227] info: Store: UPDATE_TEAM_LOCALE
{
  "locale": "en-US",
  "teamId": "T9F21EKE2"
}
[05/06/18, 15:15:13:229] info: Store: UPSERT_WEB_CONTENTS
{
  "id": 3,
  "state": "webapp-loaded",
  "teamId": "T9F21EKE2"
}
[05/06/18, 15:15:13:232] info: Store: SET_FULL_SCREEN
[05/06/18, 15:15:13:232] info: Store: SET_FULL_SCREEN
[05/06/18, 15:15:13:863] info: Store: SET_FULL_SCREEN
[05/06/18, 15:15:13:863] info: Store: SET_FULL_SCREEN
[05/06/18, 15:15:13:979] info: Raw Locale list: ["bg_BG.utf8","C","ca_AD.utf8","ca_ES.utf8","ca_ES.utf8@valencia","ca_FR.utf8","ca_IT.utf8","cs_CZ.utf8","C.UTF-8","da_DK.utf8","de_AT.utf8","de_BE.utf8","de_CH.utf8","de_DE.utf8","de_LI.utf8","de_LU.utf8","en_AG","en_AG.utf8","en_AU.utf8","en_BW.utf8","en_CA.utf8","en_DK.utf8","en_GB.utf8","en_HK.utf8","en_IE.utf8","en_IN","en_IN.utf8","en_NG","en_NG.utf8","en_NZ.utf8","en_PH.utf8","en_SG.utf8","en_US.utf8","en_ZA.utf8","en_ZM","en_ZM.utf8","en_ZW.utf8","es_AR.utf8","es_BO.utf8","es_CL.utf8","es_CO.utf8","es_CR.utf8","es_CU","es_CU.utf8","es_DO.utf8","es_EC.utf8","es_ES.utf8","es_GT.utf8","es_HN.utf8","es_MX.utf8","es_NI.utf8","es_PA.utf8","es_PE.utf8","es_PR.utf8","es_PY.utf8","es_SV.utf8","es_US.utf8","es_UY.utf8","es_VE.utf8","fr_BE.utf8","fr_CA.utf8","fr_CH.utf8","fr_FR.utf8","fr_LU.utf8","hu_HU.utf8","id_ID.utf8","it_CH.utf8","it_IT.utf8","ja_JP.utf8","ko_KR.utf8","nb_NO.utf8","nl_AW","nl_AW.utf8","nl_BE.utf8","nl_NL.utf8","pl_PL.utf8","POSIX","pt_BR.utf8","pt_PT.utf8","ru_RU.utf8","ru_UA.utf8","sv_FI.utf8","sv_SE.utf8","th_TH.utf8","tr_CY.utf8","tr_TR.utf8","uk_UA.utf8","vi_VN","vi_VN.utf8","zh_CN.utf8","zh_HK.utf8","zh_SG.utf8","zh_TW.utf8",""]
[05/06/18, 15:15:13:979] info: Filtered Locale list: ["bg_BG","ca_AD","ca_ES","ca_ES","ca_FR","ca_IT","cs_CZ","da_DK","de_AT","de_BE","de_CH","de_DE","de_LI","de_LU","en_AG","en_AG","en_AU","en_BW","en_CA","en_DK","en_GB","en_HK","en_IE","en_IN","en_IN","en_NG","en_NG","en_NZ","en_PH","en_SG","en_US","en_ZA","en_ZM","en_ZM","en_ZW","es_AR","es_BO","es_CL","es_CO","es_CR","es_CU","es_CU","es_DO","es_EC","es_ES","es_GT","es_HN","es_MX","es_NI","es_PA","es_PE","es_PR","es_PY","es_SV","es_US","es_UY","es_VE","fr_BE","fr_CA","fr_CH","fr_FR","fr_LU","hu_HU","id_ID","it_CH","it_IT","ja_JP","ko_KR","nb_NO","nl_AW","nl_AW","nl_BE","nl_NL","pl_PL","pt_BR","pt_PT","ru_RU","ru_UA","sv_FI","sv_SE","th_TH","tr_CY","tr_TR","uk_UA","vi_VN","vi_VN","zh_CN","zh_HK","zh_SG","zh_TW"]
[05/06/18, 15:15:13:980] info: Counts: {"bg":["bg_BG"],"ca":["ca_AD","ca_ES","ca_ES","ca_FR","ca_IT"],"cs":["cs_CZ"],"da":["da_DK"],"de":["de_AT","de_BE","de_CH","de_DE","de_LI","de_LU"],"en":["en_AG","en_AG","en_AU","en_BW","en_CA","en_DK","en_GB","en_HK","en_IE","en_IN","en_IN","en_NG","en_NG","en_NZ","en_PH","en_SG","en_US","en_ZA","en_ZM","en_ZM","en_ZW"],"es":["es_AR","es_BO","es_CL","es_CO","es_CR","es_CU","es_CU","es_DO","es_EC","es_ES","es_GT","es_HN","es_MX","es_NI","es_PA","es_PE","es_PR","es_PY","es_SV","es_US","es_UY","es_VE"],"fr":["fr_BE","fr_CA","fr_CH","fr_FR","fr_LU"],"hu":["hu_HU"],"id":["id_ID"],"it":["it_CH","it_IT"],"ja":["ja_JP"],"ko":["ko_KR"],"nb":["nb_NO"],"nl":["nl_AW","nl_AW","nl_BE","nl_NL"],"pl":["pl_PL"],"pt":["pt_BR","pt_PT"],"ru":["ru_RU","ru_UA"],"sv":["sv_FI","sv_SE"],"th":["th_TH"],"tr":["tr_CY","tr_TR"],"uk":["uk_UA"],"vi":["vi_VN","vi_VN"],"zh":["zh_CN","zh_HK","zh_SG","zh_TW"]}
[05/06/18, 15:15:13:980] info: Setting bg
[05/06/18, 15:15:13:981] info: Setting cs
[05/06/18, 15:15:13:981] info: Setting da
[05/06/18, 15:15:13:981] info: Setting hu
[05/06/18, 15:15:13:981] info: Setting id
[05/06/18, 15:15:13:981] info: Setting ja
[05/06/18, 15:15:13:981] info: Setting ko
[05/06/18, 15:15:13:981] info: Setting nb
[05/06/18, 15:15:13:981] info: Setting pl
[05/06/18, 15:15:13:982] info: Setting th
[05/06/18, 15:15:13:982] info: Setting uk
[05/06/18, 15:15:13:982] info: Result: {"bg":"bg-BG","cs":"cs-CZ","da":"da-DK","hu":"hu-HU","id":"id-ID","ja":"ja-JP","ko":"ko-KR","nb":"nb-NO","pl":"pl-PL","th":"th-TH","uk":"uk-UA","en":"en-US"}
[05/06/18, 15:15:13:984] info: Requesting to load en-US, alternatives are ["en-US","en-US","en-US"]
[05/06/18, 15:15:13:984] info: Loading dictionary for language en-US
[05/06/18, 15:15:13:986] info: Returning local copy: /home/bella/.config/Slack/dictionaries/en-US.bdic
[05/06/18, 15:15:13:999] info: Setting current spellchecker to en-US, requested language was en-US
[05/06/18, 15:15:13:999] info: Creating node-spellchecker instance
[05/06/18, 15:15:14:000] info: Actually installing spell check provider to Electron
[05/06/18, 15:15:14:382] info: Store: SET_FULL_SCREEN
[05/06/18, 15:15:14:526] info: Loading dictionary for language en-US
[05/06/18, 15:15:14:526] info: Returning local copy: /home/bella/.config/Slack/dictionaries/en-US.bdic
[05/06/18, 15:15:14:528] info: Setting current spellchecker to en-US, requested language was en-US
[05/06/18, 15:16:18:866] info: Unloading spellchecker
[05/06/18, 15:16:18:868] info: Unloading spellchecker
[05/06/18, 15:16:18:869] info: Store: SET_FULL_SCREEN
[05/06/18, 15:16:18:869] info: Store: SET_FULL_SCREEN
[05/06/18, 15:17:33:996] info: Restoring spellchecker
[05/06/18, 15:17:33:996] info: Loading dictionary for language en-US
[05/06/18, 15:17:33:996] info: Returning local copy: /home/bella/.config/Slack/dictionaries/en-US.bdic
[05/06/18, 15:17:33:999] info: Store: SET_FULL_SCREEN
[05/06/18, 15:17:34:024] info: Store: SET_FULL_SCREEN
[05/06/18, 15:17:34:026] info: Setting current spellchecker to en-US, requested language was en-US
[05/06/18, 15:17:34:027] info: Creating node-spellchecker instance
[05/06/18, 15:17:46:494] info: SpellChecker::updateDetectedLanguage: language has changed from 'und' to 'en'
{
  "language": "en",
  "probability": 0.9999638199806213,
  "is_reliable": true,
  "proportion": 1
}
[05/06/18, 15:17:46:495] info: SpellChecker::updateDetectedLanguage: detected language is distinct to current, push values
[05/06/18, 15:17:50:998] info: Unloading spellchecker
[05/06/18, 15:17:50:999] info: Unloading spellchecker
[05/06/18, 15:17:51:015] info: Store: SET_FULL_SCREEN
[05/06/18, 15:17:51:016] info: Store: SET_FULL_SCREEN
[05/06/18, 15:17:56:199] info: Restoring spellchecker
[05/06/18, 15:17:56:200] info: Loading dictionary for language en-US
[05/06/18, 15:17:56:200] info: Returning local copy: /home/bella/.config/Slack/dictionaries/en-US.bdic
[05/06/18, 15:17:56:202] info: Store: SET_FULL_SCREEN
[05/06/18, 15:17:56:225] info: Store: SET_FULL_SCREEN
[05/06/18, 15:17:56:250] info: Setting current spellchecker to en-US, requested language was en-US
[05/06/18, 15:17:56:250] info: Creating node-spellchecker instance
[05/06/18, 15:18:19:410] info: Unloading spellchecker
[05/06/18, 15:18:19:412] info: Unloading spellchecker
[05/06/18, 15:18:19:425] info: Store: SET_FULL_SCREEN
[05/06/18, 15:18:19:426] info: Store: SET_FULL_SCREEN
[05/06/18, 15:18:32:716] warn: Unable to read quiet hours setting: windows-quiet-hours works only on Windows
[05/06/18, 15:18:32:718] warn: Unable to read quiet hours setting: windows-quiet-hours works only on Windows
[05/06/18, 15:18:32:750] info: Store: NEW_NOTIFICATION
{
  "avatarImage": "https://ca.slack-edge.com/T9F21EKE2-U9FF94095-g154b7532efc-512",
  "channel": "D9ED2JVNY",
  "content": "[REDACTED]",
  "id": "N9pOcNhRA86mGxq",
  "imageUri": null,
  "launchUri": "slack://channel?id=D9ED2JVNY&message=1525583912.000032&team=T9F21EKE2",
  "msg": "1525583912.000032",
  "silent": true,
  "subtitle": "",
  "teamId": "T9F21EKE2",
  "title": "[REDACTED]"
}
[05/06/18, 15:18:39:643] info: Restoring spellchecker
[05/06/18, 15:18:39:644] info: Loading dictionary for language en-US
[05/06/18, 15:18:39:644] info: Returning local copy: /home/bella/.config/Slack/dictionaries/en-US.bdic
[05/06/18, 15:18:39:645] info: Store: SET_FULL_SCREEN
[05/06/18, 15:18:39:665] info: Store: SET_FULL_SCREEN
[05/06/18, 15:18:39:700] info: Setting current spellchecker to en-US, requested language was en-US
[05/06/18, 15:18:39:700] info: Creating node-spellchecker instance
[05/06/18, 15:18:40:321] info: Unloading spellchecker
[05/06/18, 15:18:40:322] info: Unloading spellchecker
[05/06/18, 15:18:40:338] info: Store: SET_FULL_SCREEN
[05/06/18, 15:18:40:339] info: Store: SET_FULL_SCREEN
[05/06/18, 15:19:03:726] warn: Unable to read quiet hours setting: windows-quiet-hours works only on Windows
[05/06/18, 15:19:03:726] warn: Unable to read quiet hours setting: windows-quiet-hours works only on Windows
[05/06/18, 15:19:03:743] info: Store: NEW_NOTIFICATION
{
  "avatarImage": "https://ca.slack-edge.com/T9F21EKE2-U9FF94095-g154b7532efc-512",
  "channel": "D9ED2JVNY",
  "content": "[REDACTED]",
  "id": "N9pOcZiRA864jPX",
  "imageUri": null,
  "launchUri": "slack://channel?id=D9ED2JVNY&message=1525583943.000025&team=T9F21EKE2",
  "msg": "1525583943.000025",
  "silent": true,
  "subtitle": "",
  "teamId": "T9F21EKE2",
  "title": "[REDACTED]"
}
[05/06/18, 15:19:09:544] warn: Unable to read quiet hours setting: windows-quiet-hours works only on Windows
[05/06/18, 15:19:09:544] warn: Unable to read quiet hours setting: windows-quiet-hours works only on Windows
[05/06/18, 15:19:09:546] info: Store: NEW_NOTIFICATION
{
  "avatarImage": "https://ca.slack-edge.com/T9F21EKE2-U9FF94095-g154b7532efc-512",
  "channel": "D9ED2JVNY",
  "content": "[REDACTED]",
  "id": "RowlcnsOwW8NoL8",
  "imageUri": null,
  "launchUri": "slack://channel?id=D9ED2JVNY&message=1525583949.000014&team=T9F21EKE2",
  "msg": "1525583949.000014",
  "silent": true,
  "subtitle": "",
  "teamId": "T9F21EKE2",
  "title": "[REDACTED]"
}
[05/06/18, 15:19:40:049] info: Restoring spellchecker
[05/06/18, 15:19:40:050] info: Loading dictionary for language en-US
[05/06/18, 15:19:40:051] info: Returning local copy: /home/bella/.config/Slack/dictionaries/en-US.bdic
[05/06/18, 15:19:40:054] info: Store: SET_FULL_SCREEN
[05/06/18, 15:19:40:079] info: Store: SET_FULL_SCREEN
[05/06/18, 15:19:40:104] info: Setting current spellchecker to en-US, requested language was en-US
[05/06/18, 15:19:40:104] info: Creating node-spellchecker instance
[05/06/18, 15:19:41:129] info: Unloading spellchecker
[05/06/18, 15:19:41:132] info: Unloading spellchecker
[05/06/18, 15:19:41:135] info: Store: SET_FULL_SCREEN
[05/06/18, 15:19:41:136] info: Store: SET_FULL_SCREEN
[05/06/18, 15:20:57:970] info: Restoring spellchecker
[05/06/18, 15:20:57:971] info: Loading dictionary for language en-US
[05/06/18, 15:20:57:971] info: Returning local copy: /home/bella/.config/Slack/dictionaries/en-US.bdic
[05/06/18, 15:20:57:973] info: Store: SET_FULL_SCREEN
[05/06/18, 15:20:58:003] info: Store: SET_FULL_SCREEN
[05/06/18, 15:20:58:008] info: Setting current spellchecker to en-US, requested language was en-US
[05/06/18, 15:20:58:008] info: Creating node-spellchecker instance
[05/06/18, 15:21:02:226] info: Unloading spellchecker
[05/06/18, 15:21:02:227] info: Unloading spellchecker
[05/06/18, 15:21:02:227] info: Store: SET_FULL_SCREEN
[05/06/18, 15:21:08:372] info: Restoring spellchecker
[05/06/18, 15:21:08:372] info: Loading dictionary for language en-US
[05/06/18, 15:21:08:372] info: Returning local copy: /home/bella/.config/Slack/dictionaries/en-US.bdic
[05/06/18, 15:21:08:386] info: Store: MAIN_WINDOW_FOCUSED
[05/06/18, 15:21:08:386] info: Store: SET_FULL_SCREEN
[05/06/18, 15:21:08:428] info: Setting current spellchecker to en-US, requested language was en-US
[05/06/18, 15:21:08:428] info: Creating node-spellchecker instance
[05/06/18, 15:21:18:291] info: Unloading spellchecker
[05/06/18, 15:21:18:293] info: Unloading spellchecker
[05/06/18, 15:21:18:295] info: Store: SET_FULL_SCREEN
[05/06/18, 15:21:18:296] info: Store: SET_FULL_SCREEN
[05/06/18, 15:21:37:185] info: Restoring spellchecker
[05/06/18, 15:21:37:185] info: Loading dictionary for language en-US
[05/06/18, 15:21:37:186] info: Returning local copy: /home/bella/.config/Slack/dictionaries/en-US.bdic
[05/06/18, 15:21:37:208] info: Store: SET_FULL_SCREEN
[05/06/18, 15:21:37:209] info: Store: SET_FULL_SCREEN
[05/06/18, 15:21:37:210] info: Setting current spellchecker to en-US, requested language was en-US
[05/06/18, 15:21:37:211] info: Creating node-spellchecker instance
[05/06/18, 15:22:05:939] info: Unloading spellchecker
[05/06/18, 15:22:05:941] info: Unloading spellchecker
[05/06/18, 15:22:05:953] info: Store: SET_FULL_SCREEN
[05/06/18, 15:22:05:953] info: Store: SET_FULL_SCREEN
